Partition Merge report for M6502_VGA
Tue Sep 20 06:25:39 2022
Quartus Prime Version 21.1.0 Build 842 10/21/2021 SJ Lite Edition


---------------------
; Table of Contents ;
---------------------
  1. Legal Notice
  2. Partition Merge Summary
  3. Partition Merge Netlist Types Used
  4. Partition Merge Partition Statistics
  5. Partition Merge Partition Pin Processing
  6. Partition Merge Resource Usage Summary
  7. Partition Merge RAM Summary
  8. Partition Merge Messages



----------------
; Legal Notice ;
----------------
Copyright (C) 2021  Intel Corporation. All rights reserved.
Your use of Intel Corporation's design tools, logic functions 
and other software and tools, and any partner logic 
functions, and any output files from any of the foregoing 
(including device programming or simulation files), and any 
associated documentation or information are expressly subject 
to the terms and conditions of the Intel Program License 
Subscription Agreement, the Intel Quartus Prime License Agreement,
the Intel FPGA IP License Agreement, or other applicable license
agreement, including, without limitation, that your use is for
the sole purpose of programming logic devices manufactured by
Intel and sold by Intel or its authorized distributors.  Please
refer to the applicable agreement for further details, at
https://fpgasoftware.intel.com/eula.



+----------------------------------------------------------------------------------+
; Partition Merge Summary                                                          ;
+------------------------------------+---------------------------------------------+
; Partition Merge Status             ; Successful - Tue Sep 20 06:25:39 2022       ;
; Quartus Prime Version              ; 21.1.0 Build 842 10/21/2021 SJ Lite Edition ;
; Revision Name                      ; M6502_VGA                                   ;
; Top-level Entity Name              ; M6502_VGA                                   ;
; Family                             ; Cyclone 10 LP                               ;
; Total logic elements               ; 3,028                                       ;
;     Total combinational functions  ; 2,836                                       ;
;     Dedicated logic registers      ; 895                                         ;
; Total registers                    ; 895                                         ;
; Total pins                         ; 132                                         ;
; Total virtual pins                 ; 0                                           ;
; Total memory bits                  ; 114,816                                     ;
; Embedded Multiplier 9-bit elements ; 0                                           ;
; Total PLLs                         ; 0                                           ;
+------------------------------------+---------------------------------------------+


+-------------------------------------------------------------------------------------------------------------------------------+
; Partition Merge Netlist Types Used                                                                                            ;
+--------------------------------+----------------+-------------------+------------------------+--------------------------------+
; Partition Name                 ; Partition Type ; Netlist Type Used ; Netlist Type Requested ; Partition Contents             ;
+--------------------------------+----------------+-------------------+------------------------+--------------------------------+
; Top                            ; User-created   ; Source File       ; Source File            ;                                ;
; hard_block:auto_generated_inst ; Auto-generated ; Source File       ; Source File            ; hard_block:auto_generated_inst ;
+--------------------------------+----------------+-------------------+------------------------+--------------------------------+


+---------------------------------------------------------------------------------------+
; Partition Merge Partition Statistics                                                  ;
+---------------------------------------------+--------+--------------------------------+
; Statistic                                   ; Top    ; hard_block:auto_generated_inst ;
+---------------------------------------------+--------+--------------------------------+
; Estimated Total logic elements              ; 3028   ; 0                              ;
;                                             ;        ;                                ;
; Total combinational functions               ; 2836   ; 0                              ;
; Logic element usage by number of LUT inputs ;        ;                                ;
;     -- 4 input functions                    ; 1430   ; 0                              ;
;     -- 3 input functions                    ; 684    ; 0                              ;
;     -- <=2 input functions                  ; 722    ; 0                              ;
;                                             ;        ;                                ;
; Logic elements by mode                      ;        ;                                ;
;     -- normal mode                          ; 2294   ; 0                              ;
;     -- arithmetic mode                      ; 542    ; 0                              ;
;                                             ;        ;                                ;
; Total registers                             ; 895    ; 0                              ;
;     -- Dedicated logic registers            ; 895    ; 0                              ;
;     -- I/O registers                        ; 0      ; 0                              ;
;                                             ;        ;                                ;
; Virtual pins                                ; 0      ; 0                              ;
; I/O pins                                    ; 132    ; 0                              ;
; Embedded Multiplier 9-bit elements          ; 0      ; 0                              ;
; Total memory bits                           ; 114816 ; 0                              ;
; Total RAM block bits                        ; 0      ; 0                              ;
;                                             ;        ;                                ;
; Connections                                 ;        ;                                ;
;     -- Input Connections                    ; 20     ; 0                              ;
;     -- Registered Input Connections         ; 0      ; 0                              ;
;     -- Output Connections                   ; 20     ; 0                              ;
;     -- Registered Output Connections        ; 0      ; 0                              ;
;                                             ;        ;                                ;
; Internal Connections                        ;        ;                                ;
;     -- Total Connections                    ; 13120  ; 0                              ;
;     -- Registered Connections               ; 5102   ; 0                              ;
;                                             ;        ;                                ;
; External Connections                        ;        ;                                ;
;     -- Top                                  ; 40     ; 0                              ;
;     -- hard_block:auto_generated_inst       ; 0      ; 0                              ;
;                                             ;        ;                                ;
; Partition Interface                         ;        ;                                ;
;     -- Input Ports                          ; 45     ; 0                              ;
;     -- Output Ports                         ; 67     ; 0                              ;
;     -- Bidir Ports                          ; 20     ; 0                              ;
;                                             ;        ;                                ;
; Registered Ports                            ;        ;                                ;
;     -- Registered Input Ports               ; 0      ; 0                              ;
;     -- Registered Output Ports              ; 0      ; 0                              ;
;                                             ;        ;                                ;
; Port Connectivity                           ;        ;                                ;
;     -- Input Ports driven by GND            ; 0      ; 0                              ;
;     -- Output Ports driven by GND           ; 0      ; 0                              ;
;     -- Input Ports driven by VCC            ; 0      ; 0                              ;
;     -- Output Ports driven by VCC           ; 0      ; 0                              ;
;     -- Input Ports with no Source           ; 0      ; 0                              ;
;     -- Output Ports with no Source          ; 0      ; 0                              ;
;     -- Input Ports with no Fanout           ; 0      ; 0                              ;
;     -- Output Ports with no Fanout          ; 0      ; 0                              ;
+---------------------------------------------+--------+--------------------------------+
Note: Resource usage numbers presented for Partitions containing post-synthesis logic are estimates.  For Partitions containing post-fit logic, resource usage numbers are accurate based on previous placement information.  Actual Fitter results may vary depending on current Fitter Preservation Level assignments.


+---------------------------------------------------------------------------------------------------------------------+
; Partition Merge Partition Pin Processing                                                                            ;
+---------------------------------+-----------+---------------+----------+--------------------------------------------+
; Name                            ; Partition ; Type          ; Location ; Status                                     ;
+---------------------------------+-----------+---------------+----------+--------------------------------------------+
; IO_CPU_DATA[0]                  ; Top       ; Bidir Port    ; n/a      ;                                            ;
;     -- IO_CPU_DATA[0]           ; Top       ; Bidir Pad     ; Unplaced ; Synthesized                                ;
;     -- IO_CPU_DATA[0]~output    ; Top       ; Output Buffer ; Unplaced ; Preserved from Synthesis Netlist (WYSIWYG) ;
;                                 ;           ;               ;          ;                                            ;
; IO_CPU_DATA[1]                  ; Top       ; Bidir Port    ; n/a      ;                                            ;
;     -- IO_CPU_DATA[1]           ; Top       ; Bidir Pad     ; Unplaced ; Synthesized                                ;
;     -- IO_CPU_DATA[1]~output    ; Top       ; Output Buffer ; Unplaced ; Preserved from Synthesis Netlist (WYSIWYG) ;
;                                 ;           ;               ;          ;                                            ;
; IO_CPU_DATA[2]                  ; Top       ; Bidir Port    ; n/a      ;                                            ;
;     -- IO_CPU_DATA[2]           ; Top       ; Bidir Pad     ; Unplaced ; Synthesized                                ;
;     -- IO_CPU_DATA[2]~output    ; Top       ; Output Buffer ; Unplaced ; Preserved from Synthesis Netlist (WYSIWYG) ;
;                                 ;           ;               ;          ;                                            ;
; IO_CPU_DATA[3]                  ; Top       ; Bidir Port    ; n/a      ;                                            ;
;     -- IO_CPU_DATA[3]           ; Top       ; Bidir Pad     ; Unplaced ; Synthesized                                ;
;     -- IO_CPU_DATA[3]~output    ; Top       ; Output Buffer ; Unplaced ; Preserved from Synthesis Netlist (WYSIWYG) ;
;                                 ;           ;               ;          ;                                            ;
; IO_CPU_DATA[4]                  ; Top       ; Bidir Port    ; n/a      ;                                            ;
;     -- IO_CPU_DATA[4]           ; Top       ; Bidir Pad     ; Unplaced ; Synthesized                                ;
;     -- IO_CPU_DATA[4]~output    ; Top       ; Output Buffer ; Unplaced ; Preserved from Synthesis Netlist (WYSIWYG) ;
;                                 ;           ;               ;          ;                                            ;
; IO_CPU_DATA[5]                  ; Top       ; Bidir Port    ; n/a      ;                                            ;
;     -- IO_CPU_DATA[5]           ; Top       ; Bidir Pad     ; Unplaced ; Synthesized                                ;
;     -- IO_CPU_DATA[5]~output    ; Top       ; Output Buffer ; Unplaced ; Preserved from Synthesis Netlist (WYSIWYG) ;
;                                 ;           ;               ;          ;                                            ;
; IO_CPU_DATA[6]                  ; Top       ; Bidir Port    ; n/a      ;                                            ;
;     -- IO_CPU_DATA[6]           ; Top       ; Bidir Pad     ; Unplaced ; Synthesized                                ;
;     -- IO_CPU_DATA[6]~output    ; Top       ; Output Buffer ; Unplaced ; Preserved from Synthesis Netlist (WYSIWYG) ;
;                                 ;           ;               ;          ;                                            ;
; IO_CPU_DATA[7]                  ; Top       ; Bidir Port    ; n/a      ;                                            ;
;     -- IO_CPU_DATA[7]           ; Top       ; Bidir Pad     ; Unplaced ; Synthesized                                ;
;     -- IO_CPU_DATA[7]~output    ; Top       ; Output Buffer ; Unplaced ; Preserved from Synthesis Netlist (WYSIWYG) ;
;                                 ;           ;               ;          ;                                            ;
; I_CPU_E                         ; Top       ; Input Port    ; n/a      ;                                            ;
;     -- I_CPU_E                  ; Top       ; Input Pad     ; Unplaced ; Synthesized                                ;
;     -- I_CPU_E~input            ; Top       ; Input Buffer  ; Unplaced ; Synthesized                                ;
;                                 ;           ;               ;          ;                                            ;
; audioL                          ; Top       ; Output Port   ; n/a      ;                                            ;
;     -- audioL                   ; Top       ; Output Pad    ; Unplaced ; Synthesized                                ;
;     -- audioL~output            ; Top       ; Output Buffer ; Unplaced ; Synthesized                                ;
;                                 ;           ;               ;          ;                                            ;
; audioR                          ; Top       ; Output Port   ; n/a      ;                                            ;
;     -- audioR                   ; Top       ; Output Pad    ; Unplaced ; Synthesized                                ;
;     -- audioR~output            ; Top       ; Output Buffer ; Unplaced ; Synthesized                                ;
;                                 ;           ;               ;          ;                                            ;
; driveLED                        ; Top       ; Output Port   ; n/a      ;                                            ;
;     -- driveLED                 ; Top       ; Output Pad    ; Unplaced ; Synthesized                                ;
;     -- driveLED~output          ; Top       ; Output Buffer ; Unplaced ; Synthesized                                ;
;                                 ;           ;               ;          ;                                            ;
; i_CPU_ADDR[0]                   ; Top       ; Input Port    ; n/a      ;                                            ;
;     -- i_CPU_ADDR[0]            ; Top       ; Input Pad     ; Unplaced ; Synthesized                                ;
;     -- i_CPU_ADDR[0]~input      ; Top       ; Input Buffer  ; Unplaced ; Synthesized                                ;
;                                 ;           ;               ;          ;                                            ;
; i_CPU_ADDR[10]                  ; Top       ; Input Port    ; n/a      ;                                            ;
;     -- i_CPU_ADDR[10]           ; Top       ; Input Pad     ; Unplaced ; Synthesized                                ;
;     -- i_CPU_ADDR[10]~input     ; Top       ; Input Buffer  ; Unplaced ; Synthesized                                ;
;                                 ;           ;               ;          ;                                            ;
; i_CPU_ADDR[11]                  ; Top       ; Input Port    ; n/a      ;                                            ;
;     -- i_CPU_ADDR[11]           ; Top       ; Input Pad     ; Unplaced ; Synthesized                                ;
;     -- i_CPU_ADDR[11]~input     ; Top       ; Input Buffer  ; Unplaced ; Synthesized                                ;
;                                 ;           ;               ;          ;                                            ;
; i_CPU_ADDR[12]                  ; Top       ; Input Port    ; n/a      ;                                            ;
;     -- i_CPU_ADDR[12]           ; Top       ; Input Pad     ; Unplaced ; Synthesized                                ;
;     -- i_CPU_ADDR[12]~input     ; Top       ; Input Buffer  ; Unplaced ; Synthesized                                ;
;                                 ;           ;               ;          ;                                            ;
; i_CPU_ADDR[13]                  ; Top       ; Input Port    ; n/a      ;                                            ;
;     -- i_CPU_ADDR[13]           ; Top       ; Input Pad     ; Unplaced ; Synthesized                                ;
;     -- i_CPU_ADDR[13]~input     ; Top       ; Input Buffer  ; Unplaced ; Synthesized                                ;
;                                 ;           ;               ;          ;                                            ;
; i_CPU_ADDR[14]                  ; Top       ; Input Port    ; n/a      ;                                            ;
;     -- i_CPU_ADDR[14]           ; Top       ; Input Pad     ; Unplaced ; Synthesized                                ;
;     -- i_CPU_ADDR[14]~input     ; Top       ; Input Buffer  ; Unplaced ; Synthesized                                ;
;                                 ;           ;               ;          ;                                            ;
; i_CPU_ADDR[15]                  ; Top       ; Input Port    ; n/a      ;                                            ;
;     -- i_CPU_ADDR[15]           ; Top       ; Input Pad     ; Unplaced ; Synthesized                                ;
;     -- i_CPU_ADDR[15]~input     ; Top       ; Input Buffer  ; Unplaced ; Synthesized                                ;
;                                 ;           ;               ;          ;                                            ;
; i_CPU_ADDR[1]                   ; Top       ; Input Port    ; n/a      ;                                            ;
;     -- i_CPU_ADDR[1]            ; Top       ; Input Pad     ; Unplaced ; Synthesized                                ;
;     -- i_CPU_ADDR[1]~input      ; Top       ; Input Buffer  ; Unplaced ; Synthesized                                ;
;                                 ;           ;               ;          ;                                            ;
; i_CPU_ADDR[2]                   ; Top       ; Input Port    ; n/a      ;                                            ;
;     -- i_CPU_ADDR[2]            ; Top       ; Input Pad     ; Unplaced ; Synthesized                                ;
;     -- i_CPU_ADDR[2]~input      ; Top       ; Input Buffer  ; Unplaced ; Synthesized                                ;
;                                 ;           ;               ;          ;                                            ;
; i_CPU_ADDR[3]                   ; Top       ; Input Port    ; n/a      ;                                            ;
;     -- i_CPU_ADDR[3]            ; Top       ; Input Pad     ; Unplaced ; Synthesized                                ;
;     -- i_CPU_ADDR[3]~input      ; Top       ; Input Buffer  ; Unplaced ; Synthesized                                ;
;                                 ;           ;               ;          ;                                            ;
; i_CPU_ADDR[4]                   ; Top       ; Input Port    ; n/a      ;                                            ;
;     -- i_CPU_ADDR[4]            ; Top       ; Input Pad     ; Unplaced ; Synthesized                                ;
;     -- i_CPU_ADDR[4]~input      ; Top       ; Input Buffer  ; Unplaced ; Synthesized                                ;
;                                 ;           ;               ;          ;                                            ;
; i_CPU_ADDR[5]                   ; Top       ; Input Port    ; n/a      ;                                            ;
;     -- i_CPU_ADDR[5]            ; Top       ; Input Pad     ; Unplaced ; Synthesized                                ;
;     -- i_CPU_ADDR[5]~input      ; Top       ; Input Buffer  ; Unplaced ; Synthesized                                ;
;                                 ;           ;               ;          ;                                            ;
; i_CPU_ADDR[6]                   ; Top       ; Input Port    ; n/a      ;                                            ;
;     -- i_CPU_ADDR[6]            ; Top       ; Input Pad     ; Unplaced ; Synthesized                                ;
;     -- i_CPU_ADDR[6]~input      ; Top       ; Input Buffer  ; Unplaced ; Synthesized                                ;
;                                 ;           ;               ;          ;                                            ;
; i_CPU_ADDR[7]                   ; Top       ; Input Port    ; n/a      ;                                            ;
;     -- i_CPU_ADDR[7]            ; Top       ; Input Pad     ; Unplaced ; Synthesized                                ;
;     -- i_CPU_ADDR[7]~input      ; Top       ; Input Buffer  ; Unplaced ; Synthesized                                ;
;                                 ;           ;               ;          ;                                            ;
; i_CPU_ADDR[8]                   ; Top       ; Input Port    ; n/a      ;                                            ;
;     -- i_CPU_ADDR[8]            ; Top       ; Input Pad     ; Unplaced ; Synthesized                                ;
;     -- i_CPU_ADDR[8]~input      ; Top       ; Input Buffer  ; Unplaced ; Synthesized                                ;
;                                 ;           ;               ;          ;                                            ;
; i_CPU_ADDR[9]                   ; Top       ; Input Port    ; n/a      ;                                            ;
;     -- i_CPU_ADDR[9]            ; Top       ; Input Pad     ; Unplaced ; Synthesized                                ;
;     -- i_CPU_ADDR[9]~input      ; Top       ; Input Buffer  ; Unplaced ; Synthesized                                ;
;                                 ;           ;               ;          ;                                            ;
; i_CPU_MLB                       ; Top       ; Input Port    ; n/a      ;                                            ;
;     -- i_CPU_MLB                ; Top       ; Input Pad     ; Unplaced ; Synthesized                                ;
;     -- i_CPU_MLB~input          ; Top       ; Input Buffer  ; Unplaced ; Synthesized                                ;
;                                 ;           ;               ;          ;                                            ;
; i_CPU_MX                        ; Top       ; Input Port    ; n/a      ;                                            ;
;     -- i_CPU_MX                 ; Top       ; Input Pad     ; Unplaced ; Synthesized                                ;
;     -- i_CPU_MX~input           ; Top       ; Input Buffer  ; Unplaced ; Synthesized                                ;
;                                 ;           ;               ;          ;                                            ;
; i_CPU_RWB                       ; Top       ; Input Port    ; n/a      ;                                            ;
;     -- i_CPU_RWB                ; Top       ; Input Pad     ; Unplaced ; Synthesized                                ;
;     -- i_CPU_RWB~input          ; Top       ; Input Buffer  ; Unplaced ; Synthesized                                ;
;                                 ;           ;               ;          ;                                            ;
; i_CPU_VDA                       ; Top       ; Input Port    ; n/a      ;                                            ;
;     -- i_CPU_VDA                ; Top       ; Input Pad     ; Unplaced ; Synthesized                                ;
;     -- i_CPU_VDA~input          ; Top       ; Input Buffer  ; Unplaced ; Synthesized                                ;
;                                 ;           ;               ;          ;                                            ;
; i_CPU_VPA                       ; Top       ; Input Port    ; n/a      ;                                            ;
;     -- i_CPU_VPA                ; Top       ; Input Pad     ; Unplaced ; Synthesized                                ;
;     -- i_CPU_VPA~input          ; Top       ; Input Buffer  ; Unplaced ; Synthesized                                ;
;                                 ;           ;               ;          ;                                            ;
; i_CPU_VPB                       ; Top       ; Input Port    ; n/a      ;                                            ;
;     -- i_CPU_VPB                ; Top       ; Input Pad     ; Unplaced ; Synthesized                                ;
;     -- i_CPU_VPB~input          ; Top       ; Input Buffer  ; Unplaced ; Synthesized                                ;
;                                 ;           ;               ;          ;                                            ;
; i_clk_50                        ; Top       ; Input Port    ; n/a      ;                                            ;
;     -- i_clk_50                 ; Top       ; Input Pad     ; Unplaced ; Synthesized                                ;
;     -- i_clk_50~input           ; Top       ; Input Buffer  ; Unplaced ; Synthesized                                ;
;                                 ;           ;               ;          ;                                            ;
; i_n_CardDet                     ; Top       ; Input Port    ; n/a      ;                                            ;
;     -- i_n_CardDet              ; Top       ; Input Pad     ; Unplaced ; Synthesized                                ;
;     -- i_n_CardDet~input        ; Top       ; Input Buffer  ; Unplaced ; Synthesized                                ;
;                                 ;           ;               ;          ;                                            ;
; i_n_cts                         ; Top       ; Input Port    ; n/a      ;                                            ;
;     -- i_n_cts                  ; Top       ; Input Pad     ; Unplaced ; Synthesized                                ;
;     -- i_n_cts~input            ; Top       ; Input Buffer  ; Unplaced ; Synthesized                                ;
;                                 ;           ;               ;          ;                                            ;
; i_n_reset                       ; Top       ; Input Port    ; n/a      ;                                            ;
;     -- i_n_reset                ; Top       ; Input Pad     ; Unplaced ; Synthesized                                ;
;     -- i_n_reset~input          ; Top       ; Input Buffer  ; Unplaced ; Synthesized                                ;
;                                 ;           ;               ;          ;                                            ;
; i_rxd                           ; Top       ; Input Port    ; n/a      ;                                            ;
;     -- i_rxd                    ; Top       ; Input Pad     ; Unplaced ; Synthesized                                ;
;     -- i_rxd~input              ; Top       ; Input Buffer  ; Unplaced ; Synthesized                                ;
;                                 ;           ;               ;          ;                                            ;
; io_CPU_RDY                      ; Top       ; Bidir Port    ; n/a      ;                                            ;
;     -- io_CPU_RDY               ; Top       ; Bidir Pad     ; Unplaced ; Synthesized                                ;
;     -- io_CPU_RDY~output        ; Top       ; Output Buffer ; Unplaced ; Preserved from Synthesis Netlist (WYSIWYG) ;
;                                 ;           ;               ;          ;                                            ;
; io_ps2Clk                       ; Top       ; Bidir Port    ; n/a      ;                                            ;
;     -- io_ps2Clk                ; Top       ; Bidir Pad     ; Unplaced ; Synthesized                                ;
;     -- io_ps2Clk~output         ; Top       ; Output Buffer ; Unplaced ; Preserved from Synthesis Netlist (WYSIWYG) ;
;                                 ;           ;               ;          ;                                            ;
; io_ps2Data                      ; Top       ; Bidir Port    ; n/a      ;                                            ;
;     -- io_ps2Data               ; Top       ; Bidir Pad     ; Unplaced ; Synthesized                                ;
;     -- io_ps2Data~output        ; Top       ; Output Buffer ; Unplaced ; Preserved from Synthesis Netlist (WYSIWYG) ;
;                                 ;           ;               ;          ;                                            ;
; io_sramData[0]                  ; Top       ; Bidir Port    ; n/a      ;                                            ;
;     -- io_sramData[0]           ; Top       ; Bidir Pad     ; Unplaced ; Synthesized                                ;
;     -- io_sramData[0]~output    ; Top       ; Output Buffer ; Unplaced ; Preserved from Synthesis Netlist (WYSIWYG) ;
;                                 ;           ;               ;          ;                                            ;
; io_sramData[1]                  ; Top       ; Bidir Port    ; n/a      ;                                            ;
;     -- io_sramData[1]           ; Top       ; Bidir Pad     ; Unplaced ; Synthesized                                ;
;     -- io_sramData[1]~output    ; Top       ; Output Buffer ; Unplaced ; Preserved from Synthesis Netlist (WYSIWYG) ;
;                                 ;           ;               ;          ;                                            ;
; io_sramData[2]                  ; Top       ; Bidir Port    ; n/a      ;                                            ;
;     -- io_sramData[2]           ; Top       ; Bidir Pad     ; Unplaced ; Synthesized                                ;
;     -- io_sramData[2]~output    ; Top       ; Output Buffer ; Unplaced ; Preserved from Synthesis Netlist (WYSIWYG) ;
;                                 ;           ;               ;          ;                                            ;
; io_sramData[3]                  ; Top       ; Bidir Port    ; n/a      ;                                            ;
;     -- io_sramData[3]           ; Top       ; Bidir Pad     ; Unplaced ; Synthesized                                ;
;     -- io_sramData[3]~output    ; Top       ; Output Buffer ; Unplaced ; Preserved from Synthesis Netlist (WYSIWYG) ;
;                                 ;           ;               ;          ;                                            ;
; io_sramData[4]                  ; Top       ; Bidir Port    ; n/a      ;                                            ;
;     -- io_sramData[4]           ; Top       ; Bidir Pad     ; Unplaced ; Synthesized                                ;
;     -- io_sramData[4]~output    ; Top       ; Output Buffer ; Unplaced ; Preserved from Synthesis Netlist (WYSIWYG) ;
;                                 ;           ;               ;          ;                                            ;
; io_sramData[5]                  ; Top       ; Bidir Port    ; n/a      ;                                            ;
;     -- io_sramData[5]           ; Top       ; Bidir Pad     ; Unplaced ; Synthesized                                ;
;     -- io_sramData[5]~output    ; Top       ; Output Buffer ; Unplaced ; Preserved from Synthesis Netlist (WYSIWYG) ;
;                                 ;           ;               ;          ;                                            ;
; io_sramData[6]                  ; Top       ; Bidir Port    ; n/a      ;                                            ;
;     -- io_sramData[6]           ; Top       ; Bidir Pad     ; Unplaced ; Synthesized                                ;
;     -- io_sramData[6]~output    ; Top       ; Output Buffer ; Unplaced ; Preserved from Synthesis Netlist (WYSIWYG) ;
;                                 ;           ;               ;          ;                                            ;
; io_sramData[7]                  ; Top       ; Bidir Port    ; n/a      ;                                            ;
;     -- io_sramData[7]           ; Top       ; Bidir Pad     ; Unplaced ; Synthesized                                ;
;     -- io_sramData[7]~output    ; Top       ; Output Buffer ; Unplaced ; Preserved from Synthesis Netlist (WYSIWYG) ;
;                                 ;           ;               ;          ;                                            ;
; n_sdRamCas                      ; Top       ; Output Port   ; n/a      ;                                            ;
;     -- n_sdRamCas               ; Top       ; Output Pad    ; Unplaced ; Synthesized                                ;
;     -- n_sdRamCas~output        ; Top       ; Output Buffer ; Unplaced ; Synthesized                                ;
;                                 ;           ;               ;          ;                                            ;
; n_sdRamCe                       ; Top       ; Output Port   ; n/a      ;                                            ;
;     -- n_sdRamCe                ; Top       ; Output Pad    ; Unplaced ; Synthesized                                ;
;     -- n_sdRamCe~output         ; Top       ; Output Buffer ; Unplaced ; Synthesized                                ;
;                                 ;           ;               ;          ;                                            ;
; n_sdRamRas                      ; Top       ; Output Port   ; n/a      ;                                            ;
;     -- n_sdRamRas               ; Top       ; Output Pad    ; Unplaced ; Synthesized                                ;
;     -- n_sdRamRas~output        ; Top       ; Output Buffer ; Unplaced ; Synthesized                                ;
;                                 ;           ;               ;          ;                                            ;
; n_sdRamWe                       ; Top       ; Output Port   ; n/a      ;                                            ;
;     -- n_sdRamWe                ; Top       ; Output Pad    ; Unplaced ; Synthesized                                ;
;     -- n_sdRamWe~output         ; Top       ; Output Buffer ; Unplaced ; Synthesized                                ;
;                                 ;           ;               ;          ;                                            ;
; o_CPU_ABORTB                    ; Top       ; Output Port   ; n/a      ;                                            ;
;     -- o_CPU_ABORTB             ; Top       ; Output Pad    ; Unplaced ; Synthesized                                ;
;     -- o_CPU_ABORTB~output      ; Top       ; Output Buffer ; Unplaced ; Synthesized                                ;
;                                 ;           ;               ;          ;                                            ;
; o_CPU_BE                        ; Top       ; Output Port   ; n/a      ;                                            ;
;     -- o_CPU_BE                 ; Top       ; Output Pad    ; Unplaced ; Synthesized                                ;
;     -- o_CPU_BE~output          ; Top       ; Output Buffer ; Unplaced ; Synthesized                                ;
;                                 ;           ;               ;          ;                                            ;
; o_CPU_IRQB_n                    ; Top       ; Output Port   ; n/a      ;                                            ;
;     -- o_CPU_IRQB_n             ; Top       ; Output Pad    ; Unplaced ; Synthesized                                ;
;     -- o_CPU_IRQB_n~output      ; Top       ; Output Buffer ; Unplaced ; Synthesized                                ;
;                                 ;           ;               ;          ;                                            ;
; o_CPU_NMIB_n                    ; Top       ; Output Port   ; n/a      ;                                            ;
;     -- o_CPU_NMIB_n             ; Top       ; Output Pad    ; Unplaced ; Synthesized                                ;
;     -- o_CPU_NMIB_n~output      ; Top       ; Output Buffer ; Unplaced ; Synthesized                                ;
;                                 ;           ;               ;          ;                                            ;
; o_CPU_PHI2                      ; Top       ; Output Port   ; n/a      ;                                            ;
;     -- o_CPU_PHI2               ; Top       ; Output Pad    ; Unplaced ; Synthesized                                ;
;     -- o_CPU_PHI2~output        ; Top       ; Output Buffer ; Unplaced ; Synthesized                                ;
;                                 ;           ;               ;          ;                                            ;
; o_CPU_RESB_n                    ; Top       ; Output Port   ; n/a      ;                                            ;
;     -- o_CPU_RESB_n             ; Top       ; Output Pad    ; Unplaced ; Synthesized                                ;
;     -- o_CPU_RESB_n~output      ; Top       ; Output Buffer ; Unplaced ; Synthesized                                ;
;                                 ;           ;               ;          ;                                            ;
; o_n_rts                         ; Top       ; Output Port   ; n/a      ;                                            ;
;     -- o_n_rts                  ; Top       ; Output Pad    ; Unplaced ; Synthesized                                ;
;     -- o_n_rts~output           ; Top       ; Output Buffer ; Unplaced ; Synthesized                                ;
;                                 ;           ;               ;          ;                                            ;
; o_n_sRamCS                      ; Top       ; Bidir Port    ; n/a      ;                                            ;
;     -- o_n_sRamCS               ; Top       ; Bidir Pad     ; Unplaced ; Synthesized                                ;
;     -- o_n_sRamCS~output        ; Top       ; Output Buffer ; Unplaced ; Preserved from Synthesis Netlist (WYSIWYG) ;
;                                 ;           ;               ;          ;                                            ;
; o_n_sRamOE                      ; Top       ; Output Port   ; n/a      ;                                            ;
;     -- o_n_sRamOE               ; Top       ; Output Pad    ; Unplaced ; Synthesized                                ;
;     -- o_n_sRamOE~output        ; Top       ; Output Buffer ; Unplaced ; Synthesized                                ;
;                                 ;           ;               ;          ;                                            ;
; o_n_sRamWE                      ; Top       ; Output Port   ; n/a      ;                                            ;
;     -- o_n_sRamWE               ; Top       ; Output Pad    ; Unplaced ; Synthesized                                ;
;     -- o_n_sRamWE~output        ; Top       ; Output Buffer ; Unplaced ; Synthesized                                ;
;                                 ;           ;               ;          ;                                            ;
; o_sramAddress[0]                ; Top       ; Output Port   ; n/a      ;                                            ;
;     -- o_sramAddress[0]         ; Top       ; Output Pad    ; Unplaced ; Synthesized                                ;
;     -- o_sramAddress[0]~output  ; Top       ; Output Buffer ; Unplaced ; Synthesized                                ;
;                                 ;           ;               ;          ;                                            ;
; o_sramAddress[10]               ; Top       ; Output Port   ; n/a      ;                                            ;
;     -- o_sramAddress[10]        ; Top       ; Output Pad    ; Unplaced ; Synthesized                                ;
;     -- o_sramAddress[10]~output ; Top       ; Output Buffer ; Unplaced ; Synthesized                                ;
;                                 ;           ;               ;          ;                                            ;
; o_sramAddress[11]               ; Top       ; Output Port   ; n/a      ;                                            ;
;     -- o_sramAddress[11]        ; Top       ; Output Pad    ; Unplaced ; Synthesized                                ;
;     -- o_sramAddress[11]~output ; Top       ; Output Buffer ; Unplaced ; Synthesized                                ;
;                                 ;           ;               ;          ;                                            ;
; o_sramAddress[12]               ; Top       ; Output Port   ; n/a      ;                                            ;
;     -- o_sramAddress[12]        ; Top       ; Output Pad    ; Unplaced ; Synthesized                                ;
;     -- o_sramAddress[12]~output ; Top       ; Output Buffer ; Unplaced ; Synthesized                                ;
;                                 ;           ;               ;          ;                                            ;
; o_sramAddress[13]               ; Top       ; Output Port   ; n/a      ;                                            ;
;     -- o_sramAddress[13]        ; Top       ; Output Pad    ; Unplaced ; Synthesized                                ;
;     -- o_sramAddress[13]~output ; Top       ; Output Buffer ; Unplaced ; Synthesized                                ;
;                                 ;           ;               ;          ;                                            ;
; o_sramAddress[14]               ; Top       ; Output Port   ; n/a      ;                                            ;
;     -- o_sramAddress[14]        ; Top       ; Output Pad    ; Unplaced ; Synthesized                                ;
;     -- o_sramAddress[14]~output ; Top       ; Output Buffer ; Unplaced ; Synthesized                                ;
;                                 ;           ;               ;          ;                                            ;
; o_sramAddress[15]               ; Top       ; Output Port   ; n/a      ;                                            ;
;     -- o_sramAddress[15]        ; Top       ; Output Pad    ; Unplaced ; Synthesized                                ;
;     -- o_sramAddress[15]~output ; Top       ; Output Buffer ; Unplaced ; Synthesized                                ;
;                                 ;           ;               ;          ;                                            ;
; o_sramAddress[16]               ; Top       ; Output Port   ; n/a      ;                                            ;
;     -- o_sramAddress[16]        ; Top       ; Output Pad    ; Unplaced ; Synthesized                                ;
;     -- o_sramAddress[16]~output ; Top       ; Output Buffer ; Unplaced ; Synthesized                                ;
;                                 ;           ;               ;          ;                                            ;
; o_sramAddress[17]               ; Top       ; Output Port   ; n/a      ;                                            ;
;     -- o_sramAddress[17]        ; Top       ; Output Pad    ; Unplaced ; Synthesized                                ;
;     -- o_sramAddress[17]~output ; Top       ; Output Buffer ; Unplaced ; Synthesized                                ;
;                                 ;           ;               ;          ;                                            ;
; o_sramAddress[18]               ; Top       ; Output Port   ; n/a      ;                                            ;
;     -- o_sramAddress[18]        ; Top       ; Output Pad    ; Unplaced ; Synthesized                                ;
;     -- o_sramAddress[18]~output ; Top       ; Output Buffer ; Unplaced ; Synthesized                                ;
;                                 ;           ;               ;          ;                                            ;
; o_sramAddress[19]               ; Top       ; Output Port   ; n/a      ;                                            ;
;     -- o_sramAddress[19]        ; Top       ; Output Pad    ; Unplaced ; Synthesized                                ;
;     -- o_sramAddress[19]~output ; Top       ; Output Buffer ; Unplaced ; Synthesized                                ;
;                                 ;           ;               ;          ;                                            ;
; o_sramAddress[1]                ; Top       ; Output Port   ; n/a      ;                                            ;
;     -- o_sramAddress[1]         ; Top       ; Output Pad    ; Unplaced ; Synthesized                                ;
;     -- o_sramAddress[1]~output  ; Top       ; Output Buffer ; Unplaced ; Synthesized                                ;
;                                 ;           ;               ;          ;                                            ;
; o_sramAddress[2]                ; Top       ; Output Port   ; n/a      ;                                            ;
;     -- o_sramAddress[2]         ; Top       ; Output Pad    ; Unplaced ; Synthesized                                ;
;     -- o_sramAddress[2]~output  ; Top       ; Output Buffer ; Unplaced ; Synthesized                                ;
;                                 ;           ;               ;          ;                                            ;
; o_sramAddress[3]                ; Top       ; Output Port   ; n/a      ;                                            ;
;     -- o_sramAddress[3]         ; Top       ; Output Pad    ; Unplaced ; Synthesized                                ;
;     -- o_sramAddress[3]~output  ; Top       ; Output Buffer ; Unplaced ; Synthesized                                ;
;                                 ;           ;               ;          ;                                            ;
; o_sramAddress[4]                ; Top       ; Output Port   ; n/a      ;                                            ;
;     -- o_sramAddress[4]         ; Top       ; Output Pad    ; Unplaced ; Synthesized                                ;
;     -- o_sramAddress[4]~output  ; Top       ; Output Buffer ; Unplaced ; Synthesized                                ;
;                                 ;           ;               ;          ;                                            ;
; o_sramAddress[5]                ; Top       ; Output Port   ; n/a      ;                                            ;
;     -- o_sramAddress[5]         ; Top       ; Output Pad    ; Unplaced ; Synthesized                                ;
;     -- o_sramAddress[5]~output  ; Top       ; Output Buffer ; Unplaced ; Synthesized                                ;
;                                 ;           ;               ;          ;                                            ;
; o_sramAddress[6]                ; Top       ; Output Port   ; n/a      ;                                            ;
;     -- o_sramAddress[6]         ; Top       ; Output Pad    ; Unplaced ; Synthesized                                ;
;     -- o_sramAddress[6]~output  ; Top       ; Output Buffer ; Unplaced ; Synthesized                                ;
;                                 ;           ;               ;          ;                                            ;
; o_sramAddress[7]                ; Top       ; Output Port   ; n/a      ;                                            ;
;     -- o_sramAddress[7]         ; Top       ; Output Pad    ; Unplaced ; Synthesized                                ;
;     -- o_sramAddress[7]~output  ; Top       ; Output Buffer ; Unplaced ; Synthesized                                ;
;                                 ;           ;               ;          ;                                            ;
; o_sramAddress[8]                ; Top       ; Output Port   ; n/a      ;                                            ;
;     -- o_sramAddress[8]         ; Top       ; Output Pad    ; Unplaced ; Synthesized                                ;
;     -- o_sramAddress[8]~output  ; Top       ; Output Buffer ; Unplaced ; Synthesized                                ;
;                                 ;           ;               ;          ;                                            ;
; o_sramAddress[9]                ; Top       ; Output Port   ; n/a      ;                                            ;
;     -- o_sramAddress[9]         ; Top       ; Output Pad    ; Unplaced ; Synthesized                                ;
;     -- o_sramAddress[9]~output  ; Top       ; Output Buffer ; Unplaced ; Synthesized                                ;
;                                 ;           ;               ;          ;                                            ;
; o_txd                           ; Top       ; Output Port   ; n/a      ;                                            ;
;     -- o_txd                    ; Top       ; Output Pad    ; Unplaced ; Synthesized                                ;
;     -- o_txd~output             ; Top       ; Output Buffer ; Unplaced ; Synthesized                                ;
;                                 ;           ;               ;          ;                                            ;
; o_vid_blu[0]                    ; Top       ; Output Port   ; n/a      ;                                            ;
;     -- o_vid_blu[0]             ; Top       ; Output Pad    ; Unplaced ; Synthesized                                ;
;     -- o_vid_blu[0]~output      ; Top       ; Output Buffer ; Unplaced ; Synthesized                                ;
;                                 ;           ;               ;          ;                                            ;
; o_vid_blu[1]                    ; Top       ; Output Port   ; n/a      ;                                            ;
;     -- o_vid_blu[1]             ; Top       ; Output Pad    ; Unplaced ; Synthesized                                ;
;     -- o_vid_blu[1]~output      ; Top       ; Output Buffer ; Unplaced ; Synthesized                                ;
;                                 ;           ;               ;          ;                                            ;
; o_vid_grn[0]                    ; Top       ; Output Port   ; n/a      ;                                            ;
;     -- o_vid_grn[0]             ; Top       ; Output Pad    ; Unplaced ; Synthesized                                ;
;     -- o_vid_grn[0]~output      ; Top       ; Output Buffer ; Unplaced ; Synthesized                                ;
;                                 ;           ;               ;          ;                                            ;
; o_vid_grn[1]                    ; Top       ; Output Port   ; n/a      ;                                            ;
;     -- o_vid_grn[1]             ; Top       ; Output Pad    ; Unplaced ; Synthesized                                ;
;     -- o_vid_grn[1]~output      ; Top       ; Output Buffer ; Unplaced ; Synthesized                                ;
;                                 ;           ;               ;          ;                                            ;
; o_vid_grn[2]                    ; Top       ; Output Port   ; n/a      ;                                            ;
;     -- o_vid_grn[2]             ; Top       ; Output Pad    ; Unplaced ; Synthesized                                ;
;     -- o_vid_grn[2]~output      ; Top       ; Output Buffer ; Unplaced ; Synthesized                                ;
;                                 ;           ;               ;          ;                                            ;
; o_vid_hSync                     ; Top       ; Output Port   ; n/a      ;                                            ;
;     -- o_vid_hSync              ; Top       ; Output Pad    ; Unplaced ; Synthesized                                ;
;     -- o_vid_hSync~output       ; Top       ; Output Buffer ; Unplaced ; Synthesized                                ;
;                                 ;           ;               ;          ;                                            ;
; o_vid_red[0]                    ; Top       ; Output Port   ; n/a      ;                                            ;
;     -- o_vid_red[0]             ; Top       ; Output Pad    ; Unplaced ; Synthesized                                ;
;     -- o_vid_red[0]~output      ; Top       ; Output Buffer ; Unplaced ; Synthesized                                ;
;                                 ;           ;               ;          ;                                            ;
; o_vid_red[1]                    ; Top       ; Output Port   ; n/a      ;                                            ;
;     -- o_vid_red[1]             ; Top       ; Output Pad    ; Unplaced ; Synthesized                                ;
;     -- o_vid_red[1]~output      ; Top       ; Output Buffer ; Unplaced ; Synthesized                                ;
;                                 ;           ;               ;          ;                                            ;
; o_vid_red[2]                    ; Top       ; Output Port   ; n/a      ;                                            ;
;     -- o_vid_red[2]             ; Top       ; Output Pad    ; Unplaced ; Synthesized                                ;
;     -- o_vid_red[2]~output      ; Top       ; Output Buffer ; Unplaced ; Synthesized                                ;
;                                 ;           ;               ;          ;                                            ;
; o_vid_vSync                     ; Top       ; Output Port   ; n/a      ;                                            ;
;     -- o_vid_vSync              ; Top       ; Output Pad    ; Unplaced ; Synthesized                                ;
;     -- o_vid_vSync~output       ; Top       ; Output Buffer ; Unplaced ; Synthesized                                ;
;                                 ;           ;               ;          ;                                            ;
; sdCS                            ; Top       ; Output Port   ; n/a      ;                                            ;
;     -- sdCS                     ; Top       ; Output Pad    ; Unplaced ; Synthesized                                ;
;     -- sdCS~output              ; Top       ; Output Buffer ; Unplaced ; Synthesized                                ;
;                                 ;           ;               ;          ;                                            ;
; sdClock                         ; Top       ; Output Port   ; n/a      ;                                            ;
;     -- sdClock                  ; Top       ; Output Pad    ; Unplaced ; Synthesized                                ;
;     -- sdClock~output           ; Top       ; Output Buffer ; Unplaced ; Synthesized                                ;
;                                 ;           ;               ;          ;                                            ;
; sdMISO                          ; Top       ; Input Port    ; n/a      ;                                            ;
;     -- sdMISO                   ; Top       ; Input Pad     ; Unplaced ; Synthesized                                ;
;     -- sdMISO~input             ; Top       ; Input Buffer  ; Unplaced ; Synthesized                                ;
;                                 ;           ;               ;          ;                                            ;
; sdMOSI                          ; Top       ; Output Port   ; n/a      ;                                            ;
;     -- sdMOSI                   ; Top       ; Output Pad    ; Unplaced ; Synthesized                                ;
;     -- sdMOSI~output            ; Top       ; Output Buffer ; Unplaced ; Synthesized                                ;
;                                 ;           ;               ;          ;                                            ;
; sdRamAddr[0]                    ; Top       ; Output Port   ; n/a      ;                                            ;
;     -- sdRamAddr[0]             ; Top       ; Output Pad    ; Unplaced ; Synthesized                                ;
;     -- sdRamAddr[0]~output      ; Top       ; Output Buffer ; Unplaced ; Synthesized                                ;
;                                 ;           ;               ;          ;                                            ;
; sdRamAddr[10]                   ; Top       ; Output Port   ; n/a      ;                                            ;
;     -- sdRamAddr[10]            ; Top       ; Output Pad    ; Unplaced ; Synthesized                                ;
;     -- sdRamAddr[10]~output     ; Top       ; Output Buffer ; Unplaced ; Synthesized                                ;
;                                 ;           ;               ;          ;                                            ;
; sdRamAddr[11]                   ; Top       ; Output Port   ; n/a      ;                                            ;
;     -- sdRamAddr[11]            ; Top       ; Output Pad    ; Unplaced ; Synthesized                                ;
;     -- sdRamAddr[11]~output     ; Top       ; Output Buffer ; Unplaced ; Synthesized                                ;
;                                 ;           ;               ;          ;                                            ;
; sdRamAddr[12]                   ; Top       ; Output Port   ; n/a      ;                                            ;
;     -- sdRamAddr[12]            ; Top       ; Output Pad    ; Unplaced ; Synthesized                                ;
;     -- sdRamAddr[12]~output     ; Top       ; Output Buffer ; Unplaced ; Synthesized                                ;
;                                 ;           ;               ;          ;                                            ;
; sdRamAddr[13]                   ; Top       ; Output Port   ; n/a      ;                                            ;
;     -- sdRamAddr[13]            ; Top       ; Output Pad    ; Unplaced ; Synthesized                                ;
;     -- sdRamAddr[13]~output     ; Top       ; Output Buffer ; Unplaced ; Synthesized                                ;
;                                 ;           ;               ;          ;                                            ;
; sdRamAddr[14]                   ; Top       ; Output Port   ; n/a      ;                                            ;
;     -- sdRamAddr[14]            ; Top       ; Output Pad    ; Unplaced ; Synthesized                                ;
;     -- sdRamAddr[14]~output     ; Top       ; Output Buffer ; Unplaced ; Synthesized                                ;
;                                 ;           ;               ;          ;                                            ;
; sdRamAddr[1]                    ; Top       ; Output Port   ; n/a      ;                                            ;
;     -- sdRamAddr[1]             ; Top       ; Output Pad    ; Unplaced ; Synthesized                                ;
;     -- sdRamAddr[1]~output      ; Top       ; Output Buffer ; Unplaced ; Synthesized                                ;
;                                 ;           ;               ;          ;                                            ;
; sdRamAddr[2]                    ; Top       ; Output Port   ; n/a      ;                                            ;
;     -- sdRamAddr[2]             ; Top       ; Output Pad    ; Unplaced ; Synthesized                                ;
;     -- sdRamAddr[2]~output      ; Top       ; Output Buffer ; Unplaced ; Synthesized                                ;
;                                 ;           ;               ;          ;                                            ;
; sdRamAddr[3]                    ; Top       ; Output Port   ; n/a      ;                                            ;
;     -- sdRamAddr[3]             ; Top       ; Output Pad    ; Unplaced ; Synthesized                                ;
;     -- sdRamAddr[3]~output      ; Top       ; Output Buffer ; Unplaced ; Synthesized                                ;
;                                 ;           ;               ;          ;                                            ;
; sdRamAddr[4]                    ; Top       ; Output Port   ; n/a      ;                                            ;
;     -- sdRamAddr[4]             ; Top       ; Output Pad    ; Unplaced ; Synthesized                                ;
;     -- sdRamAddr[4]~output      ; Top       ; Output Buffer ; Unplaced ; Synthesized                                ;
;                                 ;           ;               ;          ;                                            ;
; sdRamAddr[5]                    ; Top       ; Output Port   ; n/a      ;                                            ;
;     -- sdRamAddr[5]             ; Top       ; Output Pad    ; Unplaced ; Synthesized                                ;
;     -- sdRamAddr[5]~output      ; Top       ; Output Buffer ; Unplaced ; Synthesized                                ;
;                                 ;           ;               ;          ;                                            ;
; sdRamAddr[6]                    ; Top       ; Output Port   ; n/a      ;                                            ;
;     -- sdRamAddr[6]             ; Top       ; Output Pad    ; Unplaced ; Synthesized                                ;
;     -- sdRamAddr[6]~output      ; Top       ; Output Buffer ; Unplaced ; Synthesized                                ;
;                                 ;           ;               ;          ;                                            ;
; sdRamAddr[7]                    ; Top       ; Output Port   ; n/a      ;                                            ;
;     -- sdRamAddr[7]             ; Top       ; Output Pad    ; Unplaced ; Synthesized                                ;
;     -- sdRamAddr[7]~output      ; Top       ; Output Buffer ; Unplaced ; Synthesized                                ;
;                                 ;           ;               ;          ;                                            ;
; sdRamAddr[8]                    ; Top       ; Output Port   ; n/a      ;                                            ;
;     -- sdRamAddr[8]             ; Top       ; Output Pad    ; Unplaced ; Synthesized                                ;
;     -- sdRamAddr[8]~output      ; Top       ; Output Buffer ; Unplaced ; Synthesized                                ;
;                                 ;           ;               ;          ;                                            ;
; sdRamAddr[9]                    ; Top       ; Output Port   ; n/a      ;                                            ;
;     -- sdRamAddr[9]             ; Top       ; Output Pad    ; Unplaced ; Synthesized                                ;
;     -- sdRamAddr[9]~output      ; Top       ; Output Buffer ; Unplaced ; Synthesized                                ;
;                                 ;           ;               ;          ;                                            ;
; sdRamClk                        ; Top       ; Output Port   ; n/a      ;                                            ;
;     -- sdRamClk                 ; Top       ; Output Pad    ; Unplaced ; Synthesized                                ;
;     -- sdRamClk~output          ; Top       ; Output Buffer ; Unplaced ; Synthesized                                ;
;                                 ;           ;               ;          ;                                            ;
; sdRamClkEn                      ; Top       ; Output Port   ; n/a      ;                                            ;
;     -- sdRamClkEn               ; Top       ; Output Pad    ; Unplaced ; Synthesized                                ;
;     -- sdRamClkEn~output        ; Top       ; Output Buffer ; Unplaced ; Synthesized                                ;
;                                 ;           ;               ;          ;                                            ;
; sdRamData[0]                    ; Top       ; Input Port    ; n/a      ;                                            ;
;     -- sdRamData[0]             ; Top       ; Input Pad     ; Unplaced ; Synthesized                                ;
;     -- sdRamData[0]~input       ; Top       ; Input Buffer  ; Unplaced ; Synthesized                                ;
;                                 ;           ;               ;          ;                                            ;
; sdRamData[10]                   ; Top       ; Input Port    ; n/a      ;                                            ;
;     -- sdRamData[10]            ; Top       ; Input Pad     ; Unplaced ; Synthesized                                ;
;     -- sdRamData[10]~input      ; Top       ; Input Buffer  ; Unplaced ; Synthesized                                ;
;                                 ;           ;               ;          ;                                            ;
; sdRamData[11]                   ; Top       ; Input Port    ; n/a      ;                                            ;
;     -- sdRamData[11]            ; Top       ; Input Pad     ; Unplaced ; Synthesized                                ;
;     -- sdRamData[11]~input      ; Top       ; Input Buffer  ; Unplaced ; Synthesized                                ;
;                                 ;           ;               ;          ;                                            ;
; sdRamData[12]                   ; Top       ; Input Port    ; n/a      ;                                            ;
;     -- sdRamData[12]            ; Top       ; Input Pad     ; Unplaced ; Synthesized                                ;
;     -- sdRamData[12]~input      ; Top       ; Input Buffer  ; Unplaced ; Synthesized                                ;
;                                 ;           ;               ;          ;                                            ;
; sdRamData[13]                   ; Top       ; Input Port    ; n/a      ;                                            ;
;     -- sdRamData[13]            ; Top       ; Input Pad     ; Unplaced ; Synthesized                                ;
;     -- sdRamData[13]~input      ; Top       ; Input Buffer  ; Unplaced ; Synthesized                                ;
;                                 ;           ;               ;          ;                                            ;
; sdRamData[14]                   ; Top       ; Input Port    ; n/a      ;                                            ;
;     -- sdRamData[14]            ; Top       ; Input Pad     ; Unplaced ; Synthesized                                ;
;     -- sdRamData[14]~input      ; Top       ; Input Buffer  ; Unplaced ; Synthesized                                ;
;                                 ;           ;               ;          ;                                            ;
; sdRamData[15]                   ; Top       ; Input Port    ; n/a      ;                                            ;
;     -- sdRamData[15]            ; Top       ; Input Pad     ; Unplaced ; Synthesized                                ;
;     -- sdRamData[15]~input      ; Top       ; Input Buffer  ; Unplaced ; Synthesized                                ;
;                                 ;           ;               ;          ;                                            ;
; sdRamData[1]                    ; Top       ; Input Port    ; n/a      ;                                            ;
;     -- sdRamData[1]             ; Top       ; Input Pad     ; Unplaced ; Synthesized                                ;
;     -- sdRamData[1]~input       ; Top       ; Input Buffer  ; Unplaced ; Synthesized                                ;
;                                 ;           ;               ;          ;                                            ;
; sdRamData[2]                    ; Top       ; Input Port    ; n/a      ;                                            ;
;     -- sdRamData[2]             ; Top       ; Input Pad     ; Unplaced ; Synthesized                                ;
;     -- sdRamData[2]~input       ; Top       ; Input Buffer  ; Unplaced ; Synthesized                                ;
;                                 ;           ;               ;          ;                                            ;
; sdRamData[3]                    ; Top       ; Input Port    ; n/a      ;                                            ;
;     -- sdRamData[3]             ; Top       ; Input Pad     ; Unplaced ; Synthesized                                ;
;     -- sdRamData[3]~input       ; Top       ; Input Buffer  ; Unplaced ; Synthesized                                ;
;                                 ;           ;               ;          ;                                            ;
; sdRamData[4]                    ; Top       ; Input Port    ; n/a      ;                                            ;
;     -- sdRamData[4]             ; Top       ; Input Pad     ; Unplaced ; Synthesized                                ;
;     -- sdRamData[4]~input       ; Top       ; Input Buffer  ; Unplaced ; Synthesized                                ;
;                                 ;           ;               ;          ;                                            ;
; sdRamData[5]                    ; Top       ; Input Port    ; n/a      ;                                            ;
;     -- sdRamData[5]             ; Top       ; Input Pad     ; Unplaced ; Synthesized                                ;
;     -- sdRamData[5]~input       ; Top       ; Input Buffer  ; Unplaced ; Synthesized                                ;
;                                 ;           ;               ;          ;                                            ;
; sdRamData[6]                    ; Top       ; Input Port    ; n/a      ;                                            ;
;     -- sdRamData[6]             ; Top       ; Input Pad     ; Unplaced ; Synthesized                                ;
;     -- sdRamData[6]~input       ; Top       ; Input Buffer  ; Unplaced ; Synthesized                                ;
;                                 ;           ;               ;          ;                                            ;
; sdRamData[7]                    ; Top       ; Input Port    ; n/a      ;                                            ;
;     -- sdRamData[7]             ; Top       ; Input Pad     ; Unplaced ; Synthesized                                ;
;     -- sdRamData[7]~input       ; Top       ; Input Buffer  ; Unplaced ; Synthesized                                ;
;                                 ;           ;               ;          ;                                            ;
; sdRamData[8]                    ; Top       ; Input Port    ; n/a      ;                                            ;
;     -- sdRamData[8]             ; Top       ; Input Pad     ; Unplaced ; Synthesized                                ;
;     -- sdRamData[8]~input       ; Top       ; Input Buffer  ; Unplaced ; Synthesized                                ;
;                                 ;           ;               ;          ;                                            ;
; sdRamData[9]                    ; Top       ; Input Port    ; n/a      ;                                            ;
;     -- sdRamData[9]             ; Top       ; Input Pad     ; Unplaced ; Synthesized                                ;
;     -- sdRamData[9]~input       ; Top       ; Input Buffer  ; Unplaced ; Synthesized                                ;
;                                 ;           ;               ;          ;                                            ;
+---------------------------------+-----------+---------------+----------+--------------------------------------------+


+--------------------------------------------------------------+
; Partition Merge Resource Usage Summary                       ;
+---------------------------------------------+----------------+
; Resource                                    ; Usage          ;
+---------------------------------------------+----------------+
; Estimated Total logic elements              ; 3,028          ;
;                                             ;                ;
; Total combinational functions               ; 2836           ;
; Logic element usage by number of LUT inputs ;                ;
;     -- 4 input functions                    ; 1430           ;
;     -- 3 input functions                    ; 684            ;
;     -- <=2 input functions                  ; 722            ;
;                                             ;                ;
; Logic elements by mode                      ;                ;
;     -- normal mode                          ; 2294           ;
;     -- arithmetic mode                      ; 542            ;
;                                             ;                ;
; Total registers                             ; 895            ;
;     -- Dedicated logic registers            ; 895            ;
;     -- I/O registers                        ; 0              ;
;                                             ;                ;
; I/O pins                                    ; 132            ;
; Total memory bits                           ; 114816         ;
;                                             ;                ;
; Embedded Multiplier 9-bit elements          ; 0              ;
;                                             ;                ;
; Maximum fan-out node                        ; i_clk_50~input ;
; Maximum fan-out                             ; 688            ;
; Total fan-out                               ; 13120          ;
; Average fan-out                             ; 3.24           ;
+---------------------------------------------+----------------+


+---------------------------------------------------------------------------------------------------------------------------------------------------------------------------------------------------------------------------------------------------------------------------------------------------------------+
; Partition Merge RAM Summary                                                                                                                                                                                                                                                                                   ;
+---------------------------------------------------------------------------------------------------------------------------------------+------+------------------+--------------+--------------+--------------+--------------+-------+-------------------------------------------------------------------------+
; Name                                                                                                                                  ; Type ; Mode             ; Port A Depth ; Port A Width ; Port B Depth ; Port B Width ; Size  ; MIF                                                                     ;
+---------------------------------------------------------------------------------------------------------------------------------------+------+------------------+--------------+--------------+--------------+--------------+-------+-------------------------------------------------------------------------+
; M6502_BASIC_ROM:ROM|altsyncram:altsyncram_component|altsyncram_thu3:auto_generated|ALTSYNCRAM                                         ; AUTO ; ROM              ; 8192         ; 8            ; --           ; --           ; 65536 ; ../../../MultiComp (VHDL Template)/Components/ROMs/6502/BASIC.HEX       ;
; SBCTextDisplayRGB:VDU|DisplayRam2K:\GEN_2KATTRAM:dispAttRam|altsyncram:altsyncram_component|altsyncram_lhh2:auto_generated|ALTSYNCRAM ; AUTO ; True Dual Port   ; 2048         ; 8            ; 2048         ; 8            ; 16384 ; None                                                                    ;
; SBCTextDisplayRGB:VDU|DisplayRam2K:\GEN_2KRAM:dispCharRam|altsyncram:altsyncram_component|altsyncram_lhh2:auto_generated|ALTSYNCRAM   ; AUTO ; True Dual Port   ; 2048         ; 8            ; 2048         ; 8            ; 16384 ; None                                                                    ;
; SBCTextDisplayRGB:VDU|SansBoldRom:\GEN_EXT_SCHARS:fontRom|altsyncram:altsyncram_component|altsyncram_vev3:auto_generated|ALTSYNCRAM   ; AUTO ; ROM              ; 2048         ; 8            ; --           ; --           ; 16384 ; ../../../MultiComp (VHDL Template)/Components/TERMINAL/SansFontBold.HEX ;
; bufferedUART:UART|altsyncram:rxBuffer_rtl_0|altsyncram_sbe1:auto_generated|ALTSYNCRAM                                                 ; AUTO ; Simple Dual Port ; 16           ; 8            ; 16           ; 8            ; 128   ; None                                                                    ;
+---------------------------------------------------------------------------------------------------------------------------------------+------+------------------+--------------+--------------+--------------+--------------+-------+-------------------------------------------------------------------------+


+--------------------------+
; Partition Merge Messages ;
+--------------------------+
Info: *******************************************************************
Info: Running Quartus Prime Partition Merge
    Info: Version 21.1.0 Build 842 10/21/2021 SJ Lite Edition
    Info: Processing started: Tue Sep 20 06:25:37 2022
Info: Command: quartus_cdb --read_settings_files=off --write_settings_files=off M6502_VGA -c M6502_VGA --merge=on
Critical Warning (138067): Current license file does not support incremental compilation. The Quartus Prime software removes all the user-specified design partitions in the design automatically.
Info (35007): Using synthesis netlist for partition "Top"
Info (35002): Resolved and merged 1 partition(s)
Info (16010): Generating hard_block partition "hard_block:auto_generated_inst"
    Info (16011): Adding 0 node(s), including 0 DDIO, 0 PLL, 0 transceiver and 0 LCELL
Critical Warning (138067): Current license file does not support incremental compilation. The Quartus Prime software removes all the user-specified design partitions in the design automatically.
Warning (21074): Design contains 40 input pin(s) that do not drive logic
    Warning (15610): No output dependent on input pin "i_n_cts" File: C:/Users/HPz420/Documents/GitHub/Doug Gilliland/MultiComp/MultiComp_On_FPGA-ITX-01/M6502_VGA_Ext_65C816_Cyclone10/M6502_VGA.vhd Line: 54
    Warning (15610): No output dependent on input pin "i_n_CardDet" File: C:/Users/HPz420/Documents/GitHub/Doug Gilliland/MultiComp/MultiComp_On_FPGA-ITX-01/M6502_VGA_Ext_65C816_Cyclone10/M6502_VGA.vhd Line: 67
    Warning (15610): No output dependent on input pin "i_CPU_VPA" File: C:/Users/HPz420/Documents/GitHub/Doug Gilliland/MultiComp/MultiComp_On_FPGA-ITX-01/M6502_VGA_Ext_65C816_Cyclone10/M6502_VGA.vhd Line: 76
    Warning (15610): No output dependent on input pin "i_CPU_VDA" File: C:/Users/HPz420/Documents/GitHub/Doug Gilliland/MultiComp/MultiComp_On_FPGA-ITX-01/M6502_VGA_Ext_65C816_Cyclone10/M6502_VGA.vhd Line: 77
    Warning (15610): No output dependent on input pin "i_CPU_MX" File: C:/Users/HPz420/Documents/GitHub/Doug Gilliland/MultiComp/MultiComp_On_FPGA-ITX-01/M6502_VGA_Ext_65C816_Cyclone10/M6502_VGA.vhd Line: 78
    Warning (15610): No output dependent on input pin "i_CPU_MLB" File: C:/Users/HPz420/Documents/GitHub/Doug Gilliland/MultiComp/MultiComp_On_FPGA-ITX-01/M6502_VGA_Ext_65C816_Cyclone10/M6502_VGA.vhd Line: 79
    Warning (15610): No output dependent on input pin "i_CPU_VPB" File: C:/Users/HPz420/Documents/GitHub/Doug Gilliland/MultiComp/MultiComp_On_FPGA-ITX-01/M6502_VGA_Ext_65C816_Cyclone10/M6502_VGA.vhd Line: 80
    Warning (15610): No output dependent on input pin "I_CPU_E" File: C:/Users/HPz420/Documents/GitHub/Doug Gilliland/MultiComp/MultiComp_On_FPGA-ITX-01/M6502_VGA_Ext_65C816_Cyclone10/M6502_VGA.vhd Line: 81
    Warning (15610): No output dependent on input pin "i_CPU_ADDR[0]" File: C:/Users/HPz420/Documents/GitHub/Doug Gilliland/MultiComp/MultiComp_On_FPGA-ITX-01/M6502_VGA_Ext_65C816_Cyclone10/M6502_VGA.vhd Line: 82
    Warning (15610): No output dependent on input pin "i_CPU_ADDR[1]" File: C:/Users/HPz420/Documents/GitHub/Doug Gilliland/MultiComp/MultiComp_On_FPGA-ITX-01/M6502_VGA_Ext_65C816_Cyclone10/M6502_VGA.vhd Line: 82
    Warning (15610): No output dependent on input pin "i_CPU_ADDR[2]" File: C:/Users/HPz420/Documents/GitHub/Doug Gilliland/MultiComp/MultiComp_On_FPGA-ITX-01/M6502_VGA_Ext_65C816_Cyclone10/M6502_VGA.vhd Line: 82
    Warning (15610): No output dependent on input pin "i_CPU_ADDR[3]" File: C:/Users/HPz420/Documents/GitHub/Doug Gilliland/MultiComp/MultiComp_On_FPGA-ITX-01/M6502_VGA_Ext_65C816_Cyclone10/M6502_VGA.vhd Line: 82
    Warning (15610): No output dependent on input pin "i_CPU_ADDR[4]" File: C:/Users/HPz420/Documents/GitHub/Doug Gilliland/MultiComp/MultiComp_On_FPGA-ITX-01/M6502_VGA_Ext_65C816_Cyclone10/M6502_VGA.vhd Line: 82
    Warning (15610): No output dependent on input pin "i_CPU_ADDR[5]" File: C:/Users/HPz420/Documents/GitHub/Doug Gilliland/MultiComp/MultiComp_On_FPGA-ITX-01/M6502_VGA_Ext_65C816_Cyclone10/M6502_VGA.vhd Line: 82
    Warning (15610): No output dependent on input pin "i_CPU_ADDR[6]" File: C:/Users/HPz420/Documents/GitHub/Doug Gilliland/MultiComp/MultiComp_On_FPGA-ITX-01/M6502_VGA_Ext_65C816_Cyclone10/M6502_VGA.vhd Line: 82
    Warning (15610): No output dependent on input pin "i_CPU_ADDR[7]" File: C:/Users/HPz420/Documents/GitHub/Doug Gilliland/MultiComp/MultiComp_On_FPGA-ITX-01/M6502_VGA_Ext_65C816_Cyclone10/M6502_VGA.vhd Line: 82
    Warning (15610): No output dependent on input pin "i_CPU_ADDR[8]" File: C:/Users/HPz420/Documents/GitHub/Doug Gilliland/MultiComp/MultiComp_On_FPGA-ITX-01/M6502_VGA_Ext_65C816_Cyclone10/M6502_VGA.vhd Line: 82
    Warning (15610): No output dependent on input pin "i_CPU_ADDR[9]" File: C:/Users/HPz420/Documents/GitHub/Doug Gilliland/MultiComp/MultiComp_On_FPGA-ITX-01/M6502_VGA_Ext_65C816_Cyclone10/M6502_VGA.vhd Line: 82
    Warning (15610): No output dependent on input pin "i_CPU_ADDR[10]" File: C:/Users/HPz420/Documents/GitHub/Doug Gilliland/MultiComp/MultiComp_On_FPGA-ITX-01/M6502_VGA_Ext_65C816_Cyclone10/M6502_VGA.vhd Line: 82
    Warning (15610): No output dependent on input pin "i_CPU_ADDR[11]" File: C:/Users/HPz420/Documents/GitHub/Doug Gilliland/MultiComp/MultiComp_On_FPGA-ITX-01/M6502_VGA_Ext_65C816_Cyclone10/M6502_VGA.vhd Line: 82
    Warning (15610): No output dependent on input pin "i_CPU_ADDR[12]" File: C:/Users/HPz420/Documents/GitHub/Doug Gilliland/MultiComp/MultiComp_On_FPGA-ITX-01/M6502_VGA_Ext_65C816_Cyclone10/M6502_VGA.vhd Line: 82
    Warning (15610): No output dependent on input pin "i_CPU_ADDR[13]" File: C:/Users/HPz420/Documents/GitHub/Doug Gilliland/MultiComp/MultiComp_On_FPGA-ITX-01/M6502_VGA_Ext_65C816_Cyclone10/M6502_VGA.vhd Line: 82
    Warning (15610): No output dependent on input pin "i_CPU_ADDR[14]" File: C:/Users/HPz420/Documents/GitHub/Doug Gilliland/MultiComp/MultiComp_On_FPGA-ITX-01/M6502_VGA_Ext_65C816_Cyclone10/M6502_VGA.vhd Line: 82
    Warning (15610): No output dependent on input pin "i_CPU_ADDR[15]" File: C:/Users/HPz420/Documents/GitHub/Doug Gilliland/MultiComp/MultiComp_On_FPGA-ITX-01/M6502_VGA_Ext_65C816_Cyclone10/M6502_VGA.vhd Line: 82
    Warning (15610): No output dependent on input pin "sdRamData[0]" File: C:/Users/HPz420/Documents/GitHub/Doug Gilliland/MultiComp/MultiComp_On_FPGA-ITX-01/M6502_VGA_Ext_65C816_Cyclone10/M6502_VGA.vhd Line: 106
    Warning (15610): No output dependent on input pin "sdRamData[1]" File: C:/Users/HPz420/Documents/GitHub/Doug Gilliland/MultiComp/MultiComp_On_FPGA-ITX-01/M6502_VGA_Ext_65C816_Cyclone10/M6502_VGA.vhd Line: 106
    Warning (15610): No output dependent on input pin "sdRamData[2]" File: C:/Users/HPz420/Documents/GitHub/Doug Gilliland/MultiComp/MultiComp_On_FPGA-ITX-01/M6502_VGA_Ext_65C816_Cyclone10/M6502_VGA.vhd Line: 106
    Warning (15610): No output dependent on input pin "sdRamData[3]" File: C:/Users/HPz420/Documents/GitHub/Doug Gilliland/MultiComp/MultiComp_On_FPGA-ITX-01/M6502_VGA_Ext_65C816_Cyclone10/M6502_VGA.vhd Line: 106
    Warning (15610): No output dependent on input pin "sdRamData[4]" File: C:/Users/HPz420/Documents/GitHub/Doug Gilliland/MultiComp/MultiComp_On_FPGA-ITX-01/M6502_VGA_Ext_65C816_Cyclone10/M6502_VGA.vhd Line: 106
    Warning (15610): No output dependent on input pin "sdRamData[5]" File: C:/Users/HPz420/Documents/GitHub/Doug Gilliland/MultiComp/MultiComp_On_FPGA-ITX-01/M6502_VGA_Ext_65C816_Cyclone10/M6502_VGA.vhd Line: 106
    Warning (15610): No output dependent on input pin "sdRamData[6]" File: C:/Users/HPz420/Documents/GitHub/Doug Gilliland/MultiComp/MultiComp_On_FPGA-ITX-01/M6502_VGA_Ext_65C816_Cyclone10/M6502_VGA.vhd Line: 106
    Warning (15610): No output dependent on input pin "sdRamData[7]" File: C:/Users/HPz420/Documents/GitHub/Doug Gilliland/MultiComp/MultiComp_On_FPGA-ITX-01/M6502_VGA_Ext_65C816_Cyclone10/M6502_VGA.vhd Line: 106
    Warning (15610): No output dependent on input pin "sdRamData[8]" File: C:/Users/HPz420/Documents/GitHub/Doug Gilliland/MultiComp/MultiComp_On_FPGA-ITX-01/M6502_VGA_Ext_65C816_Cyclone10/M6502_VGA.vhd Line: 106
    Warning (15610): No output dependent on input pin "sdRamData[9]" File: C:/Users/HPz420/Documents/GitHub/Doug Gilliland/MultiComp/MultiComp_On_FPGA-ITX-01/M6502_VGA_Ext_65C816_Cyclone10/M6502_VGA.vhd Line: 106
    Warning (15610): No output dependent on input pin "sdRamData[10]" File: C:/Users/HPz420/Documents/GitHub/Doug Gilliland/MultiComp/MultiComp_On_FPGA-ITX-01/M6502_VGA_Ext_65C816_Cyclone10/M6502_VGA.vhd Line: 106
    Warning (15610): No output dependent on input pin "sdRamData[11]" File: C:/Users/HPz420/Documents/GitHub/Doug Gilliland/MultiComp/MultiComp_On_FPGA-ITX-01/M6502_VGA_Ext_65C816_Cyclone10/M6502_VGA.vhd Line: 106
    Warning (15610): No output dependent on input pin "sdRamData[12]" File: C:/Users/HPz420/Documents/GitHub/Doug Gilliland/MultiComp/MultiComp_On_FPGA-ITX-01/M6502_VGA_Ext_65C816_Cyclone10/M6502_VGA.vhd Line: 106
    Warning (15610): No output dependent on input pin "sdRamData[13]" File: C:/Users/HPz420/Documents/GitHub/Doug Gilliland/MultiComp/MultiComp_On_FPGA-ITX-01/M6502_VGA_Ext_65C816_Cyclone10/M6502_VGA.vhd Line: 106
    Warning (15610): No output dependent on input pin "sdRamData[14]" File: C:/Users/HPz420/Documents/GitHub/Doug Gilliland/MultiComp/MultiComp_On_FPGA-ITX-01/M6502_VGA_Ext_65C816_Cyclone10/M6502_VGA.vhd Line: 106
    Warning (15610): No output dependent on input pin "sdRamData[15]" File: C:/Users/HPz420/Documents/GitHub/Doug Gilliland/MultiComp/MultiComp_On_FPGA-ITX-01/M6502_VGA_Ext_65C816_Cyclone10/M6502_VGA.vhd Line: 106
Info (21057): Implemented 3252 device resources after synthesis - the final resource count might be different
    Info (21058): Implemented 45 input pins
    Info (21059): Implemented 67 output pins
    Info (21060): Implemented 20 bidirectional pins
    Info (21061): Implemented 3080 logic cells
    Info (21064): Implemented 40 RAM segments
Info: Quartus Prime Partition Merge was successful. 0 errors, 43 warnings
    Info: Peak virtual memory: 4699 megabytes
    Info: Processing ended: Tue Sep 20 06:25:39 2022
    Info: Elapsed time: 00:00:02
    Info: Total CPU time (on all processors): 00:00:01


