EDA Netlist Writer report for Microcomputer
Mon Jan 16 21:32:53 2017
Quartus II 64-Bit Version 13.0.1 Build 232 06/12/2013 Service Pack 1 SJ Web Edition


---------------------
; Table of Contents ;
---------------------
  1. Legal Notice
  2. EDA Netlist Writer Summary
  3. EDA Netlist Writer Messages



----------------
; Legal Notice ;
----------------
Copyright (C) 1991-2013 Altera Corporation
Your use of Altera Corporation's design tools, logic functions 
and other software and tools, and its AMPP partner logic 
functions, and any output files from any of the foregoing 
(including device programming or simulation files), and any 
associated documentation or information are expressly subject 
to the terms and conditions of the Altera Program License 
Subscription Agreement, Altera MegaCore Function License 
Agreement, or other applicable license agreement, including, 
without limitation, that your use is for the sole purpose of 
programming logic devices manufactured by Altera and sold by 
Altera or its authorized distributors.  Please refer to the 
applicable agreement for further details.



+----------------------------------------------------------------------------------+
; EDA Netlist Writer Summary                                                       ;
+---------------------------+------------------------------------------------------+
; EDA Netlist Writer Status ; No Output Files Generated - Mon Jan 16 21:32:53 2017 ;
; Revision Name             ; Microcomputer                                        ;
; Top-level Entity Name     ; Microcomputer                                        ;
; Family                    ; Cyclone II                                           ;
+---------------------------+------------------------------------------------------+


+-----------------------------+
; EDA Netlist Writer Messages ;
+-----------------------------+
Info: *******************************************************************
Info: Running Quartus II 64-Bit EDA Netlist Writer
    Info: Version 13.0.1 Build 232 06/12/2013 Service Pack 1 SJ Web Edition
    Info: Processing started: Mon Jan 16 21:32:51 2017
Info: Command: quartus_eda --read_settings_files=on --write_settings_files=off Microcomputer -c Microcomputer
Warning (125092): Tcl Script File ../Components/TERMINAL/DisplayRam1K.qip not found
    Info (125063): set_global_assignment -name QIP_FILE ../Components/TERMINAL/DisplayRam1K.qip
Warning (125092): Tcl Script File ../Components/TERMINAL/DisplayRam2K.qip not found
    Info (125063): set_global_assignment -name QIP_FILE ../Components/TERMINAL/DisplayRam2K.qip
Warning (125092): Tcl Script File ../Components/TERMINAL/CGABoldRomReduced.qip not found
    Info (125063): set_global_assignment -name QIP_FILE ../Components/TERMINAL/CGABoldRomReduced.qip
Warning (125092): Tcl Script File ../ROMS/Z80/Z80_CPM_BASIC_ROM.qip not found
    Info (125063): set_global_assignment -name QIP_FILE ../ROMS/Z80/Z80_CPM_BASIC_ROM.qip
Warning (199027): Can't generate output files. Specify command-line options to generate output files, or update EDA tool settings using GUI or Tcl script.
Info: Quartus II 64-Bit EDA Netlist Writer was successful. 0 errors, 5 warnings
    Info: Peak virtual memory: 416 megabytes
    Info: Processing ended: Mon Jan 16 21:32:53 2017
    Info: Elapsed time: 00:00:02
    Info: Total CPU time (on all processors): 00:00:01


