Assembler report for uk101
Sun Apr 28 11:59:37 2019
Quartus Prime Version 18.1.0 Build 625 09/12/2018 SJ Lite Edition


---------------------
; Table of Contents ;
---------------------
  1. Legal Notice
  2. Assembler Summary
  3. Assembler Settings
  4. Assembler Generated Files
  5. Assembler Device Options: C:/Users/Doug/Documents/GitHub/MultiComp/MultiComp_On_Cyclone IV VGA Card/UK101_All_Features_Set/output_files/uk101.sof
  6. Assembler Messages



----------------
; Legal Notice ;
----------------
Copyright (C) 2018  Intel Corporation. All rights reserved.
Your use of Intel Corporation's design tools, logic functions 
and other software and tools, and its AMPP partner logic 
functions, and any output files from any of the foregoing 
(including device programming or simulation files), and any 
associated documentation or information are expressly subject 
to the terms and conditions of the Intel Program License 
Subscription Agreement, the Intel Quartus Prime License Agreement,
the Intel FPGA IP License Agreement, or other applicable license
agreement, including, without limitation, that your use is for
the sole purpose of programming logic devices manufactured by
Intel and sold by Intel or its authorized distributors.  Please
refer to the applicable agreement for further details.



+---------------------------------------------------------------+
; Assembler Summary                                             ;
+-----------------------+---------------------------------------+
; Assembler Status      ; Successful - Sun Apr 28 11:59:37 2019 ;
; Revision Name         ; uk101                                 ;
; Top-level Entity Name ; uk101                                 ;
; Family                ; Cyclone IV E                          ;
; Device                ; EP4CE6E22C8                           ;
+-----------------------+---------------------------------------+


+----------------------------------+
; Assembler Settings               ;
+--------+---------+---------------+
; Option ; Setting ; Default Value ;
+--------+---------+---------------+


+-------------------------------------------------------------------------------------------------------------------------+
; Assembler Generated Files                                                                                               ;
+-------------------------------------------------------------------------------------------------------------------------+
; File Name                                                                                                               ;
+-------------------------------------------------------------------------------------------------------------------------+
; C:/Users/Doug/Documents/GitHub/MultiComp/MultiComp_On_Cyclone IV VGA Card/UK101_All_Features_Set/output_files/uk101.sof ;
+-------------------------------------------------------------------------------------------------------------------------+


+---------------------------------------------------------------------------------------------------------------------------------------------------+
; Assembler Device Options: C:/Users/Doug/Documents/GitHub/MultiComp/MultiComp_On_Cyclone IV VGA Card/UK101_All_Features_Set/output_files/uk101.sof ;
+----------------+----------------------------------------------------------------------------------------------------------------------------------+
; Option         ; Setting                                                                                                                          ;
+----------------+----------------------------------------------------------------------------------------------------------------------------------+
; JTAG usercode  ; 0x003D525B                                                                                                                       ;
; Checksum       ; 0x003D525B                                                                                                                       ;
+----------------+----------------------------------------------------------------------------------------------------------------------------------+


+--------------------+
; Assembler Messages ;
+--------------------+
Info: *******************************************************************
Info: Running Quartus Prime Assembler
    Info: Version 18.1.0 Build 625 09/12/2018 SJ Lite Edition
    Info: Processing started: Sun Apr 28 11:59:34 2019
Info: Command: quartus_asm --read_settings_files=off --write_settings_files=off uk101 -c uk101
Info (115031): Writing out detailed assembly data for power analysis
Info (115030): Assembler is generating device programming files
Info: Quartus Prime Assembler was successful. 0 errors, 0 warnings
    Info: Peak virtual memory: 542 megabytes
    Info: Processing ended: Sun Apr 28 11:59:37 2019
    Info: Elapsed time: 00:00:03
    Info: Total CPU time (on all processors): 00:00:02


