Flow report for uk101
Tue Apr 30 20:52:20 2019
Quartus Prime Version 18.1.0 Build 625 09/12/2018 SJ Lite Edition


---------------------
; Table of Contents ;
---------------------
  1. Legal Notice
  2. Flow Summary
  3. Flow Settings
  4. Flow Non-Default Global Settings
  5. Flow Elapsed Time
  6. Flow OS Summary
  7. Flow Log
  8. Flow Messages
  9. Flow Suppressed Messages



----------------
; Legal Notice ;
----------------
Copyright (C) 2018  Intel Corporation. All rights reserved.
Your use of Intel Corporation's design tools, logic functions 
and other software and tools, and its AMPP partner logic 
functions, and any output files from any of the foregoing 
(including device programming or simulation files), and any 
associated documentation or information are expressly subject 
to the terms and conditions of the Intel Program License 
Subscription Agreement, the Intel Quartus Prime License Agreement,
the Intel FPGA IP License Agreement, or other applicable license
agreement, including, without limitation, that your use is for
the sole purpose of programming logic devices manufactured by
Intel and sold by Intel or its authorized distributors.  Please
refer to the applicable agreement for further details.



+----------------------------------------------------------------------------------+
; Flow Summary                                                                     ;
+------------------------------------+---------------------------------------------+
; Flow Status                        ; Successful - Tue Apr 30 20:52:11 2019       ;
; Quartus Prime Version              ; 18.1.0 Build 625 09/12/2018 SJ Lite Edition ;
; Revision Name                      ; uk101                                       ;
; Top-level Entity Name              ; uk101                                       ;
; Family                             ; Cyclone IV E                                ;
; Device                             ; EP4CE6E22C8                                 ;
; Timing Models                      ; Final                                       ;
; Total logic elements               ; 4,027 / 6,272 ( 64 % )                      ;
;     Total combinational functions  ; 3,969 / 6,272 ( 63 % )                      ;
;     Dedicated logic registers      ; 529 / 6,272 ( 8 % )                         ;
; Total registers                    ; 529                                         ;
; Total pins                         ; 44 / 92 ( 48 % )                            ;
; Total virtual pins                 ; 0                                           ;
; Total memory bits                  ; 254,080 / 276,480 ( 92 % )                  ;
; Embedded Multiplier 9-bit elements ; 0 / 30 ( 0 % )                              ;
; Total PLLs                         ; 1 / 2 ( 50 % )                              ;
+------------------------------------+---------------------------------------------+


+-----------------------------------------+
; Flow Settings                           ;
+-------------------+---------------------+
; Option            ; Setting             ;
+-------------------+---------------------+
; Start date & time ; 04/30/2019 20:50:11 ;
; Main task         ; Compilation         ;
; Revision Name     ; uk101               ;
+-------------------+---------------------+


+---------------------------------------------------------------------------------------------------------------------------------------------------------------------------------+
; Flow Non-Default Global Settings                                                                                                                                                ;
+-------------------------------------+------------------------------------------------------------------------------------------------+---------------+-------------+------------+
; Assignment Name                     ; Value                                                                                          ; Default Value ; Entity Name ; Section Id ;
+-------------------------------------+------------------------------------------------------------------------------------------------+---------------+-------------+------------+
; AUTO_SHIFT_REGISTER_RECOGNITION     ; Always                                                                                         ; Auto          ; --          ; --         ;
; COMPILER_SIGNATURE_ID               ; 264216224721306.155667181140904                                                                ; --            ; --          ; --         ;
; INFER_RAMS_FROM_RAW_LOGIC           ; Off                                                                                            ; On            ; --          ; --         ;
; MAX_CORE_JUNCTION_TEMP              ; 85                                                                                             ; --            ; --          ; --         ;
; MIN_CORE_JUNCTION_TEMP              ; 0                                                                                              ; --            ; --          ; --         ;
; MISC_FILE                           ; ../../MultiComp (VHDL Template)/Components/Internal_RAM/Internal_SRAM_9th_Bit/rambit7.cmp      ; --            ; --          ; --         ;
; MISC_FILE                           ; ../../MultiComp (VHDL Template)/Components/Internal_RAM/Internal_SRAM_9th_Bit/rambit6.cmp      ; --            ; --          ; --         ;
; MISC_FILE                           ; ../../MultiComp (VHDL Template)/Components/Internal_RAM/Internal_SRAM_9th_Bit/rambit5.cmp      ; --            ; --          ; --         ;
; MISC_FILE                           ; ../../MultiComp (VHDL Template)/Components/Internal_RAM/Internal_SRAM_9th_Bit/rambit4.cmp      ; --            ; --          ; --         ;
; MISC_FILE                           ; ../../MultiComp (VHDL Template)/Components/Internal_RAM/Internal_SRAM_9th_Bit/rambit3.cmp      ; --            ; --          ; --         ;
; MISC_FILE                           ; ../../MultiComp (VHDL Template)/Components/Internal_RAM/Internal_SRAM_9th_Bit/rambit2.cmp      ; --            ; --          ; --         ;
; MISC_FILE                           ; ../../MultiComp (VHDL Template)/Components/Internal_RAM/Internal_SRAM_9th_Bit/rambit1.cmp      ; --            ; --          ; --         ;
; MISC_FILE                           ; ../../MultiComp (VHDL Template)/Components/Internal_RAM/Internal_SRAM_9th_Bit/rambit0_inst.vhd ; --            ; --          ; --         ;
; MISC_FILE                           ; ../../MultiComp (VHDL Template)/Components/Internal_RAM/Internal_SRAM_9th_Bit/rambit0.cmp      ; --            ; --          ; --         ;
; NUM_PARALLEL_PROCESSORS             ; 2                                                                                              ; --            ; --          ; --         ;
; OUTPUT_IO_TIMING_FAR_END_VMEAS      ; Half Signal Swing                                                                              ; --            ; --          ; --         ;
; OUTPUT_IO_TIMING_FAR_END_VMEAS      ; Half Signal Swing                                                                              ; --            ; --          ; --         ;
; OUTPUT_IO_TIMING_NEAR_END_VMEAS     ; Half Vccio                                                                                     ; --            ; --          ; --         ;
; OUTPUT_IO_TIMING_NEAR_END_VMEAS     ; Half Vccio                                                                                     ; --            ; --          ; --         ;
; PARTITION_COLOR                     ; -- (Not supported for targeted family)                                                         ; --            ; --          ; Top        ;
; PARTITION_FITTER_PRESERVATION_LEVEL ; -- (Not supported for targeted family)                                                         ; --            ; --          ; Top        ;
; PARTITION_NETLIST_TYPE              ; -- (Not supported for targeted family)                                                         ; --            ; --          ; Top        ;
; POWER_BOARD_THERMAL_MODEL           ; None (CONSERVATIVE)                                                                            ; --            ; --          ; --         ;
; POWER_PRESET_COOLING_SOLUTION       ; 23 MM HEAT SINK WITH 200 LFPM AIRFLOW                                                          ; --            ; --          ; --         ;
; PROJECT_OUTPUT_DIRECTORY            ; output_files                                                                                   ; --            ; --          ; --         ;
+-------------------------------------+------------------------------------------------------------------------------------------------+---------------+-------------+------------+


+--------------------------------------------------------------------------------------------------------------------------+
; Flow Elapsed Time                                                                                                        ;
+----------------------+--------------+-------------------------+---------------------+------------------------------------+
; Module Name          ; Elapsed Time ; Average Processors Used ; Peak Virtual Memory ; Total CPU Time (on all processors) ;
+----------------------+--------------+-------------------------+---------------------+------------------------------------+
; Analysis & Synthesis ; 00:01:11     ; 1.0                     ; 696 MB              ; 00:01:17                           ;
; Fitter               ; 00:00:41     ; 1.1                     ; 1203 MB             ; 00:00:46                           ;
; Assembler            ; 00:00:02     ; 1.0                     ; 542 MB              ; 00:00:02                           ;
; Timing Analyzer      ; 00:00:07     ; 1.2                     ; 653 MB              ; 00:00:07                           ;
; Total                ; 00:02:01     ; --                      ; --                  ; 00:02:12                           ;
+----------------------+--------------+-------------------------+---------------------+------------------------------------+


+-----------------------------------------------------------------------------------+
; Flow OS Summary                                                                   ;
+----------------------+------------------+-----------+------------+----------------+
; Module Name          ; Machine Hostname ; OS Name   ; OS Version ; Processor type ;
+----------------------+------------------+-----------+------------+----------------+
; Analysis & Synthesis ; DougsDell-PC     ; Windows 7 ; 6.1        ; x86_64         ;
; Fitter               ; DougsDell-PC     ; Windows 7 ; 6.1        ; x86_64         ;
; Assembler            ; DougsDell-PC     ; Windows 7 ; 6.1        ; x86_64         ;
; Timing Analyzer      ; DougsDell-PC     ; Windows 7 ; 6.1        ; x86_64         ;
+----------------------+------------------+-----------+------------+----------------+


------------
; Flow Log ;
------------
quartus_map --read_settings_files=on --write_settings_files=off uk101 -c uk101
quartus_fit --read_settings_files=off --write_settings_files=off uk101 -c uk101
quartus_asm --read_settings_files=off --write_settings_files=off uk101 -c uk101
quartus_sta uk101 -c uk101



