Flow report for Microcomputer
Thu Jul 25 07:12:01 2019
Quartus Prime Version 18.1.0 Build 625 09/12/2018 SJ Lite Edition


---------------------
; Table of Contents ;
---------------------
  1. Legal Notice
  2. Flow Summary
  3. Flow Settings
  4. Flow Non-Default Global Settings
  5. Flow Elapsed Time
  6. Flow OS Summary
  7. Flow Log
  8. Flow Messages
  9. Flow Suppressed Messages



----------------
; Legal Notice ;
----------------
Copyright (C) 2018  Intel Corporation. All rights reserved.
Your use of Intel Corporation's design tools, logic functions 
and other software and tools, and its AMPP partner logic 
functions, and any output files from any of the foregoing 
(including device programming or simulation files), and any 
associated documentation or information are expressly subject 
to the terms and conditions of the Intel Program License 
Subscription Agreement, the Intel Quartus Prime License Agreement,
the Intel FPGA IP License Agreement, or other applicable license
agreement, including, without limitation, that your use is for
the sole purpose of programming logic devices manufactured by
Intel and sold by Intel or its authorized distributors.  Please
refer to the applicable agreement for further details.



+----------------------------------------------------------------------------------+
; Flow Summary                                                                     ;
+------------------------------------+---------------------------------------------+
; Flow Status                        ; Successful - Thu Jul 25 07:11:54 2019       ;
; Quartus Prime Version              ; 18.1.0 Build 625 09/12/2018 SJ Lite Edition ;
; Revision Name                      ; Microcomputer                               ;
; Top-level Entity Name              ; Microcomputer                               ;
; Family                             ; Cyclone IV E                                ;
; Total logic elements               ; 4,089 / 10,320 ( 40 % )                     ;
;     Total combinational functions  ; 3,885 / 10,320 ( 38 % )                     ;
;     Dedicated logic registers      ; 1,042 / 10,320 ( 10 % )                     ;
; Total registers                    ; 1042                                        ;
; Total pins                         ; 74 / 180 ( 41 % )                           ;
; Total virtual pins                 ; 0                                           ;
; Total memory bits                  ; 114,816 / 423,936 ( 27 % )                  ;
; Embedded Multiplier 9-bit elements ; 0 / 46 ( 0 % )                              ;
; Total PLLs                         ; 0 / 2 ( 0 % )                               ;
; Device                             ; EP4CE10F17C6                                ;
; Timing Models                      ; Final                                       ;
+------------------------------------+---------------------------------------------+


+-----------------------------------------+
; Flow Settings                           ;
+-------------------+---------------------+
; Option            ; Setting             ;
+-------------------+---------------------+
; Start date & time ; 07/25/2019 07:10:37 ;
; Main task         ; Compilation         ;
; Revision Name     ; Microcomputer       ;
+-------------------+---------------------+


+-------------------------------------------------------------------------------------------------------------------------------+
; Flow Non-Default Global Settings                                                                                              ;
+-------------------------------------+----------------------------------------------+---------------+-------------+------------+
; Assignment Name                     ; Value                                        ; Default Value ; Entity Name ; Section Id ;
+-------------------------------------+----------------------------------------------+---------------+-------------+------------+
; COMPILER_SIGNATURE_ID               ; 198690285320223.156405303702220              ; --            ; --          ; --         ;
; MISC_FILE                           ; InternalRam1K.cmp                            ; --            ; --          ; --         ;
; MISC_FILE                           ; InternalRam2K.cmp                            ; --            ; --          ; --         ;
; MISC_FILE                           ; InternalRam4K.cmp                            ; --            ; --          ; --         ;
; MISC_FILE                           ; ../Components/TERMINAL/DisplayRam1K.cmp      ; --            ; --          ; --         ;
; MISC_FILE                           ; ../Components/TERMINAL/DisplayRam2K.cmp      ; --            ; --          ; --         ;
; MISC_FILE                           ; ../Components/TERMINAL/CGABoldRomReduced.cmp ; --            ; --          ; --         ;
; MISC_FILE                           ; ../ROMS/Z80/Z80_CPM_BASIC_ROM.cmp            ; --            ; --          ; --         ;
; PARTITION_COLOR                     ; -- (Not supported for targeted family)       ; --            ; --          ; Top        ;
; PARTITION_FITTER_PRESERVATION_LEVEL ; -- (Not supported for targeted family)       ; --            ; --          ; Top        ;
; PARTITION_NETLIST_TYPE              ; -- (Not supported for targeted family)       ; --            ; --          ; Top        ;
; PROJECT_OUTPUT_DIRECTORY            ; output_files                                 ; --            ; --          ; --         ;
+-------------------------------------+----------------------------------------------+---------------+-------------+------------+


+--------------------------------------------------------------------------------------------------------------------------+
; Flow Elapsed Time                                                                                                        ;
+----------------------+--------------+-------------------------+---------------------+------------------------------------+
; Module Name          ; Elapsed Time ; Average Processors Used ; Peak Virtual Memory ; Total CPU Time (on all processors) ;
+----------------------+--------------+-------------------------+---------------------+------------------------------------+
; Analysis & Synthesis ; 00:00:34     ; 1.0                     ; 4855 MB             ; 00:00:49                           ;
; Fitter               ; 00:00:36     ; 1.1                     ; 5646 MB             ; 00:00:54                           ;
; Assembler            ; 00:00:02     ; 1.0                     ; 4701 MB             ; 00:00:01                           ;
; Timing Analyzer      ; 00:00:06     ; 1.2                     ; 4837 MB             ; 00:00:06                           ;
; Total                ; 00:01:18     ; --                      ; --                  ; 00:01:50                           ;
+----------------------+--------------+-------------------------+---------------------+------------------------------------+


+------------------------------------------------------------------------------------+
; Flow OS Summary                                                                    ;
+----------------------+------------------+------------+------------+----------------+
; Module Name          ; Machine Hostname ; OS Name    ; OS Version ; Processor type ;
+----------------------+------------------+------------+------------+----------------+
; Analysis & Synthesis ; DESKTOP-2UF8LNB  ; Windows 10 ; 10.0       ; x86_64         ;
; Fitter               ; DESKTOP-2UF8LNB  ; Windows 10 ; 10.0       ; x86_64         ;
; Assembler            ; DESKTOP-2UF8LNB  ; Windows 10 ; 10.0       ; x86_64         ;
; Timing Analyzer      ; DESKTOP-2UF8LNB  ; Windows 10 ; 10.0       ; x86_64         ;
+----------------------+------------------+------------+------------+----------------+


------------
; Flow Log ;
------------
quartus_map --read_settings_files=on --write_settings_files=off Microcomputer -c Microcomputer
quartus_fit --read_settings_files=off --write_settings_files=off Microcomputer -c Microcomputer
quartus_asm --read_settings_files=off --write_settings_files=off Microcomputer -c Microcomputer
quartus_sta Microcomputer -c Microcomputer



