A51 MACRO ASSEMBLER  IRLCD                                                                07/15/2009 19:58:37 PAGE     1


MACRO ASSEMBLER A51 V7.09
OBJECT MODULE PLACED IN IRLCD.OBJ
ASSEMBLER INVOKED BY: C:\Keil\C51\BIN\A51.EXE IRLCD.ASM SET(SMALL) DEBUG EP

LOC  OBJ            LINE     SOURCE

                       1     
                       2     
                       3     
                       4     
                       5     
                       6     
                       7     
                       8     
                       9     
                      10     ;-----------------------------------------------
  0020                11            IRCOM  EQU  20H       ;20H-23H IR使用
  0026                12             X     EQU  26H       ;LCD 地址变量
                      13     
  00B2                14            IRIN   EQU  P3.2
  0095                15            BEEP   EQU  P1.5
  0094                16            RELAY  EQU  P1.4
                      17            
  00A6                18             RS    EQU  P2.6
  00A5                19             RW    EQU  P2.5
  00A7                20             EN    EQU  P2.7
                      21     ;------------------------------------------------
0000                  22              ORG 0000H
0000 8000             23              JMP  MAIN
                      24     ;------------------------------------------------
0002                  25     MAIN:
0002 758140           26               MOV   SP,#40H
0005 7400             27               MOV   A,#00H
0007 7820             28               MOV   R0,#20H
0009 F6               29     LOOP0:    MOV   @R0,A          ;20H-26H清零
000A 08               30               INC   R0
000B B827FB           31               CJNE  R0,#27H,LOOP0
000E D2B2             32               SETB  IRIN
0010 1126             33               CALL  SET_LCD
0012 1188             34               CALL  MENU1
0014                  35     LOOP1:
0014 11EA             36               CALL  IR_IN
0016 3130             37               CALL  IR_SHOW
0018 E522             38               MOV  A,22H
001A B44002           39               CJNE  A,#40H,LOOP2    ;K17键按下
001D C294             40               CLR   RELAY           ;继电器吸合
001F B40402           41     LOOP2:    CJNE  A,#04H,LOOP3    ;K19键按下
0022 D294             42               SETB  RELAY           ;继电器关闭
0024 80EE             43     LOOP3:    JMP   LOOP1
                      44               
                      45     ;-----------------------------------------------------
                      46     ;  LCD 初始化设置
                      47     ;-----------------------------------------------------
0026                  48     SET_LCD:
0026 C2A7             49               CLR  EN
0028 113B             50               CALL  INIT_LCD     ;初始化 LCD
002A 3199             51               CALL  DELAY1
002C 90009E           52               MOV  DPTR,#INFO1   ;指针指到显示信息1
002F 7401             53               MOV  A,#1          ;显示在第一行
0031 115A             54               CALL  LCD_SHOW
0033 9000AD           55               MOV  DPTR,#INFO2   ;指针指到显示信息2
0036 7402             56               MOV  A,#2          ;显示在第二行
0038 115A             57               CALL  LCD_SHOW
003A 22               58               RET
A51 MACRO ASSEMBLER  IRLCD                                                                07/15/2009 19:58:37 PAGE     2

                      59     ;-----------------------------------------------------
003B                  60     INIT_LCD:                 ;8位I/O控制 LCD 接口初始化
003B 7438             61               MOV  A,#38H     ;双列显示，字形5*7点阵
003D 11BE             62               CALL  WCOM
003F 3199             63               CALL  DELAY1
0041 7438             64               MOV  A,#38H     ;双列显示，字形5*7点阵
0043 11BE             65               CALL  WCOM
0045 3199             66               CALL  DELAY1
0047 7438             67               MOV  A,#38H     ;双列显示，字形5*7点阵
0049 11BE             68               CALL  WCOM
004B 3199             69               CALL  DELAY1
004D 740C             70               MOV  A,#0CH     ;开显示，关光标，
004F 11BE             71               CALL  WCOM
0051 3199             72               CALL  DELAY1
0053 7401             73               MOV  A,#01H     ;清除 LCD 显示屏
0055 11BE             74               CALL  WCOM
0057 3199             75               CALL  DELAY1
0059 22               76               RET
                      77     ;----------------------------------------------------
005A                  78     LCD_SHOW:       ;在LCD的第一行或第二行显示信息字符
                      79     
005A B4010C           80               CJNE  A,#1,LINE2  ;判断是否为第一行
005D 7480             81       LINE1:  MOV  A,#80H       ;设置 LCD 的第一行地址
005F 11BE             82               CALL  WCOM        ;写入命令
0061 117F             83               CALL  CLR_LINE    ;清除该行字符数据
0063 7480             84               MOV  A,#80H       ;设置 LCD 的第一行地址
0065 11BE             85               CALL  WCOM        ;写入命令
0067 800A             86               JMP  FILL
                      87     
0069 74C0             88       LINE2:  MOV  A,#0C0H      ;设置 LCD 的第二行地址
006B 11BE             89               CALL  WCOM        ;写入命令
006D 117F             90               CALL  CLR_LINE    ;清除该行字符数据
006F 74C0             91               MOV  A,#0C0H      ;设置 LCD 的第二行地址
0071 11BE             92               CALL  WCOM
0073 E4               93       FILL:   CLR  A            ;填入字符
0074 93               94               MOVC  A,@A+DPTR   ;由消息区取出字符
0075 B40001           95               CJNE  A,#0,LC1    ;判断是否为结束码
0078 22               96               RET
0079 11CB             97       LC1:    CALL  WDATA       ;写入数据
007B A3               98               INC  DPTR         ;指针加1
007C 80F5             99               JMP  FILL         ;继续填入字符
007E 22              100               RET
                     101     ;---------------------------------------------------
007F                 102     CLR_LINE:                  ;清除该行 LCD 的字符
007F 7818            103               MOV  R0,#24
0081 7420            104        CL1:   MOV  A,#' '
0083 11CB            105               CALL  WDATA
0085 D8FA            106               DJNZ  R0,CL1
0087 22              107               RET
                     108     ;----------------------------------------------------
0088                 109     MENU1:                      ;LCD 显示工作菜单信息
0088 900090          110              MOV   DPTR,#MENU2
008B 7401            111              MOV   A,#1         ;在第一行显示信息
008D 115A            112              CALL  LCD_SHOW
008F 22              113              RET
0090 20526564        114     MENU2:  DB  " Red Control ",0
0094 20436F6E                
0098 74726F6C                
009C 2000                    
                     115     ;-----------------------------------------------------
009E 20202020        116     INFO1:  DB  "              ",0  ;LCD 第一行显示信息
00A2 20202020                
00A6 20202020                
00AA 202000                  
00AD 20204952        117     INFO2:  DB  "  IR-CODE: --H  ",0  ;LCD 第二行显示信息
00B1 2D434F44                
A51 MACRO ASSEMBLER  IRLCD                                                                07/15/2009 19:58:37 PAGE     3

00B5 453A202D                
00B9 2D482020                
00BD 00                      
                     118     ;-----------------------------------------------------
                     119     
                     120     ;-----------------------------------------------------
                     121     ; 写指令、数据使能子程序
                     122     ;-----------------------------------------------------
00BE                 123     WCOM:
00BE F580            124               MOV  P0,A        ;写指令使能
00C0 C2A6            125               CLR RS           ;RS=L,RW=L,D0-D7=指令码，E=高脉冲
00C2 C2A5            126               CLR RW
00C4 D2A7            127               SETB EN
00C6 11D8            128               CALL  DELAY0
00C8 C2A7            129               CLR EN
00CA 22              130               RET
                     131                       
00CB                 132     WDATA:
00CB F580            133               MOV   P0,A      ;写数据使能
00CD D2A6            134               SETB  RS        ;RS=H,RW=L,D0-D7=数据，E=高脉冲
00CF C2A5            135               CLR   RW
00D1 D2A7            136               SETB  EN
00D3 11D8            137               CALL  DELAY0
00D5 C2A7            138               CLR   EN
00D7 22              139               RET
                     140     
00D8 7FFA            141     DELAY0:   MOV  R7,#250      ;延时500微秒
00DA DFFE            142               DJNZ  R7,$
00DC 22              143               RET
                     144     ;---------------------------------------------------
                     145     ;在 LCD 第二行显示字符
                     146     ;A=ASC DATA, B=LINE X POS
                     147     ;---------------------------------------------------
00DD                 148     LCDP2:                    ;在LCD的第二行显示字符
00DD C0E0            149              PUSH  ACC        ;
00DF E5F0            150              MOV  A,B         ;设置显示地址
00E1 24C0            151              ADD  A,#0C0H     ;设置LCD的第二行地址
00E3 11BE            152              CALL  WCOM       ;写入命令
00E5 D0E0            153              POP  ACC         ;由堆栈取出A
00E7 11CB            154              CALL  WDATA      ;写入数据
00E9 22              155              RET
                     156     ;---------------------------------------------------
                     157     ; IR 译码子程序
                     158     ;---------------------------------------------------
00EA                 159     IR_IN:              
00EA 7820            160               MOV   R0,#IRCOM
00EC 30B202          161      I1:      JNB  IRIN,I2       ;等待 IR 信号出现
00EF 80FB            162               JMP  I1
00F1 7C14            163      I2:      MOV  R4,#20
00F3 318C            164      I20:     CALL  DEL
00F5 DCFC            165               DJNZ  R4,I20
00F7 20B2F2          166               JB  IRIN,I1        ;确认IR信号出现
00FA 20B204          167      I21:     JB  IRIN,I3        ;等 IR 变为高电平
00FD 318C            168               CALL  DEL
00FF 80F9            169               JMP  I21
0101 7B00            170      I3:      MOV  R3,#0         ;8位数清为0
0103 30B204          171      LL:      JNB  IRIN,I4       ;等 IR 变为低电平
0106 318C            172               CALL  DEL
0108 80F9            173               JMP  LL
010A 20B204          174      I4:      JB  IRIN,I5        ;等 IR 变为高电平
010D 318C            175               CALL  DEL
010F 80F9            176               JMP  I4
0111 7A00            177      I5:      MOV  R2,#0         ;0.14ms 计数
0113 318C            178      L1:      CALL  DEL
0115 20B213          179               JB  IRIN, N1       ;等 IR 变为高电平
                     180                                  ;IR=0，检查R2中的计数值 
A51 MACRO ASSEMBLER  IRLCD                                                                07/15/2009 19:58:37 PAGE     4

0118 7408            181               MOV  A,#8
011A C3              182               CLR  C
011B 9A              183               SUBB  A,R2         ;判断高低位
                     184                                  ;IF C=0  BIT=0
011C E6              185               MOV  A,@R0
011D 13              186               RRC  A
011E F6              187               MOV  @R0,A         ;处理完一位
011F 0B              188               INC  R3
0120 BB08E0          189               CJNE  R3,#8,LL     ;需处理完8位  
0123 7B00            190               MOV  R3,#0
0125 08              191               INC  R0
0126 B824DA          192               CJNE  R0,#24H,LL   ;收集到4字节了
0129 8004            193               JMP  OK
012B 0A              194      N1:      INC  R2
012C BA1EE4          195               CJNE  R2,#30,L1    ;0.14ms 计数过长则时间到自动离开
012F 22              196      OK:      RET
                     197     ;--------------------------------------------------------------------
0130                 198     IR_SHOW:
0130 E522            199               MOV A,22H
0132 F4              200               CPL A                ;将22H取反后和23H比较
0133 B52304          201               CJNE A,23H,IR_SHOW1  ;如果不等表示接收数据发生错误,放弃。
0136 313B            202               CALL   CONV
0138 316E            203               CALL  BEEP_BL        ;蜂鸣器鸣响表示解码成功
013A 22              204     IR_SHOW1: RET
                     205     ;--------------------------------------------------------------------
                     206     ;转换为 ASCII 码并显示
                     207     ;--------------------------------------------------------------------
013B                 208     CONV:
013B 75260B          209               MOV   X,#11        ;设置显示起始位置
013E E522            210               MOV   A,22H
0140 54F0            211               ANL   A,#0F0H      ;取出高四位二进制数
0142 C4              212               SWAP  A            ;高四位与低四位互换
0143 C0E0            213               PUSH  ACC          ;压入堆栈
0145 C3              214               CLR   C            ;C=0
0146 940A            215               SUBB  A,#0AH       ;减10
0148 D0E0            216               POP   ACC          ;弹出堆栈
014A 4002            217               JC    ASCII0       ;该数小于10，转ASCII0
014C 2407            218               ADD   A,#07H       ;大于10的数加上37H
014E 2430            219     ASCII0:   ADD   A,#30H       ;小于10的数加上30H
0150 8526F0          220               MOV   B,X
0153 11DD            221               CALL  LCDP2
                     222     
0155 E522            223               MOV   A,22H
0157 540F            224               ANL   A,#0FH        ;取出低四位二进制数
0159 C0E0            225               PUSH  ACC
015B C3              226               CLR   C
015C 940A            227               SUBB  A,#0AH        ;减10
015E D0E0            228               POP   ACC
0160 4002            229               JC    ASCII1        ;该数小于10，转ASCII0
0162 2407            230               ADD   A,#07H        ;大于10的数加上37H
0164 2430            231     ASCII1:   ADD   A,#30H        ;小于10的数加上30H
0166 0526            232               INC   X
0168 8526F0          233               MOV   B,X
016B 11DD            234               CALL  LCDP2
016D 22              235               RET
                     236     ;--------------------------------------------------------
                     237     ;蜂鸣器响一声子程序
                     238     ;--------------------------------------------------------
016E                 239     BEEP_BL:
016E 7E64            240              MOV  R6,#100
0170 317B            241       BL1:   CALL  DEX1
0172 B295            242              CPL  BEEP
0174 DEFA            243              DJNZ  R6,BL1
0176 7D19            244              MOV  R5,#25
0178 3181            245              CALL  DELAY
017A 22              246              RET
A51 MACRO ASSEMBLER  IRLCD                                                                07/15/2009 19:58:37 PAGE     5

017B 7FB4            247      DEX1:   MOV  R7,#180
017D 00              248      DEX2:   NOP
017E DFFD            249              DJNZ  R7,DEX2
0180 22              250              RET
0181                 251      DELAY:                    ;延时R5×10MS
0181 7E32            252              MOV  R6,#50
0183 7F64            253       D1:    MOV  R7,#100
0185 DFFE            254              DJNZ  R7,$
0187 DEFA            255              DJNZ  R6,D1
0189 DDF6            256              DJNZ  R5,DELAY
018B 22              257              RET
                     258     ;------------------------------------------------
                     259     ; DELAY  R5*0.14MS
018C                 260     DEL:
018C 7D01            261               MOV  R5,#1       ;IR解码使用
018E 7E02            262     DEL0:     MOV  R6,#2
0190 7F20            263     DEL1:     MOV  R7,#32
0192 DFFE            264     DEL2:     DJNZ  R7,DEL2
0194 DEFA            265               DJNZ  R6,DEL1
0196 DDF6            266               DJNZ  R5,DEL0
0198 22              267               RET
                     268     
0199                 269     DELAY1:                    ;延时5MS
0199 7E19            270              MOV  R6,#25
019B 7F64            271       DL2:   MOV  R7,#100
019D DFFE            272              DJNZ  R7,$
019F DEFA            273              DJNZ  R6,DL2
01A1 22              274              RET
                     275     ;-------------------------------------------------
                     276             END
                             
                             
A51 MACRO ASSEMBLER  IRLCD                                                                07/15/2009 19:58:37 PAGE     6

SYMBOL TABLE LISTING
------ ----- -------


N A M E             T Y P E  V A L U E   ATTRIBUTES

ACC. . . . . . . .  D ADDR   00E0H   A   
ASCII0 . . . . . .  C ADDR   014EH   A   
ASCII1 . . . . . .  C ADDR   0164H   A   
B. . . . . . . . .  D ADDR   00F0H   A   
BEEP . . . . . . .  B ADDR   0090H.5 A   
BEEP_BL. . . . . .  C ADDR   016EH   A   
BL1. . . . . . . .  C ADDR   0170H   A   
CL1. . . . . . . .  C ADDR   0081H   A   
CLR_LINE . . . . .  C ADDR   007FH   A   
CONV . . . . . . .  C ADDR   013BH   A   
D1 . . . . . . . .  C ADDR   0183H   A   
DEL. . . . . . . .  C ADDR   018CH   A   
DEL0 . . . . . . .  C ADDR   018EH   A   
DEL1 . . . . . . .  C ADDR   0190H   A   
DEL2 . . . . . . .  C ADDR   0192H   A   
DELAY. . . . . . .  C ADDR   0181H   A   
DELAY0 . . . . . .  C ADDR   00D8H   A   
DELAY1 . . . . . .  C ADDR   0199H   A   
DEX1 . . . . . . .  C ADDR   017BH   A   
DEX2 . . . . . . .  C ADDR   017DH   A   
DL2. . . . . . . .  C ADDR   019BH   A   
EN . . . . . . . .  B ADDR   00A0H.7 A   
FILL . . . . . . .  C ADDR   0073H   A   
I1 . . . . . . . .  C ADDR   00ECH   A   
I2 . . . . . . . .  C ADDR   00F1H   A   
I20. . . . . . . .  C ADDR   00F3H   A   
I21. . . . . . . .  C ADDR   00FAH   A   
I3 . . . . . . . .  C ADDR   0101H   A   
I4 . . . . . . . .  C ADDR   010AH   A   
I5 . . . . . . . .  C ADDR   0111H   A   
INFO1. . . . . . .  C ADDR   009EH   A   
INFO2. . . . . . .  C ADDR   00ADH   A   
INIT_LCD . . . . .  C ADDR   003BH   A   
IRCOM. . . . . . .  N NUMB   0020H   A   
IRIN . . . . . . .  B ADDR   00B0H.2 A   
IR_IN. . . . . . .  C ADDR   00EAH   A   
IR_SHOW. . . . . .  C ADDR   0130H   A   
IR_SHOW1 . . . . .  C ADDR   013AH   A   
L1 . . . . . . . .  C ADDR   0113H   A   
LC1. . . . . . . .  C ADDR   0079H   A   
LCDP2. . . . . . .  C ADDR   00DDH   A   
LCD_SHOW . . . . .  C ADDR   005AH   A   
LINE1. . . . . . .  C ADDR   005DH   A   
LINE2. . . . . . .  C ADDR   0069H   A   
LL . . . . . . . .  C ADDR   0103H   A   
LOOP0. . . . . . .  C ADDR   0009H   A   
LOOP1. . . . . . .  C ADDR   0014H   A   
LOOP2. . . . . . .  C ADDR   001FH   A   
LOOP3. . . . . . .  C ADDR   0024H   A   
MAIN . . . . . . .  C ADDR   0002H   A   
MENU1. . . . . . .  C ADDR   0088H   A   
MENU2. . . . . . .  C ADDR   0090H   A   
N1 . . . . . . . .  C ADDR   012BH   A   
OK . . . . . . . .  C ADDR   012FH   A   
P0 . . . . . . . .  D ADDR   0080H   A   
P1 . . . . . . . .  D ADDR   0090H   A   
P2 . . . . . . . .  D ADDR   00A0H   A   
P3 . . . . . . . .  D ADDR   00B0H   A   
RELAY. . . . . . .  B ADDR   0090H.4 A   
RS . . . . . . . .  B ADDR   00A0H.6 A   
A51 MACRO ASSEMBLER  IRLCD                                                                07/15/2009 19:58:37 PAGE     7

RW . . . . . . . .  B ADDR   00A0H.5 A   
SET_LCD. . . . . .  C ADDR   0026H   A   
SP . . . . . . . .  D ADDR   0081H   A   
WCOM . . . . . . .  C ADDR   00BEH   A   
WDATA. . . . . . .  C ADDR   00CBH   A   
X. . . . . . . . .  N NUMB   0026H   A   


REGISTER BANK(S) USED: 0 


ASSEMBLY COMPLETE.  0 WARNING(S), 0 ERROR(S)
