Assembler report for Blink_LED
Wed Feb  9 12:33:00 2022
Quartus Prime Version 21.1.0 Build 842 10/21/2021 SJ Lite Edition


---------------------
; Table of Contents ;
---------------------
  1. Legal Notice
  2. Assembler Summary
  3. Assembler Settings
  4. Assembler Generated Files
  5. Assembler Device Options: C:/Users/HPz420/Documents/GitHub/Doug Gilliland/MultiComp/MultiComp_On_RETRO-EP4CE15/Blink_LED/output_files/Blink_LED.sof
  6. Assembler Messages



----------------
; Legal Notice ;
----------------
Copyright (C) 2021  Intel Corporation. All rights reserved.
Your use of Intel Corporation's design tools, logic functions 
and other software and tools, and any partner logic 
functions, and any output files from any of the foregoing 
(including device programming or simulation files), and any 
associated documentation or information are expressly subject 
to the terms and conditions of the Intel Program License 
Subscription Agreement, the Intel Quartus Prime License Agreement,
the Intel FPGA IP License Agreement, or other applicable license
agreement, including, without limitation, that your use is for
the sole purpose of programming logic devices manufactured by
Intel and sold by Intel or its authorized distributors.  Please
refer to the applicable agreement for further details, at
https://fpgasoftware.intel.com/eula.



+---------------------------------------------------------------+
; Assembler Summary                                             ;
+-----------------------+---------------------------------------+
; Assembler Status      ; Successful - Wed Feb  9 12:33:00 2022 ;
; Revision Name         ; Blink_LED                             ;
; Top-level Entity Name ; Blink_LED                             ;
; Family                ; Cyclone IV E                          ;
; Device                ; EP4CE6E22C8                           ;
+-----------------------+---------------------------------------+


+----------------------------------+
; Assembler Settings               ;
+--------+---------+---------------+
; Option ; Setting ; Default Value ;
+--------+---------+---------------+


+---------------------------------------------------------------------------------------------------------------------------+
; Assembler Generated Files                                                                                                 ;
+---------------------------------------------------------------------------------------------------------------------------+
; File Name                                                                                                                 ;
+---------------------------------------------------------------------------------------------------------------------------+
; C:/Users/HPz420/Documents/GitHub/Doug Gilliland/MultiComp/MultiComp_On_RETRO-EP4CE15/Blink_LED/output_files/Blink_LED.sof ;
+---------------------------------------------------------------------------------------------------------------------------+


+-----------------------------------------------------------------------------------------------------------------------------------------------------+
; Assembler Device Options: C:/Users/HPz420/Documents/GitHub/Doug Gilliland/MultiComp/MultiComp_On_RETRO-EP4CE15/Blink_LED/output_files/Blink_LED.sof ;
+----------------+------------------------------------------------------------------------------------------------------------------------------------+
; Option         ; Setting                                                                                                                            ;
+----------------+------------------------------------------------------------------------------------------------------------------------------------+
; JTAG usercode  ; 0x0009563D                                                                                                                         ;
; Checksum       ; 0x0009563D                                                                                                                         ;
+----------------+------------------------------------------------------------------------------------------------------------------------------------+


+--------------------+
; Assembler Messages ;
+--------------------+
Info: *******************************************************************
Info: Running Quartus Prime Assembler
    Info: Version 21.1.0 Build 842 10/21/2021 SJ Lite Edition
    Info: Processing started: Wed Feb  9 12:32:59 2022
Info: Command: quartus_asm --read_settings_files=off --write_settings_files=off Blink_LED -c Blink_LED
Warning (18236): Number of processors has not been specified which may cause overloading on shared machines.  Set the global assignment NUM_PARALLEL_PROCESSORS in your QSF to an appropriate value for best performance.
Info (115031): Writing out detailed assembly data for power analysis
Info (115030): Assembler is generating device programming files
Info: Quartus Prime Assembler was successful. 0 errors, 1 warning
    Info: Peak virtual memory: 4700 megabytes
    Info: Processing ended: Wed Feb  9 12:33:00 2022
    Info: Elapsed time: 00:00:01
    Info: Total CPU time (on all processors): 00:00:01


