Assembler report for Microcomputer
Mon May 31 11:20:04 2021
Quartus Prime Version 20.1.0 Build 711 06/05/2020 SJ Lite Edition


---------------------
; Table of Contents ;
---------------------
  1. Legal Notice
  2. Assembler Summary
  3. Assembler Settings
  4. Assembler Generated Files
  5. Assembler Device Options: C:/Users/HPz420/Documents/GitHub/Doug Gilliland/MultiComp/MultiComp_On_RETRO-EP4/M6809_VGA_PS2_RAM(56K)/output_files/Microcomputer.sof
  6. Assembler Messages



----------------
; Legal Notice ;
----------------
Copyright (C) 2020  Intel Corporation. All rights reserved.
Your use of Intel Corporation's design tools, logic functions 
and other software and tools, and any partner logic 
functions, and any output files from any of the foregoing 
(including device programming or simulation files), and any 
associated documentation or information are expressly subject 
to the terms and conditions of the Intel Program License 
Subscription Agreement, the Intel Quartus Prime License Agreement,
the Intel FPGA IP License Agreement, or other applicable license
agreement, including, without limitation, that your use is for
the sole purpose of programming logic devices manufactured by
Intel and sold by Intel or its authorized distributors.  Please
refer to the applicable agreement for further details, at
https://fpgasoftware.intel.com/eula.



+---------------------------------------------------------------+
; Assembler Summary                                             ;
+-----------------------+---------------------------------------+
; Assembler Status      ; Successful - Mon May 31 11:20:04 2021 ;
; Revision Name         ; Microcomputer                         ;
; Top-level Entity Name ; Microcomputer                         ;
; Family                ; Cyclone IV E                          ;
; Device                ; EP4CE6E22C8                           ;
+-----------------------+---------------------------------------+


+----------------------------------+
; Assembler Settings               ;
+--------+---------+---------------+
; Option ; Setting ; Default Value ;
+--------+---------+---------------+


+----------------------------------------------------------------------------------------------------------------------------------------+
; Assembler Generated Files                                                                                                              ;
+----------------------------------------------------------------------------------------------------------------------------------------+
; File Name                                                                                                                              ;
+----------------------------------------------------------------------------------------------------------------------------------------+
; C:/Users/HPz420/Documents/GitHub/Doug Gilliland/MultiComp/MultiComp_On_RETRO-EP4/M6809_VGA_PS2_RAM(56K)/output_files/Microcomputer.sof ;
+----------------------------------------------------------------------------------------------------------------------------------------+


+------------------------------------------------------------------------------------------------------------------------------------------------------------------+
; Assembler Device Options: C:/Users/HPz420/Documents/GitHub/Doug Gilliland/MultiComp/MultiComp_On_RETRO-EP4/M6809_VGA_PS2_RAM(56K)/output_files/Microcomputer.sof ;
+----------------+-------------------------------------------------------------------------------------------------------------------------------------------------+
; Option         ; Setting                                                                                                                                         ;
+----------------+-------------------------------------------------------------------------------------------------------------------------------------------------+
; JTAG usercode  ; 0x003F3C7C                                                                                                                                      ;
; Checksum       ; 0x003F3C7C                                                                                                                                      ;
+----------------+-------------------------------------------------------------------------------------------------------------------------------------------------+


+--------------------+
; Assembler Messages ;
+--------------------+
Info: *******************************************************************
Info: Running Quartus Prime Assembler
    Info: Version 20.1.0 Build 711 06/05/2020 SJ Lite Edition
    Info: Processing started: Mon May 31 11:20:03 2021
Info: Command: quartus_asm --read_settings_files=off --write_settings_files=off m6809_vga_16K -c Microcomputer
Warning (18236): Number of processors has not been specified which may cause overloading on shared machines.  Set the global assignment NUM_PARALLEL_PROCESSORS in your QSF to an appropriate value for best performance.
Info (115031): Writing out detailed assembly data for power analysis
Info (115030): Assembler is generating device programming files
Info: Quartus Prime Assembler was successful. 0 errors, 1 warning
    Info: Peak virtual memory: 4697 megabytes
    Info: Processing ended: Mon May 31 11:20:04 2021
    Info: Elapsed time: 00:00:01
    Info: Total CPU time (on all processors): 00:00:02


