Flow report for MicrocomputerPCB
Mon May 31 10:15:29 2021
Quartus Prime Version 20.1.0 Build 711 06/05/2020 SJ Lite Edition


---------------------
; Table of Contents ;
---------------------
  1. Legal Notice
  2. Flow Summary
  3. Flow Settings
  4. Flow Non-Default Global Settings
  5. Flow Elapsed Time
  6. Flow OS Summary
  7. Flow Log
  8. Flow Messages
  9. Flow Suppressed Messages



----------------
; Legal Notice ;
----------------
Copyright (C) 2020  Intel Corporation. All rights reserved.
Your use of Intel Corporation's design tools, logic functions 
and other software and tools, and any partner logic 
functions, and any output files from any of the foregoing 
(including device programming or simulation files), and any 
associated documentation or information are expressly subject 
to the terms and conditions of the Intel Program License 
Subscription Agreement, the Intel Quartus Prime License Agreement,
the Intel FPGA IP License Agreement, or other applicable license
agreement, including, without limitation, that your use is for
the sole purpose of programming logic devices manufactured by
Intel and sold by Intel or its authorized distributors.  Please
refer to the applicable agreement for further details, at
https://fpgasoftware.intel.com/eula.



+----------------------------------------------------------------------------------+
; Flow Summary                                                                     ;
+------------------------------------+---------------------------------------------+
; Flow Status                        ; Successful - Mon May 31 10:15:29 2021       ;
; Quartus Prime Version              ; 20.1.0 Build 711 06/05/2020 SJ Lite Edition ;
; Revision Name                      ; MicrocomputerPCB                            ;
; Top-level Entity Name              ; Microcomputer                               ;
; Family                             ; Cyclone IV E                                ;
; Device                             ; EP4CE15F23C8                                ;
; Timing Models                      ; Final                                       ;
; Total logic elements               ; 4,225 / 15,408 ( 27 % )                     ;
;     Total combinational functions  ; 4,016 / 15,408 ( 26 % )                     ;
;     Dedicated logic registers      ; 1,245 / 15,408 ( 8 % )                      ;
; Total registers                    ; 1246                                        ;
; Total pins                         ; 103 / 344 ( 30 % )                          ;
; Total virtual pins                 ; 0                                           ;
; Total memory bits                  ; 106,624 / 516,096 ( 21 % )                  ;
; Embedded Multiplier 9-bit elements ; 0 / 112 ( 0 % )                             ;
; Total PLLs                         ; 0 / 4 ( 0 % )                               ;
+------------------------------------+---------------------------------------------+


+-----------------------------------------+
; Flow Settings                           ;
+-------------------+---------------------+
; Option            ; Setting             ;
+-------------------+---------------------+
; Start date & time ; 05/31/2021 10:13:47 ;
; Main task         ; Compilation         ;
; Revision Name     ; MicrocomputerPCB    ;
+-------------------+---------------------+


+----------------------------------------------------------------------------------------------------------------------------------+
; Flow Non-Default Global Settings                                                                                                 ;
+-------------------------------------+----------------------------------------+------------------+---------------+----------------+
; Assignment Name                     ; Value                                  ; Default Value    ; Entity Name   ; Section Id     ;
+-------------------------------------+----------------------------------------+------------------+---------------+----------------+
; COMPILER_SIGNATURE_ID               ; 10995770589187.162247042612136         ; --               ; --            ; --             ;
; EDA_OUTPUT_DATA_FORMAT              ; Vhdl                                   ; --               ; --            ; eda_simulation ;
; EDA_SIMULATION_TOOL                 ; ModelSim-Altera (VHDL)                 ; <None>           ; --            ; --             ;
; MAX_CORE_JUNCTION_TEMP              ; 85                                     ; --               ; --            ; --             ;
; MIN_CORE_JUNCTION_TEMP              ; 0                                      ; --               ; --            ; --             ;
; MISC_FILE                           ; ../ROMS/6809/M6809_CAMELFORTH_ROM.cmp  ; --               ; --            ; --             ;
; NUM_PARALLEL_PROCESSORS             ; 4                                      ; --               ; --            ; --             ;
; OPTIMIZE_HOLD_TIMING                ; IO Paths and Minimum TPD Paths         ; All Paths        ; --            ; --             ;
; OUTPUT_IO_TIMING_FAR_END_VMEAS      ; Half Signal Swing                      ; --               ; --            ; --             ;
; OUTPUT_IO_TIMING_FAR_END_VMEAS      ; Half Signal Swing                      ; --               ; --            ; --             ;
; OUTPUT_IO_TIMING_NEAR_END_VMEAS     ; Half Vccio                             ; --               ; --            ; --             ;
; OUTPUT_IO_TIMING_NEAR_END_VMEAS     ; Half Vccio                             ; --               ; --            ; --             ;
; PARTITION_COLOR                     ; -- (Not supported for targeted family) ; --               ; Microcomputer ; Top            ;
; PARTITION_FITTER_PRESERVATION_LEVEL ; -- (Not supported for targeted family) ; --               ; Microcomputer ; Top            ;
; PARTITION_NETLIST_TYPE              ; -- (Not supported for targeted family) ; --               ; Microcomputer ; Top            ;
; POWER_BOARD_THERMAL_MODEL           ; None (CONSERVATIVE)                    ; --               ; --            ; --             ;
; POWER_PRESET_COOLING_SOLUTION       ; 23 MM HEAT SINK WITH 200 LFPM AIRFLOW  ; --               ; --            ; --             ;
; PROJECT_OUTPUT_DIRECTORY            ; output_files                           ; --               ; --            ; --             ;
; SMART_RECOMPILE                     ; On                                     ; Off              ; --            ; --             ;
; TOP_LEVEL_ENTITY                    ; Microcomputer                          ; MicrocomputerPCB ; --            ; --             ;
; VHDL_SHOW_LMF_MAPPING_MESSAGES      ; Off                                    ; --               ; --            ; --             ;
+-------------------------------------+----------------------------------------+------------------+---------------+----------------+


+--------------------------------------------------------------------------------------------------------------------------+
; Flow Elapsed Time                                                                                                        ;
+----------------------+--------------+-------------------------+---------------------+------------------------------------+
; Module Name          ; Elapsed Time ; Average Processors Used ; Peak Virtual Memory ; Total CPU Time (on all processors) ;
+----------------------+--------------+-------------------------+---------------------+------------------------------------+
; Analysis & Synthesis ; 00:00:43     ; 1.0                     ; 4854 MB             ; 00:01:03                           ;
; Fitter               ; 00:00:35     ; 1.1                     ; 5570 MB             ; 00:00:51                           ;
; Assembler            ; 00:00:03     ; 1.0                     ; 4696 MB             ; 00:00:03                           ;
; Timing Analyzer      ; 00:00:07     ; 1.8                     ; 4830 MB             ; 00:00:09                           ;
; EDA Netlist Writer   ; 00:00:08     ; 1.0                     ; 4712 MB             ; 00:00:08                           ;
; Total                ; 00:01:36     ; --                      ; --                  ; 00:02:14                           ;
+----------------------+--------------+-------------------------+---------------------+------------------------------------+


+------------------------------------------------------------------------------------+
; Flow OS Summary                                                                    ;
+----------------------+------------------+------------+------------+----------------+
; Module Name          ; Machine Hostname ; OS Name    ; OS Version ; Processor type ;
+----------------------+------------------+------------+------------+----------------+
; Analysis & Synthesis ; DESKTOP-2UF8LNB  ; Windows 10 ; 10.0       ; x86_64         ;
; Fitter               ; DESKTOP-2UF8LNB  ; Windows 10 ; 10.0       ; x86_64         ;
; Assembler            ; DESKTOP-2UF8LNB  ; Windows 10 ; 10.0       ; x86_64         ;
; Timing Analyzer      ; DESKTOP-2UF8LNB  ; Windows 10 ; 10.0       ; x86_64         ;
; EDA Netlist Writer   ; DESKTOP-2UF8LNB  ; Windows 10 ; 10.0       ; x86_64         ;
+----------------------+------------------+------------+------------+----------------+


------------
; Flow Log ;
------------
quartus_map --read_settings_files=on --write_settings_files=off MicrocomputerPCB -c MicrocomputerPCB
quartus_fit --read_settings_files=off --write_settings_files=off MicrocomputerPCB -c MicrocomputerPCB
quartus_asm --read_settings_files=off --write_settings_files=off MicrocomputerPCB -c MicrocomputerPCB
quartus_sta MicrocomputerPCB -c MicrocomputerPCB
quartus_eda --read_settings_files=off --write_settings_files=off MicrocomputerPCB -c MicrocomputerPCB



