Flow report for Microcomputer
Sun Dec 18 07:37:56 2016
Quartus II 64-Bit Version 13.0.1 Build 232 06/12/2013 Service Pack 1 SJ Web Edition


---------------------
; Table of Contents ;
---------------------
  1. Legal Notice
  2. Flow Summary
  3. Flow Settings
  4. Flow Non-Default Global Settings
  5. Flow Elapsed Time
  6. Flow OS Summary
  7. Flow Log
  8. Flow Messages
  9. Flow Suppressed Messages



----------------
; Legal Notice ;
----------------
Copyright (C) 1991-2013 Altera Corporation
Your use of Altera Corporation's design tools, logic functions 
and other software and tools, and its AMPP partner logic 
functions, and any output files from any of the foregoing 
(including device programming or simulation files), and any 
associated documentation or information are expressly subject 
to the terms and conditions of the Altera Program License 
Subscription Agreement, Altera MegaCore Function License 
Agreement, or other applicable license agreement, including, 
without limitation, that your use is for the sole purpose of 
programming logic devices manufactured by Altera and sold by 
Altera or its authorized distributors.  Please refer to the 
applicable agreement for further details.



+--------------------------------------------------------------------------------------+
; Flow Summary                                                                         ;
+------------------------------------+-------------------------------------------------+
; Flow Status                        ; Successful - Sun Dec 18 07:37:52 2016           ;
; Quartus II 64-Bit Version          ; 13.0.1 Build 232 06/12/2013 SP 1 SJ Web Edition ;
; Revision Name                      ; Microcomputer                                   ;
; Top-level Entity Name              ; Microcomputer                                   ;
; Family                             ; Cyclone II                                      ;
; Device                             ; EP2C5T144C8                                     ;
; Timing Models                      ; Final                                           ;
; Total logic elements               ; 3,496 / 4,608 ( 76 % )                          ;
;     Total combinational functions  ; 3,403 / 4,608 ( 74 % )                          ;
;     Dedicated logic registers      ; 738 / 4,608 ( 16 % )                            ;
; Total registers                    ; 738                                             ;
; Total pins                         ; 52 / 89 ( 58 % )                                ;
; Total virtual pins                 ; 0                                               ;
; Total memory bits                  ; 98,304 / 119,808 ( 82 % )                       ;
; Embedded Multiplier 9-bit elements ; 0 / 26 ( 0 % )                                  ;
; Total PLLs                         ; 0 / 2 ( 0 % )                                   ;
+------------------------------------+-------------------------------------------------+


+-----------------------------------------+
; Flow Settings                           ;
+-------------------+---------------------+
; Option            ; Setting             ;
+-------------------+---------------------+
; Start date & time ; 12/18/2016 07:36:22 ;
; Main task         ; Compilation         ;
; Revision Name     ; Microcomputer       ;
+-------------------+---------------------+


+-------------------------------------------------------------------------------------------------------------------------------+
; Flow Non-Default Global Settings                                                                                              ;
+-------------------------------------+----------------------------------------------+---------------+-------------+------------+
; Assignment Name                     ; Value                                        ; Default Value ; Entity Name ; Section Id ;
+-------------------------------------+----------------------------------------------+---------------+-------------+------------+
; COMPILER_SIGNATURE_ID               ; 154880084790001.148206458144936              ; --            ; --          ; --         ;
; IP_TOOL_NAME                        ; ROM: 1-PORT                                  ; --            ; --          ; --         ;
; IP_TOOL_NAME                        ; ROM: 1-PORT                                  ; --            ; --          ; --         ;
; IP_TOOL_NAME                        ; RAM: 2-PORT                                  ; --            ; --          ; --         ;
; IP_TOOL_NAME                        ; RAM: 2-PORT                                  ; --            ; --          ; --         ;
; IP_TOOL_NAME                        ; ROM: 1-PORT                                  ; --            ; --          ; --         ;
; IP_TOOL_NAME                        ; RAM: 1-PORT                                  ; --            ; --          ; --         ;
; IP_TOOL_NAME                        ; RAM: 1-PORT                                  ; --            ; --          ; --         ;
; IP_TOOL_NAME                        ; RAM: 1-PORT                                  ; --            ; --          ; --         ;
; IP_TOOL_NAME                        ; ROM: 1-PORT                                  ; --            ; --          ; --         ;
; IP_TOOL_NAME                        ; ROM: 1-PORT                                  ; --            ; --          ; --         ;
; IP_TOOL_VERSION                     ; 13.0                                         ; --            ; --          ; --         ;
; IP_TOOL_VERSION                     ; 13.0                                         ; --            ; --          ; --         ;
; IP_TOOL_VERSION                     ; 13.0                                         ; --            ; --          ; --         ;
; IP_TOOL_VERSION                     ; 13.0                                         ; --            ; --          ; --         ;
; IP_TOOL_VERSION                     ; 13.0                                         ; --            ; --          ; --         ;
; IP_TOOL_VERSION                     ; 13.0                                         ; --            ; --          ; --         ;
; IP_TOOL_VERSION                     ; 13.0                                         ; --            ; --          ; --         ;
; IP_TOOL_VERSION                     ; 13.0                                         ; --            ; --          ; --         ;
; IP_TOOL_VERSION                     ; 13.0                                         ; --            ; --          ; --         ;
; IP_TOOL_VERSION                     ; 13.0                                         ; --            ; --          ; --         ;
; MAX_CORE_JUNCTION_TEMP              ; 85                                           ; --            ; --          ; --         ;
; MIN_CORE_JUNCTION_TEMP              ; 0                                            ; --            ; --          ; --         ;
; MISC_FILE                           ; ../ROMS/6502/M6502_BASIC_ROM.cmp             ; --            ; --          ; --         ;
; MISC_FILE                           ; ../ROMS/Z80/Z80_BASIC_ROM.cmp                ; --            ; --          ; --         ;
; MISC_FILE                           ; ../Components/TERMINAL/DisplayRam1K.cmp      ; --            ; --          ; --         ;
; MISC_FILE                           ; ../Components/TERMINAL/DisplayRam2K.cmp      ; --            ; --          ; --         ;
; MISC_FILE                           ; ../Components/TERMINAL/CGABoldRomReduced.cmp ; --            ; --          ; --         ;
; MISC_FILE                           ; InternalRam1K.cmp                            ; --            ; --          ; --         ;
; MISC_FILE                           ; InternalRam2K.cmp                            ; --            ; --          ; --         ;
; MISC_FILE                           ; InternalRam4K.cmp                            ; --            ; --          ; --         ;
; MISC_FILE                           ; ../ROMS/6809/M6809_EXT_BASIC_ROM.cmp         ; --            ; --          ; --         ;
; MISC_FILE                           ; ../ROMS/Z80/Z80_CPM_BASIC_ROM.cmp            ; --            ; --          ; --         ;
; PARTITION_COLOR                     ; 16764057                                     ; --            ; --          ; Top        ;
; PARTITION_FITTER_PRESERVATION_LEVEL ; PLACEMENT_AND_ROUTING                        ; --            ; --          ; Top        ;
; PARTITION_NETLIST_TYPE              ; SOURCE                                       ; --            ; --          ; Top        ;
; POWER_BOARD_THERMAL_MODEL           ; None (CONSERVATIVE)                          ; --            ; --          ; --         ;
; POWER_PRESET_COOLING_SOLUTION       ; 23 MM HEAT SINK WITH 200 LFPM AIRFLOW        ; --            ; --          ; --         ;
; PROJECT_OUTPUT_DIRECTORY            ; output_files                                 ; --            ; --          ; --         ;
; VHDL_SHOW_LMF_MAPPING_MESSAGES      ; Off                                          ; --            ; --          ; --         ;
+-------------------------------------+----------------------------------------------+---------------+-------------+------------+


+-------------------------------------------------------------------------------------------------------------------------------+
; Flow Elapsed Time                                                                                                             ;
+---------------------------+--------------+-------------------------+---------------------+------------------------------------+
; Module Name               ; Elapsed Time ; Average Processors Used ; Peak Virtual Memory ; Total CPU Time (on all processors) ;
+---------------------------+--------------+-------------------------+---------------------+------------------------------------+
; Analysis & Synthesis      ; 00:00:41     ; 1.0                     ; 562 MB              ; 00:00:40                           ;
; Fitter                    ; 00:00:44     ; 1.0                     ; 715 MB              ; 00:00:44                           ;
; Assembler                 ; 00:00:02     ; 1.0                     ; 439 MB              ; 00:00:02                           ;
; TimeQuest Timing Analyzer ; 00:00:03     ; 1.0                     ; 462 MB              ; 00:00:03                           ;
; Total                     ; 00:01:30     ; --                      ; --                  ; 00:01:29                           ;
+---------------------------+--------------+-------------------------+---------------------+------------------------------------+


+----------------------------------------------------------------------------------------+
; Flow OS Summary                                                                        ;
+---------------------------+------------------+-----------+------------+----------------+
; Module Name               ; Machine Hostname ; OS Name   ; OS Version ; Processor type ;
+---------------------------+------------------+-----------+------------+----------------+
; Analysis & Synthesis      ; dougs17in-2      ; Windows 7 ; 6.2        ; x86_64         ;
; Fitter                    ; dougs17in-2      ; Windows 7 ; 6.2        ; x86_64         ;
; Assembler                 ; dougs17in-2      ; Windows 7 ; 6.2        ; x86_64         ;
; TimeQuest Timing Analyzer ; dougs17in-2      ; Windows 7 ; 6.2        ; x86_64         ;
+---------------------------+------------------+-----------+------------+----------------+


------------
; Flow Log ;
------------
quartus_map --read_settings_files=on --write_settings_files=off Microcomputer -c Microcomputer
quartus_fit --read_settings_files=off --write_settings_files=off Microcomputer -c Microcomputer
quartus_asm --read_settings_files=off --write_settings_files=off Microcomputer -c Microcomputer
quartus_sta Microcomputer -c Microcomputer



