Restore Archived Project report for uk101_16K
Fri Apr 26 01:39:41 2019
Quartus II 64-Bit Version 13.0.1 Build 232 06/12/2013 Service Pack 1 SJ Web Edition


---------------------
; Table of Contents ;
---------------------
  1. Legal Notice
  2. Restore Archived Project Summary
  3. Restore Archived Project Messages
  4. Files Restored
  5. Files Not Restored



----------------
; Legal Notice ;
----------------
Copyright (C) 1991-2013 Altera Corporation
Your use of Altera Corporation's design tools, logic functions 
and other software and tools, and its AMPP partner logic 
functions, and any output files from any of the foregoing 
(including device programming or simulation files), and any 
associated documentation or information are expressly subject 
to the terms and conditions of the Altera Program License 
Subscription Agreement, Altera MegaCore Function License 
Agreement, or other applicable license agreement, including, 
without limitation, that your use is for the sole purpose of 
programming logic devices manufactured by Altera and sold by 
Altera or its authorized distributors.  Please refer to the 
applicable agreement for further details.



+-------------------------------------------------------------------------+
; Restore Archived Project Summary                                        ;
+---------------------------------+---------------------------------------+
; Restore Archived Project Status ; Successful - Fri Apr 26 01:39:41 2019 ;
; Revision Name                   ; uk101_16K                             ;
; Top-level Entity Name           ; uk101_16K                             ;
; Family                          ; Cyclone IV E                          ;
+---------------------------------+---------------------------------------+


+-----------------------------------+
; Restore Archived Project Messages ;
+-----------------------------------+
Info: Successfully restored '/run/media/root/EDA_Drive/landboards_local_2/MultiComp/MultiComp_On_Cyclone IV VGA Card/UK101_16K_64x32_VGA_9thBit_copy/uk101_16K_tmp_archive.qar' into the '/run/media/root/EDA_Drive/landboards_local_2/MultiComp/MultiComp_On_Cyclone IV VGA Card/UK101_16K_64x32_VGA_9thBit/' directory
Info: Generated report 'uk101_16K.restore.rpt'


+---------------------------------------------------------------------------+
; Files Restored                                                            ;
+---------------------------------------------------------------------------+
; File Name                                                                 ;
+---------------------------------------------------------------------------+
; MultiComp (VHDL Template)/Components/CharROM/CharRom.VHD                  ;
; MultiComp (VHDL Template)/Components/DisplayRAM/DisplayRam2k.vhd          ;
; MultiComp (VHDL Template)/Components/Internal_RAM/InternalRam16K.vhd      ;
; MultiComp (VHDL Template)/Components/Internal_RAM/InternalRam1K.vhd       ;
; MultiComp (VHDL Template)/Components/Internal_RAM/InternalRam2K.vhd       ;
; MultiComp (VHDL Template)/Components/M6502/T65.vhd                        ;
; MultiComp (VHDL Template)/Components/M6502/T65_ALU.vhd                    ;
; MultiComp (VHDL Template)/Components/M6502/T65_MCode.vhd                  ;
; MultiComp (VHDL Template)/Components/M6502/T65_Pack.vhd                   ;
; MultiComp (VHDL Template)/Components/PS2KB/UK101keyboard.vhd              ;
; MultiComp (VHDL Template)/Components/PS2KB/ps2_intf.vhd                   ;
; MultiComp (VHDL Template)/Components/ROMs/OSI/BASIC.HEX                   ;
; MultiComp (VHDL Template)/Components/ROMs/OSI/BasicRom.vhd                ;
; MultiComp (VHDL Template)/Components/ROMs/OSI/CegmonRom_Patched_64x32.VHD ;
; MultiComp (VHDL Template)/Components/ROMs/OSI/MonUK02Rom.VHD              ;
; MultiComp (VHDL Template)/Components/TV/UK101TextDisplay-vga.vhd          ;
; MultiComp (VHDL Template)/Components/TV/VideoClk.vhd                      ;
; MultiComp (VHDL Template)/Components/UART/bufferedUART.vhd                ;
; MultiComp (VHDL Template)/Components/VGA/vga.vhd                          ;
; R9.vhd                                                                    ;
; R9b.vhd                                                                   ;
; incremental_db/compiled_partitions/uk101_16K.db_info                      ;
; output_files/rambit1.cmp                                                  ;
; output_files/rambit1.qip                                                  ;
; output_files/rambit1.vhd                                                  ;
; output_files/rambit2.cmp                                                  ;
; output_files/rambit2.qip                                                  ;
; output_files/rambit2.vhd                                                  ;
; output_files/rambit3.cmp                                                  ;
; output_files/rambit3.qip                                                  ;
; output_files/rambit3.vhd                                                  ;
; output_files/rambit4.cmp                                                  ;
; output_files/rambit4.qip                                                  ;
; output_files/rambit4.vhd                                                  ;
; output_files/rambit5.cmp                                                  ;
; output_files/rambit5.qip                                                  ;
; output_files/rambit5.vhd                                                  ;
; output_files/rambit6.cmp                                                  ;
; output_files/rambit6.qip                                                  ;
; output_files/rambit6.vhd                                                  ;
; output_files/rambit7.cmp                                                  ;
; output_files/rambit7.qip                                                  ;
; output_files/rambit7.vhd                                                  ;
; pll.cmp                                                                   ;
; pll.ppf                                                                   ;
; pll.qip                                                                   ;
; pll.vhd                                                                   ;
; pll_inst.vhd                                                              ;
; rambit0.cmp                                                               ;
; rambit0.qip                                                               ;
; rambit0.vhd                                                               ;
; rambit0_inst.vhd                                                          ;
; uk101_16K.qpf                                                             ;
; uk101_16K.qsf                                                             ;
; uk101_16K.vhd                                                             ;
; uk101_16K_assignment_defaults.qdf                                         ;
+---------------------------------------------------------------------------+


+--------------------+
; Files Not Restored ;
+--------------------+
; File Name          ;
+--------------------+


