Flow report for uk101
Mon Aug 09 18:03:02 2021
Quartus Prime Version 20.1.0 Build 711 06/05/2020 SJ Lite Edition


---------------------
; Table of Contents ;
---------------------
  1. Legal Notice
  2. Flow Summary
  3. Flow Settings
  4. Flow Non-Default Global Settings
  5. Flow Elapsed Time
  6. Flow OS Summary
  7. Flow Log
  8. Flow Messages
  9. Flow Suppressed Messages



----------------
; Legal Notice ;
----------------
Copyright (C) 2020  Intel Corporation. All rights reserved.
Your use of Intel Corporation's design tools, logic functions 
and other software and tools, and any partner logic 
functions, and any output files from any of the foregoing 
(including device programming or simulation files), and any 
associated documentation or information are expressly subject 
to the terms and conditions of the Intel Program License 
Subscription Agreement, the Intel Quartus Prime License Agreement,
the Intel FPGA IP License Agreement, or other applicable license
agreement, including, without limitation, that your use is for
the sole purpose of programming logic devices manufactured by
Intel and sold by Intel or its authorized distributors.  Please
refer to the applicable agreement for further details, at
https://fpgasoftware.intel.com/eula.



+-------------------------------------------------------------------------------+
; Flow Summary                                                                  ;
+---------------------------------+---------------------------------------------+
; Flow Status                     ; Successful - Mon Aug 09 18:02:41 2021       ;
; Quartus Prime Version           ; 20.1.0 Build 711 06/05/2020 SJ Lite Edition ;
; Revision Name                   ; uk101                                       ;
; Top-level Entity Name           ; uk101                                       ;
; Family                          ; Cyclone V                                   ;
; Device                          ; 5CEFA2F23C8                                 ;
; Timing Models                   ; Final                                       ;
; Logic utilization (in ALMs)     ; 1,571 / 9,430 ( 17 % )                      ;
; Total registers                 ; 1253                                        ;
; Total pins                      ; 89 / 224 ( 40 % )                           ;
; Total virtual pins              ; 0                                           ;
; Total block memory bits         ; 449,664 / 1,802,240 ( 25 % )                ;
; Total DSP Blocks                ; 0 / 25 ( 0 % )                              ;
; Total HSSI RX PCSs              ; 0                                           ;
; Total HSSI PMA RX Deserializers ; 0                                           ;
; Total HSSI TX PCSs              ; 0                                           ;
; Total HSSI PMA TX Serializers   ; 0                                           ;
; Total PLLs                      ; 1 / 4 ( 25 % )                              ;
; Total DLLs                      ; 0 / 4 ( 0 % )                               ;
+---------------------------------+---------------------------------------------+


+-----------------------------------------+
; Flow Settings                           ;
+-------------------+---------------------+
; Option            ; Setting             ;
+-------------------+---------------------+
; Start date & time ; 08/09/2021 18:00:31 ;
; Main task         ; Compilation         ;
; Revision Name     ; uk101               ;
+-------------------+---------------------+


+--------------------------------------------------------------------------------------------------------------------------------------------------------------------+
; Flow Non-Default Global Settings                                                                                                                                   ;
+-------------------------------------+-----------------------------------------------------------------------------+---------------+-------------+------------------+
; Assignment Name                     ; Value                                                                       ; Default Value ; Entity Name ; Section Id       ;
+-------------------------------------+-----------------------------------------------------------------------------+---------------+-------------+------------------+
; AUTO_SHIFT_REGISTER_RECOGNITION     ; Always                                                                      ; Auto          ; --          ; --               ;
; COMPILER_SIGNATURE_ID               ; 10995770589187.162854643012524                                              ; --            ; --          ; --               ;
; ENABLE_SIGNALTAP                    ; On                                                                          ; --            ; --          ; --               ;
; INFER_RAMS_FROM_RAW_LOGIC           ; Off                                                                         ; On            ; --          ; --               ;
; MAX_CORE_JUNCTION_TEMP              ; 85                                                                          ; --            ; --          ; --               ;
; MIN_CORE_JUNCTION_TEMP              ; 0                                                                           ; --            ; --          ; --               ;
; NUM_PARALLEL_PROCESSORS             ; 4                                                                           ; --            ; --          ; --               ;
; OUTPUT_IO_TIMING_FAR_END_VMEAS      ; Half Signal Swing                                                           ; --            ; --          ; --               ;
; OUTPUT_IO_TIMING_FAR_END_VMEAS      ; Half Signal Swing                                                           ; --            ; --          ; --               ;
; OUTPUT_IO_TIMING_NEAR_END_VMEAS     ; Half Vccio                                                                  ; --            ; --          ; --               ;
; OUTPUT_IO_TIMING_NEAR_END_VMEAS     ; Half Vccio                                                                  ; --            ; --          ; --               ;
; PARTITION_COLOR                     ; -- (Not supported for targeted family)                                      ; --            ; --          ; Top              ;
; PARTITION_FITTER_PRESERVATION_LEVEL ; -- (Not supported for targeted family)                                      ; --            ; --          ; Top              ;
; PARTITION_NETLIST_TYPE              ; -- (Not supported for targeted family)                                      ; --            ; --          ; Top              ;
; POWER_BOARD_THERMAL_MODEL           ; None (CONSERVATIVE)                                                         ; --            ; --          ; --               ;
; POWER_PRESET_COOLING_SOLUTION       ; 23 MM HEAT SINK WITH 200 LFPM AIRFLOW                                       ; --            ; --          ; --               ;
; PROJECT_OUTPUT_DIRECTORY            ; output_files                                                                ; --            ; --          ; --               ;
; SLD_FILE                            ; db/stp1_auto_stripped.stp                                                   ; --            ; --          ; --               ;
; SLD_NODE_CREATOR_ID                 ; 110                                                                         ; --            ; --          ; auto_signaltap_0 ;
; SLD_NODE_ENTITY_NAME                ; sld_signaltap                                                               ; --            ; --          ; auto_signaltap_0 ;
; SLD_NODE_PARAMETER_ASSIGNMENT       ; SLD_RAM_BLOCK_TYPE=AUTO                                                     ; --            ; --          ; auto_signaltap_0 ;
; SLD_NODE_PARAMETER_ASSIGNMENT       ; SLD_NODE_INFO=805334528                                                     ; --            ; --          ; auto_signaltap_0 ;
; SLD_NODE_PARAMETER_ASSIGNMENT       ; SLD_POWER_UP_TRIGGER=0                                                      ; --            ; --          ; auto_signaltap_0 ;
; SLD_NODE_PARAMETER_ASSIGNMENT       ; SLD_STORAGE_QUALIFIER_INVERSION_MASK_LENGTH=0                               ; --            ; --          ; auto_signaltap_0 ;
; SLD_NODE_PARAMETER_ASSIGNMENT       ; SLD_ATTRIBUTE_MEM_MODE=OFF                                                  ; --            ; --          ; auto_signaltap_0 ;
; SLD_NODE_PARAMETER_ASSIGNMENT       ; SLD_INCREMENTAL_ROUTING=1                                                   ; --            ; --          ; auto_signaltap_0 ;
; SLD_NODE_PARAMETER_ASSIGNMENT       ; SLD_TRIGGER_LEVEL=1                                                         ; --            ; --          ; auto_signaltap_0 ;
; SLD_NODE_PARAMETER_ASSIGNMENT       ; SLD_TRIGGER_IN_ENABLED=0                                                    ; --            ; --          ; auto_signaltap_0 ;
; SLD_NODE_PARAMETER_ASSIGNMENT       ; SLD_TRIGGER_PIPELINE=0                                                      ; --            ; --          ; auto_signaltap_0 ;
; SLD_NODE_PARAMETER_ASSIGNMENT       ; SLD_RAM_PIPELINE=0                                                          ; --            ; --          ; auto_signaltap_0 ;
; SLD_NODE_PARAMETER_ASSIGNMENT       ; SLD_COUNTER_PIPELINE=0                                                      ; --            ; --          ; auto_signaltap_0 ;
; SLD_NODE_PARAMETER_ASSIGNMENT       ; SLD_ADVANCED_TRIGGER_ENTITY=basic,1,                                        ; --            ; --          ; auto_signaltap_0 ;
; SLD_NODE_PARAMETER_ASSIGNMENT       ; SLD_TRIGGER_LEVEL_PIPELINE=1                                                ; --            ; --          ; auto_signaltap_0 ;
; SLD_NODE_PARAMETER_ASSIGNMENT       ; SLD_ENABLE_ADVANCED_TRIGGER=0                                               ; --            ; --          ; auto_signaltap_0 ;
; SLD_NODE_PARAMETER_ASSIGNMENT       ; SLD_STATE_FLOW_USE_GENERATED=1                                              ; --            ; --          ; auto_signaltap_0 ;
; SLD_NODE_PARAMETER_ASSIGNMENT       ; SLD_STATE_BITS=2                                                            ; --            ; --          ; auto_signaltap_0 ;
; SLD_NODE_PARAMETER_ASSIGNMENT       ; SLD_STATE_FLOW_MGR_ENTITY=sld_reserved_uk101_auto_signaltap_0_flow_mgr_c90c ; --            ; --          ; auto_signaltap_0 ;
; SLD_NODE_PARAMETER_ASSIGNMENT       ; SLD_BUFFER_FULL_STOP=0                                                      ; --            ; --          ; auto_signaltap_0 ;
; SLD_NODE_PARAMETER_ASSIGNMENT       ; SLD_CURRENT_RESOURCE_WIDTH=0                                                ; --            ; --          ; auto_signaltap_0 ;
; SLD_NODE_PARAMETER_ASSIGNMENT       ; SLD_SEGMENT_SIZE=1024                                                       ; --            ; --          ; auto_signaltap_0 ;
; SLD_NODE_PARAMETER_ASSIGNMENT       ; SLD_SAMPLE_DEPTH=1024                                                       ; --            ; --          ; auto_signaltap_0 ;
; SLD_NODE_PARAMETER_ASSIGNMENT       ; SLD_DATA_BITS=39                                                            ; --            ; --          ; auto_signaltap_0 ;
; SLD_NODE_PARAMETER_ASSIGNMENT       ; SLD_TRIGGER_BITS=5                                                          ; --            ; --          ; auto_signaltap_0 ;
; SLD_NODE_PARAMETER_ASSIGNMENT       ; SLD_STORAGE_QUALIFIER_BITS=39                                               ; --            ; --          ; auto_signaltap_0 ;
; SLD_NODE_PARAMETER_ASSIGNMENT       ; SLD_INVERSION_MASK=00000000000000000000000000000                            ; --            ; --          ; auto_signaltap_0 ;
; SLD_NODE_PARAMETER_ASSIGNMENT       ; SLD_INVERSION_MASK_LENGTH=29                                                ; --            ; --          ; auto_signaltap_0 ;
; USE_SIGNALTAP_FILE                  ; output_files/stp1.stp                                                       ; --            ; --          ; --               ;
+-------------------------------------+-----------------------------------------------------------------------------+---------------+-------------+------------------+


+--------------------------------------------------------------------------------------------------------------------------+
; Flow Elapsed Time                                                                                                        ;
+----------------------+--------------+-------------------------+---------------------+------------------------------------+
; Module Name          ; Elapsed Time ; Average Processors Used ; Peak Virtual Memory ; Total CPU Time (on all processors) ;
+----------------------+--------------+-------------------------+---------------------+------------------------------------+
; Analysis & Synthesis ; 00:00:41     ; 1.0                     ; 4969 MB             ; 00:01:23                           ;
; Fitter               ; 00:01:16     ; 1.2                     ; 6427 MB             ; 00:02:48                           ;
; Assembler            ; 00:00:07     ; 1.0                     ; 4861 MB             ; 00:00:07                           ;
; Timing Analyzer      ; 00:00:20     ; 1.6                     ; 5267 MB             ; 00:00:30                           ;
; Total                ; 00:02:24     ; --                      ; --                  ; 00:04:48                           ;
+----------------------+--------------+-------------------------+---------------------+------------------------------------+


+------------------------------------------------------------------------------------+
; Flow OS Summary                                                                    ;
+----------------------+------------------+------------+------------+----------------+
; Module Name          ; Machine Hostname ; OS Name    ; OS Version ; Processor type ;
+----------------------+------------------+------------+------------+----------------+
; Analysis & Synthesis ; DESKTOP-2UF8LNB  ; Windows 10 ; 10.0       ; x86_64         ;
; Fitter               ; DESKTOP-2UF8LNB  ; Windows 10 ; 10.0       ; x86_64         ;
; Assembler            ; DESKTOP-2UF8LNB  ; Windows 10 ; 10.0       ; x86_64         ;
; Timing Analyzer      ; DESKTOP-2UF8LNB  ; Windows 10 ; 10.0       ; x86_64         ;
+----------------------+------------------+------------+------------+----------------+


------------
; Flow Log ;
------------
quartus_map --read_settings_files=on --write_settings_files=off uk101 -c uk101
quartus_fit --read_settings_files=off --write_settings_files=off uk101 -c uk101
quartus_asm --read_settings_files=off --write_settings_files=off uk101 -c uk101
quartus_sta uk101 -c uk101



