Flow report for TS2_68000
Sun Aug 09 14:23:04 2020
Quartus Prime Version 18.1.0 Build 625 09/12/2018 SJ Lite Edition


---------------------
; Table of Contents ;
---------------------
  1. Legal Notice
  2. Flow Summary
  3. Flow Settings
  4. Flow Non-Default Global Settings
  5. Flow Elapsed Time
  6. Flow OS Summary
  7. Flow Log
  8. Flow Messages
  9. Flow Suppressed Messages



----------------
; Legal Notice ;
----------------
Copyright (C) 2018  Intel Corporation. All rights reserved.
Your use of Intel Corporation's design tools, logic functions 
and other software and tools, and its AMPP partner logic 
functions, and any output files from any of the foregoing 
(including device programming or simulation files), and any 
associated documentation or information are expressly subject 
to the terms and conditions of the Intel Program License 
Subscription Agreement, the Intel Quartus Prime License Agreement,
the Intel FPGA IP License Agreement, or other applicable license
agreement, including, without limitation, that your use is for
the sole purpose of programming logic devices manufactured by
Intel and sold by Intel or its authorized distributors.  Please
refer to the applicable agreement for further details.



+-------------------------------------------------------------------------------+
; Flow Summary                                                                  ;
+---------------------------------+---------------------------------------------+
; Flow Status                     ; Successful - Sun Aug 09 14:23:04 2020       ;
; Quartus Prime Version           ; 18.1.0 Build 625 09/12/2018 SJ Lite Edition ;
; Revision Name                   ; TS2_68000                                   ;
; Top-level Entity Name           ; TS2_68000_Top                               ;
; Family                          ; Cyclone V                                   ;
; Device                          ; 5CEFA2F23I7                                 ;
; Timing Models                   ; Final                                       ;
; Logic utilization (in ALMs)     ; 3,023 / 9,430 ( 32 % )                      ;
; Total registers                 ; 1972                                        ;
; Total pins                      ; 130 / 224 ( 58 % )                          ;
; Total virtual pins              ; 0                                           ;
; Total block memory bits         ; 344,192 / 1,802,240 ( 19 % )                ;
; Total DSP Blocks                ; 0 / 25 ( 0 % )                              ;
; Total HSSI RX PCSs              ; 0                                           ;
; Total HSSI PMA RX Deserializers ; 0                                           ;
; Total HSSI TX PCSs              ; 0                                           ;
; Total HSSI PMA TX Serializers   ; 0                                           ;
; Total PLLs                      ; 0 / 4 ( 0 % )                               ;
; Total DLLs                      ; 0 / 4 ( 0 % )                               ;
+---------------------------------+---------------------------------------------+


+-----------------------------------------+
; Flow Settings                           ;
+-------------------+---------------------+
; Option            ; Setting             ;
+-------------------+---------------------+
; Start date & time ; 08/09/2020 13:55:25 ;
; Main task         ; Compilation         ;
; Revision Name     ; TS2_68000           ;
+-------------------+---------------------+


+-------------------------------------------------------------------------------------------------------------------------------+
; Flow Non-Default Global Settings                                                                                              ;
+-------------------------------------+----------------------------------------+---------------+---------------+----------------+
; Assignment Name                     ; Value                                  ; Default Value ; Entity Name   ; Section Id     ;
+-------------------------------------+----------------------------------------+---------------+---------------+----------------+
; COMPILER_SIGNATURE_ID               ; 10995770589188.159699572420532         ; --            ; --            ; --             ;
; EDA_OUTPUT_DATA_FORMAT              ; Vhdl                                   ; --            ; --            ; eda_simulation ;
; EDA_SIMULATION_TOOL                 ; ModelSim-Altera (VHDL)                 ; <None>        ; --            ; --             ;
; EDA_TIME_SCALE                      ; 1 ps                                   ; --            ; --            ; eda_simulation ;
; ENABLE_SIGNALTAP                    ; Off                                    ; --            ; --            ; --             ;
; MAX_CORE_JUNCTION_TEMP              ; 100                                    ; --            ; --            ; --             ;
; MIN_CORE_JUNCTION_TEMP              ; -40                                    ; --            ; --            ; --             ;
; MISC_FILE                           ; Components/Monitor_68K_ROM.cmp         ; --            ; --            ; --             ;
; MISC_FILE                           ; Components/RAM_8Kx16.cmp               ; --            ; --            ; --             ;
; NUM_PARALLEL_PROCESSORS             ; All                                    ; --            ; --            ; --             ;
; OUTPUT_IO_TIMING_FAR_END_VMEAS      ; Half Signal Swing                      ; --            ; --            ; --             ;
; OUTPUT_IO_TIMING_FAR_END_VMEAS      ; Half Signal Swing                      ; --            ; --            ; --             ;
; OUTPUT_IO_TIMING_NEAR_END_VMEAS     ; Half Vccio                             ; --            ; --            ; --             ;
; OUTPUT_IO_TIMING_NEAR_END_VMEAS     ; Half Vccio                             ; --            ; --            ; --             ;
; PARTITION_COLOR                     ; -- (Not supported for targeted family) ; --            ; TS2_68000_Top ; Top            ;
; PARTITION_FITTER_PRESERVATION_LEVEL ; -- (Not supported for targeted family) ; --            ; TS2_68000_Top ; Top            ;
; PARTITION_NETLIST_TYPE              ; -- (Not supported for targeted family) ; --            ; TS2_68000_Top ; Top            ;
; POWER_BOARD_THERMAL_MODEL           ; None (CONSERVATIVE)                    ; --            ; --            ; --             ;
; POWER_PRESET_COOLING_SOLUTION       ; 23 MM HEAT SINK WITH 200 LFPM AIRFLOW  ; --            ; --            ; --             ;
; PROJECT_OUTPUT_DIRECTORY            ; output_files                           ; --            ; --            ; --             ;
; SMART_RECOMPILE                     ; On                                     ; Off           ; --            ; --             ;
; TOP_LEVEL_ENTITY                    ; TS2_68000_Top                          ; TS2_68000     ; --            ; --             ;
; USE_SIGNALTAP_FILE                  ; stp1.stp                               ; --            ; --            ; --             ;
+-------------------------------------+----------------------------------------+---------------+---------------+----------------+


+--------------------------------------------------------------------------------------------------------------------------+
; Flow Elapsed Time                                                                                                        ;
+----------------------+--------------+-------------------------+---------------------+------------------------------------+
; Module Name          ; Elapsed Time ; Average Processors Used ; Peak Virtual Memory ; Total CPU Time (on all processors) ;
+----------------------+--------------+-------------------------+---------------------+------------------------------------+
; Analysis & Synthesis ; 00:05:26     ; 1.0                     ; 4955 MB             ; 00:05:54                           ;
; Fitter               ; 00:00:07     ; 1.0                     ; 5052 MB             ; 00:00:07                           ;
; Fitter               ; 00:00:08     ; 1.0                     ; 5057 MB             ; 00:00:07                           ;
; Fitter               ; 00:02:01     ; 1.2                     ; 6479 MB             ; 00:05:13                           ;
; Assembler            ; 00:00:10     ; 1.0                     ; 4870 MB             ; 00:00:10                           ;
; Timing Analyzer      ; 00:00:24     ; 2.0                     ; 5251 MB             ; 00:00:42                           ;
; EDA Netlist Writer   ; 00:00:07     ; 1.0                     ; 4798 MB             ; 00:00:07                           ;
; Total                ; 00:08:23     ; --                      ; --                  ; 00:12:20                           ;
+----------------------+--------------+-------------------------+---------------------+------------------------------------+


+------------------------------------------------------------------------------------+
; Flow OS Summary                                                                    ;
+----------------------+------------------+------------+------------+----------------+
; Module Name          ; Machine Hostname ; OS Name    ; OS Version ; Processor type ;
+----------------------+------------------+------------+------------+----------------+
; Analysis & Synthesis ; DESKTOP-2UF8LNB  ; Windows 10 ; 10.0       ; x86_64         ;
; Fitter               ; DESKTOP-2UF8LNB  ; Windows 10 ; 10.0       ; x86_64         ;
; Fitter               ; DESKTOP-2UF8LNB  ; Windows 10 ; 10.0       ; x86_64         ;
; Fitter               ; DESKTOP-2UF8LNB  ; Windows 10 ; 10.0       ; x86_64         ;
; Assembler            ; DESKTOP-2UF8LNB  ; Windows 10 ; 10.0       ; x86_64         ;
; Timing Analyzer      ; DESKTOP-2UF8LNB  ; Windows 10 ; 10.0       ; x86_64         ;
; EDA Netlist Writer   ; DESKTOP-2UF8LNB  ; Windows 10 ; 10.0       ; x86_64         ;
+----------------------+------------------+------------+------------+----------------+


------------
; Flow Log ;
------------
quartus_map --read_settings_files=on --write_settings_files=off TS2_68000 -c TS2_68000
quartus_fit --read_settings_files=off --write_settings_files=off TS2_68000 -c TS2_68000
quartus_fit --read_settings_files=on --write_settings_files=off TS2_68000 -c TS2_68000
quartus_fit --read_settings_files=on --write_settings_files=off TS2_68000 -c TS2_68000
quartus_asm --read_settings_files=off --write_settings_files=off TS2_68000 -c TS2_68000
quartus_sta TS2_68000 -c TS2_68000
quartus_eda --read_settings_files=off --write_settings_files=off TS2_68000 -c TS2_68000



