Flow report for uk101_41kRAM
Sat Feb 08 17:12:41 2020
Quartus Prime Version 18.1.0 Build 625 09/12/2018 SJ Lite Edition


---------------------
; Table of Contents ;
---------------------
  1. Legal Notice
  2. Flow Summary
  3. Flow Settings
  4. Flow Non-Default Global Settings
  5. Flow Elapsed Time
  6. Flow OS Summary
  7. Flow Log
  8. Flow Messages
  9. Flow Suppressed Messages



----------------
; Legal Notice ;
----------------
Copyright (C) 2018  Intel Corporation. All rights reserved.
Your use of Intel Corporation's design tools, logic functions 
and other software and tools, and its AMPP partner logic 
functions, and any output files from any of the foregoing 
(including device programming or simulation files), and any 
associated documentation or information are expressly subject 
to the terms and conditions of the Intel Program License 
Subscription Agreement, the Intel Quartus Prime License Agreement,
the Intel FPGA IP License Agreement, or other applicable license
agreement, including, without limitation, that your use is for
the sole purpose of programming logic devices manufactured by
Intel and sold by Intel or its authorized distributors.  Please
refer to the applicable agreement for further details.



+----------------------------------------------------------------------------------+
; Flow Summary                                                                     ;
+------------------------------------+---------------------------------------------+
; Flow Status                        ; Successful - Sat Feb 08 17:12:28 2020       ;
; Quartus Prime Version              ; 18.1.0 Build 625 09/12/2018 SJ Lite Edition ;
; Revision Name                      ; uk101_41kRAM                                ;
; Top-level Entity Name              ; uk101                                       ;
; Family                             ; Cyclone IV E                                ;
; Device                             ; EP4CE15F23C8                                ;
; Timing Models                      ; Final                                       ;
; Total logic elements               ; 3,740 / 15,408 ( 24 % )                     ;
;     Total combinational functions  ; 3,697 / 15,408 ( 24 % )                     ;
;     Dedicated logic registers      ; 346 / 15,408 ( 2 % )                        ;
; Total registers                    ; 346                                         ;
; Total pins                         ; 89 / 344 ( 26 % )                           ;
; Total virtual pins                 ; 0                                           ;
; Total memory bits                  ; 82,176 / 516,096 ( 16 % )                   ;
; Embedded Multiplier 9-bit elements ; 0 / 112 ( 0 % )                             ;
; Total PLLs                         ; 1 / 4 ( 25 % )                              ;
+------------------------------------+---------------------------------------------+


+-----------------------------------------+
; Flow Settings                           ;
+-------------------+---------------------+
; Option            ; Setting             ;
+-------------------+---------------------+
; Start date & time ; 02/08/2020 17:10:41 ;
; Main task         ; Compilation         ;
; Revision Name     ; uk101_41kRAM        ;
+-------------------+---------------------+


+-------------------------------------------------------------------------------------------------------------------------+
; Flow Non-Default Global Settings                                                                                        ;
+-------------------------------------+----------------------------------------+---------------+-------------+------------+
; Assignment Name                     ; Value                                  ; Default Value ; Entity Name ; Section Id ;
+-------------------------------------+----------------------------------------+---------------+-------------+------------+
; COMPILER_SIGNATURE_ID               ; 10995770589188.158119984123204         ; --            ; --          ; --         ;
; MAX_CORE_JUNCTION_TEMP              ; 85                                     ; --            ; --          ; --         ;
; MIN_CORE_JUNCTION_TEMP              ; 0                                      ; --            ; --          ; --         ;
; NOMINAL_CORE_SUPPLY_VOLTAGE         ; 1.2V                                   ; --            ; --          ; --         ;
; NUM_PARALLEL_PROCESSORS             ; 4                                      ; --            ; --          ; --         ;
; PARTITION_COLOR                     ; -- (Not supported for targeted family) ; --            ; uk101       ; Top        ;
; PARTITION_FITTER_PRESERVATION_LEVEL ; -- (Not supported for targeted family) ; --            ; uk101       ; Top        ;
; PARTITION_NETLIST_TYPE              ; -- (Not supported for targeted family) ; --            ; uk101       ; Top        ;
; POWER_BOARD_THERMAL_MODEL           ; None (CONSERVATIVE)                    ; --            ; --          ; --         ;
; POWER_PRESET_COOLING_SOLUTION       ; 23 MM HEAT SINK WITH 200 LFPM AIRFLOW  ; --            ; --          ; --         ;
; PROJECT_OUTPUT_DIRECTORY            ; output_files                           ; --            ; --          ; --         ;
; SMART_RECOMPILE                     ; On                                     ; Off           ; --          ; --         ;
; TOP_LEVEL_ENTITY                    ; uk101                                  ; uk101_41kRAM  ; --          ; --         ;
+-------------------------------------+----------------------------------------+---------------+-------------+------------+


+--------------------------------------------------------------------------------------------------------------------------+
; Flow Elapsed Time                                                                                                        ;
+----------------------+--------------+-------------------------+---------------------+------------------------------------+
; Module Name          ; Elapsed Time ; Average Processors Used ; Peak Virtual Memory ; Total CPU Time (on all processors) ;
+----------------------+--------------+-------------------------+---------------------+------------------------------------+
; Analysis & Synthesis ; 00:01:01     ; 1.0                     ; 4833 MB             ; 00:01:16                           ;
; Fitter               ; 00:00:40     ; 1.1                     ; 5641 MB             ; 00:00:51                           ;
; Assembler            ; 00:00:02     ; 1.0                     ; 4691 MB             ; 00:00:02                           ;
; Timing Analyzer      ; 00:00:12     ; 2.6                     ; 4851 MB             ; 00:00:14                           ;
; Total                ; 00:01:55     ; --                      ; --                  ; 00:02:23                           ;
+----------------------+--------------+-------------------------+---------------------+------------------------------------+


+------------------------------------------------------------------------------------+
; Flow OS Summary                                                                    ;
+----------------------+------------------+------------+------------+----------------+
; Module Name          ; Machine Hostname ; OS Name    ; OS Version ; Processor type ;
+----------------------+------------------+------------+------------+----------------+
; Analysis & Synthesis ; DESKTOP-2UF8LNB  ; Windows 10 ; 10.0       ; x86_64         ;
; Fitter               ; DESKTOP-2UF8LNB  ; Windows 10 ; 10.0       ; x86_64         ;
; Assembler            ; DESKTOP-2UF8LNB  ; Windows 10 ; 10.0       ; x86_64         ;
; Timing Analyzer      ; DESKTOP-2UF8LNB  ; Windows 10 ; 10.0       ; x86_64         ;
+----------------------+------------------+------------+------------+----------------+


------------
; Flow Log ;
------------
quartus_map --read_settings_files=on --write_settings_files=off uk101_41kRAM -c uk101_41kRAM
quartus_fit --read_settings_files=off --write_settings_files=off uk101_41kRAM -c uk101_41kRAM
quartus_asm --read_settings_files=off --write_settings_files=off uk101_41kRAM -c uk101_41kRAM
quartus_sta uk101_41kRAM -c uk101_41kRAM



