Analysis & Elaboration report for Microcomputer
Thu Jan 12 10:51:14 2017
Quartus II 64-Bit Version 13.0.1 Build 232 06/12/2013 Service Pack 1 SJ Web Edition


---------------------
; Table of Contents ;
---------------------
  1. Legal Notice
  2. Analysis & Elaboration Summary
  3. Parallel Compilation
  4. Analysis & Elaboration Settings
  5. Analysis & Elaboration Messages



----------------
; Legal Notice ;
----------------
Copyright (C) 1991-2013 Altera Corporation
Your use of Altera Corporation's design tools, logic functions 
and other software and tools, and its AMPP partner logic 
functions, and any output files from any of the foregoing 
(including device programming or simulation files), and any 
associated documentation or information are expressly subject 
to the terms and conditions of the Altera Program License 
Subscription Agreement, Altera MegaCore Function License 
Agreement, or other applicable license agreement, including, 
without limitation, that your use is for the sole purpose of 
programming logic devices manufactured by Altera and sold by 
Altera or its authorized distributors.  Please refer to the 
applicable agreement for further details.



+--------------------------------------------------------------------------------------+
; Analysis & Elaboration Summary                                                       ;
+------------------------------------+-------------------------------------------------+
; Analysis & Elaboration Status      ; Successful - Thu Jan 12 10:51:14 2017           ;
; Quartus II 64-Bit Version          ; 13.0.1 Build 232 06/12/2013 SP 1 SJ Web Edition ;
; Revision Name                      ; Microcomputer                                   ;
; Top-level Entity Name              ; Microcomputer                                   ;
; Family                             ; Cyclone II                                      ;
; Total logic elements               ; N/A until Partition Merge                       ;
;     Total combinational functions  ; N/A until Partition Merge                       ;
;     Dedicated logic registers      ; N/A until Partition Merge                       ;
; Total registers                    ; N/A until Partition Merge                       ;
; Total pins                         ; N/A until Partition Merge                       ;
; Total virtual pins                 ; N/A until Partition Merge                       ;
; Total memory bits                  ; N/A until Partition Merge                       ;
; Embedded Multiplier 9-bit elements ; N/A until Partition Merge                       ;
; Total PLLs                         ; N/A until Partition Merge                       ;
+------------------------------------+-------------------------------------------------+


Parallel compilation was disabled, but you have multiple processors available. Enable parallel compilation to reduce compilation time.
+-------------------------------------+
; Parallel Compilation                ;
+----------------------------+--------+
; Processors                 ; Number ;
+----------------------------+--------+
; Number detected on machine ; 4      ;
; Maximum allowed            ; 1      ;
+----------------------------+--------+


+----------------------------------------------------------------------------------------------------------------------+
; Analysis & Elaboration Settings                                                                                      ;
+----------------------------------------------------------------------------+--------------------+--------------------+
; Option                                                                     ; Setting            ; Default Value      ;
+----------------------------------------------------------------------------+--------------------+--------------------+
; Device                                                                     ; EP2C5T144C8        ;                    ;
; Top-level entity name                                                      ; Microcomputer      ; Microcomputer      ;
; Family name                                                                ; Cyclone II         ; Cyclone IV GX      ;
; VHDL Show LMF Mapping Messages                                             ; Off                ;                    ;
; Use smart compilation                                                      ; Off                ; Off                ;
; Enable parallel Assembler and TimeQuest Timing Analyzer during compilation ; On                 ; On                 ;
; Enable compact report table                                                ; Off                ; Off                ;
; Restructure Multiplexers                                                   ; Auto               ; Auto               ;
; Create Debugging Nodes for IP Cores                                        ; Off                ; Off                ;
; Preserve fewer node names                                                  ; On                 ; On                 ;
; Disable OpenCore Plus hardware evaluation                                  ; Off                ; Off                ;
; Verilog Version                                                            ; Verilog_2001       ; Verilog_2001       ;
; VHDL Version                                                               ; VHDL_1993          ; VHDL_1993          ;
; State Machine Processing                                                   ; Auto               ; Auto               ;
; Safe State Machine                                                         ; Off                ; Off                ;
; Extract Verilog State Machines                                             ; On                 ; On                 ;
; Extract VHDL State Machines                                                ; On                 ; On                 ;
; Ignore Verilog initial constructs                                          ; Off                ; Off                ;
; Iteration limit for constant Verilog loops                                 ; 5000               ; 5000               ;
; Iteration limit for non-constant Verilog loops                             ; 250                ; 250                ;
; Add Pass-Through Logic to Inferred RAMs                                    ; On                 ; On                 ;
; Infer RAMs from Raw Logic                                                  ; On                 ; On                 ;
; Parallel Synthesis                                                         ; On                 ; On                 ;
; DSP Block Balancing                                                        ; Auto               ; Auto               ;
; NOT Gate Push-Back                                                         ; On                 ; On                 ;
; Power-Up Don't Care                                                        ; On                 ; On                 ;
; Remove Redundant Logic Cells                                               ; Off                ; Off                ;
; Remove Duplicate Registers                                                 ; On                 ; On                 ;
; Ignore CARRY Buffers                                                       ; Off                ; Off                ;
; Ignore CASCADE Buffers                                                     ; Off                ; Off                ;
; Ignore GLOBAL Buffers                                                      ; Off                ; Off                ;
; Ignore ROW GLOBAL Buffers                                                  ; Off                ; Off                ;
; Ignore LCELL Buffers                                                       ; Off                ; Off                ;
; Ignore SOFT Buffers                                                        ; On                 ; On                 ;
; Limit AHDL Integers to 32 Bits                                             ; Off                ; Off                ;
; Optimization Technique                                                     ; Balanced           ; Balanced           ;
; Carry Chain Length                                                         ; 70                 ; 70                 ;
; Auto Carry Chains                                                          ; On                 ; On                 ;
; Auto Open-Drain Pins                                                       ; On                 ; On                 ;
; Perform WYSIWYG Primitive Resynthesis                                      ; Off                ; Off                ;
; Auto ROM Replacement                                                       ; On                 ; On                 ;
; Auto RAM Replacement                                                       ; On                 ; On                 ;
; Auto Shift Register Replacement                                            ; Auto               ; Auto               ;
; Allow Shift Register Merging across Hierarchies                            ; Auto               ; Auto               ;
; Auto Clock Enable Replacement                                              ; On                 ; On                 ;
; Strict RAM Replacement                                                     ; Off                ; Off                ;
; Allow Synchronous Control Signals                                          ; On                 ; On                 ;
; Force Use of Synchronous Clear Signals                                     ; Off                ; Off                ;
; Auto RAM to Logic Cell Conversion                                          ; Off                ; Off                ;
; Auto Resource Sharing                                                      ; Off                ; Off                ;
; Allow Any RAM Size For Recognition                                         ; Off                ; Off                ;
; Allow Any ROM Size For Recognition                                         ; Off                ; Off                ;
; Allow Any Shift Register Size For Recognition                              ; Off                ; Off                ;
; Use LogicLock Constraints during Resource Balancing                        ; On                 ; On                 ;
; Ignore translate_off and synthesis_off directives                          ; Off                ; Off                ;
; Timing-Driven Synthesis                                                    ; Off                ; Off                ;
; Report Parameter Settings                                                  ; On                 ; On                 ;
; Report Source Assignments                                                  ; On                 ; On                 ;
; Report Connectivity Checks                                                 ; On                 ; On                 ;
; Ignore Maximum Fan-Out Assignments                                         ; Off                ; Off                ;
; Synchronization Register Chain Length                                      ; 2                  ; 2                  ;
; PowerPlay Power Optimization                                               ; Normal compilation ; Normal compilation ;
; HDL message level                                                          ; Level2             ; Level2             ;
; Suppress Register Optimization Related Messages                            ; Off                ; Off                ;
; Number of Removed Registers Reported in Synthesis Report                   ; 5000               ; 5000               ;
; Number of Swept Nodes Reported in Synthesis Report                         ; 5000               ; 5000               ;
; Number of Inverted Registers Reported in Synthesis Report                  ; 100                ; 100                ;
; Clock MUX Protection                                                       ; On                 ; On                 ;
; Auto Gated Clock Conversion                                                ; Off                ; Off                ;
; Block Design Naming                                                        ; Auto               ; Auto               ;
; SDC constraint protection                                                  ; Off                ; Off                ;
; Synthesis Effort                                                           ; Auto               ; Auto               ;
; Shift Register Replacement - Allow Asynchronous Clear Signal               ; On                 ; On                 ;
; Pre-Mapping Resynthesis Optimization                                       ; Off                ; Off                ;
; Analysis & Synthesis Message Level                                         ; Medium             ; Medium             ;
; Disable Register Merging Across Hierarchies                                ; Auto               ; Auto               ;
; Resource Aware Inference For Block RAM                                     ; On                 ; On                 ;
; Synthesis Seed                                                             ; 1                  ; 1                  ;
+----------------------------------------------------------------------------+--------------------+--------------------+


+---------------------------------+
; Analysis & Elaboration Messages ;
+---------------------------------+
Warning (20028): Parallel compilation is not licensed and has been disabled
Info (12021): Found 2 design units, including 1 entities, in source file /users/dgilliland/documents/github/multi-computer/multicomputer (vhdl template)/components/m6809/cpu09l.vhd
    Info (12022): Found design unit 1: cpu09-rtl
    Info (12023): Found entity 1: cpu09
Info (12021): Found 2 design units, including 1 entities, in source file /users/dgilliland/documents/github/multi-computer/multicomputer (vhdl template)/components/terminal/sbctextdisplayrgb.vhd
    Info (12022): Found design unit 1: SBCTextDisplayRGB-rtl
    Info (12023): Found entity 1: SBCTextDisplayRGB
Info (12021): Found 2 design units, including 1 entities, in source file /users/dgilliland/documents/github/multi-computer/multicomputer (vhdl template)/components/m6800/cpu68.vhd
    Info (12022): Found design unit 1: cpu68-CPU_ARCH
    Info (12023): Found entity 1: cpu68
Info (12021): Found 2 design units, including 1 entities, in source file /users/dgilliland/documents/github/multi-computer/multicomputer (vhdl template)/components/z80/t80s.vhd
    Info (12022): Found design unit 1: T80s-rtl
    Info (12023): Found entity 1: T80s
Info (12021): Found 2 design units, including 1 entities, in source file /users/dgilliland/documents/github/multi-computer/multicomputer (vhdl template)/components/z80/t80_reg.vhd
    Info (12022): Found design unit 1: T80_Reg-rtl
    Info (12023): Found entity 1: T80_Reg
Info (12021): Found 1 design units, including 0 entities, in source file /users/dgilliland/documents/github/multi-computer/multicomputer (vhdl template)/components/z80/t80_pack.vhd
    Info (12022): Found design unit 1: T80_Pack
Info (12021): Found 2 design units, including 1 entities, in source file /users/dgilliland/documents/github/multi-computer/multicomputer (vhdl template)/components/z80/t80_mcode.vhd
    Info (12022): Found design unit 1: T80_MCode-rtl
    Info (12023): Found entity 1: T80_MCode
Info (12021): Found 2 design units, including 1 entities, in source file /users/dgilliland/documents/github/multi-computer/multicomputer (vhdl template)/components/z80/t80_alu.vhd
    Info (12022): Found design unit 1: T80_ALU-rtl
    Info (12023): Found entity 1: T80_ALU
Info (12021): Found 2 design units, including 1 entities, in source file /users/dgilliland/documents/github/multi-computer/multicomputer (vhdl template)/components/z80/t80.vhd
    Info (12022): Found design unit 1: T80-rtl
    Info (12023): Found entity 1: T80
Info (12021): Found 2 design units, including 1 entities, in source file /users/dgilliland/documents/github/multi-computer/multicomputer (vhdl template)/components/terminal/cgaboldrom.vhd
    Info (12022): Found design unit 1: cgaboldrom-SYN
    Info (12023): Found entity 1: CGABoldRom
Info (12021): Found 2 design units, including 1 entities, in source file /users/dgilliland/documents/github/multi-computer/multicomputer (vhdl template)/components/uart/buffereduart.vhd
    Info (12022): Found design unit 1: bufferedUART-rtl
    Info (12023): Found entity 1: bufferedUART
Info (12021): Found 1 design units, including 0 entities, in source file /users/dgilliland/documents/github/multi-computer/multicomputer (vhdl template)/components/m6502/t65_pack.vhd
    Info (12022): Found design unit 1: T65_Pack
Info (12021): Found 2 design units, including 1 entities, in source file /users/dgilliland/documents/github/multi-computer/multicomputer (vhdl template)/components/m6502/t65_mcode.vhd
    Info (12022): Found design unit 1: T65_MCode-rtl
    Info (12023): Found entity 1: T65_MCode
Info (12021): Found 2 design units, including 1 entities, in source file /users/dgilliland/documents/github/multi-computer/multicomputer (vhdl template)/components/m6502/t65_alu.vhd
    Info (12022): Found design unit 1: T65_ALU-rtl
    Info (12023): Found entity 1: T65_ALU
Info (12021): Found 2 design units, including 1 entities, in source file /users/dgilliland/documents/github/multi-computer/multicomputer (vhdl template)/components/m6502/t65.vhd
    Info (12022): Found design unit 1: T65-rtl
    Info (12023): Found entity 1: T65
Info (12021): Found 2 design units, including 1 entities, in source file microcomputer.vhd
    Info (12022): Found design unit 1: Microcomputer-struct
    Info (12023): Found entity 1: Microcomputer
Info (12021): Found 2 design units, including 1 entities, in source file /users/dgilliland/documents/github/multi-computer/multicomputer (vhdl template)/components/sdcard/sd_controller.vhd
    Info (12022): Found design unit 1: sd_controller-rtl
    Info (12023): Found entity 1: sd_controller
Info (12021): Found 2 design units, including 1 entities, in source file /users/dgilliland/documents/github/multi-computer/multicomputer (vhdl template)/roms/6502/m6502_basic_rom.vhd
    Info (12022): Found design unit 1: m6502_basic_rom-SYN
    Info (12023): Found entity 1: M6502_BASIC_ROM
Info (12021): Found 2 design units, including 1 entities, in source file /users/dgilliland/documents/github/multi-computer/multicomputer (vhdl template)/roms/z80/z80_basic_rom.vhd
    Info (12022): Found design unit 1: z80_basic_rom-SYN
    Info (12023): Found entity 1: Z80_BASIC_ROM
Info (12021): Found 2 design units, including 1 entities, in source file /users/dgilliland/documents/github/multi-computer/multicomputer (vhdl template)/components/terminal/displayram1k.vhd
    Info (12022): Found design unit 1: displayram1k-SYN
    Info (12023): Found entity 1: DisplayRam1K
Info (12021): Found 2 design units, including 1 entities, in source file /users/dgilliland/documents/github/multi-computer/multicomputer (vhdl template)/components/terminal/displayram2k.vhd
    Info (12022): Found design unit 1: displayram2k-SYN
    Info (12023): Found entity 1: DisplayRam2K
Info (12021): Found 2 design units, including 1 entities, in source file /users/dgilliland/documents/github/multi-computer/multicomputer (vhdl template)/components/terminal/cgaboldromreduced.vhd
    Info (12022): Found design unit 1: cgaboldromreduced-SYN
    Info (12023): Found entity 1: CGABoldRomReduced
Info (12021): Found 2 design units, including 1 entities, in source file internalram1k.vhd
    Info (12022): Found design unit 1: internalram1k-SYN
    Info (12023): Found entity 1: InternalRam1K
Info (12021): Found 2 design units, including 1 entities, in source file internalram2k.vhd
    Info (12022): Found design unit 1: internalram2k-SYN
    Info (12023): Found entity 1: InternalRam2K
Info (12021): Found 2 design units, including 1 entities, in source file internalram4k.vhd
    Info (12022): Found design unit 1: internalram4k-SYN
    Info (12023): Found entity 1: InternalRam4K
Info (12021): Found 2 design units, including 1 entities, in source file /users/dgilliland/documents/github/multi-computer/multicomputer (vhdl template)/roms/6809/m6809_ext_basic_rom.vhd
    Info (12022): Found design unit 1: m6809_ext_basic_rom-SYN
    Info (12023): Found entity 1: M6809_EXT_BASIC_ROM
Info (12021): Found 2 design units, including 1 entities, in source file /users/dgilliland/documents/github/multi-computer/multicomputer (vhdl template)/roms/z80/z80_cpm_basic_rom.vhd
    Info (12022): Found design unit 1: z80_cpm_basic_rom-SYN
    Info (12023): Found entity 1: Z80_CPM_BASIC_ROM
Info (12127): Elaborating entity "Microcomputer" for the top level hierarchy
Warning (10541): VHDL Signal Declaration warning at Microcomputer.vhd(27): used implicit default value for signal "sramAddress" because signal was never assigned a value or an explicit default value. Use of implicit default value may introduce unintended design optimizations.
Warning (10541): VHDL Signal Declaration warning at Microcomputer.vhd(28): used implicit default value for signal "n_sRamWE" because signal was never assigned a value or an explicit default value. Use of implicit default value may introduce unintended design optimizations.
Warning (10541): VHDL Signal Declaration warning at Microcomputer.vhd(29): used implicit default value for signal "n_sRamCS" because signal was never assigned a value or an explicit default value. Use of implicit default value may introduce unintended design optimizations.
Warning (10541): VHDL Signal Declaration warning at Microcomputer.vhd(30): used implicit default value for signal "n_sRamOE" because signal was never assigned a value or an explicit default value. Use of implicit default value may introduce unintended design optimizations.
Warning (10541): VHDL Signal Declaration warning at Microcomputer.vhd(33): used implicit default value for signal "txd1" because signal was never assigned a value or an explicit default value. Use of implicit default value may introduce unintended design optimizations.
Warning (10541): VHDL Signal Declaration warning at Microcomputer.vhd(34): used implicit default value for signal "rts1" because signal was never assigned a value or an explicit default value. Use of implicit default value may introduce unintended design optimizations.
Warning (10541): VHDL Signal Declaration warning at Microcomputer.vhd(37): used implicit default value for signal "txd2" because signal was never assigned a value or an explicit default value. Use of implicit default value may introduce unintended design optimizations.
Warning (10541): VHDL Signal Declaration warning at Microcomputer.vhd(38): used implicit default value for signal "rts2" because signal was never assigned a value or an explicit default value. Use of implicit default value may introduce unintended design optimizations.
Warning (10541): VHDL Signal Declaration warning at Microcomputer.vhd(40): used implicit default value for signal "videoSync" because signal was never assigned a value or an explicit default value. Use of implicit default value may introduce unintended design optimizations.
Warning (10541): VHDL Signal Declaration warning at Microcomputer.vhd(41): used implicit default value for signal "video" because signal was never assigned a value or an explicit default value. Use of implicit default value may introduce unintended design optimizations.
Warning (10541): VHDL Signal Declaration warning at Microcomputer.vhd(43): used implicit default value for signal "videoR0" because signal was never assigned a value or an explicit default value. Use of implicit default value may introduce unintended design optimizations.
Warning (10541): VHDL Signal Declaration warning at Microcomputer.vhd(44): used implicit default value for signal "videoG0" because signal was never assigned a value or an explicit default value. Use of implicit default value may introduce unintended design optimizations.
Warning (10541): VHDL Signal Declaration warning at Microcomputer.vhd(45): used implicit default value for signal "videoB0" because signal was never assigned a value or an explicit default value. Use of implicit default value may introduce unintended design optimizations.
Warning (10541): VHDL Signal Declaration warning at Microcomputer.vhd(46): used implicit default value for signal "videoR1" because signal was never assigned a value or an explicit default value. Use of implicit default value may introduce unintended design optimizations.
Warning (10541): VHDL Signal Declaration warning at Microcomputer.vhd(47): used implicit default value for signal "videoG1" because signal was never assigned a value or an explicit default value. Use of implicit default value may introduce unintended design optimizations.
Warning (10541): VHDL Signal Declaration warning at Microcomputer.vhd(48): used implicit default value for signal "videoB1" because signal was never assigned a value or an explicit default value. Use of implicit default value may introduce unintended design optimizations.
Warning (10541): VHDL Signal Declaration warning at Microcomputer.vhd(49): used implicit default value for signal "hSync" because signal was never assigned a value or an explicit default value. Use of implicit default value may introduce unintended design optimizations.
Warning (10541): VHDL Signal Declaration warning at Microcomputer.vhd(50): used implicit default value for signal "vSync" because signal was never assigned a value or an explicit default value. Use of implicit default value may introduce unintended design optimizations.
Warning (10541): VHDL Signal Declaration warning at Microcomputer.vhd(55): used implicit default value for signal "sdCS" because signal was never assigned a value or an explicit default value. Use of implicit default value may introduce unintended design optimizations.
Warning (10541): VHDL Signal Declaration warning at Microcomputer.vhd(56): used implicit default value for signal "sdMOSI" because signal was never assigned a value or an explicit default value. Use of implicit default value may introduce unintended design optimizations.
Warning (10541): VHDL Signal Declaration warning at Microcomputer.vhd(58): used implicit default value for signal "sdSCLK" because signal was never assigned a value or an explicit default value. Use of implicit default value may introduce unintended design optimizations.
Warning (10540): VHDL Signal Declaration warning at Microcomputer.vhd(59): used explicit default value for signal "driveLED" because signal was never assigned a value


