Flow report for M6502_VGA
Sat Apr 20 19:19:09 2019
Quartus Prime Version 18.1.0 Build 625 09/12/2018 SJ Lite Edition


---------------------
; Table of Contents ;
---------------------
  1. Legal Notice
  2. Flow Summary
  3. Flow Settings
  4. Flow Non-Default Global Settings
  5. Flow Elapsed Time
  6. Flow OS Summary
  7. Flow Log
  8. Flow Messages
  9. Flow Suppressed Messages



----------------
; Legal Notice ;
----------------
Copyright (C) 2018  Intel Corporation. All rights reserved.
Your use of Intel Corporation's design tools, logic functions 
and other software and tools, and its AMPP partner logic 
functions, and any output files from any of the foregoing 
(including device programming or simulation files), and any 
associated documentation or information are expressly subject 
to the terms and conditions of the Intel Program License 
Subscription Agreement, the Intel Quartus Prime License Agreement,
the Intel FPGA IP License Agreement, or other applicable license
agreement, including, without limitation, that your use is for
the sole purpose of programming logic devices manufactured by
Intel and sold by Intel or its authorized distributors.  Please
refer to the applicable agreement for further details.



+----------------------------------------------------------------------------------+
; Flow Summary                                                                     ;
+------------------------------------+---------------------------------------------+
; Flow Status                        ; Successful - Sat Apr 20 19:18:56 2019       ;
; Quartus Prime Version              ; 18.1.0 Build 625 09/12/2018 SJ Lite Edition ;
; Revision Name                      ; M6502_VGA                                   ;
; Top-level Entity Name              ; Z80_VGA                                     ;
; Family                             ; Cyclone IV E                                ;
; Total logic elements               ; 3,731 / 6,272 ( 59 % )                      ;
;     Total combinational functions  ; 3,588 / 6,272 ( 57 % )                      ;
;     Dedicated logic registers      ; 857 / 6,272 ( 14 % )                        ;
; Total registers                    ; 857                                         ;
; Total pins                         ; 33 / 92 ( 36 % )                            ;
; Total virtual pins                 ; 0                                           ;
; Total memory bits                  ; 237,696 / 276,480 ( 86 % )                  ;
; Embedded Multiplier 9-bit elements ; 0 / 30 ( 0 % )                              ;
; Total PLLs                         ; 0 / 2 ( 0 % )                               ;
; Device                             ; EP4CE6E22C6                                 ;
; Timing Models                      ; Final                                       ;
+------------------------------------+---------------------------------------------+


+-----------------------------------------+
; Flow Settings                           ;
+-------------------+---------------------+
; Option            ; Setting             ;
+-------------------+---------------------+
; Start date & time ; 04/20/2019 19:16:03 ;
; Main task         ; Compilation         ;
; Revision Name     ; M6502_VGA           ;
+-------------------+---------------------+


+--------------------------------------------------------------------------------------------------------------------------------------------------------+
; Flow Non-Default Global Settings                                                                                                                       ;
+-------------------------------------+-----------------------------------------------------------------------+---------------+-------------+------------+
; Assignment Name                     ; Value                                                                 ; Default Value ; Entity Name ; Section Id ;
+-------------------------------------+-----------------------------------------------------------------------+---------------+-------------+------------+
; COMPILER_SIGNATURE_ID               ; 264216224721306.155580216305076                                       ; --            ; --          ; --         ;
; MISC_FILE                           ; ../../MultiComp (VHDL Template)/Components/ROMs/Z80/Z80_BASIC_ROM.cmp ; --            ; --          ; --         ;
; PARTITION_COLOR                     ; -- (Not supported for targeted family)                                ; --            ; Z80_VGA     ; Top        ;
; PARTITION_FITTER_PRESERVATION_LEVEL ; -- (Not supported for targeted family)                                ; --            ; Z80_VGA     ; Top        ;
; PARTITION_NETLIST_TYPE              ; -- (Not supported for targeted family)                                ; --            ; Z80_VGA     ; Top        ;
; TOP_LEVEL_ENTITY                    ; Z80_VGA                                                               ; M6502_VGA     ; --          ; --         ;
+-------------------------------------+-----------------------------------------------------------------------+---------------+-------------+------------+


+--------------------------------------------------------------------------------------------------------------------------+
; Flow Elapsed Time                                                                                                        ;
+----------------------+--------------+-------------------------+---------------------+------------------------------------+
; Module Name          ; Elapsed Time ; Average Processors Used ; Peak Virtual Memory ; Total CPU Time (on all processors) ;
+----------------------+--------------+-------------------------+---------------------+------------------------------------+
; Analysis & Synthesis ; 00:01:16     ; 1.0                     ; 702 MB              ; 00:00:58                           ;
; Fitter               ; 00:01:26     ; 1.0                     ; 1188 MB             ; 00:01:04                           ;
; Assembler            ; 00:00:04     ; 1.0                     ; 540 MB              ; 00:00:02                           ;
; Timing Analyzer      ; 00:00:10     ; 1.1                     ; 631 MB              ; 00:00:06                           ;
; Total                ; 00:02:56     ; --                      ; --                  ; 00:02:10                           ;
+----------------------+--------------+-------------------------+---------------------+------------------------------------+


+-----------------------------------------------------------------------------------+
; Flow OS Summary                                                                   ;
+----------------------+------------------+-----------+------------+----------------+
; Module Name          ; Machine Hostname ; OS Name   ; OS Version ; Processor type ;
+----------------------+------------------+-----------+------------+----------------+
; Analysis & Synthesis ; DougsDell-PC     ; Windows 7 ; 6.1        ; x86_64         ;
; Fitter               ; DougsDell-PC     ; Windows 7 ; 6.1        ; x86_64         ;
; Assembler            ; DougsDell-PC     ; Windows 7 ; 6.1        ; x86_64         ;
; Timing Analyzer      ; DougsDell-PC     ; Windows 7 ; 6.1        ; x86_64         ;
+----------------------+------------------+-----------+------------+----------------+


------------
; Flow Log ;
------------
quartus_map --read_settings_files=on --write_settings_files=off Z80_VGA -c M6502_VGA
quartus_fit --read_settings_files=off --write_settings_files=off Z80_VGA -c M6502_VGA
quartus_asm --read_settings_files=off --write_settings_files=off Z80_VGA -c M6502_VGA
quartus_sta Z80_VGA -c M6502_VGA



