Assembler report for MicrocomputerPCB
Wed Feb  9 12:55:43 2022
Quartus Prime Version 21.1.0 Build 842 10/21/2021 SJ Lite Edition


---------------------
; Table of Contents ;
---------------------
  1. Legal Notice
  2. Assembler Summary
  3. Assembler Settings
  4. Assembler Generated Files
  5. Assembler Device Options: C:/Users/HPz420/Documents/GitHub/Doug Gilliland/MultiComp/MultiComp_On_RETRO-EP4CE15/MultiComp_6809_by_Neal_C-2019-04-08/MicrocomputerPCB/output_files/MicrocomputerPCB.sof
  6. Assembler Device Options: C:/Users/HPz420/Documents/GitHub/Doug Gilliland/MultiComp/MultiComp_On_RETRO-EP4CE15/MultiComp_6809_by_Neal_C-2019-04-08/MicrocomputerPCB/output_files/MicrocomputerPCB.pof
  7. Assembler Messages



----------------
; Legal Notice ;
----------------
Copyright (C) 2021  Intel Corporation. All rights reserved.
Your use of Intel Corporation's design tools, logic functions 
and other software and tools, and any partner logic 
functions, and any output files from any of the foregoing 
(including device programming or simulation files), and any 
associated documentation or information are expressly subject 
to the terms and conditions of the Intel Program License 
Subscription Agreement, the Intel Quartus Prime License Agreement,
the Intel FPGA IP License Agreement, or other applicable license
agreement, including, without limitation, that your use is for
the sole purpose of programming logic devices manufactured by
Intel and sold by Intel or its authorized distributors.  Please
refer to the applicable agreement for further details, at
https://fpgasoftware.intel.com/eula.



+---------------------------------------------------------------+
; Assembler Summary                                             ;
+-----------------------+---------------------------------------+
; Assembler Status      ; Successful - Wed Feb  9 12:55:43 2022 ;
; Revision Name         ; MicrocomputerPCB                      ;
; Top-level Entity Name ; Microcomputer                         ;
; Family                ; Cyclone IV E                          ;
; Device                ; EP4CE15F23C8                          ;
+-----------------------+---------------------------------------+


+----------------------------------+
; Assembler Settings               ;
+--------+---------+---------------+
; Option ; Setting ; Default Value ;
+--------+---------+---------------+


+-----------------------------------------------------------------------------------------------------------------------------------------------------------------------------+
; Assembler Generated Files                                                                                                                                                   ;
+-----------------------------------------------------------------------------------------------------------------------------------------------------------------------------+
; File Name                                                                                                                                                                   ;
+-----------------------------------------------------------------------------------------------------------------------------------------------------------------------------+
; C:/Users/HPz420/Documents/GitHub/Doug Gilliland/MultiComp/MultiComp_On_RETRO-EP4CE15/MultiComp_6809_by_Neal_C-2019-04-08/MicrocomputerPCB/output_files/MicrocomputerPCB.sof ;
; C:/Users/HPz420/Documents/GitHub/Doug Gilliland/MultiComp/MultiComp_On_RETRO-EP4CE15/MultiComp_6809_by_Neal_C-2019-04-08/MicrocomputerPCB/output_files/MicrocomputerPCB.pof ;
+-----------------------------------------------------------------------------------------------------------------------------------------------------------------------------+


+-------------------------------------------------------------------------------------------------------------------------------------------------------------------------------------------------------+
; Assembler Device Options: C:/Users/HPz420/Documents/GitHub/Doug Gilliland/MultiComp/MultiComp_On_RETRO-EP4CE15/MultiComp_6809_by_Neal_C-2019-04-08/MicrocomputerPCB/output_files/MicrocomputerPCB.sof ;
+----------------+--------------------------------------------------------------------------------------------------------------------------------------------------------------------------------------+
; Option         ; Setting                                                                                                                                                                              ;
+----------------+--------------------------------------------------------------------------------------------------------------------------------------------------------------------------------------+
; JTAG usercode  ; 0x0046D05B                                                                                                                                                                           ;
; Checksum       ; 0x0046D05B                                                                                                                                                                           ;
+----------------+--------------------------------------------------------------------------------------------------------------------------------------------------------------------------------------+


+-------------------------------------------------------------------------------------------------------------------------------------------------------------------------------------------------------+
; Assembler Device Options: C:/Users/HPz420/Documents/GitHub/Doug Gilliland/MultiComp/MultiComp_On_RETRO-EP4CE15/MultiComp_6809_by_Neal_C-2019-04-08/MicrocomputerPCB/output_files/MicrocomputerPCB.pof ;
+--------------------+----------------------------------------------------------------------------------------------------------------------------------------------------------------------------------+
; Option             ; Setting                                                                                                                                                                          ;
+--------------------+----------------------------------------------------------------------------------------------------------------------------------------------------------------------------------+
; JTAG usercode      ; 0x00000000                                                                                                                                                                       ;
; Checksum           ; 0x056F20C4                                                                                                                                                                       ;
; Compression Ratio  ; 2                                                                                                                                                                                ;
+--------------------+----------------------------------------------------------------------------------------------------------------------------------------------------------------------------------+


+--------------------+
; Assembler Messages ;
+--------------------+
Info: *******************************************************************
Info: Running Quartus Prime Assembler
    Info: Version 21.1.0 Build 842 10/21/2021 SJ Lite Edition
    Info: Processing started: Wed Feb  9 12:55:41 2022
Info: Command: quartus_asm --read_settings_files=off --write_settings_files=off MicrocomputerPCB -c MicrocomputerPCB
Info (115031): Writing out detailed assembly data for power analysis
Info (115030): Assembler is generating device programming files
Info: Quartus Prime Assembler was successful. 0 errors, 0 warnings
    Info: Peak virtual memory: 4737 megabytes
    Info: Processing ended: Wed Feb  9 12:55:43 2022
    Info: Elapsed time: 00:00:02
    Info: Total CPU time (on all processors): 00:00:02


