0x0	INIT	0x0000	NOP							
0x1	WRDIRA0	0x7905	IOW	0X09	0x05	ISSUE START CMD  REG9 = 0x01	
0x2			0x2048	LRI	0X00	0X48	LOAD SLAVE ADDR<<1, WRITE	
0x3			0x7004	IOW	0X00	0x04	WRITE SLAVE ADDRESS	
0x4	LP0001	0x6705	IOR	0X07	0x05	READ STATUS INTO REG7	
0x5			0x8701	ARI	0X07	0X01	BUSY BIT	
0x6			0xDFFE	BNZ	LP0001			LOOP UNTIL NOT BUSY	
0x7			0x7805	IOW	0X08	0x05	ISSUE IDLE CMD REG8=0	
0x8			0x2100	LRI	0X01	0X00	IODIRA REGISTER_OFFSET REG8=0	
0x9			0x7104	IOW	0X01	0x04	WRITE REGISTER OFFSET	
0xa	LP0002	0x6705	IOR	0X07	0x05	READ STATUS	
0xb			0x8701	ARI	0X07	0X01	BUSY BIT	
0xc			0xDFFE	BNZ	LP0002			LOOP UNTIL NOT BUSY	
0xd			0x7F04	IOW	0X0F	0x04	ISSUE IODIRA_ALL_INS	
0xe	LP0003	0x6705	IOR	0X07	0x05	READ STATUS	
0xf			0x8701	ARI	0X07	0X01	BUSY BIT	
0x10			0xDFFE	BNZ	LP0003			LOOP UNTIL NOT BUSY	
0x11	WRDIRB0	0x7905	IOW	0X09	0x05	ISSUE START CMD  REG9 = 0x01	
0x12			0x2048	LRI	0X00	0X48	LOAD SLAVE ADDR<<1, WRITE	
0x13			0x7004	IOW	0X00	0x04	WRITE SLAVE ADDRESS	
0x14	LP0004	0x6705	IOR	0X07	0x05	READ STATUS INTO REG7	
0x15			0x8701	ARI	0X07	0X01	BUSY BIT	
0x16			0xDFFE	BNZ	LP0004			LOOP UNTIL NOT BUSY	
0x17			0x7805	IOW	0X08	0x05	ISSUE IDLE CMD REG8=0	
0x18			0x2101	LRI	0X01	0X01	IODIRB REGISTER_OFFSET REG8=0	
0x19			0x7104	IOW	0X01	0x04	WRITE REGISTER OFFSET	
0x1a	LP0005	0x6705	IOR	0X07	0x05	READ STATUS	
0x1b			0x8701	ARI	0X07	0X01	BUSY BIT	
0x1c			0xDFFE	BNZ	LP0005			LOOP UNTIL NOT BUSY	
0x1d			0x7804	IOW	0X08	0x04	ISSUE IODIRA_ALL_OUTS	
0x1e	LP0006	0x6705	IOR	0X07	0x05	READ STATUS	
0x1f			0x8701	ARI	0X07	0X01	BUSY BIT	
0x20			0xDFFE	BNZ	LP0006			LOOP UNTIL NOT BUSY	
0x21	WRDIRD0	0x7905	IOW	0X09	0x05	ISSUE START CMD  REG9 = 0x01	
0x22			0x2048	LRI	0X00	0X48	LOAD SLAVE ADDR<<1, WRITE	
0x23			0x7004	IOW	0X00	0x04	WRITE SLAVE ADDRESS	
0x24	LP0007	0x6705	IOR	0X07	0x05	READ STATUS INTO REG7	
0x25			0x8701	ARI	0X07	0X01	BUSY BIT	
0x26			0xDFFE	BNZ	LP0007			LOOP UNTIL NOT BUSY	
0x27			0x7805	IOW	0X08	0x05	ISSUE IDLE CMD REG8=0	
0x28			0x2115	LRI	0X01	0X15	OLATB REGISTER_OFFSET REG8=0	
0x29			0x7104	IOW	0X01	0x04	WRITE REGISTER OFFSET	
0x2a	LP0008	0x6705	IOR	0X07	0x05	READ STATUS	
0x2b			0x8701	ARI	0X07	0X01	BUSY BIT	
0x2c			0xDFFE	BNZ	LP0008			LOOP UNTIL NOT BUSY	
0x2d			0x2255	LRI	0X02	0x55	WRITE VALUE = 0X55	
0x2e			0x7204	IOW	0X02	0X04	WRITE VALUE TO LEDS	
0x2f	LP0009	0x6705	IOR	0X07	0x05	READ STATUS	
0x30			0x8701	ARI	0X07	0X01	BUSY BIT	
0x31			0xDFFE	BNZ	LP0009			LOOP UNTIL NOT BUSY	
0x32	SELF	0xE032	JMP	SELF					
