Flow report for MicrocomputerPCB
Sun Nov 24 06:43:52 2019
Quartus Prime Version 18.1.0 Build 625 09/12/2018 SJ Lite Edition


---------------------
; Table of Contents ;
---------------------
  1. Legal Notice
  2. Flow Summary
  3. Flow Settings
  4. Flow Non-Default Global Settings
  5. Flow Elapsed Time
  6. Flow OS Summary
  7. Flow Log
  8. Flow Messages
  9. Flow Suppressed Messages



----------------
; Legal Notice ;
----------------
Copyright (C) 2018  Intel Corporation. All rights reserved.
Your use of Intel Corporation's design tools, logic functions 
and other software and tools, and its AMPP partner logic 
functions, and any output files from any of the foregoing 
(including device programming or simulation files), and any 
associated documentation or information are expressly subject 
to the terms and conditions of the Intel Program License 
Subscription Agreement, the Intel Quartus Prime License Agreement,
the Intel FPGA IP License Agreement, or other applicable license
agreement, including, without limitation, that your use is for
the sole purpose of programming logic devices manufactured by
Intel and sold by Intel or its authorized distributors.  Please
refer to the applicable agreement for further details.



+----------------------------------------------------------------------------------+
; Flow Summary                                                                     ;
+------------------------------------+---------------------------------------------+
; Flow Status                        ; Successful - Sun Nov 24 06:43:52 2019       ;
; Quartus Prime Version              ; 18.1.0 Build 625 09/12/2018 SJ Lite Edition ;
; Revision Name                      ; MicrocomputerPCB                            ;
; Top-level Entity Name              ; Microcomputer                               ;
; Family                             ; Cyclone IV E                                ;
; Device                             ; EP4CE6E22C8                                 ;
; Timing Models                      ; Final                                       ;
; Total logic elements               ; 4,230 / 6,272 ( 67 % )                      ;
;     Total combinational functions  ; 4,018 / 6,272 ( 64 % )                      ;
;     Dedicated logic registers      ; 1,245 / 6,272 ( 20 % )                      ;
; Total registers                    ; 1246                                        ;
; Total pins                         ; 65 / 92 ( 71 % )                            ;
; Total virtual pins                 ; 0                                           ;
; Total memory bits                  ; 106,624 / 276,480 ( 39 % )                  ;
; Embedded Multiplier 9-bit elements ; 0 / 30 ( 0 % )                              ;
; Total PLLs                         ; 0 / 2 ( 0 % )                               ;
+------------------------------------+---------------------------------------------+


+-----------------------------------------+
; Flow Settings                           ;
+-------------------+---------------------+
; Option            ; Setting             ;
+-------------------+---------------------+
; Start date & time ; 11/24/2019 06:42:17 ;
; Main task         ; Compilation         ;
; Revision Name     ; MicrocomputerPCB    ;
+-------------------+---------------------+


+----------------------------------------------------------------------------------------------------------------------------------+
; Flow Non-Default Global Settings                                                                                                 ;
+-------------------------------------+----------------------------------------+------------------+---------------+----------------+
; Assignment Name                     ; Value                                  ; Default Value    ; Entity Name   ; Section Id     ;
+-------------------------------------+----------------------------------------+------------------+---------------+----------------+
; COMPILER_SIGNATURE_ID               ; 10995770589188.157459573615340         ; --               ; --            ; --             ;
; EDA_OUTPUT_DATA_FORMAT              ; Vhdl                                   ; --               ; --            ; eda_simulation ;
; EDA_SIMULATION_TOOL                 ; ModelSim-Altera (VHDL)                 ; <None>           ; --            ; --             ;
; MAX_CORE_JUNCTION_TEMP              ; 85                                     ; --               ; --            ; --             ;
; MIN_CORE_JUNCTION_TEMP              ; 0                                      ; --               ; --            ; --             ;
; MISC_FILE                           ; InternalRam1K.cmp                      ; --               ; --            ; --             ;
; MISC_FILE                           ; InternalRam2K.cmp                      ; --               ; --            ; --             ;
; MISC_FILE                           ; InternalRam4K.cmp                      ; --               ; --            ; --             ;
; MISC_FILE                           ; ../ROMS/6809/M6809_CAMELFORTH_ROM.cmp  ; --               ; --            ; --             ;
; OPTIMIZE_HOLD_TIMING                ; IO Paths and Minimum TPD Paths         ; All Paths        ; --            ; --             ;
; OUTPUT_IO_TIMING_FAR_END_VMEAS      ; Half Signal Swing                      ; --               ; --            ; --             ;
; OUTPUT_IO_TIMING_FAR_END_VMEAS      ; Half Signal Swing                      ; --               ; --            ; --             ;
; OUTPUT_IO_TIMING_NEAR_END_VMEAS     ; Half Vccio                             ; --               ; --            ; --             ;
; OUTPUT_IO_TIMING_NEAR_END_VMEAS     ; Half Vccio                             ; --               ; --            ; --             ;
; PARTITION_COLOR                     ; -- (Not supported for targeted family) ; --               ; Microcomputer ; Top            ;
; PARTITION_FITTER_PRESERVATION_LEVEL ; -- (Not supported for targeted family) ; --               ; Microcomputer ; Top            ;
; PARTITION_NETLIST_TYPE              ; -- (Not supported for targeted family) ; --               ; Microcomputer ; Top            ;
; POWER_BOARD_THERMAL_MODEL           ; None (CONSERVATIVE)                    ; --               ; --            ; --             ;
; POWER_PRESET_COOLING_SOLUTION       ; 23 MM HEAT SINK WITH 200 LFPM AIRFLOW  ; --               ; --            ; --             ;
; PROJECT_OUTPUT_DIRECTORY            ; output_files                           ; --               ; --            ; --             ;
; TOP_LEVEL_ENTITY                    ; Microcomputer                          ; MicrocomputerPCB ; --            ; --             ;
; VHDL_SHOW_LMF_MAPPING_MESSAGES      ; Off                                    ; --               ; --            ; --             ;
+-------------------------------------+----------------------------------------+------------------+---------------+----------------+


+--------------------------------------------------------------------------------------------------------------------------+
; Flow Elapsed Time                                                                                                        ;
+----------------------+--------------+-------------------------+---------------------+------------------------------------+
; Module Name          ; Elapsed Time ; Average Processors Used ; Peak Virtual Memory ; Total CPU Time (on all processors) ;
+----------------------+--------------+-------------------------+---------------------+------------------------------------+
; Analysis & Synthesis ; 00:00:40     ; 1.0                     ; 4853 MB             ; 00:00:55                           ;
; Fitter               ; 00:00:31     ; 1.1                     ; 5556 MB             ; 00:00:46                           ;
; Assembler            ; 00:00:02     ; 1.0                     ; 4690 MB             ; 00:00:02                           ;
; Timing Analyzer      ; 00:00:07     ; 1.7                     ; 4820 MB             ; 00:00:08                           ;
; EDA Netlist Writer   ; 00:00:10     ; 1.0                     ; 4702 MB             ; 00:00:07                           ;
; Total                ; 00:01:30     ; --                      ; --                  ; 00:01:58                           ;
+----------------------+--------------+-------------------------+---------------------+------------------------------------+


+------------------------------------------------------------------------------------+
; Flow OS Summary                                                                    ;
+----------------------+------------------+------------+------------+----------------+
; Module Name          ; Machine Hostname ; OS Name    ; OS Version ; Processor type ;
+----------------------+------------------+------------+------------+----------------+
; Analysis & Synthesis ; DESKTOP-2UF8LNB  ; Windows 10 ; 10.0       ; x86_64         ;
; Fitter               ; DESKTOP-2UF8LNB  ; Windows 10 ; 10.0       ; x86_64         ;
; Assembler            ; DESKTOP-2UF8LNB  ; Windows 10 ; 10.0       ; x86_64         ;
; Timing Analyzer      ; DESKTOP-2UF8LNB  ; Windows 10 ; 10.0       ; x86_64         ;
; EDA Netlist Writer   ; DESKTOP-2UF8LNB  ; Windows 10 ; 10.0       ; x86_64         ;
+----------------------+------------------+------------+------------+----------------+


------------
; Flow Log ;
------------
quartus_map --read_settings_files=on --write_settings_files=off MicrocomputerPCB -c MicrocomputerPCB
quartus_fit --read_settings_files=off --write_settings_files=off MicrocomputerPCB -c MicrocomputerPCB
quartus_asm --read_settings_files=off --write_settings_files=off MicrocomputerPCB -c MicrocomputerPCB
quartus_sta MicrocomputerPCB -c MicrocomputerPCB
quartus_eda --read_settings_files=off --write_settings_files=off MicrocomputerPCB -c MicrocomputerPCB



