Assembler report for Z80_VGA
Wed Feb  9 15:16:54 2022
Quartus Prime Version 21.1.0 Build 842 10/21/2021 SJ Lite Edition


---------------------
; Table of Contents ;
---------------------
  1. Legal Notice
  2. Assembler Summary
  3. Assembler Settings
  4. Assembler Encrypted IP Cores Summary
  5. Assembler Generated Files
  6. Assembler Device Options: C:/Users/HPz420/Documents/GitHub/Doug Gilliland/MultiComp/MultiComp_On_EP4CE10/Z80_VGA_PS2_UART_32K/output_files/Z80_VGA.sof
  7. Assembler Messages



----------------
; Legal Notice ;
----------------
Copyright (C) 2021  Intel Corporation. All rights reserved.
Your use of Intel Corporation's design tools, logic functions 
and other software and tools, and any partner logic 
functions, and any output files from any of the foregoing 
(including device programming or simulation files), and any 
associated documentation or information are expressly subject 
to the terms and conditions of the Intel Program License 
Subscription Agreement, the Intel Quartus Prime License Agreement,
the Intel FPGA IP License Agreement, or other applicable license
agreement, including, without limitation, that your use is for
the sole purpose of programming logic devices manufactured by
Intel and sold by Intel or its authorized distributors.  Please
refer to the applicable agreement for further details, at
https://fpgasoftware.intel.com/eula.



+---------------------------------------------------------------+
; Assembler Summary                                             ;
+-----------------------+---------------------------------------+
; Assembler Status      ; Successful - Wed Feb  9 15:16:54 2022 ;
; Revision Name         ; Z80_VGA                               ;
; Top-level Entity Name ; Z80_VGA                               ;
; Family                ; Cyclone IV E                          ;
; Device                ; EP4CE10E22C8                          ;
+-----------------------+---------------------------------------+


+----------------------------------+
; Assembler Settings               ;
+--------+---------+---------------+
; Option ; Setting ; Default Value ;
+--------+---------+---------------+


+------------------------------------------------+
; Assembler Encrypted IP Cores Summary           ;
+--------+------------------------+--------------+
; Vendor ; IP Core Name           ; License Type ;
+--------+------------------------+--------------+
; Altera ; Signal Tap (6AF7 BCE1) ; Licensed     ;
; Altera ; Signal Tap (6AF7 BCEC) ; Licensed     ;
+--------+------------------------+--------------+


+------------------------------------------------------------------------------------------------------------------------------+
; Assembler Generated Files                                                                                                    ;
+------------------------------------------------------------------------------------------------------------------------------+
; File Name                                                                                                                    ;
+------------------------------------------------------------------------------------------------------------------------------+
; C:/Users/HPz420/Documents/GitHub/Doug Gilliland/MultiComp/MultiComp_On_EP4CE10/Z80_VGA_PS2_UART_32K/output_files/Z80_VGA.sof ;
+------------------------------------------------------------------------------------------------------------------------------+


+--------------------------------------------------------------------------------------------------------------------------------------------------------+
; Assembler Device Options: C:/Users/HPz420/Documents/GitHub/Doug Gilliland/MultiComp/MultiComp_On_EP4CE10/Z80_VGA_PS2_UART_32K/output_files/Z80_VGA.sof ;
+----------------+---------------------------------------------------------------------------------------------------------------------------------------+
; Option         ; Setting                                                                                                                               ;
+----------------+---------------------------------------------------------------------------------------------------------------------------------------+
; JTAG usercode  ; 0x00410BF6                                                                                                                            ;
; Checksum       ; 0x00410BF6                                                                                                                            ;
+----------------+---------------------------------------------------------------------------------------------------------------------------------------+


+--------------------+
; Assembler Messages ;
+--------------------+
Info: *******************************************************************
Info: Running Quartus Prime Assembler
    Info: Version 21.1.0 Build 842 10/21/2021 SJ Lite Edition
    Info: Processing started: Wed Feb  9 15:16:52 2022
Info: Command: quartus_asm --read_settings_files=off --write_settings_files=off Z80_VGA -c Z80_VGA
Info (115031): Writing out detailed assembly data for power analysis
Info (115030): Assembler is generating device programming files
Info: Quartus Prime Assembler was successful. 0 errors, 0 warnings
    Info: Peak virtual memory: 4716 megabytes
    Info: Processing ended: Wed Feb  9 15:16:54 2022
    Info: Elapsed time: 00:00:02
    Info: Total CPU time (on all processors): 00:00:02


