Flow report for M6800_MIKBUG
Wed Jun 24 09:29:28 2020
Quartus II 64-Bit Version 13.0.1 Build 232 06/12/2013 Service Pack 1 SJ Web Edition


---------------------
; Table of Contents ;
---------------------
  1. Legal Notice
  2. Flow Summary
  3. Flow Settings
  4. Flow Non-Default Global Settings
  5. Flow Elapsed Time
  6. Flow OS Summary
  7. Flow Log
  8. Flow Messages
  9. Flow Suppressed Messages



----------------
; Legal Notice ;
----------------
Copyright (C) 1991-2013 Altera Corporation
Your use of Altera Corporation's design tools, logic functions 
and other software and tools, and its AMPP partner logic 
functions, and any output files from any of the foregoing 
(including device programming or simulation files), and any 
associated documentation or information are expressly subject 
to the terms and conditions of the Altera Program License 
Subscription Agreement, Altera MegaCore Function License 
Agreement, or other applicable license agreement, including, 
without limitation, that your use is for the sole purpose of 
programming logic devices manufactured by Altera and sold by 
Altera or its authorized distributors.  Please refer to the 
applicable agreement for further details.



+--------------------------------------------------------------------------------------+
; Flow Summary                                                                         ;
+------------------------------------+-------------------------------------------------+
; Flow Status                        ; Successful - Wed Jun 24 09:29:25 2020           ;
; Quartus II 64-Bit Version          ; 13.0.1 Build 232 06/12/2013 SP 1 SJ Web Edition ;
; Revision Name                      ; M6800_MIKBUG                                    ;
; Top-level Entity Name              ; M6800_MIKBUG                                    ;
; Family                             ; Cyclone II                                      ;
; Device                             ; EP2C5T144C8                                     ;
; Timing Models                      ; Final                                           ;
; Total logic elements               ; 3,095 / 4,608 ( 67 % )                          ;
;     Total combinational functions  ; 2,963 / 4,608 ( 64 % )                          ;
;     Dedicated logic registers      ; 911 / 4,608 ( 20 % )                            ;
; Total registers                    ; 911                                             ;
; Total pins                         ; 44 / 89 ( 49 % )                                ;
; Total virtual pins                 ; 0                                               ;
; Total memory bits                  ; 106,496 / 119,808 ( 89 % )                      ;
; Embedded Multiplier 9-bit elements ; 0 / 26 ( 0 % )                                  ;
; Total PLLs                         ; 0 / 2 ( 0 % )                                   ;
+------------------------------------+-------------------------------------------------+


+-----------------------------------------+
; Flow Settings                           ;
+-------------------+---------------------+
; Option            ; Setting             ;
+-------------------+---------------------+
; Start date & time ; 06/24/2020 09:28:47 ;
; Main task         ; Compilation         ;
; Revision Name     ; M6800_MIKBUG        ;
+-------------------+---------------------+


+---------------------------------------------------------------------------------------------------------------------------------------------------------------------------------------------------+
; Flow Non-Default Global Settings                                                                                                                                                                  ;
+-------------------------------------+------------------------------------------------------------------------------------------------------------------+---------------+-------------+------------+
; Assignment Name                     ; Value                                                                                                            ; Default Value ; Entity Name ; Section Id ;
+-------------------------------------+------------------------------------------------------------------------------------------------------------------+---------------+-------------+------------+
; COMPILER_SIGNATURE_ID               ; 198690285320223.159300532601336                                                                                  ; --            ; --          ; --         ;
; ENABLE_SIGNALTAP                    ; Off                                                                                                              ; --            ; --          ; --         ;
; IP_TOOL_NAME                        ; RAM: 1-PORT                                                                                                      ; --            ; --          ; --         ;
; IP_TOOL_VERSION                     ; 13.0                                                                                                             ; --            ; --          ; --         ;
; MAX_CORE_JUNCTION_TEMP              ; 85                                                                                                               ; --            ; --          ; --         ;
; MIN_CORE_JUNCTION_TEMP              ; 0                                                                                                                ; --            ; --          ; --         ;
; MISC_FILE                           ; ../../MultiComp (VHDL Template)/Components/RAM_Internal/InternalRam512B.cmp                                      ; --            ; --          ; --         ;
; PARTITION_COLOR                     ; 16764057                                                                                                         ; --            ; --          ; Top        ;
; PARTITION_FITTER_PRESERVATION_LEVEL ; PLACEMENT_AND_ROUTING                                                                                            ; --            ; --          ; Top        ;
; PARTITION_NETLIST_TYPE              ; SOURCE                                                                                                           ; --            ; --          ; Top        ;
; PROJECT_OUTPUT_DIRECTORY            ; output_files                                                                                                     ; --            ; --          ; --         ;
; SLD_FILE                            ; C:/Users/HPz420/Documents/GitHub/Doug Gilliland/MultiComp/MultiComp_On_EP2C5/M6800_MIKBUG/stp1_auto_stripped.stp ; --            ; --          ; --         ;
; SMART_RECOMPILE                     ; On                                                                                                               ; Off           ; --          ; --         ;
; USE_SIGNALTAP_FILE                  ; stp1.stp                                                                                                         ; --            ; --          ; --         ;
+-------------------------------------+------------------------------------------------------------------------------------------------------------------+---------------+-------------+------------+


+-------------------------------------------------------------------------------------------------------------------------------+
; Flow Elapsed Time                                                                                                             ;
+---------------------------+--------------+-------------------------+---------------------+------------------------------------+
; Module Name               ; Elapsed Time ; Average Processors Used ; Peak Virtual Memory ; Total CPU Time (on all processors) ;
+---------------------------+--------------+-------------------------+---------------------+------------------------------------+
; Analysis & Synthesis      ; 00:00:23     ; 1.0                     ; 4692 MB             ; 00:00:23                           ;
; Fitter                    ; 00:00:11     ; 1.0                     ; 4835 MB             ; 00:00:11                           ;
; Assembler                 ; 00:00:01     ; 1.0                     ; 4558 MB             ; 00:00:01                           ;
; TimeQuest Timing Analyzer ; 00:00:02     ; 1.0                     ; 4574 MB             ; 00:00:02                           ;
; Total                     ; 00:00:37     ; --                      ; --                  ; 00:00:37                           ;
+---------------------------+--------------+-------------------------+---------------------+------------------------------------+


+----------------------------------------------------------------------------------------+
; Flow OS Summary                                                                        ;
+---------------------------+------------------+-----------+------------+----------------+
; Module Name               ; Machine Hostname ; OS Name   ; OS Version ; Processor type ;
+---------------------------+------------------+-----------+------------+----------------+
; Analysis & Synthesis      ; DESKTOP-2UF8LNB  ; Windows 7 ; 6.2        ; x86_64         ;
; Fitter                    ; DESKTOP-2UF8LNB  ; Windows 7 ; 6.2        ; x86_64         ;
; Assembler                 ; DESKTOP-2UF8LNB  ; Windows 7 ; 6.2        ; x86_64         ;
; TimeQuest Timing Analyzer ; DESKTOP-2UF8LNB  ; Windows 7 ; 6.2        ; x86_64         ;
+---------------------------+------------------+-----------+------------+----------------+


------------
; Flow Log ;
------------
quartus_map --read_settings_files=on --write_settings_files=off M6800_MIKBUG -c M6800_MIKBUG
quartus_fit --read_settings_files=off --write_settings_files=off M6800_MIKBUG -c M6800_MIKBUG
quartus_asm --read_settings_files=off --write_settings_files=off M6800_MIKBUG -c M6800_MIKBUG
quartus_sta M6800_MIKBUG -c M6800_MIKBUG



