Partition Merge report for M6800_MIKBUG
Wed Jun 24 07:09:35 2020
Quartus II 64-Bit Version 13.0.1 Build 232 06/12/2013 Service Pack 1 SJ Web Edition


---------------------
; Table of Contents ;
---------------------
  1. Legal Notice
  2. Partition Merge Summary
  3. Partition Merge Netlist Types Used
  4. Partition Merge Partition Statistics
  5. Partition Merge Resource Usage Summary
  6. Partition Merge RAM Summary
  7. Partition Merge Messages



----------------
; Legal Notice ;
----------------
Copyright (C) 1991-2013 Altera Corporation
Your use of Altera Corporation's design tools, logic functions 
and other software and tools, and its AMPP partner logic 
functions, and any output files from any of the foregoing 
(including device programming or simulation files), and any 
associated documentation or information are expressly subject 
to the terms and conditions of the Altera Program License 
Subscription Agreement, Altera MegaCore Function License 
Agreement, or other applicable license agreement, including, 
without limitation, that your use is for the sole purpose of 
programming logic devices manufactured by Altera and sold by 
Altera or its authorized distributors.  Please refer to the 
applicable agreement for further details.



+--------------------------------------------------------------------------------------+
; Partition Merge Summary                                                              ;
+------------------------------------+-------------------------------------------------+
; Partition Merge Status             ; Successful - Wed Jun 24 07:09:35 2020           ;
; Quartus II 64-Bit Version          ; 13.0.1 Build 232 06/12/2013 SP 1 SJ Web Edition ;
; Revision Name                      ; M6800_MIKBUG                                    ;
; Top-level Entity Name              ; M6800_MIKBUG                                    ;
; Family                             ; Cyclone II                                      ;
; Total logic elements               ; 3,225                                           ;
;     Total combinational functions  ; 2,966                                           ;
;     Dedicated logic registers      ; 911                                             ;
; Total registers                    ; 911                                             ;
; Total pins                         ; 44                                              ;
; Total virtual pins                 ; 0                                               ;
; Total memory bits                  ; 106,496                                         ;
; Embedded Multiplier 9-bit elements ; 0                                               ;
; Total PLLs                         ; 0                                               ;
+------------------------------------+-------------------------------------------------+


+-------------------------------------------------------------------------------------------------------------------------------+
; Partition Merge Netlist Types Used                                                                                            ;
+--------------------------------+----------------+-------------------+------------------------+--------------------------------+
; Partition Name                 ; Partition Type ; Netlist Type Used ; Netlist Type Requested ; Partition Contents             ;
+--------------------------------+----------------+-------------------+------------------------+--------------------------------+
; Top                            ; User-created   ; Source File       ; Source File            ;                                ;
; sld_hub:auto_hub               ; Auto-generated ; Post-Synthesis    ; Post-Synthesis         ; sld_hub:auto_hub               ;
; hard_block:auto_generated_inst ; Auto-generated ; Source File       ; Source File            ; hard_block:auto_generated_inst ;
+--------------------------------+----------------+-------------------+------------------------+--------------------------------+


+----------------------------------------------------------------------------------------------------------+
; Partition Merge Partition Statistics                                                                     ;
+---------------------------------------------+--------+------------------+--------------------------------+
; Statistic                                   ; Top    ; sld_hub:auto_hub ; hard_block:auto_generated_inst ;
+---------------------------------------------+--------+------------------+--------------------------------+
; Estimated Total logic elements              ; 3090   ; 135              ; 0                              ;
;                                             ;        ;                  ;                                ;
; Total combinational functions               ; 2852   ; 114              ; 0                              ;
; Logic element usage by number of LUT inputs ;        ;                  ;                                ;
;     -- 4 input functions                    ; 1657   ; 49               ; 0                              ;
;     -- 3 input functions                    ; 614    ; 28               ; 0                              ;
;     -- <=2 input functions                  ; 581    ; 37               ; 0                              ;
;                                             ;        ;                  ;                                ;
; Logic elements by mode                      ;        ;                  ;                                ;
;     -- normal mode                          ; 2394   ; 106              ; 0                              ;
;     -- arithmetic mode                      ; 458    ; 8                ; 0                              ;
;                                             ;        ;                  ;                                ;
; Total registers                             ; 831    ; 80               ; 0                              ;
;     -- Dedicated logic registers            ; 831    ; 80               ; 0                              ;
;                                             ;        ;                  ;                                ;
; Virtual pins                                ; 0      ; 0                ; 0                              ;
; I/O pins                                    ; 44     ; 0                ; 0                              ;
; Embedded Multiplier 9-bit elements          ; 0      ; 0                ; 0                              ;
; Total memory bits                           ; 106496 ; 0                ; 0                              ;
; Total RAM block bits                        ; 0      ; 0                ; 0                              ;
; JTAG                                        ; 1      ; 0                ; 0                              ;
;                                             ;        ;                  ;                                ;
; Connections                                 ;        ;                  ;                                ;
;     -- Input Connections                    ; 130    ; 119              ; 0                              ;
;     -- Registered Input Connections         ; 56     ; 91               ; 0                              ;
;     -- Output Connections                   ; 169    ; 80               ; 0                              ;
;     -- Registered Output Connections        ; 5      ; 79               ; 0                              ;
;                                             ;        ;                  ;                                ;
; Internal Connections                        ;        ;                  ;                                ;
;     -- Total Connections                    ; 13215  ; 696              ; 0                              ;
;     -- Registered Connections               ; 4800   ; 488              ; 0                              ;
;                                             ;        ;                  ;                                ;
; External Connections                        ;        ;                  ;                                ;
;     -- Top                                  ; 100    ; 199              ; 0                              ;
;     -- sld_hub:auto_hub                     ; 199    ; 0                ; 0                              ;
;     -- hard_block:auto_generated_inst       ; 0      ; 0                ; 0                              ;
;                                             ;        ;                  ;                                ;
; Partition Interface                         ;        ;                  ;                                ;
;     -- Input Ports                          ; 22     ; 16               ; 0                              ;
;     -- Output Ports                         ; 37     ; 34               ; 0                              ;
;     -- Bidir Ports                          ; 10     ; 0                ; 0                              ;
;                                             ;        ;                  ;                                ;
; Registered Ports                            ;        ;                  ;                                ;
;     -- Registered Input Ports               ; 0      ; 4                ; 0                              ;
;     -- Registered Output Ports              ; 0      ; 23               ; 0                              ;
;                                             ;        ;                  ;                                ;
; Port Connectivity                           ;        ;                  ;                                ;
;     -- Input Ports driven by GND            ; 0      ; 1                ; 0                              ;
;     -- Output Ports driven by GND           ; 0      ; 1                ; 0                              ;
;     -- Input Ports driven by VCC            ; 0      ; 0                ; 0                              ;
;     -- Output Ports driven by VCC           ; 0      ; 0                ; 0                              ;
;     -- Input Ports with no Source           ; 0      ; 1                ; 0                              ;
;     -- Output Ports with no Source          ; 0      ; 0                ; 0                              ;
;     -- Input Ports with no Fanout           ; 0      ; 2                ; 0                              ;
;     -- Output Ports with no Fanout          ; 0      ; 19               ; 0                              ;
+---------------------------------------------+--------+------------------+--------------------------------+
Note: Resource usage numbers presented for Partitions containing post-synthesis logic are estimates.  For Partitions containing post-fit logic, resource usage numbers are accurate based on previous placement information.  Actual Fitter results may vary depending on current Fitter Preservation Level assignments.


+----------------------------------------------------------+
; Partition Merge Resource Usage Summary                   ;
+---------------------------------------------+------------+
; Resource                                    ; Usage      ;
+---------------------------------------------+------------+
; Estimated Total logic elements              ; 3,225      ;
;                                             ;            ;
; Total combinational functions               ; 2966       ;
; Logic element usage by number of LUT inputs ;            ;
;     -- 4 input functions                    ; 1706       ;
;     -- 3 input functions                    ; 642        ;
;     -- <=2 input functions                  ; 618        ;
;                                             ;            ;
; Logic elements by mode                      ;            ;
;     -- normal mode                          ; 2500       ;
;     -- arithmetic mode                      ; 466        ;
;                                             ;            ;
; Total registers                             ; 911        ;
;     -- Dedicated logic registers            ; 911        ;
;     -- I/O registers                        ; 0          ;
;                                             ;            ;
; I/O pins                                    ; 44         ;
; Total memory bits                           ; 106496     ;
; Embedded Multiplier 9-bit elements          ; 0          ;
; Maximum fan-out node                        ; i_CLOCK_50 ;
; Maximum fan-out                             ; 622        ;
; Total fan-out                               ; 13700      ;
; Average fan-out                             ; 3.45       ;
+---------------------------------------------+------------+


+-----------------------------------------------------------------------------------------------------------------------------------------------------------------------------------------------------------------------------------------------------------------------------------------------------------------+
; Partition Merge RAM Summary                                                                                                                                                                                                                                                                                     ;
+---------------------------------------------------------------------------------------------------------------------------------------+------+----------------+--------------+--------------+--------------+--------------+-------+-----------------------------------------------------------------------------+
; Name                                                                                                                                  ; Type ; Mode           ; Port A Depth ; Port A Width ; Port B Depth ; Port B Width ; Size  ; MIF                                                                         ;
+---------------------------------------------------------------------------------------------------------------------------------------+------+----------------+--------------+--------------+--------------+--------------+-------+-----------------------------------------------------------------------------+
; InternalRam1K:sram2|altsyncram:altsyncram_component|altsyncram_1tp3:auto_generated|ALTSYNCRAM                                         ; AUTO ; Single Port    ; 1024         ; 8            ; --           ; --           ; 8192  ; None                                                                        ;
; InternalRam2K:sram1|altsyncram:altsyncram_component|altsyncram_9tp3:auto_generated|ALTSYNCRAM                                         ; AUTO ; Single Port    ; 2048         ; 8            ; --           ; --           ; 16384 ; None                                                                        ;
; MIKBUG:rom1|altsyncram:altsyncram_component|altsyncram_0p24:auto_generated|altsyncram_3a33:altsyncram1|ALTSYNCRAM                     ; AUTO ; True Dual Port ; 4096         ; 8            ; 4096         ; 8            ; 32768 ; ../../../MultiComp (VHDL Template)/Components/ROMs/MIKBUG_6800/smithbug.hex ;
; SBCTextDisplayRGB:vdu|DisplayRam2K:\GEN_2KATTRAM:dispAttRam|altsyncram:altsyncram_component|altsyncram_adh2:auto_generated|ALTSYNCRAM ; AUTO ; True Dual Port ; 2048         ; 8            ; 2048         ; 8            ; 16384 ; None                                                                        ;
; SBCTextDisplayRGB:vdu|DisplayRam2K:\GEN_2KRAM:dispCharRam|altsyncram:altsyncram_component|altsyncram_adh2:auto_generated|ALTSYNCRAM   ; AUTO ; True Dual Port ; 2048         ; 8            ; 2048         ; 8            ; 16384 ; None                                                                        ;
; SBCTextDisplayRGB:vdu|SansBoldRom:\GEN_EXT_SCHARS:fontRom|altsyncram:altsyncram_component|altsyncram_kav3:auto_generated|ALTSYNCRAM   ; AUTO ; ROM            ; 2048         ; 8            ; --           ; --           ; 16384 ; ../../../MultiComp (VHDL Template)/Components/TERMINAL/SansFontBold.HEX     ;
+---------------------------------------------------------------------------------------------------------------------------------------+------+----------------+--------------+--------------+--------------+--------------+-------+-----------------------------------------------------------------------------+


+--------------------------+
; Partition Merge Messages ;
+--------------------------+
Info: *******************************************************************
Info: Running Quartus II 64-Bit Partition Merge
    Info: Version 13.0.1 Build 232 06/12/2013 Service Pack 1 SJ Web Edition
    Info: Processing started: Wed Jun 24 07:09:33 2020
Info: Command: quartus_cdb --read_settings_files=off --write_settings_files=off M6800_MIKBUG -c M6800_MIKBUG --merge=on
Info (35007): Using synthesis netlist for partition "Top"
Info (35007): Using synthesis netlist for partition "sld_hub:auto_hub"
Info (35002): Resolved and merged 2 partition(s)
Info (16010): Generating hard_block partition "hard_block:auto_generated_inst"
    Info (16011): Adding 0 node(s), including 0 DDIO, 0 PLL, 0 transceiver and 0 LCELL
Info (21057): Implemented 3345 device resources after synthesis - the final resource count might be different
    Info (21058): Implemented 7 input pins
    Info (21059): Implemented 31 output pins
    Info (21060): Implemented 10 bidirectional pins
    Info (21061): Implemented 3248 logic cells
    Info (21064): Implemented 48 RAM segments
Info: Quartus II 64-Bit Partition Merge was successful. 0 errors, 0 warnings
    Info: Peak virtual memory: 4635 megabytes
    Info: Processing ended: Wed Jun 24 07:09:35 2020
    Info: Elapsed time: 00:00:02
    Info: Total CPU time (on all processors): 00:00:02


