Analysis & Synthesis report for top
Mon Oct 07 00:45:06 2013
Quartus II 64-Bit Version 11.1 Build 259 01/25/2012 Service Pack 2 SJ Full Version


---------------------
; Table of Contents ;
---------------------
  1. Legal Notice
  2. Analysis & Synthesis Summary
  3. Analysis & Synthesis Settings
  4. Parallel Compilation
  5. Analysis & Synthesis Source Files Read
  6. Analysis & Synthesis Resource Usage Summary
  7. Analysis & Synthesis Resource Utilization by Entity
  8. State Machine - |top|led_module:led_ct|led_reg
  9. Registers Removed During Synthesis
 10. Removed Registers Triggering Further Register Optimizations
 11. General Register Statistics
 12. Multiplexer Restructuring Statistics (Restructuring Performed)
 13. Parameter Settings for User Entity Instance: led_module:led_ct
 14. Parameter Settings for User Entity Instance: beep_module:beep_ct
 15. Parameter Settings for User Entity Instance: dt_module:dt_ct
 16. Port Connectivity Checks: "beep_module:beep_ct"
 17. Port Connectivity Checks: "led_module:led_ct"
 18. Elapsed Time Per Partition
 19. Analysis & Synthesis Messages
 20. Analysis & Synthesis Suppressed Messages



----------------
; Legal Notice ;
----------------
Copyright (C) 1991-2011 Altera Corporation
Your use of Altera Corporation's design tools, logic functions 
and other software and tools, and its AMPP partner logic 
functions, and any output files from any of the foregoing 
(including device programming or simulation files), and any 
associated documentation or information are expressly subject 
to the terms and conditions of the Altera Program License 
Subscription Agreement, Altera MegaCore Function License 
Agreement, or other applicable license agreement, including, 
without limitation, that your use is for the sole purpose of 
programming logic devices manufactured by Altera and sold by 
Altera or its authorized distributors.  Please refer to the 
applicable agreement for further details.



+-------------------------------------------------------------------------------------+
; Analysis & Synthesis Summary                                                        ;
+------------------------------------+------------------------------------------------+
; Analysis & Synthesis Status        ; Successful - Mon Oct 07 00:45:06 2013          ;
; Quartus II 64-Bit Version          ; 11.1 Build 259 01/25/2012 SP 2 SJ Full Version ;
; Revision Name                      ; top                                            ;
; Top-level Entity Name              ; top                                            ;
; Family                             ; Cyclone IV E                                   ;
; Total logic elements               ; 114                                            ;
;     Total combinational functions  ; 114                                            ;
;     Dedicated logic registers      ; 72                                             ;
; Total registers                    ; 72                                             ;
; Total pins                         ; 14                                             ;
; Total virtual pins                 ; 0                                              ;
; Total memory bits                  ; 0                                              ;
; Embedded Multiplier 9-bit elements ; 0                                              ;
; Total PLLs                         ; 0                                              ;
+------------------------------------+------------------------------------------------+


+----------------------------------------------------------------------------------------------------------------------+
; Analysis & Synthesis Settings                                                                                        ;
+----------------------------------------------------------------------------+--------------------+--------------------+
; Option                                                                     ; Setting            ; Default Value      ;
+----------------------------------------------------------------------------+--------------------+--------------------+
; Device                                                                     ; EP4CE6E22C8        ;                    ;
; Top-level entity name                                                      ; top                ; top                ;
; Family name                                                                ; Cyclone IV E       ; Cyclone IV GX      ;
; Use smart compilation                                                      ; Off                ; Off                ;
; Enable parallel Assembler and TimeQuest Timing Analyzer during compilation ; On                 ; On                 ;
; Enable compact report table                                                ; Off                ; Off                ;
; Restructure Multiplexers                                                   ; Auto               ; Auto               ;
; Create Debugging Nodes for IP Cores                                        ; Off                ; Off                ;
; Preserve fewer node names                                                  ; On                 ; On                 ;
; Disable OpenCore Plus hardware evaluation                                  ; Off                ; Off                ;
; Verilog Version                                                            ; Verilog_2001       ; Verilog_2001       ;
; VHDL Version                                                               ; VHDL_1993          ; VHDL_1993          ;
; State Machine Processing                                                   ; Auto               ; Auto               ;
; Safe State Machine                                                         ; Off                ; Off                ;
; Extract Verilog State Machines                                             ; On                 ; On                 ;
; Extract VHDL State Machines                                                ; On                 ; On                 ;
; Ignore Verilog initial constructs                                          ; Off                ; Off                ;
; Iteration limit for constant Verilog loops                                 ; 5000               ; 5000               ;
; Iteration limit for non-constant Verilog loops                             ; 250                ; 250                ;
; Add Pass-Through Logic to Inferred RAMs                                    ; On                 ; On                 ;
; Infer RAMs from Raw Logic                                                  ; On                 ; On                 ;
; Parallel Synthesis                                                         ; On                 ; On                 ;
; DSP Block Balancing                                                        ; Auto               ; Auto               ;
; NOT Gate Push-Back                                                         ; On                 ; On                 ;
; Power-Up Don't Care                                                        ; On                 ; On                 ;
; Remove Redundant Logic Cells                                               ; Off                ; Off                ;
; Remove Duplicate Registers                                                 ; On                 ; On                 ;
; Ignore CARRY Buffers                                                       ; Off                ; Off                ;
; Ignore CASCADE Buffers                                                     ; Off                ; Off                ;
; Ignore GLOBAL Buffers                                                      ; Off                ; Off                ;
; Ignore ROW GLOBAL Buffers                                                  ; Off                ; Off                ;
; Ignore LCELL Buffers                                                       ; Off                ; Off                ;
; Ignore SOFT Buffers                                                        ; On                 ; On                 ;
; Limit AHDL Integers to 32 Bits                                             ; Off                ; Off                ;
; Optimization Technique                                                     ; Balanced           ; Balanced           ;
; Carry Chain Length                                                         ; 70                 ; 70                 ;
; Auto Carry Chains                                                          ; On                 ; On                 ;
; Auto Open-Drain Pins                                                       ; On                 ; On                 ;
; Perform WYSIWYG Primitive Resynthesis                                      ; Off                ; Off                ;
; Auto ROM Replacement                                                       ; On                 ; On                 ;
; Auto RAM Replacement                                                       ; On                 ; On                 ;
; Auto DSP Block Replacement                                                 ; On                 ; On                 ;
; Auto Shift Register Replacement                                            ; Auto               ; Auto               ;
; Allow Shift Register Merging across Hierarchies                            ; Auto               ; Auto               ;
; Auto Clock Enable Replacement                                              ; On                 ; On                 ;
; Strict RAM Replacement                                                     ; Off                ; Off                ;
; Allow Synchronous Control Signals                                          ; On                 ; On                 ;
; Force Use of Synchronous Clear Signals                                     ; Off                ; Off                ;
; Auto RAM Block Balancing                                                   ; On                 ; On                 ;
; Auto RAM to Logic Cell Conversion                                          ; Off                ; Off                ;
; Auto Resource Sharing                                                      ; Off                ; Off                ;
; Allow Any RAM Size For Recognition                                         ; Off                ; Off                ;
; Allow Any ROM Size For Recognition                                         ; Off                ; Off                ;
; Allow Any Shift Register Size For Recognition                              ; Off                ; Off                ;
; Use LogicLock Constraints during Resource Balancing                        ; On                 ; On                 ;
; Ignore translate_off and synthesis_off directives                          ; Off                ; Off                ;
; Timing-Driven Synthesis                                                    ; On                 ; On                 ;
; Report Parameter Settings                                                  ; On                 ; On                 ;
; Report Source Assignments                                                  ; On                 ; On                 ;
; Report Connectivity Checks                                                 ; On                 ; On                 ;
; Ignore Maximum Fan-Out Assignments                                         ; Off                ; Off                ;
; Synchronization Register Chain Length                                      ; 3                  ; 3                  ;
; PowerPlay Power Optimization                                               ; Normal compilation ; Normal compilation ;
; HDL message level                                                          ; Level2             ; Level2             ;
; Suppress Register Optimization Related Messages                            ; Off                ; Off                ;
; Number of Removed Registers Reported in Synthesis Report                   ; 5000               ; 5000               ;
; Number of Inverted Registers Reported in Synthesis Report                  ; 100                ; 100                ;
; Clock MUX Protection                                                       ; On                 ; On                 ;
; Auto Gated Clock Conversion                                                ; Off                ; Off                ;
; Block Design Naming                                                        ; Auto               ; Auto               ;
; SDC constraint protection                                                  ; Off                ; Off                ;
; Synthesis Effort                                                           ; Auto               ; Auto               ;
; Shift Register Replacement - Allow Asynchronous Clear Signal               ; On                 ; On                 ;
; Analysis & Synthesis Message Level                                         ; Medium             ; Medium             ;
; Disable Register Merging Across Hierarchies                                ; Auto               ; Auto               ;
; Resource Aware Inference For Block RAM                                     ; On                 ; On                 ;
; Synthesis Seed                                                             ; 1                  ; 1                  ;
+----------------------------------------------------------------------------+--------------------+--------------------+


+------------------------------------------+
; Parallel Compilation                     ;
+----------------------------+-------------+
; Processors                 ; Number      ;
+----------------------------+-------------+
; Number detected on machine ; 4           ;
; Maximum allowed            ; 4           ;
;                            ;             ;
; Average used               ; 1.00        ;
; Maximum used               ; 1           ;
;                            ;             ;
; Usage by Processor         ; % Time Used ;
;     1 processor            ; 100.0%      ;
;     2-4 processors         ;   0.0%      ;
+----------------------------+-------------+


+------------------------------------------------------------------------------------------------------------------------------------------------------------------------+
; Analysis & Synthesis Source Files Read                                                                                                                                 ;
+----------------------------------+-----------------+------------------------+------------------------------------------------------------------------------------------+
; File Name with User-Entered Path ; Used in Netlist ; File Type              ; File Name with Absolute Path                                                             ;
+----------------------------------+-----------------+------------------------+------------------------------------------------------------------------------------------+
; dt.v                             ; yes             ; User Verilog HDL File  ; E:/WorkSpace/Project/Demo_Board/Espier_I/logic/V200/example/Finished/example_dt_3/dt.v   ;
; beep.v                           ; yes             ; User Verilog HDL File  ; E:/WorkSpace/Project/Demo_Board/Espier_I/logic/V200/example/Finished/example_dt_3/beep.v ;
; led.v                            ; yes             ; User Verilog HDL File  ; E:/WorkSpace/Project/Demo_Board/Espier_I/logic/V200/example/Finished/example_dt_3/led.v  ;
; top.v                            ; yes             ; User Verilog HDL File  ; E:/WorkSpace/Project/Demo_Board/Espier_I/logic/V200/example/Finished/example_dt_3/top.v  ;
+----------------------------------+-----------------+------------------------+------------------------------------------------------------------------------------------+


+---------------------------------------------------------+
; Analysis & Synthesis Resource Usage Summary             ;
+---------------------------------------------+-----------+
; Resource                                    ; Usage     ;
+---------------------------------------------+-----------+
; Estimated Total logic elements              ; 114       ;
;                                             ;           ;
; Total combinational functions               ; 114       ;
; Logic element usage by number of LUT inputs ;           ;
;     -- 4 input functions                    ; 17        ;
;     -- 3 input functions                    ; 2         ;
;     -- <=2 input functions                  ; 95        ;
;                                             ;           ;
; Logic elements by mode                      ;           ;
;     -- normal mode                          ; 35        ;
;     -- arithmetic mode                      ; 79        ;
;                                             ;           ;
; Total registers                             ; 72        ;
;     -- Dedicated logic registers            ; 72        ;
;     -- I/O registers                        ; 0         ;
;                                             ;           ;
; I/O pins                                    ; 14        ;
; Maximum fan-out node                        ; CLK~input ;
; Maximum fan-out                             ; 72        ;
; Total fan-out                               ; 430       ;
; Average fan-out                             ; 2.01      ;
+---------------------------------------------+-----------+


+----------------------------------------------------------------------------------------------------------------------------------------------------------------------------------+
; Analysis & Synthesis Resource Utilization by Entity                                                                                                                              ;
+----------------------------+-------------------+--------------+-------------+--------------+---------+-----------+------+--------------+--------------------------+--------------+
; Compilation Hierarchy Node ; LC Combinationals ; LC Registers ; Memory Bits ; DSP Elements ; DSP 9x9 ; DSP 18x18 ; Pins ; Virtual Pins ; Full Hierarchy Name      ; Library Name ;
+----------------------------+-------------------+--------------+-------------+--------------+---------+-----------+------+--------------+--------------------------+--------------+
; |top                       ; 114 (24)          ; 72 (24)      ; 0           ; 0            ; 0       ; 0         ; 14   ; 0            ; |top                     ;              ;
;    |beep_module:beep_ct|   ; 52 (52)           ; 33 (33)      ; 0           ; 0            ; 0       ; 0         ; 0    ; 0            ; |top|beep_module:beep_ct ;              ;
;    |dt_module:dt_ct|       ; 38 (38)           ; 15 (15)      ; 0           ; 0            ; 0       ; 0         ; 0    ; 0            ; |top|dt_module:dt_ct     ;              ;
+----------------------------+-------------------+--------------+-------------+--------------+---------+-----------+------+--------------+--------------------------+--------------+
Note: For table entries with two numbers listed, the numbers in parentheses indicate the number of resources of the given type used by the specific entity alone. The numbers listed outside of parentheses indicate the total resources of the given type used by the specific entity and all of its sub-entities in the hierarchy.


Encoding Type:  One-Hot
+--------------------------------------------------------------------------------------------------------+
; State Machine - |top|led_module:led_ct|led_reg                                                         ;
+--------------+--------------+--------------+--------------+--------------+--------------+--------------+
; Name         ; led_reg.1111 ; led_reg.1100 ; led_reg.1001 ; led_reg.0110 ; led_reg.0011 ; led_reg.0000 ;
+--------------+--------------+--------------+--------------+--------------+--------------+--------------+
; led_reg.0000 ; 0            ; 0            ; 0            ; 0            ; 0            ; 0            ;
; led_reg.0011 ; 0            ; 0            ; 0            ; 0            ; 1            ; 1            ;
; led_reg.0110 ; 0            ; 0            ; 0            ; 1            ; 0            ; 1            ;
; led_reg.1001 ; 0            ; 0            ; 1            ; 0            ; 0            ; 1            ;
; led_reg.1100 ; 0            ; 1            ; 0            ; 0            ; 0            ; 1            ;
; led_reg.1111 ; 1            ; 0            ; 0            ; 0            ; 0            ; 1            ;
+--------------+--------------+--------------+--------------+--------------+--------------+--------------+


+------------------------------------------------------------------------------+
; Registers Removed During Synthesis                                           ;
+----------------------------------------+-------------------------------------+
; Register name                          ; Reason for Removal                  ;
+----------------------------------------+-------------------------------------+
; num_dt[1][0]                           ; Merged with num_dt[0][0]            ;
; num_dt[2][0]                           ; Merged with num_dt[0][0]            ;
; num_dt[3][0]                           ; Merged with num_dt[0][0]            ;
; cnt[24]                                ; Merged with num_dt[0][0]            ;
; num_dt[1][1]                           ; Merged with num_dt[0][1]            ;
; num_dt[2][1]                           ; Merged with num_dt[0][1]            ;
; num_dt[3][1]                           ; Merged with num_dt[0][1]            ;
; cnt[25]                                ; Merged with num_dt[0][1]            ;
; num_dt[1][2]                           ; Merged with num_dt[0][2]            ;
; num_dt[2][2]                           ; Merged with num_dt[0][2]            ;
; num_dt[3][2]                           ; Merged with num_dt[0][2]            ;
; cnt[26]                                ; Merged with num_dt[0][2]            ;
; num_dt[1][3]                           ; Merged with num_dt[0][3]            ;
; num_dt[2][3]                           ; Merged with num_dt[0][3]            ;
; num_dt[3][3]                           ; Merged with num_dt[0][3]            ;
; cnt[27]                                ; Merged with num_dt[0][3]            ;
; num_dt[0][0]                           ; Merged with dt_module:dt_ct|cnt[24] ;
; num_dt[0][1]                           ; Merged with dt_module:dt_ct|cnt[25] ;
; num_dt[0][2]                           ; Merged with dt_module:dt_ct|cnt[26] ;
; num_dt[0][3]                           ; Merged with dt_module:dt_ct|cnt[27] ;
; dt_module:dt_ct|cnt[0]                 ; Merged with cnt[0]                  ;
; dt_module:dt_ct|cnt[1]                 ; Merged with cnt[1]                  ;
; dt_module:dt_ct|cnt[2]                 ; Merged with cnt[2]                  ;
; dt_module:dt_ct|cnt[3]                 ; Merged with cnt[3]                  ;
; dt_module:dt_ct|cnt[4]                 ; Merged with cnt[4]                  ;
; dt_module:dt_ct|cnt[5]                 ; Merged with cnt[5]                  ;
; dt_module:dt_ct|cnt[6]                 ; Merged with cnt[6]                  ;
; dt_module:dt_ct|cnt[7]                 ; Merged with cnt[7]                  ;
; dt_module:dt_ct|cnt[8]                 ; Merged with cnt[8]                  ;
; dt_module:dt_ct|cnt[9]                 ; Merged with cnt[9]                  ;
; dt_module:dt_ct|cnt[10]                ; Merged with cnt[10]                 ;
; dt_module:dt_ct|cnt[11]                ; Merged with cnt[11]                 ;
; dt_module:dt_ct|cnt[12]                ; Merged with cnt[12]                 ;
; dt_module:dt_ct|cnt[13]                ; Merged with cnt[13]                 ;
; dt_module:dt_ct|cnt[14]                ; Merged with cnt[14]                 ;
; dt_module:dt_ct|cnt[15]                ; Merged with cnt[15]                 ;
; dt_module:dt_ct|cnt[16]                ; Merged with cnt[16]                 ;
; dt_module:dt_ct|cnt[17]                ; Merged with cnt[17]                 ;
; dt_module:dt_ct|cnt[18]                ; Merged with cnt[18]                 ;
; dt_module:dt_ct|cnt[19]                ; Merged with cnt[19]                 ;
; dt_module:dt_ct|cnt[20]                ; Merged with cnt[20]                 ;
; dt_module:dt_ct|cnt[21]                ; Merged with cnt[21]                 ;
; dt_module:dt_ct|cnt[22]                ; Merged with cnt[22]                 ;
; dt_module:dt_ct|cnt[23]                ; Merged with cnt[23]                 ;
; dt_module:dt_ct|cnt[28]                ; Merged with cnt[28]                 ;
; dt_module:dt_ct|cnt[29]                ; Merged with cnt[29]                 ;
; dt_module:dt_ct|cnt[30]                ; Merged with cnt[30]                 ;
; dt_module:dt_ct|cnt[31]                ; Merged with cnt[31]                 ;
; led_module:led_ct|led_reg.0110         ; Lost fanout                         ;
; led_module:led_ct|led_reg.1111         ; Lost fanout                         ;
; led_module:led_ct|led_reg~6            ; Lost fanout                         ;
; led_module:led_ct|led_reg~7            ; Lost fanout                         ;
; led_module:led_ct|led_reg~8            ; Lost fanout                         ;
; led_module:led_ct|led_reg~9            ; Lost fanout                         ;
; led_module:led_ct|clk_hz               ; Lost fanout                         ;
; led_module:led_ct|cnt1[0..31]          ; Lost fanout                         ;
; led_module:led_ct|led_reg.0000         ; Lost fanout                         ;
; led_module:led_ct|led_reg.0011         ; Lost fanout                         ;
; led_module:led_ct|led_reg.1001         ; Lost fanout                         ;
; led_module:led_ct|led_reg.1100         ; Lost fanout                         ;
; cnt[28..31]                            ; Lost fanout                         ;
; Total Number of Removed Registers = 95 ;                                     ;
+----------------------------------------+-------------------------------------+


+-------------------------------------------------------------------------------------------------------------------------------------------+
; Removed Registers Triggering Further Register Optimizations                                                                               ;
+--------------------------------+--------------------+-------------------------------------------------------------------------------------+
; Register name                  ; Reason for Removal ; Registers Removed due to This Register                                              ;
+--------------------------------+--------------------+-------------------------------------------------------------------------------------+
; led_module:led_ct|cnt1[9]      ; Lost Fanouts       ; led_module:led_ct|cnt1[10], led_module:led_ct|cnt1[11], led_module:led_ct|cnt1[12], ;
;                                ;                    ; led_module:led_ct|cnt1[13], led_module:led_ct|cnt1[14], led_module:led_ct|cnt1[15], ;
;                                ;                    ; led_module:led_ct|cnt1[16], led_module:led_ct|cnt1[17], led_module:led_ct|cnt1[18], ;
;                                ;                    ; led_module:led_ct|cnt1[19], led_module:led_ct|cnt1[20], led_module:led_ct|cnt1[21], ;
;                                ;                    ; led_module:led_ct|cnt1[22], led_module:led_ct|cnt1[23], led_module:led_ct|cnt1[24], ;
;                                ;                    ; led_module:led_ct|cnt1[25], led_module:led_ct|cnt1[26], led_module:led_ct|cnt1[27], ;
;                                ;                    ; led_module:led_ct|cnt1[28], led_module:led_ct|cnt1[29], led_module:led_ct|cnt1[30]  ;
; led_module:led_ct|led_reg.0110 ; Lost Fanouts       ; led_module:led_ct|clk_hz, led_module:led_ct|cnt1[0], led_module:led_ct|cnt1[1],     ;
;                                ;                    ; led_module:led_ct|cnt1[2], led_module:led_ct|cnt1[3], led_module:led_ct|cnt1[4],    ;
;                                ;                    ; led_module:led_ct|cnt1[5], led_module:led_ct|cnt1[6], led_module:led_ct|cnt1[7],    ;
;                                ;                    ; led_module:led_ct|cnt1[8]                                                           ;
+--------------------------------+--------------------+-------------------------------------------------------------------------------------+


+------------------------------------------------------+
; General Register Statistics                          ;
+----------------------------------------------+-------+
; Statistic                                    ; Value ;
+----------------------------------------------+-------+
; Total registers                              ; 72    ;
; Number of registers using Synchronous Clear  ; 0     ;
; Number of registers using Synchronous Load   ; 0     ;
; Number of registers using Asynchronous Clear ; 0     ;
; Number of registers using Asynchronous Load  ; 0     ;
; Number of registers using Clock Enable       ; 0     ;
; Number of registers using Preset             ; 0     ;
+----------------------------------------------+-------+


+--------------------------------------------------------------------------------------------------------------------------------------------------------------+
; Multiplexer Restructuring Statistics (Restructuring Performed)                                                                                               ;
+--------------------+-----------+---------------+----------------------+------------------------+--------------------------------+----------------------------+
; Multiplexer Inputs ; Bus Width ; Baseline Area ; Area if Restructured ; Saving if Restructured ; Registered                     ; Example Multiplexer Output ;
+--------------------+-----------+---------------+----------------------+------------------------+--------------------------------+----------------------------+
; 3:1                ; 7 bits    ; 14 LEs        ; 0 LEs                ; 14 LEs                 ; |top|dt_module:dt_ct|ds_reg[1] ;                            ;
; 5:1                ; 3 bits    ; 9 LEs         ; 6 LEs                ; 3 LEs                  ; |top|dt_module:dt_ct|ds_en[1]  ;                            ;
; 4:1                ; 2 bits    ; 4 LEs         ; 4 LEs                ; 0 LEs                  ; |top|led_module:led_ct|led_reg ;                            ;
+--------------------+-----------+---------------+----------------------+------------------------+--------------------------------+----------------------------+


+---------------------------------------------------------------------+
; Parameter Settings for User Entity Instance: led_module:led_ct      ;
+----------------+----------------------------------+-----------------+
; Parameter Name ; Value                            ; Type            ;
+----------------+----------------------------------+-----------------+
; SEC_TIME       ; 00000010110111000110110000000000 ; Unsigned Binary ;
+----------------+----------------------------------+-----------------+
Note: In order to hide this table in the UI and the text report file, please set the "Show Parameter Settings in Synthesis Report" option in "Analysis and Synthesis Settings -> More Settings" to "Off".


+---------------------------------------------------------------------+
; Parameter Settings for User Entity Instance: beep_module:beep_ct    ;
+----------------+----------------------------------+-----------------+
; Parameter Name ; Value                            ; Type            ;
+----------------+----------------------------------+-----------------+
; DIV_KHZ        ; 00000000000000001011101110000000 ; Unsigned Binary ;
+----------------+----------------------------------+-----------------+
Note: In order to hide this table in the UI and the text report file, please set the "Show Parameter Settings in Synthesis Report" option in "Analysis and Synthesis Settings -> More Settings" to "Off".


+--------------------------------------------------------------+
; Parameter Settings for User Entity Instance: dt_module:dt_ct ;
+----------------+---------+-----------------------------------+
; Parameter Name ; Value   ; Type                              ;
+----------------+---------+-----------------------------------+
; NUM_0          ; 0111111 ; Unsigned Binary                   ;
; NUM_1          ; 0000110 ; Unsigned Binary                   ;
; NUM_2          ; 1011011 ; Unsigned Binary                   ;
; NUM_3          ; 1001111 ; Unsigned Binary                   ;
; NUM_4          ; 1100110 ; Unsigned Binary                   ;
; NUM_5          ; 1101101 ; Unsigned Binary                   ;
; NUM_6          ; 1111101 ; Unsigned Binary                   ;
; NUM_7          ; 0000111 ; Unsigned Binary                   ;
; NUM_8          ; 1111111 ; Unsigned Binary                   ;
; NUM_9          ; 1101111 ; Unsigned Binary                   ;
; NUM_A          ; 1110111 ; Unsigned Binary                   ;
; NUM_B          ; 1111100 ; Unsigned Binary                   ;
; NUM_C          ; 1011000 ; Unsigned Binary                   ;
; NUM_D          ; 1011110 ; Unsigned Binary                   ;
; NUM_E          ; 1111001 ; Unsigned Binary                   ;
; NUM_F          ; 1110001 ; Unsigned Binary                   ;
; NUM_BLK        ; 0000000 ; Unsigned Binary                   ;
; EN_1           ; 1110    ; Unsigned Binary                   ;
; EN_2           ; 1101    ; Unsigned Binary                   ;
; EN_3           ; 1011    ; Unsigned Binary                   ;
; EN_4           ; 0111    ; Unsigned Binary                   ;
; EN_A           ; 0000    ; Unsigned Binary                   ;
+----------------+---------+-----------------------------------+
Note: In order to hide this table in the UI and the text report file, please set the "Show Parameter Settings in Synthesis Report" option in "Analysis and Synthesis Settings -> More Settings" to "Off".


+-------------------------------------------------+
; Port Connectivity Checks: "beep_module:beep_ct" ;
+------+-------+----------+-----------------------+
; Port ; Type  ; Severity ; Details               ;
+------+-------+----------+-----------------------+
; en   ; Input ; Info     ; Stuck at GND          ;
+------+-------+----------+-----------------------+


+---------------------------------------------------------------------------------------------------------------+
; Port Connectivity Checks: "led_module:led_ct"                                                                 ;
+------+-------+----------+-------------------------------------------------------------------------------------+
; Port ; Type  ; Severity ; Details                                                                             ;
+------+-------+----------+-------------------------------------------------------------------------------------+
; en   ; Input ; Info     ; Stuck at VCC                                                                        ;
; led  ; Bidir ; Warning  ; Connected to dangling logic. Logic that only feeds a dangling port will be removed. ;
+------+-------+----------+-------------------------------------------------------------------------------------+


+-------------------------------+
; Elapsed Time Per Partition    ;
+----------------+--------------+
; Partition Name ; Elapsed Time ;
+----------------+--------------+
; Top            ; 00:00:01     ;
+----------------+--------------+


+-------------------------------+
; Analysis & Synthesis Messages ;
+-------------------------------+
Info: *******************************************************************
Info: Running Quartus II 64-Bit Analysis & Synthesis
    Info: Version 11.1 Build 259 01/25/2012 Service Pack 2 SJ Full Version
    Info: Processing started: Mon Oct 07 00:45:04 2013
Info: Command: quartus_map --read_settings_files=on --write_settings_files=off dt -c top
Info (20030): Parallel compilation is enabled and will use 4 of the 4 processors detected
Info (12021): Found 1 design units, including 1 entities, in source file dt.v
    Info (12023): Found entity 1: dt_module
Info (12021): Found 1 design units, including 1 entities, in source file beep.v
    Info (12023): Found entity 1: beep_module
Info (12021): Found 1 design units, including 1 entities, in source file led.v
    Info (12023): Found entity 1: led_module
Info (12021): Found 1 design units, including 1 entities, in source file top.v
    Info (12023): Found entity 1: top
Info (12127): Elaborating entity "top" for the top level hierarchy
Warning (10034): Output port "DS_DP" at top.v(11) has no driver
Info (12128): Elaborating entity "led_module" for hierarchy "led_module:led_ct"
Info (12128): Elaborating entity "beep_module" for hierarchy "beep_module:beep_ct"
Info (12128): Elaborating entity "dt_module" for hierarchy "dt_module:dt_ct"
Info (13005): Duplicate registers merged to single register
Info (13005): Duplicate registers merged to single register
Warning (12241): 1 hierarchies have connectivity warnings - see the Connectivity Checks report folder
Warning (13008): TRI or OPNDRN buffers permanently disabled
    Warning (13010): Node "beep_module:beep_ct|beep"
Warning (13024): Output pins are stuck at VCC or GND
    Warning (13410): Pin "DS_DP" is stuck at GND
Info (286030): Timing-Driven Synthesis is running
Info (17049): 47 registers lost all their fanouts during netlist optimizations. The first 47 are displayed below.
    Info (17050): Register "led_module:led_ct|led_reg.0110" lost all its fanouts during netlist optimizations.
    Info (17050): Register "led_module:led_ct|led_reg.1111" lost all its fanouts during netlist optimizations.
    Info (17050): Register "led_module:led_ct|led_reg~6" lost all its fanouts during netlist optimizations.
    Info (17050): Register "led_module:led_ct|led_reg~7" lost all its fanouts during netlist optimizations.
    Info (17050): Register "led_module:led_ct|led_reg~8" lost all its fanouts during netlist optimizations.
    Info (17050): Register "led_module:led_ct|led_reg~9" lost all its fanouts during netlist optimizations.
    Info (17050): Register "led_module:led_ct|clk_hz" lost all its fanouts during netlist optimizations.
    Info (17050): Register "led_module:led_ct|cnt1[0]" lost all its fanouts during netlist optimizations.
    Info (17050): Register "led_module:led_ct|cnt1[1]" lost all its fanouts during netlist optimizations.
    Info (17050): Register "led_module:led_ct|cnt1[2]" lost all its fanouts during netlist optimizations.
    Info (17050): Register "led_module:led_ct|cnt1[3]" lost all its fanouts during netlist optimizations.
    Info (17050): Register "led_module:led_ct|cnt1[4]" lost all its fanouts during netlist optimizations.
    Info (17050): Register "led_module:led_ct|cnt1[5]" lost all its fanouts during netlist optimizations.
    Info (17050): Register "led_module:led_ct|cnt1[6]" lost all its fanouts during netlist optimizations.
    Info (17050): Register "led_module:led_ct|cnt1[7]" lost all its fanouts during netlist optimizations.
    Info (17050): Register "led_module:led_ct|cnt1[8]" lost all its fanouts during netlist optimizations.
    Info (17050): Register "led_module:led_ct|cnt1[9]" lost all its fanouts during netlist optimizations.
    Info (17050): Register "led_module:led_ct|cnt1[10]" lost all its fanouts during netlist optimizations.
    Info (17050): Register "led_module:led_ct|cnt1[11]" lost all its fanouts during netlist optimizations.
    Info (17050): Register "led_module:led_ct|cnt1[12]" lost all its fanouts during netlist optimizations.
    Info (17050): Register "led_module:led_ct|cnt1[13]" lost all its fanouts during netlist optimizations.
    Info (17050): Register "led_module:led_ct|cnt1[14]" lost all its fanouts during netlist optimizations.
    Info (17050): Register "led_module:led_ct|cnt1[15]" lost all its fanouts during netlist optimizations.
    Info (17050): Register "led_module:led_ct|cnt1[16]" lost all its fanouts during netlist optimizations.
    Info (17050): Register "led_module:led_ct|cnt1[17]" lost all its fanouts during netlist optimizations.
    Info (17050): Register "led_module:led_ct|cnt1[18]" lost all its fanouts during netlist optimizations.
    Info (17050): Register "led_module:led_ct|cnt1[19]" lost all its fanouts during netlist optimizations.
    Info (17050): Register "led_module:led_ct|cnt1[20]" lost all its fanouts during netlist optimizations.
    Info (17050): Register "led_module:led_ct|cnt1[21]" lost all its fanouts during netlist optimizations.
    Info (17050): Register "led_module:led_ct|cnt1[22]" lost all its fanouts during netlist optimizations.
    Info (17050): Register "led_module:led_ct|cnt1[23]" lost all its fanouts during netlist optimizations.
    Info (17050): Register "led_module:led_ct|cnt1[24]" lost all its fanouts during netlist optimizations.
    Info (17050): Register "led_module:led_ct|cnt1[25]" lost all its fanouts during netlist optimizations.
    Info (17050): Register "led_module:led_ct|cnt1[26]" lost all its fanouts during netlist optimizations.
    Info (17050): Register "led_module:led_ct|cnt1[27]" lost all its fanouts during netlist optimizations.
    Info (17050): Register "led_module:led_ct|cnt1[28]" lost all its fanouts during netlist optimizations.
    Info (17050): Register "led_module:led_ct|cnt1[29]" lost all its fanouts during netlist optimizations.
    Info (17050): Register "led_module:led_ct|cnt1[30]" lost all its fanouts during netlist optimizations.
    Info (17050): Register "led_module:led_ct|cnt1[31]" lost all its fanouts during netlist optimizations.
    Info (17050): Register "led_module:led_ct|led_reg.0000" lost all its fanouts during netlist optimizations.
    Info (17050): Register "led_module:led_ct|led_reg.0011" lost all its fanouts during netlist optimizations.
    Info (17050): Register "led_module:led_ct|led_reg.1001" lost all its fanouts during netlist optimizations.
    Info (17050): Register "led_module:led_ct|led_reg.1100" lost all its fanouts during netlist optimizations.
    Info (17050): Register "cnt[28]" lost all its fanouts during netlist optimizations.
    Info (17050): Register "cnt[29]" lost all its fanouts during netlist optimizations.
    Info (17050): Register "cnt[30]" lost all its fanouts during netlist optimizations.
    Info (17050): Register "cnt[31]" lost all its fanouts during netlist optimizations.
Info (144001): Generated suppressed messages file E:/WorkSpace/Project/Demo_Board/Espier_I/logic/V200/example/Finished/example_dt_3/top.map.smsg
Info (16010): Generating hard_block partition "hard_block:auto_generated_inst"
Info (21057): Implemented 128 device resources after synthesis - the final resource count might be different
    Info (21058): Implemented 1 input pins
    Info (21059): Implemented 13 output pins
    Info (21061): Implemented 114 logic cells
Info: Quartus II 64-Bit Analysis & Synthesis was successful. 0 errors, 6 warnings
    Info: Peak virtual memory: 375 megabytes
    Info: Processing ended: Mon Oct 07 00:45:07 2013
    Info: Elapsed time: 00:00:03
    Info: Total CPU time (on all processors): 00:00:02


+------------------------------------------+
; Analysis & Synthesis Suppressed Messages ;
+------------------------------------------+
The suppressed messages can be found in E:/WorkSpace/Project/Demo_Board/Espier_I/logic/V200/example/Finished/example_dt_3/top.map.smsg.


