MIF/HEX Update report for FrontPanel01
Mon Jun 14 19:24:02 2021
Quartus Prime Version 20.1.0 Build 711 06/05/2020 SJ Lite Edition


---------------------
; Table of Contents ;
---------------------
  1. Legal Notice
  2. MIF/HEX Update Summary
  3. MIF/HEX Update Processed Files
  4. MIF/HEX Update Messages



----------------
; Legal Notice ;
----------------
Copyright (C) 2020  Intel Corporation. All rights reserved.
Your use of Intel Corporation's design tools, logic functions 
and other software and tools, and any partner logic 
functions, and any output files from any of the foregoing 
(including device programming or simulation files), and any 
associated documentation or information are expressly subject 
to the terms and conditions of the Intel Program License 
Subscription Agreement, the Intel Quartus Prime License Agreement,
the Intel FPGA IP License Agreement, or other applicable license
agreement, including, without limitation, that your use is for
the sole purpose of programming logic devices manufactured by
Intel and sold by Intel or its authorized distributors.  Please
refer to the applicable agreement for further details, at
https://fpgasoftware.intel.com/eula.



+---------------------------------------------------------------+
; MIF/HEX Update Summary                                        ;
+-----------------------+---------------------------------------+
; MIF/HEX Update Status ; Successful - Mon Jun 14 19:24:02 2021 ;
; Revision Name         ; FrontPanel01                          ;
; Top-level Entity Name ; FrontPanel01_test                     ;
; Family                ; Cyclone IV E                          ;
; Device                ; EP4CE15F23C8                          ;
+-----------------------+---------------------------------------+


+-------------------------------------------------------------------------------------------------------------------------------------------------+
; MIF/HEX Update Processed Files                                                                                                                  ;
+-------------------------------------------------------------------------------------------------------------------------------------------------+
; File Name                                                                                                                                       ;
+-------------------------------------------------------------------------------------------------------------------------------------------------+
; C:/Users/HPz420/Documents/GitHub/Doug Gilliland/MultiComp/MultiComp_On_RETRO-EP4CE15/FrontPanel01/IOP16_ASSEMBLER/FP01_LOOP1/FP01_LOOP1_out.mif ;
+-------------------------------------------------------------------------------------------------------------------------------------------------+


+-------------------------+
; MIF/HEX Update Messages ;
+-------------------------+
Info: *******************************************************************
Info: Running Quartus Prime MIF/HEX Update
    Info: Version 20.1.0 Build 711 06/05/2020 SJ Lite Edition
    Info: Processing started: Mon Jun 14 19:24:01 2021
Info: Command: quartus_cdb FrontPanel01 -c FrontPanel01 --update_mif
Warning (18236): Number of processors has not been specified which may cause overloading on shared machines.  Set the global assignment NUM_PARALLEL_PROCESSORS in your QSF to an appropriate value for best performance.
Critical Warning (127005): Memory depth (2048) in the design file differs from memory depth (965) in the Memory Initialization File "C:/Users/HPz420/Documents/GitHub/Doug Gilliland/MultiComp/MultiComp_On_RETRO-EP4CE15/FrontPanel01/IOP16_ASSEMBLER/FP01_LOOP1/FP01_LOOP1_out.mif" -- setting initial value for remaining addresses to 0
Info (39024): Processed the following Memory Initialization File(s)
    Info (39025): Processed Memory Initialization File C:/Users/HPz420/Documents/GitHub/Doug Gilliland/MultiComp/MultiComp_On_RETRO-EP4CE15/FrontPanel01/IOP16_ASSEMBLER/FP01_LOOP1/FP01_LOOP1_out.mif File: C:/Users/HPz420/Documents/GitHub/Doug Gilliland/MultiComp/MultiComp_On_RETRO-EP4CE15/FrontPanel01/IOP16_ASSEMBLER/FP01_LOOP1/FP01_LOOP1_out.mif Line: 0
Info: Quartus Prime MIF/HEX Update was successful. 0 errors, 2 warnings
    Info: Peak virtual memory: 4700 megabytes
    Info: Processing ended: Mon Jun 14 19:24:02 2021
    Info: Elapsed time: 00:00:01
    Info: Total CPU time (on all processors): 00:00:01


