Flow report for M6502_VGA
Fri Apr 19 22:13:35 2019
Quartus Prime Version 18.1.0 Build 625 09/12/2018 SJ Lite Edition


---------------------
; Table of Contents ;
---------------------
  1. Legal Notice
  2. Flow Summary
  3. Flow Settings
  4. Flow Non-Default Global Settings
  5. Flow Elapsed Time
  6. Flow OS Summary
  7. Flow Log
  8. Flow Messages
  9. Flow Suppressed Messages



----------------
; Legal Notice ;
----------------
Copyright (C) 2018  Intel Corporation. All rights reserved.
Your use of Intel Corporation's design tools, logic functions 
and other software and tools, and its AMPP partner logic 
functions, and any output files from any of the foregoing 
(including device programming or simulation files), and any 
associated documentation or information are expressly subject 
to the terms and conditions of the Intel Program License 
Subscription Agreement, the Intel Quartus Prime License Agreement,
the Intel FPGA IP License Agreement, or other applicable license
agreement, including, without limitation, that your use is for
the sole purpose of programming logic devices manufactured by
Intel and sold by Intel or its authorized distributors.  Please
refer to the applicable agreement for further details.



+----------------------------------------------------------------------------------+
; Flow Summary                                                                     ;
+------------------------------------+---------------------------------------------+
; Flow Status                        ; Successful - Fri Apr 19 22:13:28 2019       ;
; Quartus Prime Version              ; 18.1.0 Build 625 09/12/2018 SJ Lite Edition ;
; Revision Name                      ; M6502_VGA                                   ;
; Top-level Entity Name              ; M6502_VGA                                   ;
; Family                             ; Cyclone IV E                                ;
; Device                             ; EP4CE6E22C8                                 ;
; Timing Models                      ; Final                                       ;
; Total logic elements               ; 2,518 / 6,272 ( 40 % )                      ;
;     Total combinational functions  ; 2,406 / 6,272 ( 38 % )                      ;
;     Dedicated logic registers      ; 630 / 6,272 ( 10 % )                        ;
; Total registers                    ; 630                                         ;
; Total pins                         ; 32 / 92 ( 35 % )                            ;
; Total virtual pins                 ; 0                                           ;
; Total memory bits                  ; 237,696 / 276,480 ( 86 % )                  ;
; Embedded Multiplier 9-bit elements ; 0 / 30 ( 0 % )                              ;
; Total PLLs                         ; 0 / 2 ( 0 % )                               ;
+------------------------------------+---------------------------------------------+


+-----------------------------------------+
; Flow Settings                           ;
+-------------------+---------------------+
; Option            ; Setting             ;
+-------------------+---------------------+
; Start date & time ; 04/19/2019 22:12:15 ;
; Main task         ; Compilation         ;
; Revision Name     ; M6502_VGA           ;
+-------------------+---------------------+


+------------------------------------------------------------------------------------------------------------------------------------------------------------+
; Flow Non-Default Global Settings                                                                                                                           ;
+-------------------------------------+---------------------------------------------------------------------------+---------------+-------------+------------+
; Assignment Name                     ; Value                                                                     ; Default Value ; Entity Name ; Section Id ;
+-------------------------------------+---------------------------------------------------------------------------+---------------+-------------+------------+
; COMPILER_SIGNATURE_ID               ; 264216224721306.155572633408352                                           ; --            ; --          ; --         ;
; MAX_CORE_JUNCTION_TEMP              ; 85                                                                        ; --            ; --          ; --         ;
; MIN_CORE_JUNCTION_TEMP              ; 0                                                                         ; --            ; --          ; --         ;
; MISC_FILE                           ; ../../MultiComp (VHDL Template)/Components/TERMINAL/SansBoldRom.cmp       ; --            ; --          ; --         ;
; MISC_FILE                           ; ../../MultiComp (VHDL Template)/Components/TERMINAL/DisplayRam2K.cmp      ; --            ; --          ; --         ;
; MISC_FILE                           ; ../../MultiComp (VHDL Template)/Components/TERMINAL/DisplayRam1K.cmp      ; --            ; --          ; --         ;
; MISC_FILE                           ; ../../MultiComp (VHDL Template)/Components/TERMINAL/CGABoldRomReduced.cmp ; --            ; --          ; --         ;
; MISC_FILE                           ; ../../MultiComp (VHDL Template)/Components/TERMINAL/CGABoldRom.cmp        ; --            ; --          ; --         ;
; OUTPUT_IO_TIMING_FAR_END_VMEAS      ; Half Signal Swing                                                         ; --            ; --          ; --         ;
; OUTPUT_IO_TIMING_FAR_END_VMEAS      ; Half Signal Swing                                                         ; --            ; --          ; --         ;
; OUTPUT_IO_TIMING_NEAR_END_VMEAS     ; Half Vccio                                                                ; --            ; --          ; --         ;
; OUTPUT_IO_TIMING_NEAR_END_VMEAS     ; Half Vccio                                                                ; --            ; --          ; --         ;
; PARTITION_COLOR                     ; -- (Not supported for targeted family)                                    ; --            ; --          ; Top        ;
; PARTITION_FITTER_PRESERVATION_LEVEL ; -- (Not supported for targeted family)                                    ; --            ; --          ; Top        ;
; PARTITION_NETLIST_TYPE              ; -- (Not supported for targeted family)                                    ; --            ; --          ; Top        ;
; POWER_BOARD_THERMAL_MODEL           ; None (CONSERVATIVE)                                                       ; --            ; --          ; --         ;
; POWER_PRESET_COOLING_SOLUTION       ; 23 MM HEAT SINK WITH 200 LFPM AIRFLOW                                     ; --            ; --          ; --         ;
; PROJECT_OUTPUT_DIRECTORY            ; output_files                                                              ; --            ; --          ; --         ;
+-------------------------------------+---------------------------------------------------------------------------+---------------+-------------+------------+


+--------------------------------------------------------------------------------------------------------------------------+
; Flow Elapsed Time                                                                                                        ;
+----------------------+--------------+-------------------------+---------------------+------------------------------------+
; Module Name          ; Elapsed Time ; Average Processors Used ; Peak Virtual Memory ; Total CPU Time (on all processors) ;
+----------------------+--------------+-------------------------+---------------------+------------------------------------+
; Analysis & Synthesis ; 00:00:37     ; 1.0                     ; 678 MB              ; 00:00:41                           ;
; Fitter               ; 00:00:31     ; 1.1                     ; 1059 MB             ; 00:00:32                           ;
; Assembler            ; 00:00:02     ; 1.0                     ; 539 MB              ; 00:00:02                           ;
; Timing Analyzer      ; 00:00:06     ; 1.3                     ; 610 MB              ; 00:00:06                           ;
; Total                ; 00:01:16     ; --                      ; --                  ; 00:01:21                           ;
+----------------------+--------------+-------------------------+---------------------+------------------------------------+


+-----------------------------------------------------------------------------------+
; Flow OS Summary                                                                   ;
+----------------------+------------------+-----------+------------+----------------+
; Module Name          ; Machine Hostname ; OS Name   ; OS Version ; Processor type ;
+----------------------+------------------+-----------+------------+----------------+
; Analysis & Synthesis ; DougsDell-PC     ; Windows 7 ; 6.1        ; x86_64         ;
; Fitter               ; DougsDell-PC     ; Windows 7 ; 6.1        ; x86_64         ;
; Assembler            ; DougsDell-PC     ; Windows 7 ; 6.1        ; x86_64         ;
; Timing Analyzer      ; DougsDell-PC     ; Windows 7 ; 6.1        ; x86_64         ;
+----------------------+------------------+-----------+------------+----------------+


------------
; Flow Log ;
------------
quartus_map --read_settings_files=on --write_settings_files=off M6502_VGA -c M6502_VGA
quartus_fit --read_settings_files=off --write_settings_files=off M6502_VGA -c M6502_VGA
quartus_asm --read_settings_files=off --write_settings_files=off M6502_VGA -c M6502_VGA
quartus_sta M6502_VGA -c M6502_VGA



