000	START	0xA01D	JSR	INITVDU			INITIALIZE THE VDU	
001			0xA022	JSR	INITURT			INITIALIZE THE ACIA UART	
002	CLRSCR	0x210C	LRI	Reg1	0X0C	ANSI CLEAR THE SCREEN CMD	
003			0xA027	JSR	WR2VDU			WRITE OUT CHAR IN R1	
004	YELLOW	0x211B	LRI	Reg1	0X1B	ESC SEQ FOR YELLOW CHARS	
005			0xA027	JSR	WR2VDU			WRITE OUT CHAR IN R1	
006			0x215B	LRI	Reg1	0X5B	[	
007			0xA027	JSR	WR2VDU			WRITE OUT CHAR IN R1	
008			0x2133	LRI	Reg1	0X33	3	
009			0xA027	JSR	WR2VDU			WRITE OUT CHAR IN R1	
00a			0x2133	LRI	Reg1	0X33	3	
00b			0xA027	JSR	WR2VDU			WRITE OUT CHAR IN R1	
00c			0x216D	LRI	Reg1	0X6D	m 	
00d			0xA027	JSR	WR2VDU			WRITE OUT CHAR IN R1	
00e	START	0xA011	JSR	KB2U			KEYBOARD TO PDP-11	
00f			0xA017	JSR	U2VGA			PDP-11 TO VGA	
010			0xE00E	JMP	START			LOOP FOREVER	
011	KB2U	0x6004	IOR	Reg0	IO_04	READ KBD STATUS	
012			0x8001	ARI	Reg0	0X01	MASK RX DATA PRESENT BIT	
013			0xC003	BEZ	NOKDBD			NO KBD DATA	
014			0x6105	IOR	Reg1	IO_05	READ KBD DATA	
015			0x7101	IOW	Reg1	IO_01	WRITE TO UART DATA	
016	NOKDBD	0xB000	RTS					DONE KEYBOARD TO UART	
017	U2VGA	0x6000	IOR	Reg0	IO_00	READ UART STATUS	
018			0x8001	ARI	Reg0	0X01	MASK RX DATA PRESENT BIT	
019			0xC003	BEZ	NOUDAT			NO UART DATA	
01a			0x6101	IOR	Reg1	IO_01	READ UART DATA	
01b			0x7103	IOW	Reg1	IO_03	WRITE OUT SCREEN	
01c	NOUDAT	0xB000	RTS					DONE UART TO VGA	
01d	INITVDU	0x2003	LRI	Reg0	0X03	RESET TERMINAL COMMAND	
01e			0x7002	IOW	Reg0	IO_02	WRITE VDU CMD REG	
01f			0x2020	LRI	Reg0	0X20	TX CTRLS RTS	
020			0x7002	IOW	Reg0	IO_02	WRITE VDU CMD REG	
021			0xB000	RTS							
022	INITURT	0x2003	LRI	Reg0	0X03	RESET UART COMMAND	
023			0x7000	IOW	Reg0	IO_00	WRITE UART CMD REG	
024			0x2020	LRI	Reg0	0X20	TX CTRLS RTS	
025			0x7000	IOW	Reg0	IO_00	WRITE UART CMD REG	
026			0xB000	RTS							
027	WR2VDU	0x6002	IOR	Reg0	IO_02	READ VDU STATUS	
028			0x8002	ARI	Reg0	0X02	TX EMPTY FLAG	
029			0xCFFE	BEZ	WR2VDU			WAIT UNTIL TX EMPTY	
02a			0x7103	IOW	Reg1	IO_03	WRITE OUT R1 TO SCREEN	
02b			0xB000	RTS							
