MIF/HEX Update report for M6800_MIKBUG
Thu Jun 25 13:24:24 2020
Quartus II 64-Bit Version 13.0.1 Build 232 06/12/2013 Service Pack 1 SJ Web Edition


---------------------
; Table of Contents ;
---------------------
  1. Legal Notice
  2. MIF/HEX Update Summary
  3. MIF/HEX Update Processed Files
  4. MIF/HEX Update Messages



----------------
; Legal Notice ;
----------------
Copyright (C) 1991-2013 Altera Corporation
Your use of Altera Corporation's design tools, logic functions 
and other software and tools, and its AMPP partner logic 
functions, and any output files from any of the foregoing 
(including device programming or simulation files), and any 
associated documentation or information are expressly subject 
to the terms and conditions of the Altera Program License 
Subscription Agreement, Altera MegaCore Function License 
Agreement, or other applicable license agreement, including, 
without limitation, that your use is for the sole purpose of 
programming logic devices manufactured by Altera and sold by 
Altera or its authorized distributors.  Please refer to the 
applicable agreement for further details.



+---------------------------------------------------------------+
; MIF/HEX Update Summary                                        ;
+-----------------------+---------------------------------------+
; MIF/HEX Update Status ; Successful - Thu Jun 25 13:24:24 2020 ;
; Revision Name         ; M6800_MIKBUG                          ;
; Top-level Entity Name ; M6800_MIKBUG                          ;
; Family                ; Cyclone II                            ;
; Device                ; EP2C5T144C8                           ;
+-----------------------+---------------------------------------+


+--------------------------------------------------------------------------------------------------------------------------------+
; MIF/HEX Update Processed Files                                                                                                 ;
+--------------------------------------------------------------------------------------------------------------------------------+
; File Name                                                                                                                      ;
+--------------------------------------------------------------------------------------------------------------------------------+
; /users/hpz420/documents/github/doug gilliland/multicomp/multicomp (vhdl template)/components/roms/mikbug_6800/smithbugf000.hex ;
; /users/hpz420/documents/github/doug gilliland/multicomp/multicomp (vhdl template)/components/terminal/sansfontbold.hex         ;
+--------------------------------------------------------------------------------------------------------------------------------+


+-------------------------+
; MIF/HEX Update Messages ;
+-------------------------+
Info: *******************************************************************
Info: Running Quartus II 64-Bit MIF/HEX Update
    Info: Version 13.0.1 Build 232 06/12/2013 Service Pack 1 SJ Web Edition
    Info: Processing started: Thu Jun 25 13:24:23 2020
Info: Command: quartus_cdb M6800_MIKBUG -c M6800_MIKBUG --update_mif
Warning (113007): Byte addressed memory initialization file "sansfontbold.hex" was read in the word-addressed format
Warning (113015): Width of data items in "sansfontbold.hex" is greater than the memory width. Wrapping data items to subsequent addresses. Found 64 warnings, reporting 10
    Warning (113009): Data at line (1) of memory initialization file "sansfontbold.hex" is too wide to fit in one memory word. Wrapping data to subsequent addresses.
    Warning (113009): Data at line (2) of memory initialization file "sansfontbold.hex" is too wide to fit in one memory word. Wrapping data to subsequent addresses.
    Warning (113009): Data at line (3) of memory initialization file "sansfontbold.hex" is too wide to fit in one memory word. Wrapping data to subsequent addresses.
    Warning (113009): Data at line (4) of memory initialization file "sansfontbold.hex" is too wide to fit in one memory word. Wrapping data to subsequent addresses.
    Warning (113009): Data at line (5) of memory initialization file "sansfontbold.hex" is too wide to fit in one memory word. Wrapping data to subsequent addresses.
    Warning (113009): Data at line (6) of memory initialization file "sansfontbold.hex" is too wide to fit in one memory word. Wrapping data to subsequent addresses.
    Warning (113009): Data at line (7) of memory initialization file "sansfontbold.hex" is too wide to fit in one memory word. Wrapping data to subsequent addresses.
    Warning (113009): Data at line (8) of memory initialization file "sansfontbold.hex" is too wide to fit in one memory word. Wrapping data to subsequent addresses.
    Warning (113009): Data at line (9) of memory initialization file "sansfontbold.hex" is too wide to fit in one memory word. Wrapping data to subsequent addresses.
    Warning (113009): Data at line (10) of memory initialization file "sansfontbold.hex" is too wide to fit in one memory word. Wrapping data to subsequent addresses.
Warning (113007): Byte addressed memory initialization file "smithbugf000.hex" was read in the word-addressed format
Warning (113015): Width of data items in "smithbugf000.hex" is greater than the memory width. Wrapping data items to subsequent addresses. Found 72 warnings, reporting 10
    Warning (113009): Data at line (2) of memory initialization file "smithbugf000.hex" is too wide to fit in one memory word. Wrapping data to subsequent addresses.
    Warning (113009): Data at line (3) of memory initialization file "smithbugf000.hex" is too wide to fit in one memory word. Wrapping data to subsequent addresses.
    Warning (113009): Data at line (4) of memory initialization file "smithbugf000.hex" is too wide to fit in one memory word. Wrapping data to subsequent addresses.
    Warning (113009): Data at line (5) of memory initialization file "smithbugf000.hex" is too wide to fit in one memory word. Wrapping data to subsequent addresses.
    Warning (113009): Data at line (6) of memory initialization file "smithbugf000.hex" is too wide to fit in one memory word. Wrapping data to subsequent addresses.
    Warning (113009): Data at line (7) of memory initialization file "smithbugf000.hex" is too wide to fit in one memory word. Wrapping data to subsequent addresses.
    Warning (113009): Data at line (8) of memory initialization file "smithbugf000.hex" is too wide to fit in one memory word. Wrapping data to subsequent addresses.
    Warning (113009): Data at line (9) of memory initialization file "smithbugf000.hex" is too wide to fit in one memory word. Wrapping data to subsequent addresses.
    Warning (113009): Data at line (10) of memory initialization file "smithbugf000.hex" is too wide to fit in one memory word. Wrapping data to subsequent addresses.
    Warning (113009): Data at line (11) of memory initialization file "smithbugf000.hex" is too wide to fit in one memory word. Wrapping data to subsequent addresses.
Info (39024): Processed the following Memory Initialization File(s)
    Info (39025): Processed Memory Initialization File /users/hpz420/documents/github/doug gilliland/multicomp/multicomp (vhdl template)/components/roms/mikbug_6800/smithbugf000.hex
    Info (39025): Processed Memory Initialization File /users/hpz420/documents/github/doug gilliland/multicomp/multicomp (vhdl template)/components/terminal/sansfontbold.hex
Info: Quartus II 64-Bit MIF/HEX Update was successful. 0 errors, 24 warnings
    Info: Peak virtual memory: 4598 megabytes
    Info: Processing ended: Thu Jun 25 13:24:24 2020
    Info: Elapsed time: 00:00:01
    Info: Total CPU time (on all processors): 00:00:01


