Flow report for MicrocomputerPCB
Sun Sep 18 13:24:17 2022
Quartus Prime Version 21.1.0 Build 842 10/21/2021 SJ Lite Edition


---------------------
; Table of Contents ;
---------------------
  1. Legal Notice
  2. Flow Summary
  3. Flow Settings
  4. Flow Non-Default Global Settings
  5. Flow Elapsed Time
  6. Flow OS Summary
  7. Flow Log
  8. Flow Messages
  9. Flow Suppressed Messages



----------------
; Legal Notice ;
----------------
Copyright (C) 2021  Intel Corporation. All rights reserved.
Your use of Intel Corporation's design tools, logic functions 
and other software and tools, and any partner logic 
functions, and any output files from any of the foregoing 
(including device programming or simulation files), and any 
associated documentation or information are expressly subject 
to the terms and conditions of the Intel Program License 
Subscription Agreement, the Intel Quartus Prime License Agreement,
the Intel FPGA IP License Agreement, or other applicable license
agreement, including, without limitation, that your use is for
the sole purpose of programming logic devices manufactured by
Intel and sold by Intel or its authorized distributors.  Please
refer to the applicable agreement for further details, at
https://fpgasoftware.intel.com/eula.



+-------------------------------------------------------------------------------------------+
; Flow Summary                                                                              ;
+------------------------------------+------------------------------------------------------+
; Flow Status                        ; EDA Netlist Writer Failed - Sun Sep 18 13:24:17 2022 ;
; Quartus Prime Version              ; 21.1.0 Build 842 10/21/2021 SJ Lite Edition          ;
; Revision Name                      ; MicrocomputerPCB                                     ;
; Top-level Entity Name              ; Microcomputer                                        ;
; Family                             ; Cyclone 10 LP                                        ;
; Device                             ; 10CL006YU256C8G                                      ;
; Timing Models                      ; Final                                                ;
; Total logic elements               ; 4,167 / 6,272 ( 66 % )                               ;
;     Total combinational functions  ; 3,969 / 6,272 ( 63 % )                               ;
;     Dedicated logic registers      ; 1,245 / 6,272 ( 20 % )                               ;
; Total registers                    ; 1246                                                 ;
; Total pins                         ; 92 / 177 ( 52 % )                                    ;
; Total virtual pins                 ; 0                                                    ;
; Total memory bits                  ; 106,624 / 276,480 ( 39 % )                           ;
; Embedded Multiplier 9-bit elements ; 0 / 30 ( 0 % )                                       ;
; Total PLLs                         ; 0 / 2 ( 0 % )                                        ;
+------------------------------------+------------------------------------------------------+


+-----------------------------------------+
; Flow Settings                           ;
+-------------------+---------------------+
; Option            ; Setting             ;
+-------------------+---------------------+
; Start date & time ; 09/18/2022 13:21:10 ;
; Main task         ; Compilation         ;
; Revision Name     ; MicrocomputerPCB    ;
+-------------------+---------------------+


+----------------------------------------------------------------------------------------------------------------------------------+
; Flow Non-Default Global Settings                                                                                                 ;
+-------------------------------------+----------------------------------------+------------------+---------------+----------------+
; Assignment Name                     ; Value                                  ; Default Value    ; Entity Name   ; Section Id     ;
+-------------------------------------+----------------------------------------+------------------+---------------+----------------+
; COMPILER_SIGNATURE_ID               ; 10995770589187.166352167003340         ; --               ; --            ; --             ;
; EDA_OUTPUT_DATA_FORMAT              ; Vhdl                                   ; --               ; --            ; eda_simulation ;
; EDA_SIMULATION_TOOL                 ; Questa Intel FPGA (VHDL)               ; <None>           ; --            ; --             ;
; MAX_CORE_JUNCTION_TEMP              ; 85                                     ; --               ; --            ; --             ;
; MIN_CORE_JUNCTION_TEMP              ; 0                                      ; --               ; --            ; --             ;
; MISC_FILE                           ; ../ROMS/6809/M6809_CAMELFORTH_ROM.cmp  ; --               ; --            ; --             ;
; NUM_PARALLEL_PROCESSORS             ; 4                                      ; --               ; --            ; --             ;
; OPTIMIZE_HOLD_TIMING                ; IO Paths and Minimum TPD Paths         ; All Paths        ; --            ; --             ;
; OUTPUT_IO_TIMING_FAR_END_VMEAS      ; Half Signal Swing                      ; --               ; --            ; --             ;
; OUTPUT_IO_TIMING_FAR_END_VMEAS      ; Half Signal Swing                      ; --               ; --            ; --             ;
; OUTPUT_IO_TIMING_NEAR_END_VMEAS     ; Half Vccio                             ; --               ; --            ; --             ;
; OUTPUT_IO_TIMING_NEAR_END_VMEAS     ; Half Vccio                             ; --               ; --            ; --             ;
; PARTITION_COLOR                     ; -- (Not supported for targeted family) ; --               ; Microcomputer ; Top            ;
; PARTITION_FITTER_PRESERVATION_LEVEL ; -- (Not supported for targeted family) ; --               ; Microcomputer ; Top            ;
; PARTITION_NETLIST_TYPE              ; -- (Not supported for targeted family) ; --               ; Microcomputer ; Top            ;
; POWER_BOARD_THERMAL_MODEL           ; None (CONSERVATIVE)                    ; --               ; --            ; --             ;
; POWER_PRESET_COOLING_SOLUTION       ; 23 MM HEAT SINK WITH 200 LFPM AIRFLOW  ; --               ; --            ; --             ;
; PROJECT_OUTPUT_DIRECTORY            ; output_files                           ; --               ; --            ; --             ;
; SMART_RECOMPILE                     ; On                                     ; Off              ; --            ; --             ;
; TOP_LEVEL_ENTITY                    ; Microcomputer                          ; MicrocomputerPCB ; --            ; --             ;
; VHDL_SHOW_LMF_MAPPING_MESSAGES      ; Off                                    ; --               ; --            ; --             ;
+-------------------------------------+----------------------------------------+------------------+---------------+----------------+


+--------------------------------------------------------------------------------------------------------------------------+
; Flow Elapsed Time                                                                                                        ;
+----------------------+--------------+-------------------------+---------------------+------------------------------------+
; Module Name          ; Elapsed Time ; Average Processors Used ; Peak Virtual Memory ; Total CPU Time (on all processors) ;
+----------------------+--------------+-------------------------+---------------------+------------------------------------+
; Analysis & Synthesis ; 00:00:37     ; 1.0                     ; 4907 MB             ; 00:00:59                           ;
; Fitter               ; 00:00:29     ; 1.2                     ; 5519 MB             ; 00:00:47                           ;
; Assembler            ; 00:00:02     ; 1.0                     ; 4720 MB             ; 00:00:02                           ;
; Timing Analyzer      ; 00:00:04     ; 1.5                     ; 4831 MB             ; 00:00:06                           ;
; EDA Netlist Writer   ; 00:00:02     ; 1.0                     ; 4722 MB             ; 00:00:02                           ;
; Fitter               ; 00:00:29     ; 1.2                     ; 5515 MB             ; 00:00:47                           ;
; Assembler            ; 00:00:01     ; 1.0                     ; 4721 MB             ; 00:00:02                           ;
; Timing Analyzer      ; 00:00:04     ; 1.4                     ; 4836 MB             ; 00:00:06                           ;
; EDA Netlist Writer   ; 00:00:02     ; 1.0                     ; 4722 MB             ; 00:00:02                           ;
; Total                ; 00:01:50     ; --                      ; --                  ; 00:02:53                           ;
+----------------------+--------------+-------------------------+---------------------+------------------------------------+


+------------------------------------------------------------------------------------+
; Flow OS Summary                                                                    ;
+----------------------+------------------+------------+------------+----------------+
; Module Name          ; Machine Hostname ; OS Name    ; OS Version ; Processor type ;
+----------------------+------------------+------------+------------+----------------+
; Analysis & Synthesis ; DESKTOP-2UF8LNB  ; Windows 10 ; 10.0       ; x86_64         ;
; Fitter               ; DESKTOP-2UF8LNB  ; Windows 10 ; 10.0       ; x86_64         ;
; Assembler            ; DESKTOP-2UF8LNB  ; Windows 10 ; 10.0       ; x86_64         ;
; Timing Analyzer      ; DESKTOP-2UF8LNB  ; Windows 10 ; 10.0       ; x86_64         ;
; EDA Netlist Writer   ; DESKTOP-2UF8LNB  ; Windows 10 ; 10.0       ; x86_64         ;
; Fitter               ; DESKTOP-2UF8LNB  ; Windows 10 ; 10.0       ; x86_64         ;
; Assembler            ; DESKTOP-2UF8LNB  ; Windows 10 ; 10.0       ; x86_64         ;
; Timing Analyzer      ; DESKTOP-2UF8LNB  ; Windows 10 ; 10.0       ; x86_64         ;
; EDA Netlist Writer   ; DESKTOP-2UF8LNB  ; Windows 10 ; 10.0       ; x86_64         ;
+----------------------+------------------+------------+------------+----------------+


------------
; Flow Log ;
------------
quartus_map --read_settings_files=on --write_settings_files=off MicrocomputerPCB -c MicrocomputerPCB
quartus_fit --read_settings_files=off --write_settings_files=off MicrocomputerPCB -c MicrocomputerPCB
quartus_asm --read_settings_files=off --write_settings_files=off MicrocomputerPCB -c MicrocomputerPCB
quartus_sta MicrocomputerPCB -c MicrocomputerPCB
quartus_eda --read_settings_files=off --write_settings_files=off MicrocomputerPCB -c MicrocomputerPCB
quartus_fit --read_settings_files=on --write_settings_files=off MicrocomputerPCB -c MicrocomputerPCB
quartus_asm --read_settings_files=off --write_settings_files=off MicrocomputerPCB -c MicrocomputerPCB
quartus_sta MicrocomputerPCB -c MicrocomputerPCB
quartus_eda --read_settings_files=off --write_settings_files=off MicrocomputerPCB -c MicrocomputerPCB



