MIF/HEX Update report for Microcomputer
Sat Jan 21 09:17:11 2017
Quartus II 64-Bit Version 13.0.1 Build 232 06/12/2013 Service Pack 1 SJ Web Edition


---------------------
; Table of Contents ;
---------------------
  1. Legal Notice
  2. MIF/HEX Update Summary
  3. MIF/HEX Update Processed Files
  4. MIF/HEX Update Messages



----------------
; Legal Notice ;
----------------
Copyright (C) 1991-2013 Altera Corporation
Your use of Altera Corporation's design tools, logic functions 
and other software and tools, and its AMPP partner logic 
functions, and any output files from any of the foregoing 
(including device programming or simulation files), and any 
associated documentation or information are expressly subject 
to the terms and conditions of the Altera Program License 
Subscription Agreement, Altera MegaCore Function License 
Agreement, or other applicable license agreement, including, 
without limitation, that your use is for the sole purpose of 
programming logic devices manufactured by Altera and sold by 
Altera or its authorized distributors.  Please refer to the 
applicable agreement for further details.



+---------------------------------------------------------------+
; MIF/HEX Update Summary                                        ;
+-----------------------+---------------------------------------+
; MIF/HEX Update Status ; Successful - Sat Jan 21 09:17:11 2017 ;
; Revision Name         ; Microcomputer                         ;
; Top-level Entity Name ; Microcomputer                         ;
; Family                ; Cyclone II                            ;
; Device                ; EP2C5T144C8                           ;
+-----------------------+---------------------------------------+


+------------------------------------------------------------------------------------------------------+
; MIF/HEX Update Processed Files                                                                       ;
+------------------------------------------------------------------------------------------------------+
; File Name                                                                                            ;
+------------------------------------------------------------------------------------------------------+
; C:/Users/doug_000/Documents/GitHub/MultiComp/M6809_41KRAM/Components/TERMINAL/CGAFontBoldReduced.HEX ;
; C:/Users/doug_000/Documents/GitHub/MultiComp/M6809_41KRAM/ROMS/6809/EXT_BASIC_NO_USING.hex           ;
+------------------------------------------------------------------------------------------------------+


+-------------------------+
; MIF/HEX Update Messages ;
+-------------------------+
Info: *******************************************************************
Info: Running Quartus II 64-Bit MIF/HEX Update
    Info: Version 13.0.1 Build 232 06/12/2013 Service Pack 1 SJ Web Edition
    Info: Processing started: Sat Jan 21 09:17:09 2017
Info: Command: quartus_cdb M6809_41KRAM -c Microcomputer --update_mif
Warning (113007): Byte addressed memory initialization file "EXT_BASIC_NO_USING.hex" was read in the word-addressed format
Warning (113015): Width of data items in "EXT_BASIC_NO_USING.hex" is greater than the memory width. Wrapping data items to subsequent addresses. Found 256 warnings, reporting 10
    Warning (113009): Data at line (1) of memory initialization file "EXT_BASIC_NO_USING.hex" is too wide to fit in one memory word. Wrapping data to subsequent addresses.
    Warning (113009): Data at line (2) of memory initialization file "EXT_BASIC_NO_USING.hex" is too wide to fit in one memory word. Wrapping data to subsequent addresses.
    Warning (113009): Data at line (3) of memory initialization file "EXT_BASIC_NO_USING.hex" is too wide to fit in one memory word. Wrapping data to subsequent addresses.
    Warning (113009): Data at line (4) of memory initialization file "EXT_BASIC_NO_USING.hex" is too wide to fit in one memory word. Wrapping data to subsequent addresses.
    Warning (113009): Data at line (5) of memory initialization file "EXT_BASIC_NO_USING.hex" is too wide to fit in one memory word. Wrapping data to subsequent addresses.
    Warning (113009): Data at line (6) of memory initialization file "EXT_BASIC_NO_USING.hex" is too wide to fit in one memory word. Wrapping data to subsequent addresses.
    Warning (113009): Data at line (7) of memory initialization file "EXT_BASIC_NO_USING.hex" is too wide to fit in one memory word. Wrapping data to subsequent addresses.
    Warning (113009): Data at line (8) of memory initialization file "EXT_BASIC_NO_USING.hex" is too wide to fit in one memory word. Wrapping data to subsequent addresses.
    Warning (113009): Data at line (9) of memory initialization file "EXT_BASIC_NO_USING.hex" is too wide to fit in one memory word. Wrapping data to subsequent addresses.
    Warning (113009): Data at line (10) of memory initialization file "EXT_BASIC_NO_USING.hex" is too wide to fit in one memory word. Wrapping data to subsequent addresses.
Warning (113007): Byte addressed memory initialization file "CGAFontBoldReduced.HEX" was read in the word-addressed format
Warning (113015): Width of data items in "CGAFontBoldReduced.HEX" is greater than the memory width. Wrapping data items to subsequent addresses. Found 32 warnings, reporting 10
    Warning (113009): Data at line (1) of memory initialization file "CGAFontBoldReduced.HEX" is too wide to fit in one memory word. Wrapping data to subsequent addresses.
    Warning (113009): Data at line (2) of memory initialization file "CGAFontBoldReduced.HEX" is too wide to fit in one memory word. Wrapping data to subsequent addresses.
    Warning (113009): Data at line (3) of memory initialization file "CGAFontBoldReduced.HEX" is too wide to fit in one memory word. Wrapping data to subsequent addresses.
    Warning (113009): Data at line (4) of memory initialization file "CGAFontBoldReduced.HEX" is too wide to fit in one memory word. Wrapping data to subsequent addresses.
    Warning (113009): Data at line (5) of memory initialization file "CGAFontBoldReduced.HEX" is too wide to fit in one memory word. Wrapping data to subsequent addresses.
    Warning (113009): Data at line (6) of memory initialization file "CGAFontBoldReduced.HEX" is too wide to fit in one memory word. Wrapping data to subsequent addresses.
    Warning (113009): Data at line (7) of memory initialization file "CGAFontBoldReduced.HEX" is too wide to fit in one memory word. Wrapping data to subsequent addresses.
    Warning (113009): Data at line (8) of memory initialization file "CGAFontBoldReduced.HEX" is too wide to fit in one memory word. Wrapping data to subsequent addresses.
    Warning (113009): Data at line (9) of memory initialization file "CGAFontBoldReduced.HEX" is too wide to fit in one memory word. Wrapping data to subsequent addresses.
    Warning (113009): Data at line (10) of memory initialization file "CGAFontBoldReduced.HEX" is too wide to fit in one memory word. Wrapping data to subsequent addresses.
Info (39024): Processed the following Memory Initialization File(s)
    Info (39025): Processed Memory Initialization File C:/Users/doug_000/Documents/GitHub/MultiComp/M6809_41KRAM/Components/TERMINAL/CGAFontBoldReduced.HEX
    Info (39025): Processed Memory Initialization File C:/Users/doug_000/Documents/GitHub/MultiComp/M6809_41KRAM/ROMS/6809/EXT_BASIC_NO_USING.hex
Info: Quartus II 64-Bit MIF/HEX Update was successful. 0 errors, 24 warnings
    Info: Peak virtual memory: 485 megabytes
    Info: Processing ended: Sat Jan 21 09:17:11 2017
    Info: Elapsed time: 00:00:02
    Info: Total CPU time (on all processors): 00:00:02


