MIF/HEX Update report for M6800_MIKBUG
Tue Jun 01 08:31:07 2021
Quartus Prime Version 20.1.0 Build 711 06/05/2020 SJ Lite Edition


---------------------
; Table of Contents ;
---------------------
  1. Legal Notice
  2. MIF/HEX Update Summary
  3. MIF/HEX Update Processed Files
  4. MIF/HEX Update Messages



----------------
; Legal Notice ;
----------------
Copyright (C) 2020  Intel Corporation. All rights reserved.
Your use of Intel Corporation's design tools, logic functions 
and other software and tools, and any partner logic 
functions, and any output files from any of the foregoing 
(including device programming or simulation files), and any 
associated documentation or information are expressly subject 
to the terms and conditions of the Intel Program License 
Subscription Agreement, the Intel Quartus Prime License Agreement,
the Intel FPGA IP License Agreement, or other applicable license
agreement, including, without limitation, that your use is for
the sole purpose of programming logic devices manufactured by
Intel and sold by Intel or its authorized distributors.  Please
refer to the applicable agreement for further details, at
https://fpgasoftware.intel.com/eula.



+---------------------------------------------------------------+
; MIF/HEX Update Summary                                        ;
+-----------------------+---------------------------------------+
; MIF/HEX Update Status ; Successful - Tue Jun 01 08:31:07 2021 ;
; Revision Name         ; M6800_MIKBUG                          ;
; Top-level Entity Name ; M6800_MIKBUG                          ;
; Family                ; Cyclone IV E                          ;
; Device                ; EP4CE15F23C8                          ;
+-----------------------+---------------------------------------+


+--------------------------------------------------------------------------------------------------------------------------------+
; MIF/HEX Update Processed Files                                                                                                 ;
+--------------------------------------------------------------------------------------------------------------------------------+
; File Name                                                                                                                      ;
+--------------------------------------------------------------------------------------------------------------------------------+
; C:/Users/HPz420/Documents/GitHub/Doug Gilliland/MultiComp/MultiComp (VHDL Template)/Components/ROMs/MIKBUG_6800/DGG_MIKBUG.hex ;
; C:/Users/HPz420/Documents/GitHub/Doug Gilliland/MultiComp/MultiComp (VHDL Template)/Components/TERMINAL/SansFontBold.HEX       ;
+--------------------------------------------------------------------------------------------------------------------------------+


+-------------------------+
; MIF/HEX Update Messages ;
+-------------------------+
Info: *******************************************************************
Info: Running Quartus Prime MIF/HEX Update
    Info: Version 20.1.0 Build 711 06/05/2020 SJ Lite Edition
    Info: Processing started: Tue Jun 01 08:31:06 2021
Info: Command: quartus_cdb M6800_MIKBUG -c M6800_MIKBUG --update_mif
Warning (113015): Width of data items in "SansFontBold.HEX" is greater than the memory width. Wrapping data items to subsequent addresses. Found 64 warnings, reporting 10 File: C:/Users/HPz420/Documents/GitHub/Doug Gilliland/MultiComp/MultiComp (VHDL Template)/Components/TERMINAL/SansFontBold.HEX Line: 1
    Warning (113009): Data at line (1) of memory initialization file "SansFontBold.HEX" is too wide to fit in one memory word. Wrapping data to subsequent addresses. File: C:/Users/HPz420/Documents/GitHub/Doug Gilliland/MultiComp/MultiComp (VHDL Template)/Components/TERMINAL/SansFontBold.HEX Line: 1
    Warning (113009): Data at line (2) of memory initialization file "SansFontBold.HEX" is too wide to fit in one memory word. Wrapping data to subsequent addresses. File: C:/Users/HPz420/Documents/GitHub/Doug Gilliland/MultiComp/MultiComp (VHDL Template)/Components/TERMINAL/SansFontBold.HEX Line: 2
    Warning (113009): Data at line (3) of memory initialization file "SansFontBold.HEX" is too wide to fit in one memory word. Wrapping data to subsequent addresses. File: C:/Users/HPz420/Documents/GitHub/Doug Gilliland/MultiComp/MultiComp (VHDL Template)/Components/TERMINAL/SansFontBold.HEX Line: 3
    Warning (113009): Data at line (4) of memory initialization file "SansFontBold.HEX" is too wide to fit in one memory word. Wrapping data to subsequent addresses. File: C:/Users/HPz420/Documents/GitHub/Doug Gilliland/MultiComp/MultiComp (VHDL Template)/Components/TERMINAL/SansFontBold.HEX Line: 4
    Warning (113009): Data at line (5) of memory initialization file "SansFontBold.HEX" is too wide to fit in one memory word. Wrapping data to subsequent addresses. File: C:/Users/HPz420/Documents/GitHub/Doug Gilliland/MultiComp/MultiComp (VHDL Template)/Components/TERMINAL/SansFontBold.HEX Line: 5
    Warning (113009): Data at line (6) of memory initialization file "SansFontBold.HEX" is too wide to fit in one memory word. Wrapping data to subsequent addresses. File: C:/Users/HPz420/Documents/GitHub/Doug Gilliland/MultiComp/MultiComp (VHDL Template)/Components/TERMINAL/SansFontBold.HEX Line: 6
    Warning (113009): Data at line (7) of memory initialization file "SansFontBold.HEX" is too wide to fit in one memory word. Wrapping data to subsequent addresses. File: C:/Users/HPz420/Documents/GitHub/Doug Gilliland/MultiComp/MultiComp (VHDL Template)/Components/TERMINAL/SansFontBold.HEX Line: 7
    Warning (113009): Data at line (8) of memory initialization file "SansFontBold.HEX" is too wide to fit in one memory word. Wrapping data to subsequent addresses. File: C:/Users/HPz420/Documents/GitHub/Doug Gilliland/MultiComp/MultiComp (VHDL Template)/Components/TERMINAL/SansFontBold.HEX Line: 8
    Warning (113009): Data at line (9) of memory initialization file "SansFontBold.HEX" is too wide to fit in one memory word. Wrapping data to subsequent addresses. File: C:/Users/HPz420/Documents/GitHub/Doug Gilliland/MultiComp/MultiComp (VHDL Template)/Components/TERMINAL/SansFontBold.HEX Line: 9
    Warning (113009): Data at line (10) of memory initialization file "SansFontBold.HEX" is too wide to fit in one memory word. Wrapping data to subsequent addresses. File: C:/Users/HPz420/Documents/GitHub/Doug Gilliland/MultiComp/MultiComp (VHDL Template)/Components/TERMINAL/SansFontBold.HEX Line: 10
Warning (113015): Width of data items in "DGG_MIKBUG.hex" is greater than the memory width. Wrapping data items to subsequent addresses. Found 72 warnings, reporting 10 File: C:/Users/HPz420/Documents/GitHub/Doug Gilliland/MultiComp/MultiComp (VHDL Template)/Components/ROMs/MIKBUG_6800/DGG_MIKBUG.hex Line: 1
    Warning (113009): Data at line (2) of memory initialization file "DGG_MIKBUG.hex" is too wide to fit in one memory word. Wrapping data to subsequent addresses. File: C:/Users/HPz420/Documents/GitHub/Doug Gilliland/MultiComp/MultiComp (VHDL Template)/Components/ROMs/MIKBUG_6800/DGG_MIKBUG.hex Line: 2
    Warning (113009): Data at line (3) of memory initialization file "DGG_MIKBUG.hex" is too wide to fit in one memory word. Wrapping data to subsequent addresses. File: C:/Users/HPz420/Documents/GitHub/Doug Gilliland/MultiComp/MultiComp (VHDL Template)/Components/ROMs/MIKBUG_6800/DGG_MIKBUG.hex Line: 3
    Warning (113009): Data at line (4) of memory initialization file "DGG_MIKBUG.hex" is too wide to fit in one memory word. Wrapping data to subsequent addresses. File: C:/Users/HPz420/Documents/GitHub/Doug Gilliland/MultiComp/MultiComp (VHDL Template)/Components/ROMs/MIKBUG_6800/DGG_MIKBUG.hex Line: 4
    Warning (113009): Data at line (5) of memory initialization file "DGG_MIKBUG.hex" is too wide to fit in one memory word. Wrapping data to subsequent addresses. File: C:/Users/HPz420/Documents/GitHub/Doug Gilliland/MultiComp/MultiComp (VHDL Template)/Components/ROMs/MIKBUG_6800/DGG_MIKBUG.hex Line: 5
    Warning (113009): Data at line (6) of memory initialization file "DGG_MIKBUG.hex" is too wide to fit in one memory word. Wrapping data to subsequent addresses. File: C:/Users/HPz420/Documents/GitHub/Doug Gilliland/MultiComp/MultiComp (VHDL Template)/Components/ROMs/MIKBUG_6800/DGG_MIKBUG.hex Line: 6
    Warning (113009): Data at line (7) of memory initialization file "DGG_MIKBUG.hex" is too wide to fit in one memory word. Wrapping data to subsequent addresses. File: C:/Users/HPz420/Documents/GitHub/Doug Gilliland/MultiComp/MultiComp (VHDL Template)/Components/ROMs/MIKBUG_6800/DGG_MIKBUG.hex Line: 7
    Warning (113009): Data at line (8) of memory initialization file "DGG_MIKBUG.hex" is too wide to fit in one memory word. Wrapping data to subsequent addresses. File: C:/Users/HPz420/Documents/GitHub/Doug Gilliland/MultiComp/MultiComp (VHDL Template)/Components/ROMs/MIKBUG_6800/DGG_MIKBUG.hex Line: 8
    Warning (113009): Data at line (9) of memory initialization file "DGG_MIKBUG.hex" is too wide to fit in one memory word. Wrapping data to subsequent addresses. File: C:/Users/HPz420/Documents/GitHub/Doug Gilliland/MultiComp/MultiComp (VHDL Template)/Components/ROMs/MIKBUG_6800/DGG_MIKBUG.hex Line: 9
    Warning (113009): Data at line (10) of memory initialization file "DGG_MIKBUG.hex" is too wide to fit in one memory word. Wrapping data to subsequent addresses. File: C:/Users/HPz420/Documents/GitHub/Doug Gilliland/MultiComp/MultiComp (VHDL Template)/Components/ROMs/MIKBUG_6800/DGG_MIKBUG.hex Line: 10
    Warning (113009): Data at line (11) of memory initialization file "DGG_MIKBUG.hex" is too wide to fit in one memory word. Wrapping data to subsequent addresses. File: C:/Users/HPz420/Documents/GitHub/Doug Gilliland/MultiComp/MultiComp (VHDL Template)/Components/ROMs/MIKBUG_6800/DGG_MIKBUG.hex Line: 11
Warning (12311): Hexadecimal (Intel-Format) File contains an unsupported record type at "DGG_MIKBUG.hex" line 74. Saving the file will discard the unsupported record File: C:/Users/HPz420/Documents/GitHub/Doug Gilliland/MultiComp/MultiComp (VHDL Template)/Components/ROMs/MIKBUG_6800/DGG_MIKBUG.hex Line: 74
Info (39024): Processed the following Memory Initialization File(s)
    Info (39025): Processed Memory Initialization File C:/Users/HPz420/Documents/GitHub/Doug Gilliland/MultiComp/MultiComp (VHDL Template)/Components/ROMs/MIKBUG_6800/DGG_MIKBUG.hex File: C:/Users/HPz420/Documents/GitHub/Doug Gilliland/MultiComp/MultiComp (VHDL Template)/Components/ROMs/MIKBUG_6800/DGG_MIKBUG.hex Line: 0
    Info (39025): Processed Memory Initialization File C:/Users/HPz420/Documents/GitHub/Doug Gilliland/MultiComp/MultiComp (VHDL Template)/Components/TERMINAL/SansFontBold.HEX File: C:/Users/HPz420/Documents/GitHub/Doug Gilliland/MultiComp/MultiComp (VHDL Template)/Components/TERMINAL/SansFontBold.HEX Line: 0
Info: Quartus Prime MIF/HEX Update was successful. 0 errors, 23 warnings
    Info: Peak virtual memory: 4709 megabytes
    Info: Processing ended: Tue Jun 01 08:31:07 2021
    Info: Elapsed time: 00:00:01
    Info: Total CPU time (on all processors): 00:00:01


