MIF/HEX Update report for TS2_68000
Sat Jul 04 19:01:57 2020
Quartus Prime Version 18.1.0 Build 625 09/12/2018 SJ Lite Edition


---------------------
; Table of Contents ;
---------------------
  1. Legal Notice
  2. MIF/HEX Update Summary
  3. MIF/HEX Update Processed Files
  4. MIF/HEX Update Messages



----------------
; Legal Notice ;
----------------
Copyright (C) 2018  Intel Corporation. All rights reserved.
Your use of Intel Corporation's design tools, logic functions 
and other software and tools, and its AMPP partner logic 
functions, and any output files from any of the foregoing 
(including device programming or simulation files), and any 
associated documentation or information are expressly subject 
to the terms and conditions of the Intel Program License 
Subscription Agreement, the Intel Quartus Prime License Agreement,
the Intel FPGA IP License Agreement, or other applicable license
agreement, including, without limitation, that your use is for
the sole purpose of programming logic devices manufactured by
Intel and sold by Intel or its authorized distributors.  Please
refer to the applicable agreement for further details.



+---------------------------------------------------------------+
; MIF/HEX Update Summary                                        ;
+-----------------------+---------------------------------------+
; MIF/HEX Update Status ; Successful - Sat Jul 04 19:01:57 2020 ;
; Revision Name         ; TS2_68000                             ;
; Top-level Entity Name ; TS2_68000_Top                         ;
; Family                ; Cyclone IV E                          ;
; Device                ; EP4CE15F23C8                          ;
+-----------------------+---------------------------------------+


+--------------------------------------------------------------------------------------------------------------------------+
; MIF/HEX Update Processed Files                                                                                           ;
+--------------------------------------------------------------------------------------------------------------------------+
; File Name                                                                                                                ;
+--------------------------------------------------------------------------------------------------------------------------+
; C:/Users/HPz420/Documents/GitHub/Doug Gilliland/MultiComp/MultiComp (VHDL Template)/Components/TERMINAL/SansFontBold.HEX ;
; C:/Users/HPz420/Documents/GitHub/Doug Gilliland/MultiComp/MultiComp_On_RETRO-EP4CE15/TS2_68000/Components/Monitor.hex    ;
+--------------------------------------------------------------------------------------------------------------------------+


+-------------------------+
; MIF/HEX Update Messages ;
+-------------------------+
Info: *******************************************************************
Info: Running Quartus Prime MIF/HEX Update
    Info: Version 18.1.0 Build 625 09/12/2018 SJ Lite Edition
    Info: Processing started: Sat Jul 04 19:01:55 2020
Info: Command: quartus_cdb TS2_68000 -c TS2_68000 --update_mif
Warning (113015): Width of data items in "SansFontBold.HEX" is greater than the memory width. Wrapping data items to subsequent addresses. Found 64 warnings, reporting 10 File: C:/Users/HPz420/Documents/GitHub/Doug Gilliland/MultiComp/MultiComp (VHDL Template)/Components/TERMINAL/SansFontBold.HEX Line: 1
    Warning (113009): Data at line (1) of memory initialization file "SansFontBold.HEX" is too wide to fit in one memory word. Wrapping data to subsequent addresses. File: C:/Users/HPz420/Documents/GitHub/Doug Gilliland/MultiComp/MultiComp (VHDL Template)/Components/TERMINAL/SansFontBold.HEX Line: 1
    Warning (113009): Data at line (2) of memory initialization file "SansFontBold.HEX" is too wide to fit in one memory word. Wrapping data to subsequent addresses. File: C:/Users/HPz420/Documents/GitHub/Doug Gilliland/MultiComp/MultiComp (VHDL Template)/Components/TERMINAL/SansFontBold.HEX Line: 2
    Warning (113009): Data at line (3) of memory initialization file "SansFontBold.HEX" is too wide to fit in one memory word. Wrapping data to subsequent addresses. File: C:/Users/HPz420/Documents/GitHub/Doug Gilliland/MultiComp/MultiComp (VHDL Template)/Components/TERMINAL/SansFontBold.HEX Line: 3
    Warning (113009): Data at line (4) of memory initialization file "SansFontBold.HEX" is too wide to fit in one memory word. Wrapping data to subsequent addresses. File: C:/Users/HPz420/Documents/GitHub/Doug Gilliland/MultiComp/MultiComp (VHDL Template)/Components/TERMINAL/SansFontBold.HEX Line: 4
    Warning (113009): Data at line (5) of memory initialization file "SansFontBold.HEX" is too wide to fit in one memory word. Wrapping data to subsequent addresses. File: C:/Users/HPz420/Documents/GitHub/Doug Gilliland/MultiComp/MultiComp (VHDL Template)/Components/TERMINAL/SansFontBold.HEX Line: 5
    Warning (113009): Data at line (6) of memory initialization file "SansFontBold.HEX" is too wide to fit in one memory word. Wrapping data to subsequent addresses. File: C:/Users/HPz420/Documents/GitHub/Doug Gilliland/MultiComp/MultiComp (VHDL Template)/Components/TERMINAL/SansFontBold.HEX Line: 6
    Warning (113009): Data at line (7) of memory initialization file "SansFontBold.HEX" is too wide to fit in one memory word. Wrapping data to subsequent addresses. File: C:/Users/HPz420/Documents/GitHub/Doug Gilliland/MultiComp/MultiComp (VHDL Template)/Components/TERMINAL/SansFontBold.HEX Line: 7
    Warning (113009): Data at line (8) of memory initialization file "SansFontBold.HEX" is too wide to fit in one memory word. Wrapping data to subsequent addresses. File: C:/Users/HPz420/Documents/GitHub/Doug Gilliland/MultiComp/MultiComp (VHDL Template)/Components/TERMINAL/SansFontBold.HEX Line: 8
    Warning (113009): Data at line (9) of memory initialization file "SansFontBold.HEX" is too wide to fit in one memory word. Wrapping data to subsequent addresses. File: C:/Users/HPz420/Documents/GitHub/Doug Gilliland/MultiComp/MultiComp (VHDL Template)/Components/TERMINAL/SansFontBold.HEX Line: 9
    Warning (113009): Data at line (10) of memory initialization file "SansFontBold.HEX" is too wide to fit in one memory word. Wrapping data to subsequent addresses. File: C:/Users/HPz420/Documents/GitHub/Doug Gilliland/MultiComp/MultiComp (VHDL Template)/Components/TERMINAL/SansFontBold.HEX Line: 10
Warning (113007): Byte addressed memory initialization file "Monitor.hex" was read in the word-addressed format File: C:/Users/HPz420/Documents/GitHub/Doug Gilliland/MultiComp/MultiComp_On_RETRO-EP4CE15/TS2_68000/Components/Monitor.hex Line: 1
Warning (113015): Width of data items in "Monitor.hex" is greater than the memory width. Wrapping data items to subsequent addresses. Found 512 warnings, reporting 10 File: C:/Users/HPz420/Documents/GitHub/Doug Gilliland/MultiComp/MultiComp_On_RETRO-EP4CE15/TS2_68000/Components/Monitor.hex Line: 1
    Warning (113009): Data at line (2) of memory initialization file "Monitor.hex" is too wide to fit in one memory word. Wrapping data to subsequent addresses. File: C:/Users/HPz420/Documents/GitHub/Doug Gilliland/MultiComp/MultiComp_On_RETRO-EP4CE15/TS2_68000/Components/Monitor.hex Line: 2
    Warning (113009): Data at line (3) of memory initialization file "Monitor.hex" is too wide to fit in one memory word. Wrapping data to subsequent addresses. File: C:/Users/HPz420/Documents/GitHub/Doug Gilliland/MultiComp/MultiComp_On_RETRO-EP4CE15/TS2_68000/Components/Monitor.hex Line: 3
    Warning (113009): Data at line (4) of memory initialization file "Monitor.hex" is too wide to fit in one memory word. Wrapping data to subsequent addresses. File: C:/Users/HPz420/Documents/GitHub/Doug Gilliland/MultiComp/MultiComp_On_RETRO-EP4CE15/TS2_68000/Components/Monitor.hex Line: 4
    Warning (113009): Data at line (5) of memory initialization file "Monitor.hex" is too wide to fit in one memory word. Wrapping data to subsequent addresses. File: C:/Users/HPz420/Documents/GitHub/Doug Gilliland/MultiComp/MultiComp_On_RETRO-EP4CE15/TS2_68000/Components/Monitor.hex Line: 5
    Warning (113009): Data at line (6) of memory initialization file "Monitor.hex" is too wide to fit in one memory word. Wrapping data to subsequent addresses. File: C:/Users/HPz420/Documents/GitHub/Doug Gilliland/MultiComp/MultiComp_On_RETRO-EP4CE15/TS2_68000/Components/Monitor.hex Line: 6
    Warning (113009): Data at line (7) of memory initialization file "Monitor.hex" is too wide to fit in one memory word. Wrapping data to subsequent addresses. File: C:/Users/HPz420/Documents/GitHub/Doug Gilliland/MultiComp/MultiComp_On_RETRO-EP4CE15/TS2_68000/Components/Monitor.hex Line: 7
    Warning (113009): Data at line (8) of memory initialization file "Monitor.hex" is too wide to fit in one memory word. Wrapping data to subsequent addresses. File: C:/Users/HPz420/Documents/GitHub/Doug Gilliland/MultiComp/MultiComp_On_RETRO-EP4CE15/TS2_68000/Components/Monitor.hex Line: 8
    Warning (113009): Data at line (9) of memory initialization file "Monitor.hex" is too wide to fit in one memory word. Wrapping data to subsequent addresses. File: C:/Users/HPz420/Documents/GitHub/Doug Gilliland/MultiComp/MultiComp_On_RETRO-EP4CE15/TS2_68000/Components/Monitor.hex Line: 9
    Warning (113009): Data at line (10) of memory initialization file "Monitor.hex" is too wide to fit in one memory word. Wrapping data to subsequent addresses. File: C:/Users/HPz420/Documents/GitHub/Doug Gilliland/MultiComp/MultiComp_On_RETRO-EP4CE15/TS2_68000/Components/Monitor.hex Line: 10
    Warning (113009): Data at line (11) of memory initialization file "Monitor.hex" is too wide to fit in one memory word. Wrapping data to subsequent addresses. File: C:/Users/HPz420/Documents/GitHub/Doug Gilliland/MultiComp/MultiComp_On_RETRO-EP4CE15/TS2_68000/Components/Monitor.hex Line: 11
Critical Warning (127004): Memory depth (2048) in the design file differs from memory depth (16368) in the Memory Initialization File "C:/Users/HPz420/Documents/GitHub/Doug Gilliland/MultiComp/MultiComp_On_RETRO-EP4CE15/TS2_68000/Components/Monitor.hex" -- truncated remaining initial content value to fit RAM
Info (39024): Processed the following Memory Initialization File(s)
    Info (39025): Processed Memory Initialization File C:/Users/HPz420/Documents/GitHub/Doug Gilliland/MultiComp/MultiComp (VHDL Template)/Components/TERMINAL/SansFontBold.HEX File: C:/Users/HPz420/Documents/GitHub/Doug Gilliland/MultiComp/MultiComp (VHDL Template)/Components/TERMINAL/SansFontBold.HEX Line: 0
    Info (39025): Processed Memory Initialization File C:/Users/HPz420/Documents/GitHub/Doug Gilliland/MultiComp/MultiComp_On_RETRO-EP4CE15/TS2_68000/Components/Monitor.hex File: C:/Users/HPz420/Documents/GitHub/Doug Gilliland/MultiComp/MultiComp_On_RETRO-EP4CE15/TS2_68000/Components/Monitor.hex Line: 0
Info: Quartus Prime MIF/HEX Update was successful. 0 errors, 24 warnings
    Info: Peak virtual memory: 4729 megabytes
    Info: Processing ended: Sat Jul 04 19:01:57 2020
    Info: Elapsed time: 00:00:02
    Info: Total CPU time (on all processors): 00:00:02


