Flow report for TS2_68000
Wed Jul 08 06:38:03 2020
Quartus Prime Version 18.1.0 Build 625 09/12/2018 SJ Lite Edition


---------------------
; Table of Contents ;
---------------------
  1. Legal Notice
  2. Flow Summary
  3. Flow Settings
  4. Flow Non-Default Global Settings
  5. Flow Elapsed Time
  6. Flow OS Summary
  7. Flow Log
  8. Flow Messages
  9. Flow Suppressed Messages



----------------
; Legal Notice ;
----------------
Copyright (C) 2018  Intel Corporation. All rights reserved.
Your use of Intel Corporation's design tools, logic functions 
and other software and tools, and its AMPP partner logic 
functions, and any output files from any of the foregoing 
(including device programming or simulation files), and any 
associated documentation or information are expressly subject 
to the terms and conditions of the Intel Program License 
Subscription Agreement, the Intel Quartus Prime License Agreement,
the Intel FPGA IP License Agreement, or other applicable license
agreement, including, without limitation, that your use is for
the sole purpose of programming logic devices manufactured by
Intel and sold by Intel or its authorized distributors.  Please
refer to the applicable agreement for further details.



+----------------------------------------------------------------------------------+
; Flow Summary                                                                     ;
+------------------------------------+---------------------------------------------+
; Flow Status                        ; Successful - Wed Jul 08 06:38:03 2020       ;
; Quartus Prime Version              ; 18.1.0 Build 625 09/12/2018 SJ Lite Edition ;
; Revision Name                      ; TS2_68000                                   ;
; Top-level Entity Name              ; TS2_68000_Top                               ;
; Family                             ; Cyclone IV E                                ;
; Device                             ; EP4CE15F23C8                                ;
; Timing Models                      ; Final                                       ;
; Total logic elements               ; 7,186 / 15,408 ( 47 % )                     ;
;     Total combinational functions  ; 6,720 / 15,408 ( 44 % )                     ;
;     Dedicated logic registers      ; 2,456 / 15,408 ( 16 % )                     ;
; Total registers                    ; 2456                                        ;
; Total pins                         ; 130 / 344 ( 38 % )                          ;
; Total virtual pins                 ; 0                                           ;
; Total memory bits                  ; 434,304 / 516,096 ( 84 % )                  ;
; Embedded Multiplier 9-bit elements ; 0 / 112 ( 0 % )                             ;
; Total PLLs                         ; 0 / 4 ( 0 % )                               ;
+------------------------------------+---------------------------------------------+


+-----------------------------------------+
; Flow Settings                           ;
+-------------------+---------------------+
; Option            ; Setting             ;
+-------------------+---------------------+
; Start date & time ; 07/08/2020 06:35:13 ;
; Main task         ; Compilation         ;
; Revision Name     ; TS2_68000           ;
+-------------------+---------------------+


+-------------------------------------------------------------------------------------------------------------------------------------------+
; Flow Non-Default Global Settings                                                                                                          ;
+-------------------------------------+--------------------------------------------------+---------------+---------------+------------------+
; Assignment Name                     ; Value                                            ; Default Value ; Entity Name   ; Section Id       ;
+-------------------------------------+--------------------------------------------------+---------------+---------------+------------------+
; COMPILER_SIGNATURE_ID               ; 10995770589188.159420451302396                   ; --            ; --            ; --               ;
; EDA_OUTPUT_DATA_FORMAT              ; Vhdl                                             ; --            ; --            ; eda_simulation   ;
; EDA_SIMULATION_TOOL                 ; ModelSim-Altera (VHDL)                           ; <None>        ; --            ; --               ;
; EDA_TIME_SCALE                      ; 1 ps                                             ; --            ; --            ; eda_simulation   ;
; ENABLE_SIGNALTAP                    ; On                                               ; --            ; --            ; --               ;
; MAX_CORE_JUNCTION_TEMP              ; 85                                               ; --            ; --            ; --               ;
; MIN_CORE_JUNCTION_TEMP              ; 0                                                ; --            ; --            ; --               ;
; MISC_FILE                           ; Components/Monitor_68K_ROM.cmp                   ; --            ; --            ; --               ;
; MISC_FILE                           ; Components/RAM_8Kx16.cmp                         ; --            ; --            ; --               ;
; NOMINAL_CORE_SUPPLY_VOLTAGE         ; 1.2V                                             ; --            ; --            ; --               ;
; NUM_PARALLEL_PROCESSORS             ; All                                              ; --            ; --            ; --               ;
; OUTPUT_IO_TIMING_FAR_END_VMEAS      ; Half Signal Swing                                ; --            ; --            ; --               ;
; OUTPUT_IO_TIMING_FAR_END_VMEAS      ; Half Signal Swing                                ; --            ; --            ; --               ;
; OUTPUT_IO_TIMING_NEAR_END_VMEAS     ; Half Vccio                                       ; --            ; --            ; --               ;
; OUTPUT_IO_TIMING_NEAR_END_VMEAS     ; Half Vccio                                       ; --            ; --            ; --               ;
; PARTITION_COLOR                     ; -- (Not supported for targeted family)           ; --            ; TS2_68000_Top ; Top              ;
; PARTITION_FITTER_PRESERVATION_LEVEL ; -- (Not supported for targeted family)           ; --            ; TS2_68000_Top ; Top              ;
; PARTITION_NETLIST_TYPE              ; -- (Not supported for targeted family)           ; --            ; TS2_68000_Top ; Top              ;
; POWER_BOARD_THERMAL_MODEL           ; None (CONSERVATIVE)                              ; --            ; --            ; --               ;
; POWER_PRESET_COOLING_SOLUTION       ; 23 MM HEAT SINK WITH 200 LFPM AIRFLOW            ; --            ; --            ; --               ;
; PROJECT_OUTPUT_DIRECTORY            ; output_files                                     ; --            ; --            ; --               ;
; SLD_FILE                            ; db/stp1_auto_stripped.stp                        ; --            ; --            ; --               ;
; SLD_NODE_CREATOR_ID                 ; 110                                              ; --            ; --            ; auto_signaltap_0 ;
; SLD_NODE_ENTITY_NAME                ; sld_signaltap                                    ; --            ; --            ; auto_signaltap_0 ;
; SLD_NODE_PARAMETER_ASSIGNMENT       ; SLD_RAM_BLOCK_TYPE=AUTO                          ; --            ; --            ; auto_signaltap_0 ;
; SLD_NODE_PARAMETER_ASSIGNMENT       ; SLD_TRIGGER_BITS=1                               ; --            ; --            ; auto_signaltap_0 ;
; SLD_NODE_PARAMETER_ASSIGNMENT       ; SLD_NODE_INFO=805334528                          ; --            ; --            ; auto_signaltap_0 ;
; SLD_NODE_PARAMETER_ASSIGNMENT       ; SLD_POWER_UP_TRIGGER=0                           ; --            ; --            ; auto_signaltap_0 ;
; SLD_NODE_PARAMETER_ASSIGNMENT       ; SLD_STORAGE_QUALIFIER_INVERSION_MASK_LENGTH=0    ; --            ; --            ; auto_signaltap_0 ;
; SLD_NODE_PARAMETER_ASSIGNMENT       ; SLD_ATTRIBUTE_MEM_MODE=OFF                       ; --            ; --            ; auto_signaltap_0 ;
; SLD_NODE_PARAMETER_ASSIGNMENT       ; SLD_STATE_FLOW_USE_GENERATED=0                   ; --            ; --            ; auto_signaltap_0 ;
; SLD_NODE_PARAMETER_ASSIGNMENT       ; SLD_STATE_BITS=11                                ; --            ; --            ; auto_signaltap_0 ;
; SLD_NODE_PARAMETER_ASSIGNMENT       ; SLD_BUFFER_FULL_STOP=1                           ; --            ; --            ; auto_signaltap_0 ;
; SLD_NODE_PARAMETER_ASSIGNMENT       ; SLD_CURRENT_RESOURCE_WIDTH=1                     ; --            ; --            ; auto_signaltap_0 ;
; SLD_NODE_PARAMETER_ASSIGNMENT       ; SLD_INCREMENTAL_ROUTING=1                        ; --            ; --            ; auto_signaltap_0 ;
; SLD_NODE_PARAMETER_ASSIGNMENT       ; SLD_TRIGGER_LEVEL=1                              ; --            ; --            ; auto_signaltap_0 ;
; SLD_NODE_PARAMETER_ASSIGNMENT       ; SLD_TRIGGER_IN_ENABLED=0                         ; --            ; --            ; auto_signaltap_0 ;
; SLD_NODE_PARAMETER_ASSIGNMENT       ; SLD_TRIGGER_PIPELINE=0                           ; --            ; --            ; auto_signaltap_0 ;
; SLD_NODE_PARAMETER_ASSIGNMENT       ; SLD_RAM_PIPELINE=0                               ; --            ; --            ; auto_signaltap_0 ;
; SLD_NODE_PARAMETER_ASSIGNMENT       ; SLD_COUNTER_PIPELINE=0                           ; --            ; --            ; auto_signaltap_0 ;
; SLD_NODE_PARAMETER_ASSIGNMENT       ; SLD_ADVANCED_TRIGGER_ENTITY=basic,1,             ; --            ; --            ; auto_signaltap_0 ;
; SLD_NODE_PARAMETER_ASSIGNMENT       ; SLD_TRIGGER_LEVEL_PIPELINE=1                     ; --            ; --            ; auto_signaltap_0 ;
; SLD_NODE_PARAMETER_ASSIGNMENT       ; SLD_ENABLE_ADVANCED_TRIGGER=0                    ; --            ; --            ; auto_signaltap_0 ;
; SLD_NODE_PARAMETER_ASSIGNMENT       ; SLD_INVERSION_MASK=00000000000000000000000000000 ; --            ; --            ; auto_signaltap_0 ;
; SLD_NODE_PARAMETER_ASSIGNMENT       ; SLD_INVERSION_MASK_LENGTH=29                     ; --            ; --            ; auto_signaltap_0 ;
; SLD_NODE_PARAMETER_ASSIGNMENT       ; SLD_SEGMENT_SIZE=4096                            ; --            ; --            ; auto_signaltap_0 ;
; SLD_NODE_PARAMETER_ASSIGNMENT       ; SLD_SAMPLE_DEPTH=4096                            ; --            ; --            ; auto_signaltap_0 ;
; SLD_NODE_PARAMETER_ASSIGNMENT       ; SLD_DATA_BITS=22                                 ; --            ; --            ; auto_signaltap_0 ;
; SLD_NODE_PARAMETER_ASSIGNMENT       ; SLD_STORAGE_QUALIFIER_BITS=22                    ; --            ; --            ; auto_signaltap_0 ;
; SMART_RECOMPILE                     ; On                                               ; Off           ; --            ; --               ;
; TOP_LEVEL_ENTITY                    ; TS2_68000_Top                                    ; TS2_68000     ; --            ; --               ;
; USE_SIGNALTAP_FILE                  ; stp1.stp                                         ; --            ; --            ; --               ;
+-------------------------------------+--------------------------------------------------+---------------+---------------+------------------+


+--------------------------------------------------------------------------------------------------------------------------+
; Flow Elapsed Time                                                                                                        ;
+----------------------+--------------+-------------------------+---------------------+------------------------------------+
; Module Name          ; Elapsed Time ; Average Processors Used ; Peak Virtual Memory ; Total CPU Time (on all processors) ;
+----------------------+--------------+-------------------------+---------------------+------------------------------------+
; Analysis & Synthesis ; 00:01:42     ; 1.0                     ; 4899 MB             ; 00:02:08                           ;
; Partition Merge      ; 00:00:03     ; 1.0                     ; 4715 MB             ; 00:00:03                           ;
; Fitter               ; 00:00:27     ; 1.1                     ; 5602 MB             ; 00:00:38                           ;
; Assembler            ; 00:00:02     ; 1.0                     ; 4703 MB             ; 00:00:03                           ;
; Timing Analyzer      ; 00:00:06     ; 1.3                     ; 4850 MB             ; 00:00:07                           ;
; EDA Netlist Writer   ; 00:00:17     ; 1.0                     ; 4737 MB             ; 00:00:13                           ;
; Total                ; 00:02:37     ; --                      ; --                  ; 00:03:12                           ;
+----------------------+--------------+-------------------------+---------------------+------------------------------------+


+------------------------------------------------------------------------------------+
; Flow OS Summary                                                                    ;
+----------------------+------------------+------------+------------+----------------+
; Module Name          ; Machine Hostname ; OS Name    ; OS Version ; Processor type ;
+----------------------+------------------+------------+------------+----------------+
; Analysis & Synthesis ; DESKTOP-2UF8LNB  ; Windows 10 ; 10.0       ; x86_64         ;
; Partition Merge      ; DESKTOP-2UF8LNB  ; Windows 10 ; 10.0       ; x86_64         ;
; Fitter               ; DESKTOP-2UF8LNB  ; Windows 10 ; 10.0       ; x86_64         ;
; Assembler            ; DESKTOP-2UF8LNB  ; Windows 10 ; 10.0       ; x86_64         ;
; Timing Analyzer      ; DESKTOP-2UF8LNB  ; Windows 10 ; 10.0       ; x86_64         ;
; EDA Netlist Writer   ; DESKTOP-2UF8LNB  ; Windows 10 ; 10.0       ; x86_64         ;
+----------------------+------------------+------------+------------+----------------+


------------
; Flow Log ;
------------
quartus_map --read_settings_files=on --write_settings_files=off TS2_68000 -c TS2_68000
quartus_cdb --read_settings_files=off --write_settings_files=off TS2_68000 -c TS2_68000 --merge=on
quartus_fit --read_settings_files=off --write_settings_files=off TS2_68000 -c TS2_68000
quartus_asm --read_settings_files=off --write_settings_files=off TS2_68000 -c TS2_68000
quartus_sta TS2_68000 -c TS2_68000
quartus_eda --read_settings_files=off --write_settings_files=off TS2_68000 -c TS2_68000



