Flow report for MicrocomputerPCB
Thu Apr 27 16:48:24 2017
Quartus II 64-Bit Version 13.0.1 Build 232 06/12/2013 Service Pack 1 SJ Web Edition


---------------------
; Table of Contents ;
---------------------
  1. Legal Notice
  2. Flow Summary
  3. Flow Settings
  4. Flow Non-Default Global Settings
  5. Flow Elapsed Time
  6. Flow OS Summary
  7. Flow Log
  8. Flow Messages
  9. Flow Suppressed Messages



----------------
; Legal Notice ;
----------------
Copyright (C) 1991-2013 Altera Corporation
Your use of Altera Corporation's design tools, logic functions 
and other software and tools, and its AMPP partner logic 
functions, and any output files from any of the foregoing 
(including device programming or simulation files), and any 
associated documentation or information are expressly subject 
to the terms and conditions of the Altera Program License 
Subscription Agreement, Altera MegaCore Function License 
Agreement, or other applicable license agreement, including, 
without limitation, that your use is for the sole purpose of 
programming logic devices manufactured by Altera and sold by 
Altera or its authorized distributors.  Please refer to the 
applicable agreement for further details.



+--------------------------------------------------------------------------------------+
; Flow Summary                                                                         ;
+------------------------------------+-------------------------------------------------+
; Flow Status                        ; Successful - Thu Apr 27 16:48:24 2017           ;
; Quartus II 64-Bit Version          ; 13.0.1 Build 232 06/12/2013 SP 1 SJ Web Edition ;
; Revision Name                      ; MicrocomputerPCB                                ;
; Top-level Entity Name              ; Microcomputer                                   ;
; Family                             ; Cyclone II                                      ;
; Device                             ; EP2C5T144C8                                     ;
; Timing Models                      ; Final                                           ;
; Total logic elements               ; 4,573 / 4,608 ( 99 % )                          ;
;     Total combinational functions  ; 4,423 / 4,608 ( 96 % )                          ;
;     Dedicated logic registers      ; 1,578 / 4,608 ( 34 % )                          ;
; Total registers                    ; 1579                                            ;
; Total pins                         ; 70 / 89 ( 79 % )                                ;
; Total virtual pins                 ; 0                                               ;
; Total memory bits                  ; 106,496 / 119,808 ( 89 % )                      ;
; Embedded Multiplier 9-bit elements ; 0 / 26 ( 0 % )                                  ;
; Total PLLs                         ; 0 / 2 ( 0 % )                                   ;
+------------------------------------+-------------------------------------------------+


+-----------------------------------------+
; Flow Settings                           ;
+-------------------+---------------------+
; Option            ; Setting             ;
+-------------------+---------------------+
; Start date & time ; 04/27/2017 16:46:35 ;
; Main task         ; Compilation         ;
; Revision Name     ; MicrocomputerPCB    ;
+-------------------+---------------------+


+----------------------------------------------------------------------------------------------------------------------------------------+
; Flow Non-Default Global Settings                                                                                                       ;
+-------------------------------------+----------------------------------------------+------------------+---------------+----------------+
; Assignment Name                     ; Value                                        ; Default Value    ; Entity Name   ; Section Id     ;
+-------------------------------------+----------------------------------------------+------------------+---------------+----------------+
; COMPILER_SIGNATURE_ID               ; 140737678480148.149332599536324              ; --               ; --            ; --             ;
; EDA_OUTPUT_DATA_FORMAT              ; Vhdl                                         ; --               ; --            ; eda_simulation ;
; EDA_SIMULATION_TOOL                 ; ModelSim-Altera (VHDL)                       ; <None>           ; --            ; --             ;
; IP_TOOL_NAME                        ; RAM: 2-PORT                                  ; --               ; --            ; --             ;
; IP_TOOL_NAME                        ; RAM: 2-PORT                                  ; --               ; --            ; --             ;
; IP_TOOL_NAME                        ; ROM: 1-PORT                                  ; --               ; --            ; --             ;
; IP_TOOL_NAME                        ; RAM: 1-PORT                                  ; --               ; --            ; --             ;
; IP_TOOL_NAME                        ; RAM: 1-PORT                                  ; --               ; --            ; --             ;
; IP_TOOL_NAME                        ; RAM: 1-PORT                                  ; --               ; --            ; --             ;
; IP_TOOL_VERSION                     ; 13.0                                         ; --               ; --            ; --             ;
; IP_TOOL_VERSION                     ; 13.0                                         ; --               ; --            ; --             ;
; IP_TOOL_VERSION                     ; 13.0                                         ; --               ; --            ; --             ;
; IP_TOOL_VERSION                     ; 13.0                                         ; --               ; --            ; --             ;
; IP_TOOL_VERSION                     ; 13.0                                         ; --               ; --            ; --             ;
; IP_TOOL_VERSION                     ; 13.0                                         ; --               ; --            ; --             ;
; MAX_CORE_JUNCTION_TEMP              ; 85                                           ; --               ; --            ; --             ;
; MIN_CORE_JUNCTION_TEMP              ; 0                                            ; --               ; --            ; --             ;
; MISC_FILE                           ; ../Components/TERMINAL/DisplayRam1K.cmp      ; --               ; --            ; --             ;
; MISC_FILE                           ; ../Components/TERMINAL/DisplayRam2K.cmp      ; --               ; --            ; --             ;
; MISC_FILE                           ; ../Components/TERMINAL/CGABoldRomReduced.cmp ; --               ; --            ; --             ;
; MISC_FILE                           ; InternalRam1K.cmp                            ; --               ; --            ; --             ;
; MISC_FILE                           ; InternalRam2K.cmp                            ; --               ; --            ; --             ;
; MISC_FILE                           ; InternalRam4K.cmp                            ; --               ; --            ; --             ;
; PARTITION_COLOR                     ; 16764057                                     ; --               ; Microcomputer ; Top            ;
; PARTITION_FITTER_PRESERVATION_LEVEL ; PLACEMENT_AND_ROUTING                        ; --               ; Microcomputer ; Top            ;
; PARTITION_NETLIST_TYPE              ; SOURCE                                       ; --               ; Microcomputer ; Top            ;
; POWER_BOARD_THERMAL_MODEL           ; None (CONSERVATIVE)                          ; --               ; --            ; --             ;
; POWER_PRESET_COOLING_SOLUTION       ; 23 MM HEAT SINK WITH 200 LFPM AIRFLOW        ; --               ; --            ; --             ;
; PROJECT_OUTPUT_DIRECTORY            ; output_files                                 ; --               ; --            ; --             ;
; TOP_LEVEL_ENTITY                    ; Microcomputer                                ; MicrocomputerPCB ; --            ; --             ;
; VHDL_SHOW_LMF_MAPPING_MESSAGES      ; Off                                          ; --               ; --            ; --             ;
+-------------------------------------+----------------------------------------------+------------------+---------------+----------------+


+-------------------------------------------------------------------------------------------------------------------------------+
; Flow Elapsed Time                                                                                                             ;
+---------------------------+--------------+-------------------------+---------------------+------------------------------------+
; Module Name               ; Elapsed Time ; Average Processors Used ; Peak Virtual Memory ; Total CPU Time (on all processors) ;
+---------------------------+--------------+-------------------------+---------------------+------------------------------------+
; Analysis & Synthesis      ; 00:00:33     ; 1.0                     ; 539 MB              ; 00:00:32                           ;
; Fitter                    ; 00:01:03     ; 1.0                     ; 645 MB              ; 00:01:03                           ;
; Assembler                 ; 00:00:01     ; 1.0                     ; 428 MB              ; 00:00:01                           ;
; TimeQuest Timing Analyzer ; 00:00:02     ; 1.0                     ; 450 MB              ; 00:00:02                           ;
; EDA Netlist Writer        ; 00:00:03     ; 1.0                     ; 438 MB              ; 00:00:03                           ;
; Total                     ; 00:01:42     ; --                      ; --                  ; 00:01:41                           ;
+---------------------------+--------------+-------------------------+---------------------+------------------------------------+


+----------------------------------------------------------------------------------------+
; Flow OS Summary                                                                        ;
+---------------------------+------------------+-----------+------------+----------------+
; Module Name               ; Machine Hostname ; OS Name   ; OS Version ; Processor type ;
+---------------------------+------------------+-----------+------------+----------------+
; Analysis & Synthesis      ; AACPAE7DGI       ; Windows 7 ; 6.1        ; x86_64         ;
; Fitter                    ; AACPAE7DGI       ; Windows 7 ; 6.1        ; x86_64         ;
; Assembler                 ; AACPAE7DGI       ; Windows 7 ; 6.1        ; x86_64         ;
; TimeQuest Timing Analyzer ; AACPAE7DGI       ; Windows 7 ; 6.1        ; x86_64         ;
; EDA Netlist Writer        ; AACPAE7DGI       ; Windows 7 ; 6.1        ; x86_64         ;
+---------------------------+------------------+-----------+------------+----------------+


------------
; Flow Log ;
------------
quartus_map --read_settings_files=on --write_settings_files=off MicrocomputerPCB -c MicrocomputerPCB
quartus_fit --read_settings_files=off --write_settings_files=off MicrocomputerPCB -c MicrocomputerPCB
quartus_asm --read_settings_files=off --write_settings_files=off MicrocomputerPCB -c MicrocomputerPCB
quartus_sta MicrocomputerPCB -c MicrocomputerPCB
quartus_eda --read_settings_files=off --write_settings_files=off MicrocomputerPCB -c MicrocomputerPCB



