MIF/HEX Update report for uk101_41kRAM
Mon Jul 20 13:05:05 2020
Quartus II 64-Bit Version 13.0.1 Build 232 06/12/2013 Service Pack 1 SJ Web Edition


---------------------
; Table of Contents ;
---------------------
  1. Legal Notice
  2. MIF/HEX Update Summary
  3. MIF/HEX Update Processed Files
  4. MIF/HEX Update Messages



----------------
; Legal Notice ;
----------------
Copyright (C) 1991-2013 Altera Corporation
Your use of Altera Corporation's design tools, logic functions 
and other software and tools, and its AMPP partner logic 
functions, and any output files from any of the foregoing 
(including device programming or simulation files), and any 
associated documentation or information are expressly subject 
to the terms and conditions of the Altera Program License 
Subscription Agreement, Altera MegaCore Function License 
Agreement, or other applicable license agreement, including, 
without limitation, that your use is for the sole purpose of 
programming logic devices manufactured by Altera and sold by 
Altera or its authorized distributors.  Please refer to the 
applicable agreement for further details.



+---------------------------------------------------------------+
; MIF/HEX Update Summary                                        ;
+-----------------------+---------------------------------------+
; MIF/HEX Update Status ; Successful - Mon Jul 20 13:05:05 2020 ;
; Revision Name         ; uk101_41kRAM                          ;
; Top-level Entity Name ; uk101                                 ;
; Family                ; Cyclone II                            ;
; Device                ; EP2C5T144C8                           ;
+-----------------------+---------------------------------------+


+-------------------------------------------------------------------------------------------------------+
; MIF/HEX Update Processed Files                                                                        ;
+-------------------------------------------------------------------------------------------------------+
; File Name                                                                                             ;
+-------------------------------------------------------------------------------------------------------+
; /users/hpz420/documents/github/doug gilliland/retro-computers/6502/osi/roms/cegmon/osisdos/cegmon.mif ;
+-------------------------------------------------------------------------------------------------------+


+-------------------------+
; MIF/HEX Update Messages ;
+-------------------------+
Info: *******************************************************************
Info: Running Quartus II 64-Bit MIF/HEX Update
    Info: Version 13.0.1 Build 232 06/12/2013 Service Pack 1 SJ Web Edition
    Info: Processing started: Mon Jul 20 13:05:04 2020
Info: Command: quartus_cdb uk101_41kRAM -c uk101_41kRAM --update_mif
Warning (39023): Can't find Memory Initialization File basic.hex -- skipped updates for this file
Info (39024): Processed the following Memory Initialization File(s)
    Info (39025): Processed Memory Initialization File /users/hpz420/documents/github/doug gilliland/retro-computers/6502/osi/roms/cegmon/osisdos/cegmon.mif
Info: Quartus II 64-Bit MIF/HEX Update was successful. 0 errors, 1 warning
    Info: Peak virtual memory: 4597 megabytes
    Info: Processing ended: Mon Jul 20 13:05:05 2020
    Info: Elapsed time: 00:00:01
    Info: Total CPU time (on all processors): 00:00:01


