MIF/HEX Update report for ANSITerm1
Wed Jun 30 10:02:05 2021
Quartus Prime Version 20.1.0 Build 711 06/05/2020 SJ Lite Edition


---------------------
; Table of Contents ;
---------------------
  1. Legal Notice
  2. MIF/HEX Update Summary
  3. MIF/HEX Update Processed Files
  4. MIF/HEX Update Messages



----------------
; Legal Notice ;
----------------
Copyright (C) 2020  Intel Corporation. All rights reserved.
Your use of Intel Corporation's design tools, logic functions 
and other software and tools, and any partner logic 
functions, and any output files from any of the foregoing 
(including device programming or simulation files), and any 
associated documentation or information are expressly subject 
to the terms and conditions of the Intel Program License 
Subscription Agreement, the Intel Quartus Prime License Agreement,
the Intel FPGA IP License Agreement, or other applicable license
agreement, including, without limitation, that your use is for
the sole purpose of programming logic devices manufactured by
Intel and sold by Intel or its authorized distributors.  Please
refer to the applicable agreement for further details, at
https://fpgasoftware.intel.com/eula.



+---------------------------------------------------------------+
; MIF/HEX Update Summary                                        ;
+-----------------------+---------------------------------------+
; MIF/HEX Update Status ; Successful - Wed Jun 30 10:02:05 2021 ;
; Revision Name         ; ANSITerm1                             ;
; Top-level Entity Name ; ANSITerm1                             ;
; Family                ; Cyclone IV E                          ;
; Device                ; EP4CE15F23C8                          ;
+-----------------------+---------------------------------------+


+----------------------------------------------------------------------------------------------------------------------------------------------------+
; MIF/HEX Update Processed Files                                                                                                                     ;
+----------------------------------------------------------------------------------------------------------------------------------------------------+
; File Name                                                                                                                                          ;
+----------------------------------------------------------------------------------------------------------------------------------------------------+
; C:/Users/HPz420/Documents/GitHub/Doug Gilliland/MultiComp/MultiComp (VHDL Template)/Components/CPU/IOP16/IOP16_ASSEMBLER/ANSITerm02/ANSITerm02.mif ;
; C:/Users/HPz420/Documents/GitHub/Doug Gilliland/MultiComp/MultiComp (VHDL Template)/Components/TERMINAL/SansFontBoldReduced.HEX                    ;
+----------------------------------------------------------------------------------------------------------------------------------------------------+


+-------------------------+
; MIF/HEX Update Messages ;
+-------------------------+
Warning (125092): Tcl Script File ../../MultiComp (VHDL Template)/Components/CPU/IOP16/IOP16_ROMs/IOP_ROM_ANSI1/IOP_ROM.qip not found
    Info (125063): set_global_assignment -name QIP_FILE "../../MultiComp (VHDL Template)/Components/CPU/IOP16/IOP16_ROMs/IOP_ROM_ANSI1/IOP_ROM.qip"
Info: *******************************************************************
Info: Running Quartus Prime MIF/HEX Update
    Info: Version 20.1.0 Build 711 06/05/2020 SJ Lite Edition
    Info: Processing started: Wed Jun 30 10:02:04 2021
Info: Command: quartus_cdb ANSITerm1 -c ANSITerm1 --update_mif
Warning (18236): Number of processors has not been specified which may cause overloading on shared machines.  Set the global assignment NUM_PARALLEL_PROCESSORS in your QSF to an appropriate value for best performance.
Warning (113015): Width of data items in "SansFontBoldReduced.HEX" is greater than the memory width. Wrapping data items to subsequent addresses. Found 32 warnings, reporting 10 File: C:/Users/HPz420/Documents/GitHub/Doug Gilliland/MultiComp/MultiComp (VHDL Template)/Components/TERMINAL/SansFontBoldReduced.HEX Line: 1
    Warning (113009): Data at line (1) of memory initialization file "SansFontBoldReduced.HEX" is too wide to fit in one memory word. Wrapping data to subsequent addresses. File: C:/Users/HPz420/Documents/GitHub/Doug Gilliland/MultiComp/MultiComp (VHDL Template)/Components/TERMINAL/SansFontBoldReduced.HEX Line: 1
    Warning (113009): Data at line (2) of memory initialization file "SansFontBoldReduced.HEX" is too wide to fit in one memory word. Wrapping data to subsequent addresses. File: C:/Users/HPz420/Documents/GitHub/Doug Gilliland/MultiComp/MultiComp (VHDL Template)/Components/TERMINAL/SansFontBoldReduced.HEX Line: 2
    Warning (113009): Data at line (3) of memory initialization file "SansFontBoldReduced.HEX" is too wide to fit in one memory word. Wrapping data to subsequent addresses. File: C:/Users/HPz420/Documents/GitHub/Doug Gilliland/MultiComp/MultiComp (VHDL Template)/Components/TERMINAL/SansFontBoldReduced.HEX Line: 3
    Warning (113009): Data at line (4) of memory initialization file "SansFontBoldReduced.HEX" is too wide to fit in one memory word. Wrapping data to subsequent addresses. File: C:/Users/HPz420/Documents/GitHub/Doug Gilliland/MultiComp/MultiComp (VHDL Template)/Components/TERMINAL/SansFontBoldReduced.HEX Line: 4
    Warning (113009): Data at line (5) of memory initialization file "SansFontBoldReduced.HEX" is too wide to fit in one memory word. Wrapping data to subsequent addresses. File: C:/Users/HPz420/Documents/GitHub/Doug Gilliland/MultiComp/MultiComp (VHDL Template)/Components/TERMINAL/SansFontBoldReduced.HEX Line: 5
    Warning (113009): Data at line (6) of memory initialization file "SansFontBoldReduced.HEX" is too wide to fit in one memory word. Wrapping data to subsequent addresses. File: C:/Users/HPz420/Documents/GitHub/Doug Gilliland/MultiComp/MultiComp (VHDL Template)/Components/TERMINAL/SansFontBoldReduced.HEX Line: 6
    Warning (113009): Data at line (7) of memory initialization file "SansFontBoldReduced.HEX" is too wide to fit in one memory word. Wrapping data to subsequent addresses. File: C:/Users/HPz420/Documents/GitHub/Doug Gilliland/MultiComp/MultiComp (VHDL Template)/Components/TERMINAL/SansFontBoldReduced.HEX Line: 7
    Warning (113009): Data at line (8) of memory initialization file "SansFontBoldReduced.HEX" is too wide to fit in one memory word. Wrapping data to subsequent addresses. File: C:/Users/HPz420/Documents/GitHub/Doug Gilliland/MultiComp/MultiComp (VHDL Template)/Components/TERMINAL/SansFontBoldReduced.HEX Line: 8
    Warning (113009): Data at line (9) of memory initialization file "SansFontBoldReduced.HEX" is too wide to fit in one memory word. Wrapping data to subsequent addresses. File: C:/Users/HPz420/Documents/GitHub/Doug Gilliland/MultiComp/MultiComp (VHDL Template)/Components/TERMINAL/SansFontBoldReduced.HEX Line: 9
    Warning (113009): Data at line (10) of memory initialization file "SansFontBoldReduced.HEX" is too wide to fit in one memory word. Wrapping data to subsequent addresses. File: C:/Users/HPz420/Documents/GitHub/Doug Gilliland/MultiComp/MultiComp (VHDL Template)/Components/TERMINAL/SansFontBoldReduced.HEX Line: 10
Critical Warning (127005): Memory depth (512) in the design file differs from memory depth (19) in the Memory Initialization File "C:/Users/HPz420/Documents/GitHub/Doug Gilliland/MultiComp/MultiComp (VHDL Template)/Components/CPU/IOP16/IOP16_ASSEMBLER/ANSITerm02/ANSITerm02.mif" -- setting initial value for remaining addresses to 0
Info (39024): Processed the following Memory Initialization File(s)
    Info (39025): Processed Memory Initialization File C:/Users/HPz420/Documents/GitHub/Doug Gilliland/MultiComp/MultiComp (VHDL Template)/Components/CPU/IOP16/IOP16_ASSEMBLER/ANSITerm02/ANSITerm02.mif File: C:/Users/HPz420/Documents/GitHub/Doug Gilliland/MultiComp/MultiComp (VHDL Template)/Components/CPU/IOP16/IOP16_ASSEMBLER/ANSITerm02/ANSITerm02.mif Line: 0
    Info (39025): Processed Memory Initialization File C:/Users/HPz420/Documents/GitHub/Doug Gilliland/MultiComp/MultiComp (VHDL Template)/Components/TERMINAL/SansFontBoldReduced.HEX File: C:/Users/HPz420/Documents/GitHub/Doug Gilliland/MultiComp/MultiComp (VHDL Template)/Components/TERMINAL/SansFontBoldReduced.HEX Line: 0
Info: Quartus Prime MIF/HEX Update was successful. 0 errors, 14 warnings
    Info: Peak virtual memory: 4706 megabytes
    Info: Processing ended: Wed Jun 30 10:02:05 2021
    Info: Elapsed time: 00:00:01
    Info: Total CPU time (on all processors): 00:00:01


