Partition Merge report for ANSITerm1
Wed Jun 30 14:22:14 2021
Quartus Prime Version 20.1.0 Build 711 06/05/2020 SJ Lite Edition


---------------------
; Table of Contents ;
---------------------
  1. Legal Notice
  2. Partition Merge Summary
  3. Partition Merge Netlist Types Used
  4. Partition Merge Partition Statistics
  5. Partition Merge Partition Pin Processing
  6. Partition Merge Resource Usage Summary
  7. Partition Merge RAM Summary
  8. Partition Merge Messages



----------------
; Legal Notice ;
----------------
Copyright (C) 2020  Intel Corporation. All rights reserved.
Your use of Intel Corporation's design tools, logic functions 
and other software and tools, and any partner logic 
functions, and any output files from any of the foregoing 
(including device programming or simulation files), and any 
associated documentation or information are expressly subject 
to the terms and conditions of the Intel Program License 
Subscription Agreement, the Intel Quartus Prime License Agreement,
the Intel FPGA IP License Agreement, or other applicable license
agreement, including, without limitation, that your use is for
the sole purpose of programming logic devices manufactured by
Intel and sold by Intel or its authorized distributors.  Please
refer to the applicable agreement for further details, at
https://fpgasoftware.intel.com/eula.



+----------------------------------------------------------------------------------+
; Partition Merge Summary                                                          ;
+------------------------------------+---------------------------------------------+
; Partition Merge Status             ; Successful - Wed Jun 30 14:22:14 2021       ;
; Quartus Prime Version              ; 20.1.0 Build 711 06/05/2020 SJ Lite Edition ;
; Revision Name                      ; ANSITerm1                                   ;
; Top-level Entity Name              ; ANSITerm1                                   ;
; Family                             ; Cyclone IV E                                ;
; Total logic elements               ; 2,200                                       ;
;     Total combinational functions  ; 2,060                                       ;
;     Dedicated logic registers      ; 515                                         ;
; Total registers                    ; 515                                         ;
; Total pins                         ; 89                                          ;
; Total virtual pins                 ; 0                                           ;
; Total memory bits                  ; 49,280                                      ;
; Embedded Multiplier 9-bit elements ; 0                                           ;
; Total PLLs                         ; 0                                           ;
+------------------------------------+---------------------------------------------+


+-------------------------------------------------------------------------------------------------------------------------------+
; Partition Merge Netlist Types Used                                                                                            ;
+--------------------------------+----------------+-------------------+------------------------+--------------------------------+
; Partition Name                 ; Partition Type ; Netlist Type Used ; Netlist Type Requested ; Partition Contents             ;
+--------------------------------+----------------+-------------------+------------------------+--------------------------------+
; Top                            ; User-created   ; Source File       ; Source File            ;                                ;
; hard_block:auto_generated_inst ; Auto-generated ; Source File       ; Source File            ; hard_block:auto_generated_inst ;
+--------------------------------+----------------+-------------------+------------------------+--------------------------------+


+--------------------------------------------------------------------------------------+
; Partition Merge Partition Statistics                                                 ;
+---------------------------------------------+-------+--------------------------------+
; Statistic                                   ; Top   ; hard_block:auto_generated_inst ;
+---------------------------------------------+-------+--------------------------------+
; Estimated Total logic elements              ; 2200  ; 0                              ;
;                                             ;       ;                                ;
; Total combinational functions               ; 2060  ; 0                              ;
; Logic element usage by number of LUT inputs ;       ;                                ;
;     -- 4 input functions                    ; 1151  ; 0                              ;
;     -- 3 input functions                    ; 422   ; 0                              ;
;     -- <=2 input functions                  ; 487   ; 0                              ;
;                                             ;       ;                                ;
; Logic elements by mode                      ;       ;                                ;
;     -- normal mode                          ; 1711  ; 0                              ;
;     -- arithmetic mode                      ; 349   ; 0                              ;
;                                             ;       ;                                ;
; Total registers                             ; 515   ; 0                              ;
;     -- Dedicated logic registers            ; 515   ; 0                              ;
;     -- I/O registers                        ; 0     ; 0                              ;
;                                             ;       ;                                ;
; Virtual pins                                ; 0     ; 0                              ;
; I/O pins                                    ; 89    ; 0                              ;
; Embedded Multiplier 9-bit elements          ; 0     ; 0                              ;
; Total memory bits                           ; 49280 ; 0                              ;
; Total RAM block bits                        ; 0     ; 0                              ;
;                                             ;       ;                                ;
; Connections                                 ;       ;                                ;
;     -- Input Connections                    ; 10    ; 0                              ;
;     -- Registered Input Connections         ; 0     ; 0                              ;
;     -- Output Connections                   ; 10    ; 0                              ;
;     -- Registered Output Connections        ; 0     ; 0                              ;
;                                             ;       ;                                ;
; Internal Connections                        ;       ;                                ;
;     -- Total Connections                    ; 9277  ; 0                              ;
;     -- Registered Connections               ; 3677  ; 0                              ;
;                                             ;       ;                                ;
; External Connections                        ;       ;                                ;
;     -- Top                                  ; 20    ; 0                              ;
;     -- hard_block:auto_generated_inst       ; 0     ; 0                              ;
;                                             ;       ;                                ;
; Partition Interface                         ;       ;                                ;
;     -- Input Ports                          ; 22    ; 0                              ;
;     -- Output Ports                         ; 57    ; 0                              ;
;     -- Bidir Ports                          ; 10    ; 0                              ;
;                                             ;       ;                                ;
; Registered Ports                            ;       ;                                ;
;     -- Registered Input Ports               ; 0     ; 0                              ;
;     -- Registered Output Ports              ; 0     ; 0                              ;
;                                             ;       ;                                ;
; Port Connectivity                           ;       ;                                ;
;     -- Input Ports driven by GND            ; 0     ; 0                              ;
;     -- Output Ports driven by GND           ; 0     ; 0                              ;
;     -- Input Ports driven by VCC            ; 0     ; 0                              ;
;     -- Output Ports driven by VCC           ; 0     ; 0                              ;
;     -- Input Ports with no Source           ; 0     ; 0                              ;
;     -- Output Ports with no Source          ; 0     ; 0                              ;
;     -- Input Ports with no Fanout           ; 0     ; 0                              ;
;     -- Output Ports with no Fanout          ; 0     ; 0                              ;
+---------------------------------------------+-------+--------------------------------+
Note: Resource usage numbers presented for Partitions containing post-synthesis logic are estimates.  For Partitions containing post-fit logic, resource usage numbers are accurate based on previous placement information.  Actual Fitter results may vary depending on current Fitter Preservation Level assignments.


+-------------------------------------------------------------------------------------------------------------------+
; Partition Merge Partition Pin Processing                                                                          ;
+-------------------------------+-----------+---------------+----------+--------------------------------------------+
; Name                          ; Partition ; Type          ; Location ; Status                                     ;
+-------------------------------+-----------+---------------+----------+--------------------------------------------+
; i_CLOCK_50                    ; Top       ; Input Port    ; n/a      ;                                            ;
;     -- i_CLOCK_50             ; Top       ; Input Pad     ; Unplaced ; Synthesized                                ;
;     -- i_CLOCK_50~input       ; Top       ; Input Buffer  ; Unplaced ; Synthesized                                ;
;                               ;           ;               ;          ;                                            ;
; i_n_reset                     ; Top       ; Input Port    ; n/a      ;                                            ;
;     -- i_n_reset              ; Top       ; Input Pad     ; Unplaced ; Synthesized                                ;
;     -- i_n_reset~input        ; Top       ; Input Buffer  ; Unplaced ; Synthesized                                ;
;                               ;           ;               ;          ;                                            ;
; io_PS2_CLK                    ; Top       ; Bidir Port    ; n/a      ;                                            ;
;     -- io_PS2_CLK             ; Top       ; Bidir Pad     ; Unplaced ; Synthesized                                ;
;     -- io_PS2_CLK~output      ; Top       ; Output Buffer ; Unplaced ; Preserved from Synthesis Netlist (WYSIWYG) ;
;                               ;           ;               ;          ;                                            ;
; io_PS2_DAT                    ; Top       ; Bidir Port    ; n/a      ;                                            ;
;     -- io_PS2_DAT             ; Top       ; Bidir Pad     ; Unplaced ; Synthesized                                ;
;     -- io_PS2_DAT~output      ; Top       ; Output Buffer ; Unplaced ; Preserved from Synthesis Netlist (WYSIWYG) ;
;                               ;           ;               ;          ;                                            ;
; n_sRamCS                      ; Top       ; Output Port   ; n/a      ;                                            ;
;     -- n_sRamCS               ; Top       ; Output Pad    ; Unplaced ; Synthesized                                ;
;     -- n_sRamCS~output        ; Top       ; Output Buffer ; Unplaced ; Synthesized                                ;
;                               ;           ;               ;          ;                                            ;
; n_sRamOE                      ; Top       ; Output Port   ; n/a      ;                                            ;
;     -- n_sRamOE               ; Top       ; Output Pad    ; Unplaced ; Synthesized                                ;
;     -- n_sRamOE~output        ; Top       ; Output Buffer ; Unplaced ; Synthesized                                ;
;                               ;           ;               ;          ;                                            ;
; n_sRamWE                      ; Top       ; Output Port   ; n/a      ;                                            ;
;     -- n_sRamWE               ; Top       ; Output Pad    ; Unplaced ; Synthesized                                ;
;     -- n_sRamWE~output        ; Top       ; Output Buffer ; Unplaced ; Synthesized                                ;
;                               ;           ;               ;          ;                                            ;
; n_sdRamCas                    ; Top       ; Output Port   ; n/a      ;                                            ;
;     -- n_sdRamCas             ; Top       ; Output Pad    ; Unplaced ; Synthesized                                ;
;     -- n_sdRamCas~output      ; Top       ; Output Buffer ; Unplaced ; Synthesized                                ;
;                               ;           ;               ;          ;                                            ;
; n_sdRamCe                     ; Top       ; Output Port   ; n/a      ;                                            ;
;     -- n_sdRamCe              ; Top       ; Output Pad    ; Unplaced ; Synthesized                                ;
;     -- n_sdRamCe~output       ; Top       ; Output Buffer ; Unplaced ; Synthesized                                ;
;                               ;           ;               ;          ;                                            ;
; n_sdRamRas                    ; Top       ; Output Port   ; n/a      ;                                            ;
;     -- n_sdRamRas             ; Top       ; Output Pad    ; Unplaced ; Synthesized                                ;
;     -- n_sdRamRas~output      ; Top       ; Output Buffer ; Unplaced ; Synthesized                                ;
;                               ;           ;               ;          ;                                            ;
; n_sdRamWe                     ; Top       ; Output Port   ; n/a      ;                                            ;
;     -- n_sdRamWe              ; Top       ; Output Pad    ; Unplaced ; Synthesized                                ;
;     -- n_sdRamWe~output       ; Top       ; Output Buffer ; Unplaced ; Synthesized                                ;
;                               ;           ;               ;          ;                                            ;
; o_hSync                       ; Top       ; Output Port   ; n/a      ;                                            ;
;     -- o_hSync                ; Top       ; Output Pad    ; Unplaced ; Synthesized                                ;
;     -- o_hSync~output         ; Top       ; Output Buffer ; Unplaced ; Synthesized                                ;
;                               ;           ;               ;          ;                                            ;
; o_vSync                       ; Top       ; Output Port   ; n/a      ;                                            ;
;     -- o_vSync                ; Top       ; Output Pad    ; Unplaced ; Synthesized                                ;
;     -- o_vSync~output         ; Top       ; Output Buffer ; Unplaced ; Synthesized                                ;
;                               ;           ;               ;          ;                                            ;
; o_videoB0                     ; Top       ; Output Port   ; n/a      ;                                            ;
;     -- o_videoB0              ; Top       ; Output Pad    ; Unplaced ; Synthesized                                ;
;     -- o_videoB0~output       ; Top       ; Output Buffer ; Unplaced ; Synthesized                                ;
;                               ;           ;               ;          ;                                            ;
; o_videoB1                     ; Top       ; Output Port   ; n/a      ;                                            ;
;     -- o_videoB1              ; Top       ; Output Pad    ; Unplaced ; Synthesized                                ;
;     -- o_videoB1~output       ; Top       ; Output Buffer ; Unplaced ; Synthesized                                ;
;                               ;           ;               ;          ;                                            ;
; o_videoG0                     ; Top       ; Output Port   ; n/a      ;                                            ;
;     -- o_videoG0              ; Top       ; Output Pad    ; Unplaced ; Synthesized                                ;
;     -- o_videoG0~output       ; Top       ; Output Buffer ; Unplaced ; Synthesized                                ;
;                               ;           ;               ;          ;                                            ;
; o_videoG1                     ; Top       ; Output Port   ; n/a      ;                                            ;
;     -- o_videoG1              ; Top       ; Output Pad    ; Unplaced ; Synthesized                                ;
;     -- o_videoG1~output       ; Top       ; Output Buffer ; Unplaced ; Synthesized                                ;
;                               ;           ;               ;          ;                                            ;
; o_videoR0                     ; Top       ; Output Port   ; n/a      ;                                            ;
;     -- o_videoR0              ; Top       ; Output Pad    ; Unplaced ; Synthesized                                ;
;     -- o_videoR0~output       ; Top       ; Output Buffer ; Unplaced ; Synthesized                                ;
;                               ;           ;               ;          ;                                            ;
; o_videoR1                     ; Top       ; Output Port   ; n/a      ;                                            ;
;     -- o_videoR1              ; Top       ; Output Pad    ; Unplaced ; Synthesized                                ;
;     -- o_videoR1~output       ; Top       ; Output Buffer ; Unplaced ; Synthesized                                ;
;                               ;           ;               ;          ;                                            ;
; sdCD                          ; Top       ; Input Port    ; n/a      ;                                            ;
;     -- sdCD                   ; Top       ; Input Pad     ; Unplaced ; Synthesized                                ;
;     -- sdCD~input             ; Top       ; Input Buffer  ; Unplaced ; Synthesized                                ;
;                               ;           ;               ;          ;                                            ;
; sdCLK                         ; Top       ; Output Port   ; n/a      ;                                            ;
;     -- sdCLK                  ; Top       ; Output Pad    ; Unplaced ; Synthesized                                ;
;     -- sdCLK~output           ; Top       ; Output Buffer ; Unplaced ; Synthesized                                ;
;                               ;           ;               ;          ;                                            ;
; sdCS                          ; Top       ; Output Port   ; n/a      ;                                            ;
;     -- sdCS                   ; Top       ; Output Pad    ; Unplaced ; Synthesized                                ;
;     -- sdCS~output            ; Top       ; Output Buffer ; Unplaced ; Synthesized                                ;
;                               ;           ;               ;          ;                                            ;
; sdDI                          ; Top       ; Output Port   ; n/a      ;                                            ;
;     -- sdDI                   ; Top       ; Output Pad    ; Unplaced ; Synthesized                                ;
;     -- sdDI~output            ; Top       ; Output Buffer ; Unplaced ; Synthesized                                ;
;                               ;           ;               ;          ;                                            ;
; sdDO                          ; Top       ; Input Port    ; n/a      ;                                            ;
;     -- sdDO                   ; Top       ; Input Pad     ; Unplaced ; Synthesized                                ;
;     -- sdDO~input             ; Top       ; Input Buffer  ; Unplaced ; Synthesized                                ;
;                               ;           ;               ;          ;                                            ;
; sdRamAddr[0]                  ; Top       ; Output Port   ; n/a      ;                                            ;
;     -- sdRamAddr[0]           ; Top       ; Output Pad    ; Unplaced ; Synthesized                                ;
;     -- sdRamAddr[0]~output    ; Top       ; Output Buffer ; Unplaced ; Synthesized                                ;
;                               ;           ;               ;          ;                                            ;
; sdRamAddr[10]                 ; Top       ; Output Port   ; n/a      ;                                            ;
;     -- sdRamAddr[10]          ; Top       ; Output Pad    ; Unplaced ; Synthesized                                ;
;     -- sdRamAddr[10]~output   ; Top       ; Output Buffer ; Unplaced ; Synthesized                                ;
;                               ;           ;               ;          ;                                            ;
; sdRamAddr[11]                 ; Top       ; Output Port   ; n/a      ;                                            ;
;     -- sdRamAddr[11]          ; Top       ; Output Pad    ; Unplaced ; Synthesized                                ;
;     -- sdRamAddr[11]~output   ; Top       ; Output Buffer ; Unplaced ; Synthesized                                ;
;                               ;           ;               ;          ;                                            ;
; sdRamAddr[12]                 ; Top       ; Output Port   ; n/a      ;                                            ;
;     -- sdRamAddr[12]          ; Top       ; Output Pad    ; Unplaced ; Synthesized                                ;
;     -- sdRamAddr[12]~output   ; Top       ; Output Buffer ; Unplaced ; Synthesized                                ;
;                               ;           ;               ;          ;                                            ;
; sdRamAddr[13]                 ; Top       ; Output Port   ; n/a      ;                                            ;
;     -- sdRamAddr[13]          ; Top       ; Output Pad    ; Unplaced ; Synthesized                                ;
;     -- sdRamAddr[13]~output   ; Top       ; Output Buffer ; Unplaced ; Synthesized                                ;
;                               ;           ;               ;          ;                                            ;
; sdRamAddr[14]                 ; Top       ; Output Port   ; n/a      ;                                            ;
;     -- sdRamAddr[14]          ; Top       ; Output Pad    ; Unplaced ; Synthesized                                ;
;     -- sdRamAddr[14]~output   ; Top       ; Output Buffer ; Unplaced ; Synthesized                                ;
;                               ;           ;               ;          ;                                            ;
; sdRamAddr[1]                  ; Top       ; Output Port   ; n/a      ;                                            ;
;     -- sdRamAddr[1]           ; Top       ; Output Pad    ; Unplaced ; Synthesized                                ;
;     -- sdRamAddr[1]~output    ; Top       ; Output Buffer ; Unplaced ; Synthesized                                ;
;                               ;           ;               ;          ;                                            ;
; sdRamAddr[2]                  ; Top       ; Output Port   ; n/a      ;                                            ;
;     -- sdRamAddr[2]           ; Top       ; Output Pad    ; Unplaced ; Synthesized                                ;
;     -- sdRamAddr[2]~output    ; Top       ; Output Buffer ; Unplaced ; Synthesized                                ;
;                               ;           ;               ;          ;                                            ;
; sdRamAddr[3]                  ; Top       ; Output Port   ; n/a      ;                                            ;
;     -- sdRamAddr[3]           ; Top       ; Output Pad    ; Unplaced ; Synthesized                                ;
;     -- sdRamAddr[3]~output    ; Top       ; Output Buffer ; Unplaced ; Synthesized                                ;
;                               ;           ;               ;          ;                                            ;
; sdRamAddr[4]                  ; Top       ; Output Port   ; n/a      ;                                            ;
;     -- sdRamAddr[4]           ; Top       ; Output Pad    ; Unplaced ; Synthesized                                ;
;     -- sdRamAddr[4]~output    ; Top       ; Output Buffer ; Unplaced ; Synthesized                                ;
;                               ;           ;               ;          ;                                            ;
; sdRamAddr[5]                  ; Top       ; Output Port   ; n/a      ;                                            ;
;     -- sdRamAddr[5]           ; Top       ; Output Pad    ; Unplaced ; Synthesized                                ;
;     -- sdRamAddr[5]~output    ; Top       ; Output Buffer ; Unplaced ; Synthesized                                ;
;                               ;           ;               ;          ;                                            ;
; sdRamAddr[6]                  ; Top       ; Output Port   ; n/a      ;                                            ;
;     -- sdRamAddr[6]           ; Top       ; Output Pad    ; Unplaced ; Synthesized                                ;
;     -- sdRamAddr[6]~output    ; Top       ; Output Buffer ; Unplaced ; Synthesized                                ;
;                               ;           ;               ;          ;                                            ;
; sdRamAddr[7]                  ; Top       ; Output Port   ; n/a      ;                                            ;
;     -- sdRamAddr[7]           ; Top       ; Output Pad    ; Unplaced ; Synthesized                                ;
;     -- sdRamAddr[7]~output    ; Top       ; Output Buffer ; Unplaced ; Synthesized                                ;
;                               ;           ;               ;          ;                                            ;
; sdRamAddr[8]                  ; Top       ; Output Port   ; n/a      ;                                            ;
;     -- sdRamAddr[8]           ; Top       ; Output Pad    ; Unplaced ; Synthesized                                ;
;     -- sdRamAddr[8]~output    ; Top       ; Output Buffer ; Unplaced ; Synthesized                                ;
;                               ;           ;               ;          ;                                            ;
; sdRamAddr[9]                  ; Top       ; Output Port   ; n/a      ;                                            ;
;     -- sdRamAddr[9]           ; Top       ; Output Pad    ; Unplaced ; Synthesized                                ;
;     -- sdRamAddr[9]~output    ; Top       ; Output Buffer ; Unplaced ; Synthesized                                ;
;                               ;           ;               ;          ;                                            ;
; sdRamClk                      ; Top       ; Output Port   ; n/a      ;                                            ;
;     -- sdRamClk               ; Top       ; Output Pad    ; Unplaced ; Synthesized                                ;
;     -- sdRamClk~output        ; Top       ; Output Buffer ; Unplaced ; Synthesized                                ;
;                               ;           ;               ;          ;                                            ;
; sdRamClkEn                    ; Top       ; Output Port   ; n/a      ;                                            ;
;     -- sdRamClkEn             ; Top       ; Output Pad    ; Unplaced ; Synthesized                                ;
;     -- sdRamClkEn~output      ; Top       ; Output Buffer ; Unplaced ; Synthesized                                ;
;                               ;           ;               ;          ;                                            ;
; sdRamData[0]                  ; Top       ; Input Port    ; n/a      ;                                            ;
;     -- sdRamData[0]           ; Top       ; Input Pad     ; Unplaced ; Synthesized                                ;
;     -- sdRamData[0]~input     ; Top       ; Input Buffer  ; Unplaced ; Synthesized                                ;
;                               ;           ;               ;          ;                                            ;
; sdRamData[10]                 ; Top       ; Input Port    ; n/a      ;                                            ;
;     -- sdRamData[10]          ; Top       ; Input Pad     ; Unplaced ; Synthesized                                ;
;     -- sdRamData[10]~input    ; Top       ; Input Buffer  ; Unplaced ; Synthesized                                ;
;                               ;           ;               ;          ;                                            ;
; sdRamData[11]                 ; Top       ; Input Port    ; n/a      ;                                            ;
;     -- sdRamData[11]          ; Top       ; Input Pad     ; Unplaced ; Synthesized                                ;
;     -- sdRamData[11]~input    ; Top       ; Input Buffer  ; Unplaced ; Synthesized                                ;
;                               ;           ;               ;          ;                                            ;
; sdRamData[12]                 ; Top       ; Input Port    ; n/a      ;                                            ;
;     -- sdRamData[12]          ; Top       ; Input Pad     ; Unplaced ; Synthesized                                ;
;     -- sdRamData[12]~input    ; Top       ; Input Buffer  ; Unplaced ; Synthesized                                ;
;                               ;           ;               ;          ;                                            ;
; sdRamData[13]                 ; Top       ; Input Port    ; n/a      ;                                            ;
;     -- sdRamData[13]          ; Top       ; Input Pad     ; Unplaced ; Synthesized                                ;
;     -- sdRamData[13]~input    ; Top       ; Input Buffer  ; Unplaced ; Synthesized                                ;
;                               ;           ;               ;          ;                                            ;
; sdRamData[14]                 ; Top       ; Input Port    ; n/a      ;                                            ;
;     -- sdRamData[14]          ; Top       ; Input Pad     ; Unplaced ; Synthesized                                ;
;     -- sdRamData[14]~input    ; Top       ; Input Buffer  ; Unplaced ; Synthesized                                ;
;                               ;           ;               ;          ;                                            ;
; sdRamData[15]                 ; Top       ; Input Port    ; n/a      ;                                            ;
;     -- sdRamData[15]          ; Top       ; Input Pad     ; Unplaced ; Synthesized                                ;
;     -- sdRamData[15]~input    ; Top       ; Input Buffer  ; Unplaced ; Synthesized                                ;
;                               ;           ;               ;          ;                                            ;
; sdRamData[1]                  ; Top       ; Input Port    ; n/a      ;                                            ;
;     -- sdRamData[1]           ; Top       ; Input Pad     ; Unplaced ; Synthesized                                ;
;     -- sdRamData[1]~input     ; Top       ; Input Buffer  ; Unplaced ; Synthesized                                ;
;                               ;           ;               ;          ;                                            ;
; sdRamData[2]                  ; Top       ; Input Port    ; n/a      ;                                            ;
;     -- sdRamData[2]           ; Top       ; Input Pad     ; Unplaced ; Synthesized                                ;
;     -- sdRamData[2]~input     ; Top       ; Input Buffer  ; Unplaced ; Synthesized                                ;
;                               ;           ;               ;          ;                                            ;
; sdRamData[3]                  ; Top       ; Input Port    ; n/a      ;                                            ;
;     -- sdRamData[3]           ; Top       ; Input Pad     ; Unplaced ; Synthesized                                ;
;     -- sdRamData[3]~input     ; Top       ; Input Buffer  ; Unplaced ; Synthesized                                ;
;                               ;           ;               ;          ;                                            ;
; sdRamData[4]                  ; Top       ; Input Port    ; n/a      ;                                            ;
;     -- sdRamData[4]           ; Top       ; Input Pad     ; Unplaced ; Synthesized                                ;
;     -- sdRamData[4]~input     ; Top       ; Input Buffer  ; Unplaced ; Synthesized                                ;
;                               ;           ;               ;          ;                                            ;
; sdRamData[5]                  ; Top       ; Input Port    ; n/a      ;                                            ;
;     -- sdRamData[5]           ; Top       ; Input Pad     ; Unplaced ; Synthesized                                ;
;     -- sdRamData[5]~input     ; Top       ; Input Buffer  ; Unplaced ; Synthesized                                ;
;                               ;           ;               ;          ;                                            ;
; sdRamData[6]                  ; Top       ; Input Port    ; n/a      ;                                            ;
;     -- sdRamData[6]           ; Top       ; Input Pad     ; Unplaced ; Synthesized                                ;
;     -- sdRamData[6]~input     ; Top       ; Input Buffer  ; Unplaced ; Synthesized                                ;
;                               ;           ;               ;          ;                                            ;
; sdRamData[7]                  ; Top       ; Input Port    ; n/a      ;                                            ;
;     -- sdRamData[7]           ; Top       ; Input Pad     ; Unplaced ; Synthesized                                ;
;     -- sdRamData[7]~input     ; Top       ; Input Buffer  ; Unplaced ; Synthesized                                ;
;                               ;           ;               ;          ;                                            ;
; sdRamData[8]                  ; Top       ; Input Port    ; n/a      ;                                            ;
;     -- sdRamData[8]           ; Top       ; Input Pad     ; Unplaced ; Synthesized                                ;
;     -- sdRamData[8]~input     ; Top       ; Input Buffer  ; Unplaced ; Synthesized                                ;
;                               ;           ;               ;          ;                                            ;
; sdRamData[9]                  ; Top       ; Input Port    ; n/a      ;                                            ;
;     -- sdRamData[9]           ; Top       ; Input Pad     ; Unplaced ; Synthesized                                ;
;     -- sdRamData[9]~input     ; Top       ; Input Buffer  ; Unplaced ; Synthesized                                ;
;                               ;           ;               ;          ;                                            ;
; sramAddress[0]                ; Top       ; Output Port   ; n/a      ;                                            ;
;     -- sramAddress[0]         ; Top       ; Output Pad    ; Unplaced ; Synthesized                                ;
;     -- sramAddress[0]~output  ; Top       ; Output Buffer ; Unplaced ; Synthesized                                ;
;                               ;           ;               ;          ;                                            ;
; sramAddress[10]               ; Top       ; Output Port   ; n/a      ;                                            ;
;     -- sramAddress[10]        ; Top       ; Output Pad    ; Unplaced ; Synthesized                                ;
;     -- sramAddress[10]~output ; Top       ; Output Buffer ; Unplaced ; Synthesized                                ;
;                               ;           ;               ;          ;                                            ;
; sramAddress[11]               ; Top       ; Output Port   ; n/a      ;                                            ;
;     -- sramAddress[11]        ; Top       ; Output Pad    ; Unplaced ; Synthesized                                ;
;     -- sramAddress[11]~output ; Top       ; Output Buffer ; Unplaced ; Synthesized                                ;
;                               ;           ;               ;          ;                                            ;
; sramAddress[12]               ; Top       ; Output Port   ; n/a      ;                                            ;
;     -- sramAddress[12]        ; Top       ; Output Pad    ; Unplaced ; Synthesized                                ;
;     -- sramAddress[12]~output ; Top       ; Output Buffer ; Unplaced ; Synthesized                                ;
;                               ;           ;               ;          ;                                            ;
; sramAddress[13]               ; Top       ; Output Port   ; n/a      ;                                            ;
;     -- sramAddress[13]        ; Top       ; Output Pad    ; Unplaced ; Synthesized                                ;
;     -- sramAddress[13]~output ; Top       ; Output Buffer ; Unplaced ; Synthesized                                ;
;                               ;           ;               ;          ;                                            ;
; sramAddress[14]               ; Top       ; Output Port   ; n/a      ;                                            ;
;     -- sramAddress[14]        ; Top       ; Output Pad    ; Unplaced ; Synthesized                                ;
;     -- sramAddress[14]~output ; Top       ; Output Buffer ; Unplaced ; Synthesized                                ;
;                               ;           ;               ;          ;                                            ;
; sramAddress[15]               ; Top       ; Output Port   ; n/a      ;                                            ;
;     -- sramAddress[15]        ; Top       ; Output Pad    ; Unplaced ; Synthesized                                ;
;     -- sramAddress[15]~output ; Top       ; Output Buffer ; Unplaced ; Synthesized                                ;
;                               ;           ;               ;          ;                                            ;
; sramAddress[16]               ; Top       ; Output Port   ; n/a      ;                                            ;
;     -- sramAddress[16]        ; Top       ; Output Pad    ; Unplaced ; Synthesized                                ;
;     -- sramAddress[16]~output ; Top       ; Output Buffer ; Unplaced ; Synthesized                                ;
;                               ;           ;               ;          ;                                            ;
; sramAddress[17]               ; Top       ; Output Port   ; n/a      ;                                            ;
;     -- sramAddress[17]        ; Top       ; Output Pad    ; Unplaced ; Synthesized                                ;
;     -- sramAddress[17]~output ; Top       ; Output Buffer ; Unplaced ; Synthesized                                ;
;                               ;           ;               ;          ;                                            ;
; sramAddress[18]               ; Top       ; Output Port   ; n/a      ;                                            ;
;     -- sramAddress[18]        ; Top       ; Output Pad    ; Unplaced ; Synthesized                                ;
;     -- sramAddress[18]~output ; Top       ; Output Buffer ; Unplaced ; Synthesized                                ;
;                               ;           ;               ;          ;                                            ;
; sramAddress[19]               ; Top       ; Output Port   ; n/a      ;                                            ;
;     -- sramAddress[19]        ; Top       ; Output Pad    ; Unplaced ; Synthesized                                ;
;     -- sramAddress[19]~output ; Top       ; Output Buffer ; Unplaced ; Synthesized                                ;
;                               ;           ;               ;          ;                                            ;
; sramAddress[1]                ; Top       ; Output Port   ; n/a      ;                                            ;
;     -- sramAddress[1]         ; Top       ; Output Pad    ; Unplaced ; Synthesized                                ;
;     -- sramAddress[1]~output  ; Top       ; Output Buffer ; Unplaced ; Synthesized                                ;
;                               ;           ;               ;          ;                                            ;
; sramAddress[2]                ; Top       ; Output Port   ; n/a      ;                                            ;
;     -- sramAddress[2]         ; Top       ; Output Pad    ; Unplaced ; Synthesized                                ;
;     -- sramAddress[2]~output  ; Top       ; Output Buffer ; Unplaced ; Synthesized                                ;
;                               ;           ;               ;          ;                                            ;
; sramAddress[3]                ; Top       ; Output Port   ; n/a      ;                                            ;
;     -- sramAddress[3]         ; Top       ; Output Pad    ; Unplaced ; Synthesized                                ;
;     -- sramAddress[3]~output  ; Top       ; Output Buffer ; Unplaced ; Synthesized                                ;
;                               ;           ;               ;          ;                                            ;
; sramAddress[4]                ; Top       ; Output Port   ; n/a      ;                                            ;
;     -- sramAddress[4]         ; Top       ; Output Pad    ; Unplaced ; Synthesized                                ;
;     -- sramAddress[4]~output  ; Top       ; Output Buffer ; Unplaced ; Synthesized                                ;
;                               ;           ;               ;          ;                                            ;
; sramAddress[5]                ; Top       ; Output Port   ; n/a      ;                                            ;
;     -- sramAddress[5]         ; Top       ; Output Pad    ; Unplaced ; Synthesized                                ;
;     -- sramAddress[5]~output  ; Top       ; Output Buffer ; Unplaced ; Synthesized                                ;
;                               ;           ;               ;          ;                                            ;
; sramAddress[6]                ; Top       ; Output Port   ; n/a      ;                                            ;
;     -- sramAddress[6]         ; Top       ; Output Pad    ; Unplaced ; Synthesized                                ;
;     -- sramAddress[6]~output  ; Top       ; Output Buffer ; Unplaced ; Synthesized                                ;
;                               ;           ;               ;          ;                                            ;
; sramAddress[7]                ; Top       ; Output Port   ; n/a      ;                                            ;
;     -- sramAddress[7]         ; Top       ; Output Pad    ; Unplaced ; Synthesized                                ;
;     -- sramAddress[7]~output  ; Top       ; Output Buffer ; Unplaced ; Synthesized                                ;
;                               ;           ;               ;          ;                                            ;
; sramAddress[8]                ; Top       ; Output Port   ; n/a      ;                                            ;
;     -- sramAddress[8]         ; Top       ; Output Pad    ; Unplaced ; Synthesized                                ;
;     -- sramAddress[8]~output  ; Top       ; Output Buffer ; Unplaced ; Synthesized                                ;
;                               ;           ;               ;          ;                                            ;
; sramAddress[9]                ; Top       ; Output Port   ; n/a      ;                                            ;
;     -- sramAddress[9]         ; Top       ; Output Pad    ; Unplaced ; Synthesized                                ;
;     -- sramAddress[9]~output  ; Top       ; Output Buffer ; Unplaced ; Synthesized                                ;
;                               ;           ;               ;          ;                                            ;
; sramData[0]                   ; Top       ; Bidir Port    ; n/a      ;                                            ;
;     -- sramData[0]            ; Top       ; Bidir Pad     ; Unplaced ; Synthesized                                ;
;     -- sramData[0]~output     ; Top       ; Output Buffer ; Unplaced ; Preserved from Synthesis Netlist (WYSIWYG) ;
;                               ;           ;               ;          ;                                            ;
; sramData[1]                   ; Top       ; Bidir Port    ; n/a      ;                                            ;
;     -- sramData[1]            ; Top       ; Bidir Pad     ; Unplaced ; Synthesized                                ;
;     -- sramData[1]~output     ; Top       ; Output Buffer ; Unplaced ; Preserved from Synthesis Netlist (WYSIWYG) ;
;                               ;           ;               ;          ;                                            ;
; sramData[2]                   ; Top       ; Bidir Port    ; n/a      ;                                            ;
;     -- sramData[2]            ; Top       ; Bidir Pad     ; Unplaced ; Synthesized                                ;
;     -- sramData[2]~output     ; Top       ; Output Buffer ; Unplaced ; Preserved from Synthesis Netlist (WYSIWYG) ;
;                               ;           ;               ;          ;                                            ;
; sramData[3]                   ; Top       ; Bidir Port    ; n/a      ;                                            ;
;     -- sramData[3]            ; Top       ; Bidir Pad     ; Unplaced ; Synthesized                                ;
;     -- sramData[3]~output     ; Top       ; Output Buffer ; Unplaced ; Preserved from Synthesis Netlist (WYSIWYG) ;
;                               ;           ;               ;          ;                                            ;
; sramData[4]                   ; Top       ; Bidir Port    ; n/a      ;                                            ;
;     -- sramData[4]            ; Top       ; Bidir Pad     ; Unplaced ; Synthesized                                ;
;     -- sramData[4]~output     ; Top       ; Output Buffer ; Unplaced ; Preserved from Synthesis Netlist (WYSIWYG) ;
;                               ;           ;               ;          ;                                            ;
; sramData[5]                   ; Top       ; Bidir Port    ; n/a      ;                                            ;
;     -- sramData[5]            ; Top       ; Bidir Pad     ; Unplaced ; Synthesized                                ;
;     -- sramData[5]~output     ; Top       ; Output Buffer ; Unplaced ; Preserved from Synthesis Netlist (WYSIWYG) ;
;                               ;           ;               ;          ;                                            ;
; sramData[6]                   ; Top       ; Bidir Port    ; n/a      ;                                            ;
;     -- sramData[6]            ; Top       ; Bidir Pad     ; Unplaced ; Synthesized                                ;
;     -- sramData[6]~output     ; Top       ; Output Buffer ; Unplaced ; Preserved from Synthesis Netlist (WYSIWYG) ;
;                               ;           ;               ;          ;                                            ;
; sramData[7]                   ; Top       ; Bidir Port    ; n/a      ;                                            ;
;     -- sramData[7]            ; Top       ; Bidir Pad     ; Unplaced ; Synthesized                                ;
;     -- sramData[7]~output     ; Top       ; Output Buffer ; Unplaced ; Preserved from Synthesis Netlist (WYSIWYG) ;
;                               ;           ;               ;          ;                                            ;
; ucts1                         ; Top       ; Input Port    ; n/a      ;                                            ;
;     -- ucts1                  ; Top       ; Input Pad     ; Unplaced ; Synthesized                                ;
;     -- ucts1~input            ; Top       ; Input Buffer  ; Unplaced ; Synthesized                                ;
;                               ;           ;               ;          ;                                            ;
; urts1                         ; Top       ; Output Port   ; n/a      ;                                            ;
;     -- urts1                  ; Top       ; Output Pad    ; Unplaced ; Synthesized                                ;
;     -- urts1~output           ; Top       ; Output Buffer ; Unplaced ; Synthesized                                ;
;                               ;           ;               ;          ;                                            ;
; urxd1                         ; Top       ; Input Port    ; n/a      ;                                            ;
;     -- urxd1                  ; Top       ; Input Pad     ; Unplaced ; Synthesized                                ;
;     -- urxd1~input            ; Top       ; Input Buffer  ; Unplaced ; Synthesized                                ;
;                               ;           ;               ;          ;                                            ;
; utxd1                         ; Top       ; Output Port   ; n/a      ;                                            ;
;     -- utxd1                  ; Top       ; Output Pad    ; Unplaced ; Synthesized                                ;
;     -- utxd1~output           ; Top       ; Output Buffer ; Unplaced ; Synthesized                                ;
;                               ;           ;               ;          ;                                            ;
+-------------------------------+-----------+---------------+----------+--------------------------------------------+


+----------------------------------------------------------------+
; Partition Merge Resource Usage Summary                         ;
+---------------------------------------------+------------------+
; Resource                                    ; Usage            ;
+---------------------------------------------+------------------+
; Estimated Total logic elements              ; 2,200            ;
;                                             ;                  ;
; Total combinational functions               ; 2060             ;
; Logic element usage by number of LUT inputs ;                  ;
;     -- 4 input functions                    ; 1151             ;
;     -- 3 input functions                    ; 422              ;
;     -- <=2 input functions                  ; 487              ;
;                                             ;                  ;
; Logic elements by mode                      ;                  ;
;     -- normal mode                          ; 1711             ;
;     -- arithmetic mode                      ; 349              ;
;                                             ;                  ;
; Total registers                             ; 515              ;
;     -- Dedicated logic registers            ; 515              ;
;     -- I/O registers                        ; 0                ;
;                                             ;                  ;
; I/O pins                                    ; 89               ;
; Total memory bits                           ; 49280            ;
;                                             ;                  ;
; Embedded Multiplier 9-bit elements          ; 0                ;
;                                             ;                  ;
; Maximum fan-out node                        ; i_CLOCK_50~input ;
; Maximum fan-out                             ; 512              ;
; Total fan-out                               ; 9277             ;
; Average fan-out                             ; 3.30             ;
+---------------------------------------------+------------------+


+-------------------------------------------------------------------------------------------------------------------------------------------------------------------------------------------------------------------------------------------------------------------------------------------------------------------------------------------------------+
; Partition Merge RAM Summary                                                                                                                                                                                                                                                                                                                           ;
+-----------------------------------------------------------------------------------------------------------------------------------------------------+------+------------------+--------------+--------------+--------------+--------------+-------+---------------------------------------------------------------------------------------------------+
; Name                                                                                                                                                ; Type ; Mode             ; Port A Depth ; Port A Width ; Port B Depth ; Port B Width ; Size  ; MIF                                                                                               ;
+-----------------------------------------------------------------------------------------------------------------------------------------------------+------+------------------+--------------+--------------+--------------+--------------+-------+---------------------------------------------------------------------------------------------------+
; ANSIDisplayVGA:ANSIDisplay|DisplayRam2K:\GEN_2KATTRAM:dispAttRam|altsyncram:altsyncram_component|altsyncram_ldr3:auto_generated|ALTSYNCRAM          ; AUTO ; True Dual Port   ; 2048         ; 8            ; 2048         ; 8            ; 16384 ; None                                                                                              ;
; ANSIDisplayVGA:ANSIDisplay|DisplayRam2K:\GEN_2KRAM:dispCharRam|altsyncram:altsyncram_component|altsyncram_ldr3:auto_generated|ALTSYNCRAM            ; AUTO ; True Dual Port   ; 2048         ; 8            ; 2048         ; 8            ; 16384 ; None                                                                                              ;
; ANSIDisplayVGA:ANSIDisplay|SansBoldRomReduced:\GEN_REDUCED_SCHARS:fontRom|altsyncram:altsyncram_component|altsyncram_q504:auto_generated|ALTSYNCRAM ; AUTO ; ROM              ; 1024         ; 8            ; --           ; --           ; 8192  ; ../../../MultiComp (VHDL Template)/Components/TERMINAL/SansFontBoldReduced.HEX                    ;
; IOP16:IOP16|IOP_ROM:\GEN_512W_INST_ROM:IopRom|altsyncram:altsyncram_component|altsyncram_1q24:auto_generated|ALTSYNCRAM                             ; AUTO ; ROM              ; 512          ; 16           ; --           ; --           ; 8192  ; ../../../MultiComp (VHDL Template)/Components/CPU/IOP16/IOP16_ASSEMBLER/ANSITerm02/ANSITerm02.mif ;
; bufferedUART:UART|altsyncram:rxBuffer_rtl_0|altsyncram_3ce1:auto_generated|ALTSYNCRAM                                                               ; AUTO ; Simple Dual Port ; 16           ; 8            ; 16           ; 8            ; 128   ; None                                                                                              ;
+-----------------------------------------------------------------------------------------------------------------------------------------------------+------+------------------+--------------+--------------+--------------+--------------+-------+---------------------------------------------------------------------------------------------------+


+--------------------------+
; Partition Merge Messages ;
+--------------------------+
Warning (125092): Tcl Script File ../../MultiComp (VHDL Template)/Components/CPU/IOP16/IOP16_ROMs/IOP_ROM_ANSI1/IOP_ROM.qip not found
    Info (125063): set_global_assignment -name QIP_FILE "../../MultiComp (VHDL Template)/Components/CPU/IOP16/IOP16_ROMs/IOP_ROM_ANSI1/IOP_ROM.qip"
Info: *******************************************************************
Info: Running Quartus Prime Partition Merge
    Info: Version 20.1.0 Build 711 06/05/2020 SJ Lite Edition
    Info: Processing started: Wed Jun 30 14:22:13 2021
Info: Command: quartus_cdb --read_settings_files=off --write_settings_files=off ANSITerm1 -c ANSITerm1 --merge=on
Warning (18236): Number of processors has not been specified which may cause overloading on shared machines.  Set the global assignment NUM_PARALLEL_PROCESSORS in your QSF to an appropriate value for best performance.
Critical Warning (138067): Current license file does not support incremental compilation. The Quartus Prime software removes all the user-specified design partitions in the design automatically.
Info (35007): Using synthesis netlist for partition "Top"
Info (35002): Resolved and merged 1 partition(s)
Info (16010): Generating hard_block partition "hard_block:auto_generated_inst"
    Info (16011): Adding 0 node(s), including 0 DDIO, 0 PLL, 0 transceiver and 0 LCELL
Critical Warning (138067): Current license file does not support incremental compilation. The Quartus Prime software removes all the user-specified design partitions in the design automatically.
Warning (21074): Design contains 18 input pin(s) that do not drive logic
    Warning (15610): No output dependent on input pin "sdDO" File: C:/Users/HPz420/Documents/GitHub/Doug Gilliland/MultiComp/MultiComp_On_RETRO-EP4CE15/ANSITerm2/ANSITerm1.vhd Line: 61
    Warning (15610): No output dependent on input pin "sdCD" File: C:/Users/HPz420/Documents/GitHub/Doug Gilliland/MultiComp/MultiComp_On_RETRO-EP4CE15/ANSITerm2/ANSITerm1.vhd Line: 62
    Warning (15610): No output dependent on input pin "sdRamData[0]" File: C:/Users/HPz420/Documents/GitHub/Doug Gilliland/MultiComp/MultiComp_On_RETRO-EP4CE15/ANSITerm2/ANSITerm1.vhd Line: 79
    Warning (15610): No output dependent on input pin "sdRamData[1]" File: C:/Users/HPz420/Documents/GitHub/Doug Gilliland/MultiComp/MultiComp_On_RETRO-EP4CE15/ANSITerm2/ANSITerm1.vhd Line: 79
    Warning (15610): No output dependent on input pin "sdRamData[2]" File: C:/Users/HPz420/Documents/GitHub/Doug Gilliland/MultiComp/MultiComp_On_RETRO-EP4CE15/ANSITerm2/ANSITerm1.vhd Line: 79
    Warning (15610): No output dependent on input pin "sdRamData[3]" File: C:/Users/HPz420/Documents/GitHub/Doug Gilliland/MultiComp/MultiComp_On_RETRO-EP4CE15/ANSITerm2/ANSITerm1.vhd Line: 79
    Warning (15610): No output dependent on input pin "sdRamData[4]" File: C:/Users/HPz420/Documents/GitHub/Doug Gilliland/MultiComp/MultiComp_On_RETRO-EP4CE15/ANSITerm2/ANSITerm1.vhd Line: 79
    Warning (15610): No output dependent on input pin "sdRamData[5]" File: C:/Users/HPz420/Documents/GitHub/Doug Gilliland/MultiComp/MultiComp_On_RETRO-EP4CE15/ANSITerm2/ANSITerm1.vhd Line: 79
    Warning (15610): No output dependent on input pin "sdRamData[6]" File: C:/Users/HPz420/Documents/GitHub/Doug Gilliland/MultiComp/MultiComp_On_RETRO-EP4CE15/ANSITerm2/ANSITerm1.vhd Line: 79
    Warning (15610): No output dependent on input pin "sdRamData[7]" File: C:/Users/HPz420/Documents/GitHub/Doug Gilliland/MultiComp/MultiComp_On_RETRO-EP4CE15/ANSITerm2/ANSITerm1.vhd Line: 79
    Warning (15610): No output dependent on input pin "sdRamData[8]" File: C:/Users/HPz420/Documents/GitHub/Doug Gilliland/MultiComp/MultiComp_On_RETRO-EP4CE15/ANSITerm2/ANSITerm1.vhd Line: 79
    Warning (15610): No output dependent on input pin "sdRamData[9]" File: C:/Users/HPz420/Documents/GitHub/Doug Gilliland/MultiComp/MultiComp_On_RETRO-EP4CE15/ANSITerm2/ANSITerm1.vhd Line: 79
    Warning (15610): No output dependent on input pin "sdRamData[10]" File: C:/Users/HPz420/Documents/GitHub/Doug Gilliland/MultiComp/MultiComp_On_RETRO-EP4CE15/ANSITerm2/ANSITerm1.vhd Line: 79
    Warning (15610): No output dependent on input pin "sdRamData[11]" File: C:/Users/HPz420/Documents/GitHub/Doug Gilliland/MultiComp/MultiComp_On_RETRO-EP4CE15/ANSITerm2/ANSITerm1.vhd Line: 79
    Warning (15610): No output dependent on input pin "sdRamData[12]" File: C:/Users/HPz420/Documents/GitHub/Doug Gilliland/MultiComp/MultiComp_On_RETRO-EP4CE15/ANSITerm2/ANSITerm1.vhd Line: 79
    Warning (15610): No output dependent on input pin "sdRamData[13]" File: C:/Users/HPz420/Documents/GitHub/Doug Gilliland/MultiComp/MultiComp_On_RETRO-EP4CE15/ANSITerm2/ANSITerm1.vhd Line: 79
    Warning (15610): No output dependent on input pin "sdRamData[14]" File: C:/Users/HPz420/Documents/GitHub/Doug Gilliland/MultiComp/MultiComp_On_RETRO-EP4CE15/ANSITerm2/ANSITerm1.vhd Line: 79
    Warning (15610): No output dependent on input pin "sdRamData[15]" File: C:/Users/HPz420/Documents/GitHub/Doug Gilliland/MultiComp/MultiComp_On_RETRO-EP4CE15/ANSITerm2/ANSITerm1.vhd Line: 79
Info (21057): Implemented 2372 device resources after synthesis - the final resource count might be different
    Info (21058): Implemented 22 input pins
    Info (21059): Implemented 57 output pins
    Info (21060): Implemented 10 bidirectional pins
    Info (21061): Implemented 2235 logic cells
    Info (21064): Implemented 48 RAM segments
Info: Quartus Prime Partition Merge was successful. 0 errors, 23 warnings
    Info: Peak virtual memory: 4695 megabytes
    Info: Processing ended: Wed Jun 30 14:22:14 2021
    Info: Elapsed time: 00:00:01
    Info: Total CPU time (on all processors): 00:00:01


