Analysis & Synthesis report for Microcomputer
Mon Jan 23 20:53:09 2017
Quartus II 64-Bit Version 13.0.1 Build 232 06/12/2013 Service Pack 1 SJ Web Edition


---------------------
; Table of Contents ;
---------------------
  1. Legal Notice
  2. Analysis & Synthesis Summary
  3. Analysis & Synthesis Settings
  4. Parallel Compilation
  5. Analysis & Synthesis Messages



----------------
; Legal Notice ;
----------------
Copyright (C) 1991-2013 Altera Corporation
Your use of Altera Corporation's design tools, logic functions 
and other software and tools, and its AMPP partner logic 
functions, and any output files from any of the foregoing 
(including device programming or simulation files), and any 
associated documentation or information are expressly subject 
to the terms and conditions of the Altera Program License 
Subscription Agreement, Altera MegaCore Function License 
Agreement, or other applicable license agreement, including, 
without limitation, that your use is for the sole purpose of 
programming logic devices manufactured by Altera and sold by 
Altera or its authorized distributors.  Please refer to the 
applicable agreement for further details.



+--------------------------------------------------------------------------------------+
; Analysis & Synthesis Summary                                                         ;
+------------------------------------+-------------------------------------------------+
; Analysis & Synthesis Status        ; Failed - Mon Jan 23 20:53:09 2017               ;
; Quartus II 64-Bit Version          ; 13.0.1 Build 232 06/12/2013 SP 1 SJ Web Edition ;
; Revision Name                      ; Microcomputer                                   ;
; Top-level Entity Name              ; Microcomputer                                   ;
; Family                             ; Cyclone II                                      ;
; Total logic elements               ; N/A until Partition Merge                       ;
;     Total combinational functions  ; N/A until Partition Merge                       ;
;     Dedicated logic registers      ; N/A until Partition Merge                       ;
; Total registers                    ; N/A until Partition Merge                       ;
; Total pins                         ; N/A until Partition Merge                       ;
; Total virtual pins                 ; N/A until Partition Merge                       ;
; Total memory bits                  ; N/A until Partition Merge                       ;
; Embedded Multiplier 9-bit elements ; N/A until Partition Merge                       ;
; Total PLLs                         ; N/A until Partition Merge                       ;
+------------------------------------+-------------------------------------------------+


+----------------------------------------------------------------------------------------------------------------------+
; Analysis & Synthesis Settings                                                                                        ;
+----------------------------------------------------------------------------+--------------------+--------------------+
; Option                                                                     ; Setting            ; Default Value      ;
+----------------------------------------------------------------------------+--------------------+--------------------+
; Device                                                                     ; EP2C5T144C8        ;                    ;
; Top-level entity name                                                      ; Microcomputer      ; Microcomputer      ;
; Family name                                                                ; Cyclone II         ; Cyclone IV GX      ;
; VHDL Show LMF Mapping Messages                                             ; Off                ;                    ;
; Use smart compilation                                                      ; Off                ; Off                ;
; Enable parallel Assembler and TimeQuest Timing Analyzer during compilation ; On                 ; On                 ;
; Enable compact report table                                                ; Off                ; Off                ;
; Restructure Multiplexers                                                   ; Auto               ; Auto               ;
; Create Debugging Nodes for IP Cores                                        ; Off                ; Off                ;
; Preserve fewer node names                                                  ; On                 ; On                 ;
; Disable OpenCore Plus hardware evaluation                                  ; Off                ; Off                ;
; Verilog Version                                                            ; Verilog_2001       ; Verilog_2001       ;
; VHDL Version                                                               ; VHDL_1993          ; VHDL_1993          ;
; State Machine Processing                                                   ; Auto               ; Auto               ;
; Safe State Machine                                                         ; Off                ; Off                ;
; Extract Verilog State Machines                                             ; On                 ; On                 ;
; Extract VHDL State Machines                                                ; On                 ; On                 ;
; Ignore Verilog initial constructs                                          ; Off                ; Off                ;
; Iteration limit for constant Verilog loops                                 ; 5000               ; 5000               ;
; Iteration limit for non-constant Verilog loops                             ; 250                ; 250                ;
; Add Pass-Through Logic to Inferred RAMs                                    ; On                 ; On                 ;
; Infer RAMs from Raw Logic                                                  ; On                 ; On                 ;
; Parallel Synthesis                                                         ; On                 ; On                 ;
; DSP Block Balancing                                                        ; Auto               ; Auto               ;
; NOT Gate Push-Back                                                         ; On                 ; On                 ;
; Power-Up Don't Care                                                        ; On                 ; On                 ;
; Remove Redundant Logic Cells                                               ; Off                ; Off                ;
; Remove Duplicate Registers                                                 ; On                 ; On                 ;
; Ignore CARRY Buffers                                                       ; Off                ; Off                ;
; Ignore CASCADE Buffers                                                     ; Off                ; Off                ;
; Ignore GLOBAL Buffers                                                      ; Off                ; Off                ;
; Ignore ROW GLOBAL Buffers                                                  ; Off                ; Off                ;
; Ignore LCELL Buffers                                                       ; Off                ; Off                ;
; Ignore SOFT Buffers                                                        ; On                 ; On                 ;
; Limit AHDL Integers to 32 Bits                                             ; Off                ; Off                ;
; Optimization Technique                                                     ; Balanced           ; Balanced           ;
; Carry Chain Length                                                         ; 70                 ; 70                 ;
; Auto Carry Chains                                                          ; On                 ; On                 ;
; Auto Open-Drain Pins                                                       ; On                 ; On                 ;
; Perform WYSIWYG Primitive Resynthesis                                      ; Off                ; Off                ;
; Auto ROM Replacement                                                       ; On                 ; On                 ;
; Auto RAM Replacement                                                       ; On                 ; On                 ;
; Auto Shift Register Replacement                                            ; Auto               ; Auto               ;
; Allow Shift Register Merging across Hierarchies                            ; Auto               ; Auto               ;
; Auto Clock Enable Replacement                                              ; On                 ; On                 ;
; Strict RAM Replacement                                                     ; Off                ; Off                ;
; Allow Synchronous Control Signals                                          ; On                 ; On                 ;
; Force Use of Synchronous Clear Signals                                     ; Off                ; Off                ;
; Auto RAM to Logic Cell Conversion                                          ; Off                ; Off                ;
; Auto Resource Sharing                                                      ; Off                ; Off                ;
; Allow Any RAM Size For Recognition                                         ; Off                ; Off                ;
; Allow Any ROM Size For Recognition                                         ; Off                ; Off                ;
; Allow Any Shift Register Size For Recognition                              ; Off                ; Off                ;
; Use LogicLock Constraints during Resource Balancing                        ; On                 ; On                 ;
; Ignore translate_off and synthesis_off directives                          ; Off                ; Off                ;
; Timing-Driven Synthesis                                                    ; Off                ; Off                ;
; Report Parameter Settings                                                  ; On                 ; On                 ;
; Report Source Assignments                                                  ; On                 ; On                 ;
; Report Connectivity Checks                                                 ; On                 ; On                 ;
; Ignore Maximum Fan-Out Assignments                                         ; Off                ; Off                ;
; Synchronization Register Chain Length                                      ; 2                  ; 2                  ;
; PowerPlay Power Optimization                                               ; Normal compilation ; Normal compilation ;
; HDL message level                                                          ; Level2             ; Level2             ;
; Suppress Register Optimization Related Messages                            ; Off                ; Off                ;
; Number of Removed Registers Reported in Synthesis Report                   ; 5000               ; 5000               ;
; Number of Swept Nodes Reported in Synthesis Report                         ; 5000               ; 5000               ;
; Number of Inverted Registers Reported in Synthesis Report                  ; 100                ; 100                ;
; Clock MUX Protection                                                       ; On                 ; On                 ;
; Auto Gated Clock Conversion                                                ; Off                ; Off                ;
; Block Design Naming                                                        ; Auto               ; Auto               ;
; SDC constraint protection                                                  ; Off                ; Off                ;
; Synthesis Effort                                                           ; Auto               ; Auto               ;
; Shift Register Replacement - Allow Asynchronous Clear Signal               ; On                 ; On                 ;
; Pre-Mapping Resynthesis Optimization                                       ; Off                ; Off                ;
; Analysis & Synthesis Message Level                                         ; Medium             ; Medium             ;
; Disable Register Merging Across Hierarchies                                ; Auto               ; Auto               ;
; Resource Aware Inference For Block RAM                                     ; On                 ; On                 ;
; Synthesis Seed                                                             ; 1                  ; 1                  ;
+----------------------------------------------------------------------------+--------------------+--------------------+


Parallel compilation was disabled, but you have multiple processors available. Enable parallel compilation to reduce compilation time.
+-------------------------------------+
; Parallel Compilation                ;
+----------------------------+--------+
; Processors                 ; Number ;
+----------------------------+--------+
; Number detected on machine ; 4      ;
; Maximum allowed            ; 1      ;
+----------------------------+--------+


+-------------------------------+
; Analysis & Synthesis Messages ;
+-------------------------------+
Info: *******************************************************************
Info: Running Quartus II 64-Bit Analysis & Synthesis
    Info: Version 13.0.1 Build 232 06/12/2013 Service Pack 1 SJ Web Edition
    Info: Processing started: Mon Jan 23 20:53:06 2017
Info: Command: quartus_map --read_settings_files=on --write_settings_files=off M6809_VGA_ExtRAM -c Microcomputer
Warning (20028): Parallel compilation is not licensed and has been disabled
Info (12021): Found 2 design units, including 1 entities, in source file components/gpio.vhd
    Info (12022): Found design unit 1: gpio-rtl
    Info (12023): Found entity 1: gpio
Info (12021): Found 2 design units, including 1 entities, in source file components/mem_mapper2.vhd
    Info (12022): Found design unit 1: mem_mapper2-rtl
    Info (12023): Found entity 1: mem_mapper2
Info (12021): Found 2 design units, including 1 entities, in source file components/m6809/cpu09-l.vhd
    Info (12022): Found design unit 1: cpu09p-rtl
    Info (12023): Found entity 1: cpu09p
Info (12021): Found 2 design units, including 1 entities, in source file components/m6809/internalram4k.vhd
    Info (12022): Found design unit 1: internalram4k-SYN
    Info (12023): Found entity 1: InternalRam4K
Info (12021): Found 2 design units, including 1 entities, in source file components/m6809/internalram1k.vhd
    Info (12022): Found design unit 1: internalram1k-SYN
    Info (12023): Found entity 1: InternalRam1K
Info (12021): Found 2 design units, including 1 entities, in source file components/m6809/internalram2k.vhd
    Info (12022): Found design unit 1: internalram2k-SYN
    Info (12023): Found entity 1: InternalRam2K
Info (12021): Found 2 design units, including 1 entities, in source file components/terminal/displayram1k.vhd
    Info (12022): Found design unit 1: displayram1k-SYN
    Info (12023): Found entity 1: DisplayRam1K
Info (12021): Found 2 design units, including 1 entities, in source file components/terminal/displayram2k.vhd
    Info (12022): Found design unit 1: displayram2k-SYN
    Info (12023): Found entity 1: DisplayRam2K
Info (12021): Found 2 design units, including 1 entities, in source file components/terminal/cgaboldromreduced.vhd
    Info (12022): Found design unit 1: cgaboldromreduced-SYN
    Info (12023): Found entity 1: CGABoldRomReduced
Info (12021): Found 2 design units, including 1 entities, in source file components/terminal/cgaboldrom.vhd
    Info (12022): Found design unit 1: cgaboldrom-SYN
    Info (12023): Found entity 1: CGABoldRom
Info (12021): Found 2 design units, including 1 entities, in source file components/terminal/sbctextdisplayrgb.vhd
    Info (12022): Found design unit 1: SBCTextDisplayRGB-rtl
    Info (12023): Found entity 1: SBCTextDisplayRGB
Info (12021): Found 2 design units, including 1 entities, in source file components/uart/buffereduart.vhd
    Info (12022): Found design unit 1: bufferedUART-rtl
    Info (12023): Found entity 1: bufferedUART
Info (12021): Found 2 design units, including 1 entities, in source file roms/6809/m6809_ext_basic_rom.vhd
    Info (12022): Found design unit 1: m6809_ext_basic_rom-SYN
    Info (12023): Found entity 1: M6809_EXT_BASIC_ROM
Info (12021): Found 2 design units, including 1 entities, in source file microcomputer.vhd
    Info (12022): Found design unit 1: Microcomputer-struct
    Info (12023): Found entity 1: Microcomputer
Info (12127): Elaborating entity "Microcomputer" for the top level hierarchy
Warning (10541): VHDL Signal Declaration warning at Microcomputer.vhd(70): used implicit default value for signal "sdCS" because signal was never assigned a value or an explicit default value. Use of implicit default value may introduce unintended design optimizations.
Warning (10541): VHDL Signal Declaration warning at Microcomputer.vhd(71): used implicit default value for signal "sdMOSI" because signal was never assigned a value or an explicit default value. Use of implicit default value may introduce unintended design optimizations.
Warning (10541): VHDL Signal Declaration warning at Microcomputer.vhd(73): used implicit default value for signal "sdSCLK" because signal was never assigned a value or an explicit default value. Use of implicit default value may introduce unintended design optimizations.
Warning (10540): VHDL Signal Declaration warning at Microcomputer.vhd(75): used explicit default value for signal "driveLED" because signal was never assigned a value
Warning (10541): VHDL Signal Declaration warning at Microcomputer.vhd(101): used implicit default value for signal "sdCardDataOut" because signal was never assigned a value or an explicit default value. Use of implicit default value may introduce unintended design optimizations.
Warning (10036): Verilog HDL or VHDL warning at Microcomputer.vhd(129): object "n_RD_sd" assigned a value but never read
Error (10344): VHDL expression error at Microcomputer.vhd(348): expression has 3 elements, but must have 7 elements File: C:/Users/doug_000/Documents/GitHub/MultiComp/M6809_VGA_ExtRAM/Microcomputer.vhd Line: 348
Error (10346): VHDL error at Microcomputer.vhd(337): formal port or parameter "cpuAddr" must have actual or default value File: C:/Users/doug_000/Documents/GitHub/MultiComp/M6809_VGA_ExtRAM/Microcomputer.vhd Line: 337
Error (12153): Can't elaborate top-level user hierarchy
Error: Quartus II 64-Bit Analysis & Synthesis was unsuccessful. 3 errors, 7 warnings
    Error: Peak virtual memory: 512 megabytes
    Error: Processing ended: Mon Jan 23 20:53:09 2017
    Error: Elapsed time: 00:00:03
    Error: Total CPU time (on all processors): 00:00:03


