Restore Archived Project report for M6800_MIKBUG
Sat Jun 05 08:49:14 2021
Quartus Prime Version 20.1.0 Build 711 06/05/2020 SJ Lite Edition


---------------------
; Table of Contents ;
---------------------
  1. Legal Notice
  2. Restore Archived Project Summary
  3. Restore Archived Project Messages
  4. Files Restored
  5. Files Not Restored



----------------
; Legal Notice ;
----------------
Copyright (C) 2020  Intel Corporation. All rights reserved.
Your use of Intel Corporation's design tools, logic functions 
and other software and tools, and any partner logic 
functions, and any output files from any of the foregoing 
(including device programming or simulation files), and any 
associated documentation or information are expressly subject 
to the terms and conditions of the Intel Program License 
Subscription Agreement, the Intel Quartus Prime License Agreement,
the Intel FPGA IP License Agreement, or other applicable license
agreement, including, without limitation, that your use is for
the sole purpose of programming logic devices manufactured by
Intel and sold by Intel or its authorized distributors.  Please
refer to the applicable agreement for further details, at
https://fpgasoftware.intel.com/eula.



+-------------------------------------------------------------------------+
; Restore Archived Project Summary                                        ;
+---------------------------------+---------------------------------------+
; Restore Archived Project Status ; Successful - Sat Jun 05 08:49:14 2021 ;
; Revision Name                   ; M6800_MIKBUG                          ;
; Top-level Entity Name           ; M6800_MIKBUG                          ;
; Family                          ; Cyclone IV E                          ;
+---------------------------------+---------------------------------------+


+-----------------------------------+
; Restore Archived Project Messages ;
+-----------------------------------+
Info: Successfully restored 'C:/Users/HPz420/Documents/GitHub/Doug Gilliland/MultiComp/MultiComp_On_RETRO-EP4CE15/M6800_MIKBUG_60KB_Banked-1MB/M6800_MIKBUG_tmp_archive.qar' into the 'C:/Users/HPz420/Documents/GitHub/Doug Gilliland/MultiComp/MultiComp_On_RETRO-EP4CE15/M6800_MIKBUG_60KB_Banked-1MB_FrPanel/' directory
Info: Generated report 'M6800_MIKBUG.restore.rpt'


+----------------------------------------------------------------------------------------------+
; Files Restored                                                                               ;
+----------------------------------------------------------------------------------------------+
; File Name                                                                                    ;
+----------------------------------------------------------------------------------------------+
; qar_info.json                                                                                ;
; MultiComp (VHDL Template)/Components/CPU/M6800/cpu68.vhd                                     ;
; MultiComp (VHDL Template)/Components/Debounce/Debounce.vhd                                   ;
; MultiComp (VHDL Template)/Components/IO/FrontPanel/FrPanelI2C.vhd                            ;
; MultiComp (VHDL Template)/Components/IO/OutLatch.vhd                                         ;
; MultiComp (VHDL Template)/Components/RAM_Internal/InternalRam32K.vhd                         ;
; MultiComp (VHDL Template)/Components/RAM_Internal/InternalRam4K.vhd                          ;
; MultiComp (VHDL Template)/Components/RAM_Internal/InternalRam8K.vhd                          ;
; MultiComp (VHDL Template)/Components/ROMs/MIKBUG_6800/DGG_MIKBUG_60KB.hex                    ;
; MultiComp (VHDL Template)/Components/ROMs/MIKBUG_6800/MIKBUG.cmp                             ;
; MultiComp (VHDL Template)/Components/ROMs/MIKBUG_6800/MIKBUG.qip                             ;
; MultiComp (VHDL Template)/Components/ROMs/MIKBUG_6800/MIKBUG.vhd                             ;
; MultiComp (VHDL Template)/Components/TERMINAL/CGABoldRom.vhd                                 ;
; MultiComp (VHDL Template)/Components/TERMINAL/CGABoldRomReduced.vhd                          ;
; MultiComp (VHDL Template)/Components/TERMINAL/DisplayRam1K.vhd                               ;
; MultiComp (VHDL Template)/Components/TERMINAL/DisplayRam2K.vhd                               ;
; MultiComp (VHDL Template)/Components/TERMINAL/SBCTextDisplayRGB.vhd                          ;
; MultiComp (VHDL Template)/Components/TERMINAL/SansBoldRom.vhd                                ;
; MultiComp (VHDL Template)/Components/TERMINAL/SansBoldRomReduced.vhd                         ;
; MultiComp (VHDL Template)/Components/TERMINAL/SansFontBold.HEX                               ;
; MultiComp (VHDL Template)/Components/UART/bufferedUART.vhd                                   ;
; MultiComp_On_RETRO-EP4CE15/M6800_MIKBUG_60KB_Banked-1MB/M6800_MIKBUG.qpf                     ;
; MultiComp_On_RETRO-EP4CE15/M6800_MIKBUG_60KB_Banked-1MB/M6800_MIKBUG.qsf                     ;
; MultiComp_On_RETRO-EP4CE15/M6800_MIKBUG_60KB_Banked-1MB/M6800_MIKBUG.vhd                     ;
; MultiComp_On_RETRO-EP4CE15/M6800_MIKBUG_60KB_Banked-1MB/M6800_MIKBUG_assignment_defaults.qdf ;
; MultiComp_On_RETRO-EP4CE15/M6800_MIKBUG_60KB_Banked-1MB/SDC1.sdc                             ;
; MultiComp_On_RETRO-EP4CE15/M6800_MIKBUG_60KB_Banked-1MB/stp1.stp                             ;
+----------------------------------------------------------------------------------------------+


+--------------------+
; Files Not Restored ;
+--------------------+
; File Name          ;
+--------------------+


