MIF/HEX Update report for M6800_MIKBUG
Sat Feb 29 13:09:55 2020
Quartus Prime Version 18.1.0 Build 625 09/12/2018 SJ Lite Edition


---------------------
; Table of Contents ;
---------------------
  1. Legal Notice
  2. MIF/HEX Update Summary
  3. MIF/HEX Update Processed Files
  4. MIF/HEX Update Messages



----------------
; Legal Notice ;
----------------
Copyright (C) 2018  Intel Corporation. All rights reserved.
Your use of Intel Corporation's design tools, logic functions 
and other software and tools, and its AMPP partner logic 
functions, and any output files from any of the foregoing 
(including device programming or simulation files), and any 
associated documentation or information are expressly subject 
to the terms and conditions of the Intel Program License 
Subscription Agreement, the Intel Quartus Prime License Agreement,
the Intel FPGA IP License Agreement, or other applicable license
agreement, including, without limitation, that your use is for
the sole purpose of programming logic devices manufactured by
Intel and sold by Intel or its authorized distributors.  Please
refer to the applicable agreement for further details.



+---------------------------------------------------------------+
; MIF/HEX Update Summary                                        ;
+-----------------------+---------------------------------------+
; MIF/HEX Update Status ; Successful - Sat Feb 29 13:09:55 2020 ;
; Revision Name         ; M6800_MIKBUG                          ;
; Top-level Entity Name ; M6800_MIKBUG                          ;
; Family                ; Cyclone IV E                          ;
; Device                ; EP4CE15F23C8                          ;
+-----------------------+---------------------------------------+


+---------------------------------------------------------------------------------------------------------------------+
; MIF/HEX Update Processed Files                                                                                      ;
+---------------------------------------------------------------------------------------------------------------------+
; File Name                                                                                                           ;
+---------------------------------------------------------------------------------------------------------------------+
; C:/Users/HPz420/Documents/GitHub/Doug Gilliland/MultiComp/MultiComp_On_RETRO-EP4CE15/M6800_MIKBUG/ROMS/smithbug.hex ;
+---------------------------------------------------------------------------------------------------------------------+


+-------------------------+
; MIF/HEX Update Messages ;
+-------------------------+
Info: *******************************************************************
Info: Running Quartus Prime MIF/HEX Update
    Info: Version 18.1.0 Build 625 09/12/2018 SJ Lite Edition
    Info: Processing started: Sat Feb 29 13:09:54 2020
Info: Command: quartus_cdb M6800_MIKBUG -c M6800_MIKBUG --update_mif
Warning (18236): Number of processors has not been specified which may cause overloading on shared machines.  Set the global assignment NUM_PARALLEL_PROCESSORS in your QSF to an appropriate value for best performance.
Warning (39023): Can't find Memory Initialization File sansfontboldreduced.hex -- skipped updates for this file
Warning (113015): Width of data items in "smithbug.hex" is greater than the memory width. Wrapping data items to subsequent addresses. Found 72 warnings, reporting 10 File: C:/Users/HPz420/Documents/GitHub/Doug Gilliland/MultiComp/MultiComp_On_RETRO-EP4CE15/M6800_MIKBUG/ROMS/smithbug.hex Line: 1
    Warning (113009): Data at line (2) of memory initialization file "smithbug.hex" is too wide to fit in one memory word. Wrapping data to subsequent addresses. File: C:/Users/HPz420/Documents/GitHub/Doug Gilliland/MultiComp/MultiComp_On_RETRO-EP4CE15/M6800_MIKBUG/ROMS/smithbug.hex Line: 2
    Warning (113009): Data at line (3) of memory initialization file "smithbug.hex" is too wide to fit in one memory word. Wrapping data to subsequent addresses. File: C:/Users/HPz420/Documents/GitHub/Doug Gilliland/MultiComp/MultiComp_On_RETRO-EP4CE15/M6800_MIKBUG/ROMS/smithbug.hex Line: 3
    Warning (113009): Data at line (4) of memory initialization file "smithbug.hex" is too wide to fit in one memory word. Wrapping data to subsequent addresses. File: C:/Users/HPz420/Documents/GitHub/Doug Gilliland/MultiComp/MultiComp_On_RETRO-EP4CE15/M6800_MIKBUG/ROMS/smithbug.hex Line: 4
    Warning (113009): Data at line (5) of memory initialization file "smithbug.hex" is too wide to fit in one memory word. Wrapping data to subsequent addresses. File: C:/Users/HPz420/Documents/GitHub/Doug Gilliland/MultiComp/MultiComp_On_RETRO-EP4CE15/M6800_MIKBUG/ROMS/smithbug.hex Line: 5
    Warning (113009): Data at line (6) of memory initialization file "smithbug.hex" is too wide to fit in one memory word. Wrapping data to subsequent addresses. File: C:/Users/HPz420/Documents/GitHub/Doug Gilliland/MultiComp/MultiComp_On_RETRO-EP4CE15/M6800_MIKBUG/ROMS/smithbug.hex Line: 6
    Warning (113009): Data at line (7) of memory initialization file "smithbug.hex" is too wide to fit in one memory word. Wrapping data to subsequent addresses. File: C:/Users/HPz420/Documents/GitHub/Doug Gilliland/MultiComp/MultiComp_On_RETRO-EP4CE15/M6800_MIKBUG/ROMS/smithbug.hex Line: 7
    Warning (113009): Data at line (8) of memory initialization file "smithbug.hex" is too wide to fit in one memory word. Wrapping data to subsequent addresses. File: C:/Users/HPz420/Documents/GitHub/Doug Gilliland/MultiComp/MultiComp_On_RETRO-EP4CE15/M6800_MIKBUG/ROMS/smithbug.hex Line: 8
    Warning (113009): Data at line (9) of memory initialization file "smithbug.hex" is too wide to fit in one memory word. Wrapping data to subsequent addresses. File: C:/Users/HPz420/Documents/GitHub/Doug Gilliland/MultiComp/MultiComp_On_RETRO-EP4CE15/M6800_MIKBUG/ROMS/smithbug.hex Line: 9
    Warning (113009): Data at line (10) of memory initialization file "smithbug.hex" is too wide to fit in one memory word. Wrapping data to subsequent addresses. File: C:/Users/HPz420/Documents/GitHub/Doug Gilliland/MultiComp/MultiComp_On_RETRO-EP4CE15/M6800_MIKBUG/ROMS/smithbug.hex Line: 10
    Warning (113009): Data at line (11) of memory initialization file "smithbug.hex" is too wide to fit in one memory word. Wrapping data to subsequent addresses. File: C:/Users/HPz420/Documents/GitHub/Doug Gilliland/MultiComp/MultiComp_On_RETRO-EP4CE15/M6800_MIKBUG/ROMS/smithbug.hex Line: 11
Warning (12311): Hexadecimal (Intel-Format) File contains an unsupported record type at "smithbug.hex" line 74. Saving the file will discard the unsupported record File: C:/Users/HPz420/Documents/GitHub/Doug Gilliland/MultiComp/MultiComp_On_RETRO-EP4CE15/M6800_MIKBUG/ROMS/smithbug.hex Line: 74
Critical Warning (127004): Memory depth (2048) in the design file differs from memory depth (4096) in the Memory Initialization File "C:/Users/HPz420/Documents/GitHub/Doug Gilliland/MultiComp/MultiComp_On_RETRO-EP4CE15/M6800_MIKBUG/ROMS/smithbug.hex" -- truncated remaining initial content value to fit RAM
Info (39024): Processed the following Memory Initialization File(s)
    Info (39025): Processed Memory Initialization File C:/Users/HPz420/Documents/GitHub/Doug Gilliland/MultiComp/MultiComp_On_RETRO-EP4CE15/M6800_MIKBUG/ROMS/smithbug.hex File: C:/Users/HPz420/Documents/GitHub/Doug Gilliland/MultiComp/MultiComp_On_RETRO-EP4CE15/M6800_MIKBUG/ROMS/smithbug.hex Line: 0
Info: Quartus Prime MIF/HEX Update was successful. 0 errors, 15 warnings
    Info: Peak virtual memory: 4714 megabytes
    Info: Processing ended: Sat Feb 29 13:09:55 2020
    Info: Elapsed time: 00:00:01
    Info: Total CPU time (on all processors): 00:00:01


