MIF/HEX Update report for TS2_68000
Mon Aug 10 19:52:45 2020
Quartus Prime Version 18.1.0 Build 625 09/12/2018 SJ Lite Edition


---------------------
; Table of Contents ;
---------------------
  1. Legal Notice
  2. MIF/HEX Update Summary
  3. MIF/HEX Update Processed Files
  4. MIF/HEX Update Messages



----------------
; Legal Notice ;
----------------
Copyright (C) 2018  Intel Corporation. All rights reserved.
Your use of Intel Corporation's design tools, logic functions 
and other software and tools, and its AMPP partner logic 
functions, and any output files from any of the foregoing 
(including device programming or simulation files), and any 
associated documentation or information are expressly subject 
to the terms and conditions of the Intel Program License 
Subscription Agreement, the Intel Quartus Prime License Agreement,
the Intel FPGA IP License Agreement, or other applicable license
agreement, including, without limitation, that your use is for
the sole purpose of programming logic devices manufactured by
Intel and sold by Intel or its authorized distributors.  Please
refer to the applicable agreement for further details.



+-----------------------------------------------------------+
; MIF/HEX Update Summary                                    ;
+-----------------------+-----------------------------------+
; MIF/HEX Update Status ; Failed - Mon Aug 10 19:52:45 2020 ;
; Revision Name         ; TS2_68000                         ;
; Top-level Entity Name ; TS2_68000_Top                     ;
; Family                ; Cyclone V                         ;
; Device                ; 5CEFA2F23I7                       ;
+-----------------------+-----------------------------------+


+--------------------------------+
; MIF/HEX Update Processed Files ;
+--------------------------------+
; File Name                      ;
+--------------------------------+


+-------------------------+
; MIF/HEX Update Messages ;
+-------------------------+
Info: *******************************************************************
Info: Running Quartus Prime MIF/HEX Update
    Info: Version 18.1.0 Build 625 09/12/2018 SJ Lite Edition
    Info: Processing started: Mon Aug 10 19:52:44 2020
Info: Command: quartus_cdb TS2_68000 -c TS2_68000 --update_mif
Error (20015): Project contains unresolved partitions
    Error (20016): Unresolved partition "<Top partition>"
Error: Quartus Prime MIF/HEX Update was unsuccessful. 2 errors, 0 warnings
    Error: Peak virtual memory: 4743 megabytes
    Error: Processing ended: Mon Aug 10 19:52:45 2020
    Error: Elapsed time: 00:00:01
    Error: Total CPU time (on all processors): 00:00:01


