Flow report for uk101_41kRAM
Thu Apr 14 23:02:02 2022
Quartus Prime Version 21.1.0 Build 842 10/21/2021 SJ Lite Edition


---------------------
; Table of Contents ;
---------------------
  1. Legal Notice
  2. Flow Summary
  3. Flow Settings
  4. Flow Non-Default Global Settings
  5. Flow Elapsed Time
  6. Flow OS Summary
  7. Flow Log
  8. Flow Messages
  9. Flow Suppressed Messages



----------------
; Legal Notice ;
----------------
Copyright (C) 2021  Intel Corporation. All rights reserved.
Your use of Intel Corporation's design tools, logic functions 
and other software and tools, and any partner logic 
functions, and any output files from any of the foregoing 
(including device programming or simulation files), and any 
associated documentation or information are expressly subject 
to the terms and conditions of the Intel Program License 
Subscription Agreement, the Intel Quartus Prime License Agreement,
the Intel FPGA IP License Agreement, or other applicable license
agreement, including, without limitation, that your use is for
the sole purpose of programming logic devices manufactured by
Intel and sold by Intel or its authorized distributors.  Please
refer to the applicable agreement for further details, at
https://fpgasoftware.intel.com/eula.



+----------------------------------------------------------------------------------+
; Flow Summary                                                                     ;
+------------------------------------+---------------------------------------------+
; Flow Status                        ; Successful - Thu Apr 14 23:01:57 2022       ;
; Quartus Prime Version              ; 21.1.0 Build 842 10/21/2021 SJ Lite Edition ;
; Revision Name                      ; uk101_41kRAM                                ;
; Top-level Entity Name              ; uk101_41kRAM                                ;
; Family                             ; Cyclone 10 LP                               ;
; Device                             ; 10CL006YU256C8G                             ;
; Timing Models                      ; Final                                       ;
; Total logic elements               ; 4,019 / 6,272 ( 64 % )                      ;
;     Total combinational functions  ; 3,929 / 6,272 ( 63 % )                      ;
;     Dedicated logic registers      ; 533 / 6,272 ( 8 % )                         ;
; Total registers                    ; 533                                         ;
; Total pins                         ; 135 / 177 ( 76 % )                          ;
; Total virtual pins                 ; 0                                           ;
; Total memory bits                  ; 82,048 / 276,480 ( 30 % )                   ;
; Embedded Multiplier 9-bit elements ; 0 / 30 ( 0 % )                              ;
; Total PLLs                         ; 1 / 2 ( 50 % )                              ;
+------------------------------------+---------------------------------------------+


+-----------------------------------------+
; Flow Settings                           ;
+-------------------+---------------------+
; Option            ; Setting             ;
+-------------------+---------------------+
; Start date & time ; 04/14/2022 23:00:21 ;
; Main task         ; Compilation         ;
; Revision Name     ; uk101_41kRAM        ;
+-------------------+---------------------+


+-------------------------------------------------------------------------------------------------------------------------+
; Flow Non-Default Global Settings                                                                                        ;
+-------------------------------------+----------------------------------------+---------------+-------------+------------+
; Assignment Name                     ; Value                                  ; Default Value ; Entity Name ; Section Id ;
+-------------------------------------+----------------------------------------+---------------+-------------+------------+
; COMPILER_SIGNATURE_ID               ; 10995770589187.164999162116592         ; --            ; --          ; --         ;
; MAX_CORE_JUNCTION_TEMP              ; 85                                     ; --            ; --          ; --         ;
; MIN_CORE_JUNCTION_TEMP              ; 0                                      ; --            ; --          ; --         ;
; NUM_PARALLEL_PROCESSORS             ; 4                                      ; --            ; --          ; --         ;
; PARTITION_COLOR                     ; -- (Not supported for targeted family) ; --            ; --          ; Top        ;
; PARTITION_FITTER_PRESERVATION_LEVEL ; -- (Not supported for targeted family) ; --            ; --          ; Top        ;
; PARTITION_NETLIST_TYPE              ; -- (Not supported for targeted family) ; --            ; --          ; Top        ;
; POWER_BOARD_THERMAL_MODEL           ; None (CONSERVATIVE)                    ; --            ; --          ; --         ;
; POWER_PRESET_COOLING_SOLUTION       ; 23 MM HEAT SINK WITH 200 LFPM AIRFLOW  ; --            ; --          ; --         ;
; PROJECT_OUTPUT_DIRECTORY            ; output_files                           ; --            ; --          ; --         ;
; SMART_RECOMPILE                     ; On                                     ; Off           ; --          ; --         ;
+-------------------------------------+----------------------------------------+---------------+-------------+------------+


+--------------------------------------------------------------------------------------------------------------------------+
; Flow Elapsed Time                                                                                                        ;
+----------------------+--------------+-------------------------+---------------------+------------------------------------+
; Module Name          ; Elapsed Time ; Average Processors Used ; Peak Virtual Memory ; Total CPU Time (on all processors) ;
+----------------------+--------------+-------------------------+---------------------+------------------------------------+
; Analysis & Synthesis ; 00:01:13     ; 1.0                     ; 4892 MB             ; 00:01:54                           ;
; Fitter               ; 00:00:15     ; 1.2                     ; 5493 MB             ; 00:00:20                           ;
; Assembler            ; 00:00:03     ; 1.0                     ; 4699 MB             ; 00:00:02                           ;
; Timing Analyzer      ; 00:00:04     ; 1.2                     ; 4837 MB             ; 00:00:05                           ;
; Total                ; 00:01:35     ; --                      ; --                  ; 00:02:21                           ;
+----------------------+--------------+-------------------------+---------------------+------------------------------------+


+------------------------------------------------------------------------------------+
; Flow OS Summary                                                                    ;
+----------------------+------------------+------------+------------+----------------+
; Module Name          ; Machine Hostname ; OS Name    ; OS Version ; Processor type ;
+----------------------+------------------+------------+------------+----------------+
; Analysis & Synthesis ; DESKTOP-2UF8LNB  ; Windows 10 ; 10.0       ; x86_64         ;
; Fitter               ; DESKTOP-2UF8LNB  ; Windows 10 ; 10.0       ; x86_64         ;
; Assembler            ; DESKTOP-2UF8LNB  ; Windows 10 ; 10.0       ; x86_64         ;
; Timing Analyzer      ; DESKTOP-2UF8LNB  ; Windows 10 ; 10.0       ; x86_64         ;
+----------------------+------------------+------------+------------+----------------+


------------
; Flow Log ;
------------
quartus_map --read_settings_files=on --write_settings_files=off uk101_41kRAM -c uk101_41kRAM
quartus_fit --read_settings_files=off --write_settings_files=off uk101_41kRAM -c uk101_41kRAM
quartus_asm --read_settings_files=off --write_settings_files=off uk101_41kRAM -c uk101_41kRAM
quartus_sta uk101_41kRAM -c uk101_41kRAM



