Assembler report for Microcomputer
Fri Aug 21 08:30:09 2020
Quartus Prime Version 20.1.0 Build 711 06/05/2020 SJ Lite Edition


---------------------
; Table of Contents ;
---------------------
  1. Legal Notice
  2. Assembler Summary
  3. Assembler Settings
  4. Assembler Generated Files
  5. Assembler Device Options: C:/Users/HPz420/Documents/GitHub/Doug Gilliland/MultiComp/MultiComp_On_RETRO-EP4CE15_Cyclone_V/Multicomp-MPM/Microcomputer_VGA/output_files/Microcomputer.sof
  6. Assembler Messages



----------------
; Legal Notice ;
----------------
Copyright (C) 2020  Intel Corporation. All rights reserved.
Your use of Intel Corporation's design tools, logic functions 
and other software and tools, and any partner logic 
functions, and any output files from any of the foregoing 
(including device programming or simulation files), and any 
associated documentation or information are expressly subject 
to the terms and conditions of the Intel Program License 
Subscription Agreement, the Intel Quartus Prime License Agreement,
the Intel FPGA IP License Agreement, or other applicable license
agreement, including, without limitation, that your use is for
the sole purpose of programming logic devices manufactured by
Intel and sold by Intel or its authorized distributors.  Please
refer to the applicable agreement for further details, at
https://fpgasoftware.intel.com/eula.



+---------------------------------------------------------------+
; Assembler Summary                                             ;
+-----------------------+---------------------------------------+
; Assembler Status      ; Successful - Fri Aug 21 08:30:09 2020 ;
; Revision Name         ; Microcomputer                         ;
; Top-level Entity Name ; Microcomputer                         ;
; Family                ; Cyclone V                             ;
; Device                ; 5CEFA2F23I7                           ;
+-----------------------+---------------------------------------+


+----------------------------------+
; Assembler Settings               ;
+--------+---------+---------------+
; Option ; Setting ; Default Value ;
+--------+---------+---------------+


+---------------------------------------------------------------------------------------------------------------------------------------------------------------+
; Assembler Generated Files                                                                                                                                     ;
+---------------------------------------------------------------------------------------------------------------------------------------------------------------+
; File Name                                                                                                                                                     ;
+---------------------------------------------------------------------------------------------------------------------------------------------------------------+
; C:/Users/HPz420/Documents/GitHub/Doug Gilliland/MultiComp/MultiComp_On_RETRO-EP4CE15_Cyclone_V/Multicomp-MPM/Microcomputer_VGA/output_files/Microcomputer.sof ;
+---------------------------------------------------------------------------------------------------------------------------------------------------------------+


+-----------------------------------------------------------------------------------------------------------------------------------------------------------------------------------------+
; Assembler Device Options: C:/Users/HPz420/Documents/GitHub/Doug Gilliland/MultiComp/MultiComp_On_RETRO-EP4CE15_Cyclone_V/Multicomp-MPM/Microcomputer_VGA/output_files/Microcomputer.sof ;
+----------------+------------------------------------------------------------------------------------------------------------------------------------------------------------------------+
; Option         ; Setting                                                                                                                                                                ;
+----------------+------------------------------------------------------------------------------------------------------------------------------------------------------------------------+
; JTAG usercode  ; 0x00D24A2E                                                                                                                                                             ;
; Checksum       ; 0x00D24A2E                                                                                                                                                             ;
+----------------+------------------------------------------------------------------------------------------------------------------------------------------------------------------------+


+--------------------+
; Assembler Messages ;
+--------------------+
Info: *******************************************************************
Info: Running Quartus Prime Assembler
    Info: Version 20.1.0 Build 711 06/05/2020 SJ Lite Edition
    Info: Processing started: Fri Aug 21 08:30:01 2020
Info: Command: quartus_asm --read_settings_files=off --write_settings_files=off Microcomputer -c Microcomputer
Info (115030): Assembler is generating device programming files
Info: Quartus Prime Assembler was successful. 0 errors, 0 warnings
    Info: Peak virtual memory: 4858 megabytes
    Info: Processing ended: Fri Aug 21 08:30:09 2020
    Info: Elapsed time: 00:00:08
    Info: Total CPU time (on all processors): 00:00:08


