Flow report for M6800_MIKBUG
Mon May 31 13:09:17 2021
Quartus Prime Version 20.1.0 Build 711 06/05/2020 SJ Lite Edition


---------------------
; Table of Contents ;
---------------------
  1. Legal Notice
  2. Flow Summary
  3. Flow Settings
  4. Flow Non-Default Global Settings
  5. Flow Elapsed Time
  6. Flow OS Summary
  7. Flow Log
  8. Flow Messages
  9. Flow Suppressed Messages



----------------
; Legal Notice ;
----------------
Copyright (C) 2020  Intel Corporation. All rights reserved.
Your use of Intel Corporation's design tools, logic functions 
and other software and tools, and any partner logic 
functions, and any output files from any of the foregoing 
(including device programming or simulation files), and any 
associated documentation or information are expressly subject 
to the terms and conditions of the Intel Program License 
Subscription Agreement, the Intel Quartus Prime License Agreement,
the Intel FPGA IP License Agreement, or other applicable license
agreement, including, without limitation, that your use is for
the sole purpose of programming logic devices manufactured by
Intel and sold by Intel or its authorized distributors.  Please
refer to the applicable agreement for further details, at
https://fpgasoftware.intel.com/eula.



+----------------------------------------------------------------------------------+
; Flow Summary                                                                     ;
+------------------------------------+---------------------------------------------+
; Flow Status                        ; Successful - Mon May 31 13:09:17 2021       ;
; Quartus Prime Version              ; 20.1.0 Build 711 06/05/2020 SJ Lite Edition ;
; Revision Name                      ; M6800_MIKBUG                                ;
; Top-level Entity Name              ; M6800_MIKBUG                                ;
; Family                             ; Cyclone IV E                                ;
; Device                             ; EP4CE6E22C8                                 ;
; Timing Models                      ; Final                                       ;
; Total logic elements               ; 2,949 / 6,272 ( 47 % )                      ;
;     Total combinational functions  ; 2,841 / 6,272 ( 45 % )                      ;
;     Dedicated logic registers      ; 818 / 6,272 ( 13 % )                        ;
; Total registers                    ; 818                                         ;
; Total pins                         ; 47 / 92 ( 51 % )                            ;
; Total virtual pins                 ; 0                                           ;
; Total memory bits                  ; 221,312 / 276,480 ( 80 % )                  ;
; Embedded Multiplier 9-bit elements ; 0 / 30 ( 0 % )                              ;
; Total PLLs                         ; 0 / 2 ( 0 % )                               ;
+------------------------------------+---------------------------------------------+


+-----------------------------------------+
; Flow Settings                           ;
+-------------------+---------------------+
; Option            ; Setting             ;
+-------------------+---------------------+
; Start date & time ; 05/31/2021 11:56:34 ;
; Main task         ; Compilation         ;
; Revision Name     ; M6800_MIKBUG        ;
+-------------------+---------------------+


+---------------------------------------------------------------------------------------------------------------------------------------------------------+
; Flow Non-Default Global Settings                                                                                                                        ;
+-------------------------------------+------------------------------------------------------------------------+---------------+-------------+------------+
; Assignment Name                     ; Value                                                                  ; Default Value ; Entity Name ; Section Id ;
+-------------------------------------+------------------------------------------------------------------------+---------------+-------------+------------+
; COMPILER_SIGNATURE_ID               ; 10995770589187.162247659405400                                         ; --            ; --          ; --         ;
; ENABLE_SIGNALTAP                    ; Off                                                                    ; --            ; --          ; --         ;
; MAX_CORE_JUNCTION_TEMP              ; 85                                                                     ; --            ; --          ; --         ;
; MIN_CORE_JUNCTION_TEMP              ; 0                                                                      ; --            ; --          ; --         ;
; MISC_FILE                           ; ../../MultiComp (VHDL Template)/Components/ROMs/MIKBUG_6800/MIKBUG.cmp ; --            ; --          ; --         ;
; NUM_PARALLEL_PROCESSORS             ; All                                                                    ; --            ; --          ; --         ;
; PARTITION_COLOR                     ; -- (Not supported for targeted family)                                 ; --            ; --          ; Top        ;
; PARTITION_FITTER_PRESERVATION_LEVEL ; -- (Not supported for targeted family)                                 ; --            ; --          ; Top        ;
; PARTITION_NETLIST_TYPE              ; -- (Not supported for targeted family)                                 ; --            ; --          ; Top        ;
; POWER_BOARD_THERMAL_MODEL           ; None (CONSERVATIVE)                                                    ; --            ; --          ; --         ;
; POWER_PRESET_COOLING_SOLUTION       ; 23 MM HEAT SINK WITH 200 LFPM AIRFLOW                                  ; --            ; --          ; --         ;
; PROJECT_OUTPUT_DIRECTORY            ; output_files                                                           ; --            ; --          ; --         ;
; SMART_RECOMPILE                     ; On                                                                     ; Off           ; --          ; --         ;
; USE_SIGNALTAP_FILE                  ; stp1.stp                                                               ; --            ; --          ; --         ;
+-------------------------------------+------------------------------------------------------------------------+---------------+-------------+------------+


+--------------------------------------------------------------------------------------------------------------------------+
; Flow Elapsed Time                                                                                                        ;
+----------------------+--------------+-------------------------+---------------------+------------------------------------+
; Module Name          ; Elapsed Time ; Average Processors Used ; Peak Virtual Memory ; Total CPU Time (on all processors) ;
+----------------------+--------------+-------------------------+---------------------+------------------------------------+
; Analysis & Synthesis ; 00:01:00     ; 1.0                     ; 4851 MB             ; 00:01:25                           ;
; Fitter               ; 00:00:15     ; 1.1                     ; 5552 MB             ; 00:00:16                           ;
; Assembler            ; 00:00:02     ; 1.0                     ; 4687 MB             ; 00:00:02                           ;
; Timing Analyzer      ; 00:00:04     ; 1.2                     ; 4796 MB             ; 00:00:05                           ;
; MIF/HEX Update       ; 00:00:01     ; 1.0                     ; 4700 MB             ; 00:00:01                           ;
; Assembler            ; 00:00:02     ; 1.0                     ; 4687 MB             ; 00:00:02                           ;
; MIF/HEX Update       ; 00:00:01     ; 1.0                     ; 4700 MB             ; 00:00:01                           ;
; Assembler            ; 00:00:03     ; 1.0                     ; 4687 MB             ; 00:00:02                           ;
; MIF/HEX Update       ; 00:00:01     ; 1.0                     ; 4698 MB             ; 00:00:01                           ;
; Assembler            ; 00:00:02     ; 1.0                     ; 4688 MB             ; 00:00:02                           ;
; MIF/HEX Update       ; 00:00:01     ; 1.0                     ; 4700 MB             ; 00:00:01                           ;
; MIF/HEX Update       ; 00:00:01     ; 1.0                     ; 4700 MB             ; 00:00:01                           ;
; Assembler            ; 00:00:02     ; 1.0                     ; 4687 MB             ; 00:00:02                           ;
; MIF/HEX Update       ; 00:00:02     ; 1.0                     ; 4700 MB             ; 00:00:01                           ;
; Assembler            ; 00:00:02     ; 1.0                     ; 4687 MB             ; 00:00:02                           ;
; MIF/HEX Update       ; 00:00:01     ; 1.0                     ; 4700 MB             ; 00:00:01                           ;
; Assembler            ; 00:00:02     ; 1.0                     ; 4687 MB             ; 00:00:02                           ;
; Total                ; 00:01:42     ; --                      ; --                  ; 00:02:07                           ;
+----------------------+--------------+-------------------------+---------------------+------------------------------------+


+------------------------------------------------------------------------------------+
; Flow OS Summary                                                                    ;
+----------------------+------------------+------------+------------+----------------+
; Module Name          ; Machine Hostname ; OS Name    ; OS Version ; Processor type ;
+----------------------+------------------+------------+------------+----------------+
; Analysis & Synthesis ; DESKTOP-2UF8LNB  ; Windows 10 ; 10.0       ; x86_64         ;
; Fitter               ; DESKTOP-2UF8LNB  ; Windows 10 ; 10.0       ; x86_64         ;
; Assembler            ; DESKTOP-2UF8LNB  ; Windows 10 ; 10.0       ; x86_64         ;
; Timing Analyzer      ; DESKTOP-2UF8LNB  ; Windows 10 ; 10.0       ; x86_64         ;
; MIF/HEX Update       ; DESKTOP-2UF8LNB  ; Windows 10 ; 10.0       ; x86_64         ;
; Assembler            ; DESKTOP-2UF8LNB  ; Windows 10 ; 10.0       ; x86_64         ;
; MIF/HEX Update       ; DESKTOP-2UF8LNB  ; Windows 10 ; 10.0       ; x86_64         ;
; Assembler            ; DESKTOP-2UF8LNB  ; Windows 10 ; 10.0       ; x86_64         ;
; MIF/HEX Update       ; DESKTOP-2UF8LNB  ; Windows 10 ; 10.0       ; x86_64         ;
; Assembler            ; DESKTOP-2UF8LNB  ; Windows 10 ; 10.0       ; x86_64         ;
; MIF/HEX Update       ; DESKTOP-2UF8LNB  ; Windows 10 ; 10.0       ; x86_64         ;
; MIF/HEX Update       ; DESKTOP-2UF8LNB  ; Windows 10 ; 10.0       ; x86_64         ;
; Assembler            ; DESKTOP-2UF8LNB  ; Windows 10 ; 10.0       ; x86_64         ;
; MIF/HEX Update       ; DESKTOP-2UF8LNB  ; Windows 10 ; 10.0       ; x86_64         ;
; Assembler            ; DESKTOP-2UF8LNB  ; Windows 10 ; 10.0       ; x86_64         ;
; MIF/HEX Update       ; DESKTOP-2UF8LNB  ; Windows 10 ; 10.0       ; x86_64         ;
; Assembler            ; DESKTOP-2UF8LNB  ; Windows 10 ; 10.0       ; x86_64         ;
+----------------------+------------------+------------+------------+----------------+


------------
; Flow Log ;
------------
quartus_map --read_settings_files=on --write_settings_files=off M6800_MIKBUG -c M6800_MIKBUG
quartus_fit --read_settings_files=off --write_settings_files=off M6800_MIKBUG -c M6800_MIKBUG
quartus_asm --read_settings_files=off --write_settings_files=off M6800_MIKBUG -c M6800_MIKBUG
quartus_sta M6800_MIKBUG -c M6800_MIKBUG
quartus_cdb M6800_MIKBUG -c M6800_MIKBUG --update_mif
quartus_asm --read_settings_files=on --write_settings_files=off M6800_MIKBUG -c M6800_MIKBUG
quartus_cdb M6800_MIKBUG -c M6800_MIKBUG --update_mif
quartus_asm --read_settings_files=on --write_settings_files=off M6800_MIKBUG -c M6800_MIKBUG
quartus_cdb M6800_MIKBUG -c M6800_MIKBUG --update_mif
quartus_asm --read_settings_files=on --write_settings_files=off M6800_MIKBUG -c M6800_MIKBUG
quartus_cdb M6800_MIKBUG -c M6800_MIKBUG --update_mif
quartus_cdb M6800_MIKBUG -c M6800_MIKBUG --update_mif
quartus_asm --read_settings_files=on --write_settings_files=off M6800_MIKBUG -c M6800_MIKBUG
quartus_cdb M6800_MIKBUG -c M6800_MIKBUG --update_mif
quartus_asm --read_settings_files=on --write_settings_files=off M6800_MIKBUG -c M6800_MIKBUG
quartus_cdb M6800_MIKBUG -c M6800_MIKBUG --update_mif
quartus_asm --read_settings_files=on --write_settings_files=off M6800_MIKBUG -c M6800_MIKBUG



