Assembler report for uk101_16K
Sat Apr 27 10:51:43 2019
Quartus Prime Version 18.1.0 Build 625 09/12/2018 SJ Lite Edition


---------------------
; Table of Contents ;
---------------------
  1. Legal Notice
  2. Assembler Summary
  3. Assembler Settings
  4. Assembler Generated Files
  5. Assembler Device Options: C:/Users/Doug/Documents/GitHub/MultiComp/MultiComp_On_Cyclone IV VGA Card/UK101_16K_64x32_VGA_9thBit/output_files/uk101_16K.sof
  6. Assembler Messages



----------------
; Legal Notice ;
----------------
Copyright (C) 2018  Intel Corporation. All rights reserved.
Your use of Intel Corporation's design tools, logic functions 
and other software and tools, and its AMPP partner logic 
functions, and any output files from any of the foregoing 
(including device programming or simulation files), and any 
associated documentation or information are expressly subject 
to the terms and conditions of the Intel Program License 
Subscription Agreement, the Intel Quartus Prime License Agreement,
the Intel FPGA IP License Agreement, or other applicable license
agreement, including, without limitation, that your use is for
the sole purpose of programming logic devices manufactured by
Intel and sold by Intel or its authorized distributors.  Please
refer to the applicable agreement for further details.



+---------------------------------------------------------------+
; Assembler Summary                                             ;
+-----------------------+---------------------------------------+
; Assembler Status      ; Successful - Sat Apr 27 10:51:43 2019 ;
; Revision Name         ; uk101_16K                             ;
; Top-level Entity Name ; uk101_16K                             ;
; Family                ; Cyclone IV E                          ;
; Device                ; EP4CE6E22C8                           ;
+-----------------------+---------------------------------------+


+----------------------------------+
; Assembler Settings               ;
+--------+---------+---------------+
; Option ; Setting ; Default Value ;
+--------+---------+---------------+


+---------------------------------------------------------------------------------------------------------------------------------+
; Assembler Generated Files                                                                                                       ;
+---------------------------------------------------------------------------------------------------------------------------------+
; File Name                                                                                                                       ;
+---------------------------------------------------------------------------------------------------------------------------------+
; C:/Users/Doug/Documents/GitHub/MultiComp/MultiComp_On_Cyclone IV VGA Card/UK101_16K_64x32_VGA_9thBit/output_files/uk101_16K.sof ;
+---------------------------------------------------------------------------------------------------------------------------------+


+-----------------------------------------------------------------------------------------------------------------------------------------------------------+
; Assembler Device Options: C:/Users/Doug/Documents/GitHub/MultiComp/MultiComp_On_Cyclone IV VGA Card/UK101_16K_64x32_VGA_9thBit/output_files/uk101_16K.sof ;
+----------------+------------------------------------------------------------------------------------------------------------------------------------------+
; Option         ; Setting                                                                                                                                  ;
+----------------+------------------------------------------------------------------------------------------------------------------------------------------+
; JTAG usercode  ; 0x003FB3C8                                                                                                                               ;
; Checksum       ; 0x003FB3C8                                                                                                                               ;
+----------------+------------------------------------------------------------------------------------------------------------------------------------------+


+--------------------+
; Assembler Messages ;
+--------------------+
Info: *******************************************************************
Info: Running Quartus Prime Assembler
    Info: Version 18.1.0 Build 625 09/12/2018 SJ Lite Edition
    Info: Processing started: Sat Apr 27 10:51:42 2019
Info: Command: quartus_asm --read_settings_files=off --write_settings_files=off uk101_16K -c uk101_16K
Info (115031): Writing out detailed assembly data for power analysis
Info (115030): Assembler is generating device programming files
Info: Quartus Prime Assembler was successful. 0 errors, 0 warnings
    Info: Peak virtual memory: 545 megabytes
    Info: Processing ended: Sat Apr 27 10:51:44 2019
    Info: Elapsed time: 00:00:02
    Info: Total CPU time (on all processors): 00:00:02


