INIT	0x0000	NOP			; 
	0x2001	LRI	0X00	0X01	; LOAD START CMD
	0x2140	LRI	0X01	0X40	; LOAD SLAVE ADDR<<1, WRITE
	0x2200	LRI	0X02	0X00	; LOAD IDLE CMD
	0x2300	LRI	0X03	0X00	; LOAD IODIRA REGISTER_OFFSET
	0x24FF	LRI	0X04	0XFF	; LOAD IODIRA_ALL_INS
	0x7005	IOW	0X00	0x05	; ISSUE START CMD
	0x7104	IOW	0X01	0x04	; ISSUE SLAVE ADDR<<1, WRITE
LDST000	0x6505	IOR	0X05	0x05	; READ STATUS
	0x8501	ARI	0X05	0X01	; BUSY BIT
	0xDFFE	BNZ	LDST000		; LOOP UNTIL NOT BUSY
	0x7205	IOW	0X02	0x05	; ISSUE IDLE CMD
	0x7304	IOW	0X03	0x04	; ISSUE IODIRA REGISTER_OFFSET
LDST001	0x6505	IOR	0X05	0x05	; READ STATUS
	0x8501	ARI	0X05	0X01	; BUSY BIT
	0xDFFE	BNZ	LDST001		; LOOP UNTIL NOT BUSY
	0x7404	IOW	0X04	0x04	; ISSUE IODIRA_ALL_INS
LDST002	0x6505	IOR	0X05	0x05	; READ STATUS
	0x8501	ARI	0X05	0X01	; BUSY BIT
	0xDFFE	BNZ	LDST002		; LOOP UNTIL NOT BUSY
SELF	0xE014	JMP	SELF		; 
